<?xml version="1.0" encoding="UTF-8" ?>
<testsuite tests="13" failures="2" name="TestSuite" time="116.115" errors="0" skipped="0">
  <properties>
    <property name="java.vendor" value="Oracle Corporation"/>
    <property name="JOB_NAME" value="FreeCRM"/>
    <property name="sun.java.launcher" value="SUN_STANDARD"/>
    <property name="windows_tracing_logfile" value="C:\BVTBin\Tests\installpackage\csilogfile.log"/>
    <property name="NUMBER_OF_PROCESSORS" value="4"/>
    <property name="sun.management.compiler" value="HotSpot 64-Bit Tiered Compilers"/>
    <property name="JENKINS_HOME" value="C:\Users\pavithra\.jenkins"/>
    <property name="HUDSON_SERVER_COOKIE" value="38b1a3cf78b3ab11"/>
    <property name="POM_ARTIFACTID" value="CGtest"/>
    <property name="os.name" value="Windows 10"/>
    <property name="sun.boot.class.path" value="C:\Program Files\Java\jdk1.8.0_201\jre\lib\resources.jar;C:\Program Files\Java\jdk1.8.0_201\jre\lib\rt.jar;C:\Program Files\Java\jdk1.8.0_201\jre\lib\sunrsasign.jar;C:\Program Files\Java\jdk1.8.0_201\jre\lib\jsse.jar;C:\Program Files\Java\jdk1.8.0_201\jre\lib\jce.jar;C:\Program Files\Java\jdk1.8.0_201\jre\lib\charsets.jar;C:\Program Files\Java\jdk1.8.0_201\jre\lib\jfr.jar;C:\Program Files\Java\jdk1.8.0_201\jre\classes"/>
    <property name="EXECUTOR_NUMBER" value="0"/>
    <property name="sun.desktop" value="windows"/>
    <property name="PATHEXT" value=".COM;.EXE;.BAT;.CMD;.VBS;.VBE;.JS;.JSE;.WSF;.WSH;.MSC"/>
    <property name="java.vm.specification.vendor" value="Oracle Corporation"/>
    <property name="POM_DISPLAYNAME" value="CGtest"/>
    <property name="GPPT_CACHEFOLDER" value="C:\Windows\ccmcache"/>
    <property name="NODE_LABELS" value="master"/>
    <property name="TEMP" value="C:\Users\pavithra\AppData\Local\Temp"/>
    <property name="java.runtime.version" value="1.8.0_201-b09"/>
    <property name="user.name" value="pavithra"/>
    <property name="GPPT_LOGFOLDER" value="C:\SCCM_logs"/>
    <property name="guice.disable.misplaced.annotation.check" value="true"/>
    <property name="CommonProgramW6432" value="C:\Program Files\Common Files"/>
    <property name="ProgramFiles" value="C:\Program Files"/>
    <property name="PROMPT" value="$P$G"/>
    <property name="user.language" value="en"/>
    <property name="JOB_BASE_NAME" value="FreeCRM"/>
    <property name="RUN_CHANGES_DISPLAY_URL" value="http://localhost:8080/job/FreeCRM/21/display/redirect?page=changes"/>
    <property name="BUILD_DISPLAY_NAME" value="#21"/>
    <property name="OneDrive" value="C:\Users\pavithra\OneDrive"/>
    <property name="sun.boot.library.path" value="C:\Program Files\Java\jdk1.8.0_201\jre\bin"/>
    <property name="LOCALAPPDATA" value="C:\Users\pavithra\AppData\Local"/>
    <property name="java.version" value="1.8.0_201"/>
    <property name="PROCESSOR_LEVEL" value="6"/>
    <property name="user.timezone" value="Asia/Calcutta"/>
    <property name="USERNAME" value="pavithra"/>
    <property name="sun.arch.data.model" value="64"/>
    <property name="NODE_NAME" value="master"/>
    <property name="java.endorsed.dirs" value="C:\Program Files\Java\jdk1.8.0_201\jre\lib\endorsed"/>
    <property name="BUILD_ID" value="21"/>
    <property name="sun.cpu.isalist" value="amd64"/>
    <property name="sun.jnu.encoding" value="Cp1252"/>
    <property name="file.encoding.pkg" value="sun.io"/>
    <property name="file.separator" value="\"/>
    <property name="java.specification.name" value="Java Platform API Specification"/>
    <property name="HOMEDRIVE" value="C:"/>
    <property name="maven.conf" value="C:\Users\pavithra\.jenkins\tools\hudson.tasks.Maven_MavenInstallation\Testmaven\conf"/>
    <property name="java.class.version" value="52.0"/>
    <property name="=::" value="::\"/>
    <property name="org.slf4j.simpleLogger.defaultLogLevel" value="info"/>
    <property name="user.country" value="US"/>
    <property name="ALLUSERSPROFILE" value="C:\ProgramData"/>
    <property name="java.home" value="C:\Program Files\Java\jdk1.8.0_201\jre"/>
    <property name="java.vm.info" value="mixed mode"/>
    <property name="os.version" value="10.0"/>
    <property name="RUN_DISPLAY_URL" value="http://localhost:8080/job/FreeCRM/21/display/redirect"/>
    <property name="POM_VERSION" value="0.0.1-SNAPSHOT"/>
    <property name="TMP" value="C:\Users\pavithra\AppData\Local\Temp"/>
    <property name="path.separator" value=";"/>
    <property name="java.vm.version" value="25.201-b09"/>
    <property name="user.variant" value=""/>
    <property name="JOB_DISPLAY_URL" value="http://localhost:8080/job/FreeCRM/display/redirect"/>
    <property name="CommonProgramFiles(x86)" value="C:\Program Files (x86)\Common Files"/>
    <property name="USERDOMAIN_ROAMINGPROFILE" value="CORP"/>
    <property name="java.awt.printerjob" value="sun.awt.windows.WPrinterJob"/>
    <property name="FP_NO_HOST_CHECK" value="NO"/>
    <property name="JAVA_HOME" value="C:\Program Files\Java\jdk1.8.0_201"/>
    <property name="sun.io.unicode.encoding" value="UnicodeLittle"/>
    <property name="CommonProgramFiles" value="C:\Program Files\Common Files"/>
    <property name="ComSpec" value="C:\WINDOWS\system32\cmd.exe"/>
    <property name="awt.toolkit" value="sun.awt.windows.WToolkit"/>
    <property name="HOMEPATH" value="\Users\pavithra"/>
    <property name="USERDNSDOMAIN" value="CORP.CAPGEMINI.COM"/>
    <property name="POM_PACKAGING" value="jar"/>
    <property name="user.script" value=""/>
    <property name="COMPUTERNAME" value="DIN37001770"/>
    <property name="POM_GROUPID" value="CGtestautomation"/>
    <property name="user.home" value="C:\Users\pavithra"/>
    <property name="PUBLIC" value="C:\Users\Public"/>
    <property name="BUILD_TAG" value="jenkins-FreeCRM-21"/>
    <property name="JENKINS_SERVER_COOKIE" value="38b1a3cf78b3ab11"/>
    <property name="HUDSON_URL" value="http://localhost:8080/"/>
    <property name="ProgramData" value="C:\ProgramData"/>
    <property name="java.specification.vendor" value="Oracle Corporation"/>
    <property name="USERPROFILE" value="C:\Users\pavithra"/>
    <property name="CLASSPATH" value=""/>
    <property name="java.vendor.url" value="http://java.oracle.com/"/>
    <property name="java.library.path" value="C:\Program Files\Java\jdk1.8.0_201\bin;C:\WINDOWS\Sun\Java\bin;C:\WINDOWS\system32;C:\WINDOWS;C:\Users\pavithra\.jenkins\tools\hudson.tasks.Maven_MavenInstallation\Testmaven/bin;C:\Program Files\Java\jdk1.8.0_201/bin;C:\Program Files\Java\jdk1.8.0_201/bin;C:\Program Files (x86)\Common Files\Oracle\Java\javapath;C:\WINDOWS\system32;C:\WINDOWS;C:\WINDOWS\System32\Wbem;C:\WINDOWS\System32\WindowsPowerShell\v1.0\;C:\Program Files (x86)\QuickTime\QTSystem\;C:\Program Files\CapgeminiScripts\Support Tools\;C:\Program Files\TortoiseSVN\bin;C:\Program Files\Java\jre1.8.0_181\bin;C:\Program Files\Git\cmd;C:\Program Files\Java\jdk1.8.0_181\bin;C:\Users\pavithra\AppData\Local\Microsoft\WindowsApps;;."/>
    <property name="java.vm.vendor" value="Oracle Corporation"/>
    <property name="APPDATA" value="C:\Users\pavithra\AppData\Roaming"/>
    <property name="java.runtime.name" value="Java(TM) SE Runtime Environment"/>
    <property name="maven.home" value="C:\Users\pavithra\.jenkins\tools\hudson.tasks.Maven_MavenInstallation\Testmaven"/>
    <property name="java.class.path" value="C:\Users\pavithra\.jenkins\plugins\maven-plugin\WEB-INF\lib\maven35-agent-1.12.jar;C:\Users\pavithra\.jenkins\tools\hudson.tasks.Maven_MavenInstallation\Testmaven\boot\plexus-classworlds-2.5.2.jar;C:\Users\pavithra\.jenkins\tools\hudson.tasks.Maven_MavenInstallation\Testmaven/conf/logging"/>
    <property name="sun.java.command" value="jenkins.maven3.agent.Maven35Main C:\Users\pavithra\.jenkins\tools\hudson.tasks.Maven_MavenInstallation\Testmaven C:\Users\pavithra\.jenkins\war\WEB-INF\lib\remoting-3.28.jar C:\Users\pavithra\.jenkins\plugins\maven-plugin\WEB-INF\lib\maven35-interceptor-1.12.jar C:\Users\pavithra\.jenkins\plugins\maven-plugin\WEB-INF\lib\maven3-interceptor-commons-1.12.jar 54204"/>
    <property name="Path" value="C:\Program Files\Java\jdk1.8.0_201/bin;C:\Program Files (x86)\Common Files\Oracle\Java\javapath;C:\WINDOWS\system32;C:\WINDOWS;C:\WINDOWS\System32\Wbem;C:\WINDOWS\System32\WindowsPowerShell\v1.0\;C:\Program Files (x86)\QuickTime\QTSystem\;C:\Program Files\CapgeminiScripts\Support Tools\;C:\Program Files\TortoiseSVN\bin;C:\Program Files\Java\jre1.8.0_181\bin;C:\Program Files\Git\cmd;C:\Program Files\Java\jdk1.8.0_181\bin;C:\Users\pavithra\AppData\Local\Microsoft\WindowsApps;"/>
    <property name="java.vm.specification.name" value="Java Virtual Machine Specification"/>
    <property name="PROCESSOR_ARCHITECTURE" value="AMD64"/>
    <property name="PATH+JDK" value="C:\Program Files\Java\jdk1.8.0_201/bin"/>
    <property name="PROCESSOR_IDENTIFIER" value="Intel64 Family 6 Model 60 Stepping 3, GenuineIntel"/>
    <property name="SESSIONNAME" value="Console"/>
    <property name="java.vm.specification.version" value="1.8"/>
    <property name="sun.os.patch.level" value=""/>
    <property name="sun.cpu.endian" value="little"/>
    <property name="M2_HOME" value="C:\Users\pavithra\.jenkins\tools\hudson.tasks.Maven_MavenInstallation\Testmaven"/>
    <property name="java.io.tmpdir" value="C:\Users\pavithra\AppData\Local\Temp\"/>
    <property name="OS" value="Windows_NT"/>
    <property name="HUDSON_HOME" value="C:\Users\pavithra\.jenkins"/>
    <property name="PATH+MAVEN" value="C:\Users\pavithra\.jenkins\tools\hudson.tasks.Maven_MavenInstallation\Testmaven/bin"/>
    <property name="ProgramFiles(x86)" value="C:\Program Files (x86)"/>
    <property name="BUILD_URL" value="http://localhost:8080/job/FreeCRM/21/"/>
    <property name="java.vendor.url.bug" value="http://bugreport.sun.com/bugreport/"/>
    <property name="java.awt.graphicsenv" value="sun.awt.Win32GraphicsEnvironment"/>
    <property name="os.arch" value="amd64"/>
    <property name="SystemRoot" value="C:\WINDOWS"/>
    <property name="windows_tracing_flags" value="3"/>
    <property name="java.ext.dirs" value="C:\Program Files\Java\jdk1.8.0_201\jre\lib\ext;C:\WINDOWS\Sun\Java\lib\ext"/>
    <property name="user.dir" value="C:\Users\pavithra\eclipse-workspace\CGtest"/>
    <property name="JOB_URL" value="http://localhost:8080/job/FreeCRM/"/>
    <property name="LOGONSERVER" value="\\WADINBLR06"/>
    <property name="USERDOMAIN" value="CORP"/>
    <property name="line.separator" value="
"/>
    <property name="MAVEN_HOME" value="C:\Users\pavithra\.jenkins\tools\hudson.tasks.Maven_MavenInstallation\Testmaven"/>
    <property name="java.vm.name" value="Java HotSpot(TM) 64-Bit Server VM"/>
    <property name="BUILD_NUMBER" value="21"/>
    <property name="JENKINS_URL" value="http://localhost:8080/"/>
    <property name="PROCESSOR_REVISION" value="3c03"/>
    <property name="GPPT_INSTALLFOLDER" value="c:\Installers"/>
    <property name="UATDATA" value="C:\WINDOWS\CCM\UATData\D9F8C395-CAB8-491d-B8AC-179A1FE1BE77"/>
    <property name="ProgramW6432" value="C:\Program Files"/>
    <property name="windir" value="C:\WINDOWS"/>
    <property name="=C:" value="C:\Users\pavithra\Desktop\selenium\Jenkins"/>
    <property name="file.encoding" value="Cp1252"/>
    <property name="SystemDrive" value="C:"/>
    <property name="maven3.interceptor" value="C:\Users\pavithra\.jenkins\plugins\maven-plugin\WEB-INF\lib\maven35-interceptor-1.12.jar"/>
    <property name="WORKSPACE" value="C:\Users\pavithra\.jenkins\workspace\FreeCRM"/>
    <property name="maven3.interceptor.common" value="C:\Users\pavithra\.jenkins\plugins\maven-plugin\WEB-INF\lib\maven3-interceptor-commons-1.12.jar"/>
    <property name="java.specification.version" value="1.8"/>
    <property name="PSModulePath" value="C:\Users\pavithra\AppData\Local\Apps\SharePointPnPPowerShellOnline"/>
  </properties>
  <testcase classname="com.qa.testclasses.ContactspageTest" name="ValidateCreatecontact" time="5.883"/>
  <testcase classname="com.qa.testclasses.ContactspageTest" name="ValidateCreatecontact" time="6.212"/>
  <testcase classname="com.qa.testclasses.ContactspageTest" name="ValidateCreatecontact" time="5.34"/>
  <testcase classname="com.qa.testclasses.ContactspageTest" name="ValidateCreatecontact" time="5.661"/>
  <testcase classname="com.qa.testclasses.ContactspageTest" name="selectMultiplecontactTest" time="40.42">
    <failure message="no such element: Unable to locate element: {&quot;method&quot;:&quot;xpath&quot;,&quot;selector&quot;:&quot;//a[text()=&apos;pavithra v&apos;]//parent::td[@class=&apos;datalistrow&apos;]//preceding-sibling::td[@class=&apos;datalistrow&apos;]//input[@name=&apos;contact_id&apos;]&quot;}
  (Session info: chrome=71.0.3578.98)
  (Driver info: chromedriver=2.45.615291 (ec3682e3c9061c10f26ea9e5cdcf3c53f3f74387),platform=Windows NT 10.0.16299 x86_64) (WARNING: The server did not provide any stacktrace information)
Command duration or timeout: 0 milliseconds
For documentation on this error, please visit: http://seleniumhq.org/exceptions/no_such_element.html
Build info: version: &apos;3.5.2&apos;, revision: &apos;10229a9&apos;, time: &apos;2017-08-21T17:29:55.15Z&apos;
System info: host: &apos;DIN37001770&apos;, ip: &apos;10.77.79.175&apos;, os.name: &apos;Windows 10&apos;, os.arch: &apos;amd64&apos;, os.version: &apos;10.0&apos;, java.version: &apos;1.8.0_201&apos;
Driver info: org.openqa.selenium.chrome.ChromeDriver
Capabilities [{mobileEmulationEnabled=false, timeouts={implicit=0, pageLoad=300000, script=30000}, hasTouchScreen=false, platform=XP, acceptSslCerts=false, goog:chromeOptions={debuggerAddress=localhost:54437}, acceptInsecureCerts=false, webStorageEnabled=true, browserName=chrome, takesScreenshot=true, javascriptEnabled=true, setWindowRect=true, unexpectedAlertBehaviour=ignore, applicationCacheEnabled=false, rotatable=false, networkConnectionEnabled=false, chrome={chromedriverVersion=2.45.615291 (ec3682e3c9061c10f26ea9e5cdcf3c53f3f74387), userDataDir=C:\Users\pavithra\AppData\Local\Temp\scoped_dir3008_7198}, takesHeapSnapshot=true, unhandledPromptBehavior=ignore, pageLoadStrategy=normal, strictFileInteractability=false, databaseEnabled=false, handlesAlerts=true, version=71.0.3578.98, browserConnectionEnabled=false, proxy=Proxy(), nativeEvents=true, locationContextEnabled=true, cssSelectorsEnabled=true}]
Session ID: 0430907a08dce67eec548a3919750b18
*** Element info: {Using=xpath, value=//a[text()=&apos;pavithra v&apos;]//parent::td[@class=&apos;datalistrow&apos;]//preceding-sibling::td[@class=&apos;datalistrow&apos;]//input[@name=&apos;contact_id&apos;]}" type="org.openqa.selenium.NoSuchElementException">org.openqa.selenium.NoSuchElementException: no such element: Unable to locate element: {&quot;method&quot;:&quot;xpath&quot;,&quot;selector&quot;:&quot;//a[text()=&apos;pavithra v&apos;]//parent::td[@class=&apos;datalistrow&apos;]//preceding-sibling::td[@class=&apos;datalistrow&apos;]//input[@name=&apos;contact_id&apos;]&quot;}
  (Session info: chrome=71.0.3578.98)
  (Driver info: chromedriver=2.45.615291 (ec3682e3c9061c10f26ea9e5cdcf3c53f3f74387),platform=Windows NT 10.0.16299 x86_64) (WARNING: The server did not provide any stacktrace information)
Command duration or timeout: 0 milliseconds
For documentation on this error, please visit: http://seleniumhq.org/exceptions/no_such_element.html
Build info: version: &apos;3.5.2&apos;, revision: &apos;10229a9&apos;, time: &apos;2017-08-21T17:29:55.15Z&apos;
System info: host: &apos;DIN37001770&apos;, ip: &apos;10.77.79.175&apos;, os.name: &apos;Windows 10&apos;, os.arch: &apos;amd64&apos;, os.version: &apos;10.0&apos;, java.version: &apos;1.8.0_201&apos;
Driver info: org.openqa.selenium.chrome.ChromeDriver
Capabilities [{mobileEmulationEnabled=false, timeouts={implicit=0, pageLoad=300000, script=30000}, hasTouchScreen=false, platform=XP, acceptSslCerts=false, goog:chromeOptions={debuggerAddress=localhost:54437}, acceptInsecureCerts=false, webStorageEnabled=true, browserName=chrome, takesScreenshot=true, javascriptEnabled=true, setWindowRect=true, unexpectedAlertBehaviour=ignore, applicationCacheEnabled=false, rotatable=false, networkConnectionEnabled=false, chrome={chromedriverVersion=2.45.615291 (ec3682e3c9061c10f26ea9e5cdcf3c53f3f74387), userDataDir=C:\Users\pavithra\AppData\Local\Temp\scoped_dir3008_7198}, takesHeapSnapshot=true, unhandledPromptBehavior=ignore, pageLoadStrategy=normal, strictFileInteractability=false, databaseEnabled=false, handlesAlerts=true, version=71.0.3578.98, browserConnectionEnabled=false, proxy=Proxy(), nativeEvents=true, locationContextEnabled=true, cssSelectorsEnabled=true}]
Session ID: 0430907a08dce67eec548a3919750b18
*** Element info: {Using=xpath, value=//a[text()=&apos;pavithra v&apos;]//parent::td[@class=&apos;datalistrow&apos;]//preceding-sibling::td[@class=&apos;datalistrow&apos;]//input[@name=&apos;contact_id&apos;]}
	at sun.reflect.NativeConstructorAccessorImpl.newInstance0(Native Method)
	at sun.reflect.NativeConstructorAccessorImpl.newInstance(NativeConstructorAccessorImpl.java:62)
	at sun.reflect.DelegatingConstructorAccessorImpl.newInstance(DelegatingConstructorAccessorImpl.java:45)
	at java.lang.reflect.Constructor.newInstance(Constructor.java:423)
	at org.openqa.selenium.remote.ErrorHandler.createThrowable(ErrorHandler.java:215)
	at org.openqa.selenium.remote.ErrorHandler.throwIfResponseFailed(ErrorHandler.java:167)
	at org.openqa.selenium.remote.http.JsonHttpResponseCodec.reconstructValue(JsonHttpResponseCodec.java:40)
	at org.openqa.selenium.remote.http.AbstractHttpResponseCodec.decode(AbstractHttpResponseCodec.java:82)
	at org.openqa.selenium.remote.http.AbstractHttpResponseCodec.decode(AbstractHttpResponseCodec.java:45)
	at org.openqa.selenium.remote.HttpCommandExecutor.execute(HttpCommandExecutor.java:164)
	at org.openqa.selenium.remote.service.DriverCommandExecutor.execute(DriverCommandExecutor.java:82)
	at org.openqa.selenium.remote.RemoteWebDriver.execute(RemoteWebDriver.java:641)
	at org.openqa.selenium.remote.RemoteWebDriver.findElement(RemoteWebDriver.java:414)
	at org.openqa.selenium.remote.RemoteWebDriver.findElementByXPath(RemoteWebDriver.java:513)
	at org.openqa.selenium.By$ByXPath.findElement(By.java:361)
	at org.openqa.selenium.remote.RemoteWebDriver.findElement(RemoteWebDriver.java:406)
	at sun.reflect.GeneratedMethodAccessor8.invoke(Unknown Source)
	at sun.reflect.DelegatingMethodAccessorImpl.invoke(DelegatingMethodAccessorImpl.java:43)
	at java.lang.reflect.Method.invoke(Method.java:498)
	at org.openqa.selenium.support.events.EventFiringWebDriver$2.invoke(EventFiringWebDriver.java:105)
	at com.sun.proxy.$Proxy6.findElement(Unknown Source)
	at org.openqa.selenium.support.events.EventFiringWebDriver.findElement(EventFiringWebDriver.java:189)
	at com.qa.pages.ContactsPage.selectcontactsByname(ContactsPage.java:30)
	at com.qa.testclasses.ContactspageTest.selectMultiplecontactTest(ContactspageTest.java:46)
</failure>
    <system-out>01-25-2019 12:51:52 RequestAddCookies.java DEBUG [Forwarding quit on session d70fe8ca6f6a4de4d5403e3a05444920 to remote] protocol.RequestAddCookies 123 - CookieSpec selected: default
01-25-2019 12:51:52 RequestAuthCache.java DEBUG [Forwarding quit on session d70fe8ca6f6a4de4d5403e3a05444920 to remote] protocol.RequestAuthCache 77 - Auth cache not set in the context
01-25-2019 12:51:52 PoolingHttpClientConnectionManager.java DEBUG [Forwarding quit on session d70fe8ca6f6a4de4d5403e3a05444920 to remote] conn.PoolingHttpClientConnectionManager 255 - Connection request: [route: {}-&gt;http://localhost:28017][total kept alive: 1; route allocated: 1 of 2000; total allocated: 1 of 2000]
01-25-2019 12:51:52 PoolingHttpClientConnectionManager.java DEBUG [Forwarding quit on session d70fe8ca6f6a4de4d5403e3a05444920 to remote] conn.PoolingHttpClientConnectionManager 288 - Connection leased: [id: 3][route: {}-&gt;http://localhost:28017][total kept alive: 0; route allocated: 1 of 2000; total allocated: 1 of 2000]
01-25-2019 12:51:52 MainClientExec.java DEBUG [Forwarding quit on session d70fe8ca6f6a4de4d5403e3a05444920 to remote] execchain.MainClientExec 208 - Stale connection check
01-25-2019 12:51:52 Wire.java DEBUG [Forwarding quit on session d70fe8ca6f6a4de4d5403e3a05444920 to remote] http.wire 87 - http-outgoing-3 &lt;&lt; &quot;[read] I/O error: Read timed out&quot;
01-25-2019 12:51:52 LoggingManagedHttpClientConnection.java DEBUG [Forwarding quit on session d70fe8ca6f6a4de4d5403e3a05444920 to remote] conn.DefaultManagedHttpClientConnection 88 - http-outgoing-3: set socket timeout to 10800000
01-25-2019 12:51:52 MainClientExec.java DEBUG [Forwarding quit on session d70fe8ca6f6a4de4d5403e3a05444920 to remote] execchain.MainClientExec 256 - Executing request DELETE /session/d70fe8ca6f6a4de4d5403e3a05444920 HTTP/1.1
01-25-2019 12:51:52 MainClientExec.java DEBUG [Forwarding quit on session d70fe8ca6f6a4de4d5403e3a05444920 to remote] execchain.MainClientExec 261 - Target auth state: UNCHALLENGED
01-25-2019 12:51:52 MainClientExec.java DEBUG [Forwarding quit on session d70fe8ca6f6a4de4d5403e3a05444920 to remote] execchain.MainClientExec 267 - Proxy auth state: UNCHALLENGED
01-25-2019 12:51:52 LoggingManagedHttpClientConnection.java DEBUG [Forwarding quit on session d70fe8ca6f6a4de4d5403e3a05444920 to remote] http.headers 133 - http-outgoing-3 &gt;&gt; DELETE /session/d70fe8ca6f6a4de4d5403e3a05444920 HTTP/1.1
01-25-2019 12:51:52 LoggingManagedHttpClientConnection.java DEBUG [Forwarding quit on session d70fe8ca6f6a4de4d5403e3a05444920 to remote] http.headers 136 - http-outgoing-3 &gt;&gt; Host: localhost:28017
01-25-2019 12:51:52 LoggingManagedHttpClientConnection.java DEBUG [Forwarding quit on session d70fe8ca6f6a4de4d5403e3a05444920 to remote] http.headers 136 - http-outgoing-3 &gt;&gt; Connection: Keep-Alive
01-25-2019 12:51:52 LoggingManagedHttpClientConnection.java DEBUG [Forwarding quit on session d70fe8ca6f6a4de4d5403e3a05444920 to remote] http.headers 136 - http-outgoing-3 &gt;&gt; User-Agent: Apache-HttpClient/4.5.3 (Java/1.8.0_201)
01-25-2019 12:51:52 LoggingManagedHttpClientConnection.java DEBUG [Forwarding quit on session d70fe8ca6f6a4de4d5403e3a05444920 to remote] http.headers 136 - http-outgoing-3 &gt;&gt; Accept-Encoding: gzip,deflate
01-25-2019 12:51:52 Wire.java DEBUG [Forwarding quit on session d70fe8ca6f6a4de4d5403e3a05444920 to remote] http.wire 73 - http-outgoing-3 &gt;&gt; &quot;DELETE /session/d70fe8ca6f6a4de4d5403e3a05444920 HTTP/1.1[\r][\n]&quot;
01-25-2019 12:51:52 Wire.java DEBUG [Forwarding quit on session d70fe8ca6f6a4de4d5403e3a05444920 to remote] http.wire 73 - http-outgoing-3 &gt;&gt; &quot;Host: localhost:28017[\r][\n]&quot;
01-25-2019 12:51:52 Wire.java DEBUG [Forwarding quit on session d70fe8ca6f6a4de4d5403e3a05444920 to remote] http.wire 73 - http-outgoing-3 &gt;&gt; &quot;Connection: Keep-Alive[\r][\n]&quot;
01-25-2019 12:51:52 Wire.java DEBUG [Forwarding quit on session d70fe8ca6f6a4de4d5403e3a05444920 to remote] http.wire 73 - http-outgoing-3 &gt;&gt; &quot;User-Agent: Apache-HttpClient/4.5.3 (Java/1.8.0_201)[\r][\n]&quot;
01-25-2019 12:51:52 Wire.java DEBUG [Forwarding quit on session d70fe8ca6f6a4de4d5403e3a05444920 to remote] http.wire 73 - http-outgoing-3 &gt;&gt; &quot;Accept-Encoding: gzip,deflate[\r][\n]&quot;
01-25-2019 12:51:52 Wire.java DEBUG [Forwarding quit on session d70fe8ca6f6a4de4d5403e3a05444920 to remote] http.wire 73 - http-outgoing-3 &gt;&gt; &quot;[\r][\n]&quot;
01-25-2019 12:51:52 Wire.java DEBUG [Forwarding quit on session d70fe8ca6f6a4de4d5403e3a05444920 to remote] http.wire 73 - http-outgoing-3 &lt;&lt; &quot;HTTP/1.1 200 OK[\r][\n]&quot;
01-25-2019 12:51:52 Wire.java DEBUG [Forwarding quit on session d70fe8ca6f6a4de4d5403e3a05444920 to remote] http.wire 73 - http-outgoing-3 &lt;&lt; &quot;Content-Length:72[\r][\n]&quot;
01-25-2019 12:51:52 Wire.java DEBUG [Forwarding quit on session d70fe8ca6f6a4de4d5403e3a05444920 to remote] http.wire 73 - http-outgoing-3 &lt;&lt; &quot;Content-Type:application/json; charset=utf-8[\r][\n]&quot;
01-25-2019 12:51:52 Wire.java DEBUG [Forwarding quit on session d70fe8ca6f6a4de4d5403e3a05444920 to remote] http.wire 73 - http-outgoing-3 &lt;&lt; &quot;[\r][\n]&quot;
01-25-2019 12:51:52 Wire.java DEBUG [Forwarding quit on session d70fe8ca6f6a4de4d5403e3a05444920 to remote] http.wire 87 - http-outgoing-3 &lt;&lt; &quot;{&quot;sessionId&quot;:&quot;d70fe8ca6f6a4de4d5403e3a05444920&quot;,&quot;status&quot;:0,&quot;value&quot;:null}&quot;
01-25-2019 12:51:52 LoggingManagedHttpClientConnection.java DEBUG [Forwarding quit on session d70fe8ca6f6a4de4d5403e3a05444920 to remote] http.headers 122 - http-outgoing-3 &lt;&lt; HTTP/1.1 200 OK
01-25-2019 12:51:52 LoggingManagedHttpClientConnection.java DEBUG [Forwarding quit on session d70fe8ca6f6a4de4d5403e3a05444920 to remote] http.headers 125 - http-outgoing-3 &lt;&lt; Content-Length:72
01-25-2019 12:51:52 LoggingManagedHttpClientConnection.java DEBUG [Forwarding quit on session d70fe8ca6f6a4de4d5403e3a05444920 to remote] http.headers 125 - http-outgoing-3 &lt;&lt; Content-Type:application/json; charset=utf-8
01-25-2019 12:51:52 MainClientExec.java DEBUG [Forwarding quit on session d70fe8ca6f6a4de4d5403e3a05444920 to remote] execchain.MainClientExec 285 - Connection can be kept alive indefinitely
01-25-2019 12:51:52 PoolingHttpClientConnectionManager.java DEBUG [Forwarding quit on session d70fe8ca6f6a4de4d5403e3a05444920 to remote] conn.PoolingHttpClientConnectionManager 320 - Connection [id: 3][route: {}-&gt;http://localhost:28017] can be kept alive indefinitely
01-25-2019 12:51:52 PoolingHttpClientConnectionManager.java DEBUG [Forwarding quit on session d70fe8ca6f6a4de4d5403e3a05444920 to remote] conn.PoolingHttpClientConnectionManager 326 - Connection released: [id: 3][route: {}-&gt;http://localhost:28017][total kept alive: 1; route allocated: 1 of 2000; total allocated: 1 of 2000]
01-25-2019 12:51:52 PoolingHttpClientConnectionManager.java DEBUG [Forwarding quit on session d70fe8ca6f6a4de4d5403e3a05444920 to remote] conn.PoolingHttpClientConnectionManager 407 - Closing connections idle longer than 0 SECONDS
01-25-2019 12:51:52 LoggingManagedHttpClientConnection.java DEBUG [Forwarding quit on session d70fe8ca6f6a4de4d5403e3a05444920 to remote] conn.DefaultManagedHttpClientConnection 79 - http-outgoing-3: Close connection
01-25-2019 12:51:54 RequestAddCookies.java DEBUG [Forwarding newSession on session null to remote] protocol.RequestAddCookies 123 - CookieSpec selected: default
01-25-2019 12:51:54 RequestAuthCache.java DEBUG [Forwarding newSession on session null to remote] protocol.RequestAuthCache 77 - Auth cache not set in the context
01-25-2019 12:51:54 PoolingHttpClientConnectionManager.java DEBUG [Forwarding newSession on session null to remote] conn.PoolingHttpClientConnectionManager 255 - Connection request: [route: {}-&gt;http://localhost:21439][total kept alive: 0; route allocated: 0 of 2000; total allocated: 0 of 2000]
01-25-2019 12:51:54 PoolingHttpClientConnectionManager.java DEBUG [Forwarding newSession on session null to remote] conn.PoolingHttpClientConnectionManager 288 - Connection leased: [id: 4][route: {}-&gt;http://localhost:21439][total kept alive: 0; route allocated: 1 of 2000; total allocated: 1 of 2000]
01-25-2019 12:51:54 MainClientExec.java DEBUG [Forwarding newSession on session null to remote] execchain.MainClientExec 235 - Opening connection {}-&gt;http://localhost:21439
01-25-2019 12:51:54 DefaultHttpClientConnectionOperator.java DEBUG [Forwarding newSession on session null to remote] conn.DefaultHttpClientConnectionOperator 139 - Connecting to localhost/127.0.0.1:21439
01-25-2019 12:51:54 DefaultHttpClientConnectionOperator.java DEBUG [Forwarding newSession on session null to remote] conn.DefaultHttpClientConnectionOperator 146 - Connection established 127.0.0.1:54436&lt;-&gt;127.0.0.1:21439
01-25-2019 12:51:54 LoggingManagedHttpClientConnection.java DEBUG [Forwarding newSession on session null to remote] conn.DefaultManagedHttpClientConnection 88 - http-outgoing-4: set socket timeout to 10800000
01-25-2019 12:51:54 MainClientExec.java DEBUG [Forwarding newSession on session null to remote] execchain.MainClientExec 256 - Executing request POST /session HTTP/1.1
01-25-2019 12:51:54 MainClientExec.java DEBUG [Forwarding newSession on session null to remote] execchain.MainClientExec 261 - Target auth state: UNCHALLENGED
01-25-2019 12:51:54 MainClientExec.java DEBUG [Forwarding newSession on session null to remote] execchain.MainClientExec 267 - Proxy auth state: UNCHALLENGED
01-25-2019 12:51:54 LoggingManagedHttpClientConnection.java DEBUG [Forwarding newSession on session null to remote] http.headers 133 - http-outgoing-4 &gt;&gt; POST /session HTTP/1.1
01-25-2019 12:51:54 LoggingManagedHttpClientConnection.java DEBUG [Forwarding newSession on session null to remote] http.headers 136 - http-outgoing-4 &gt;&gt; Content-Type: application/json; charset=utf-8
01-25-2019 12:51:54 LoggingManagedHttpClientConnection.java DEBUG [Forwarding newSession on session null to remote] http.headers 136 - http-outgoing-4 &gt;&gt; Content-Length: 550
01-25-2019 12:51:54 LoggingManagedHttpClientConnection.java DEBUG [Forwarding newSession on session null to remote] http.headers 136 - http-outgoing-4 &gt;&gt; Host: localhost:21439
01-25-2019 12:51:54 LoggingManagedHttpClientConnection.java DEBUG [Forwarding newSession on session null to remote] http.headers 136 - http-outgoing-4 &gt;&gt; Connection: Keep-Alive
01-25-2019 12:51:54 LoggingManagedHttpClientConnection.java DEBUG [Forwarding newSession on session null to remote] http.headers 136 - http-outgoing-4 &gt;&gt; User-Agent: Apache-HttpClient/4.5.3 (Java/1.8.0_201)
01-25-2019 12:51:54 LoggingManagedHttpClientConnection.java DEBUG [Forwarding newSession on session null to remote] http.headers 136 - http-outgoing-4 &gt;&gt; Accept-Encoding: gzip,deflate
01-25-2019 12:51:54 Wire.java DEBUG [Forwarding newSession on session null to remote] http.wire 73 - http-outgoing-4 &gt;&gt; &quot;POST /session HTTP/1.1[\r][\n]&quot;
01-25-2019 12:51:54 Wire.java DEBUG [Forwarding newSession on session null to remote] http.wire 73 - http-outgoing-4 &gt;&gt; &quot;Content-Type: application/json; charset=utf-8[\r][\n]&quot;
01-25-2019 12:51:54 Wire.java DEBUG [Forwarding newSession on session null to remote] http.wire 73 - http-outgoing-4 &gt;&gt; &quot;Content-Length: 550[\r][\n]&quot;
01-25-2019 12:51:54 Wire.java DEBUG [Forwarding newSession on session null to remote] http.wire 73 - http-outgoing-4 &gt;&gt; &quot;Host: localhost:21439[\r][\n]&quot;
01-25-2019 12:51:54 Wire.java DEBUG [Forwarding newSession on session null to remote] http.wire 73 - http-outgoing-4 &gt;&gt; &quot;Connection: Keep-Alive[\r][\n]&quot;
01-25-2019 12:51:54 Wire.java DEBUG [Forwarding newSession on session null to remote] http.wire 73 - http-outgoing-4 &gt;&gt; &quot;User-Agent: Apache-HttpClient/4.5.3 (Java/1.8.0_201)[\r][\n]&quot;
01-25-2019 12:51:54 Wire.java DEBUG [Forwarding newSession on session null to remote] http.wire 73 - http-outgoing-4 &gt;&gt; &quot;Accept-Encoding: gzip,deflate[\r][\n]&quot;
01-25-2019 12:51:54 Wire.java DEBUG [Forwarding newSession on session null to remote] http.wire 73 - http-outgoing-4 &gt;&gt; &quot;[\r][\n]&quot;
01-25-2019 12:51:54 Wire.java DEBUG [Forwarding newSession on session null to remote] http.wire 73 - http-outgoing-4 &gt;&gt; &quot;{[\n]&quot;
01-25-2019 12:51:54 Wire.java DEBUG [Forwarding newSession on session null to remote] http.wire 73 - http-outgoing-4 &gt;&gt; &quot;  &quot;desiredCapabilities&quot;: {[\n]&quot;
01-25-2019 12:51:54 Wire.java DEBUG [Forwarding newSession on session null to remote] http.wire 73 - http-outgoing-4 &gt;&gt; &quot;    &quot;browserName&quot;: &quot;chrome&quot;,[\n]&quot;
01-25-2019 12:51:54 Wire.java DEBUG [Forwarding newSession on session null to remote] http.wire 73 - http-outgoing-4 &gt;&gt; &quot;    &quot;chromeOptions&quot;: {[\n]&quot;
01-25-2019 12:51:54 Wire.java DEBUG [Forwarding newSession on session null to remote] http.wire 73 - http-outgoing-4 &gt;&gt; &quot;      &quot;args&quot;: [],[\n]&quot;
01-25-2019 12:51:54 Wire.java DEBUG [Forwarding newSession on session null to remote] http.wire 73 - http-outgoing-4 &gt;&gt; &quot;      &quot;extensions&quot;: [][\n]&quot;
01-25-2019 12:51:54 Wire.java DEBUG [Forwarding newSession on session null to remote] http.wire 73 - http-outgoing-4 &gt;&gt; &quot;    },[\n]&quot;
01-25-2019 12:51:54 Wire.java DEBUG [Forwarding newSession on session null to remote] http.wire 73 - http-outgoing-4 &gt;&gt; &quot;    &quot;version&quot;: &quot;&quot;,[\n]&quot;
01-25-2019 12:51:54 Wire.java DEBUG [Forwarding newSession on session null to remote] http.wire 73 - http-outgoing-4 &gt;&gt; &quot;    &quot;platform&quot;: &quot;ANY&quot;[\n]&quot;
01-25-2019 12:51:54 Wire.java DEBUG [Forwarding newSession on session null to remote] http.wire 73 - http-outgoing-4 &gt;&gt; &quot;  },[\n]&quot;
01-25-2019 12:51:54 Wire.java DEBUG [Forwarding newSession on session null to remote] http.wire 73 - http-outgoing-4 &gt;&gt; &quot;  &quot;requiredCapabilities&quot;: {},[\n]&quot;
01-25-2019 12:51:54 Wire.java DEBUG [Forwarding newSession on session null to remote] http.wire 73 - http-outgoing-4 &gt;&gt; &quot;  &quot;capabilities&quot;: {[\n]&quot;
01-25-2019 12:51:54 Wire.java DEBUG [Forwarding newSession on session null to remote] http.wire 73 - http-outgoing-4 &gt;&gt; &quot;    &quot;desiredCapabilities&quot;: {[\n]&quot;
01-25-2019 12:51:54 Wire.java DEBUG [Forwarding newSession on session null to remote] http.wire 73 - http-outgoing-4 &gt;&gt; &quot;      &quot;browserName&quot;: &quot;chrome&quot;,[\n]&quot;
01-25-2019 12:51:54 Wire.java DEBUG [Forwarding newSession on session null to remote] http.wire 73 - http-outgoing-4 &gt;&gt; &quot;      &quot;chromeOptions&quot;: {[\n]&quot;
01-25-2019 12:51:54 Wire.java DEBUG [Forwarding newSession on session null to remote] http.wire 73 - http-outgoing-4 &gt;&gt; &quot;        &quot;args&quot;: [],[\n]&quot;
01-25-2019 12:51:54 Wire.java DEBUG [Forwarding newSession on session null to remote] http.wire 73 - http-outgoing-4 &gt;&gt; &quot;        &quot;extensions&quot;: [][\n]&quot;
01-25-2019 12:51:54 Wire.java DEBUG [Forwarding newSession on session null to remote] http.wire 73 - http-outgoing-4 &gt;&gt; &quot;      },[\n]&quot;
01-25-2019 12:51:54 Wire.java DEBUG [Forwarding newSession on session null to remote] http.wire 73 - http-outgoing-4 &gt;&gt; &quot;      &quot;version&quot;: &quot;&quot;,[\n]&quot;
01-25-2019 12:51:54 Wire.java DEBUG [Forwarding newSession on session null to remote] http.wire 73 - http-outgoing-4 &gt;&gt; &quot;      &quot;platform&quot;: &quot;ANY&quot;[\n]&quot;
01-25-2019 12:51:54 Wire.java DEBUG [Forwarding newSession on session null to remote] http.wire 73 - http-outgoing-4 &gt;&gt; &quot;    },[\n]&quot;
01-25-2019 12:51:54 Wire.java DEBUG [Forwarding newSession on session null to remote] http.wire 73 - http-outgoing-4 &gt;&gt; &quot;    &quot;requiredCapabilities&quot;: {},[\n]&quot;
01-25-2019 12:51:54 Wire.java DEBUG [Forwarding newSession on session null to remote] http.wire 73 - http-outgoing-4 &gt;&gt; &quot;    &quot;alwaysMatch&quot;: {},[\n]&quot;
01-25-2019 12:51:54 Wire.java DEBUG [Forwarding newSession on session null to remote] http.wire 73 - http-outgoing-4 &gt;&gt; &quot;    &quot;firstMatch&quot;: [[\n]&quot;
01-25-2019 12:51:54 Wire.java DEBUG [Forwarding newSession on session null to remote] http.wire 73 - http-outgoing-4 &gt;&gt; &quot;      {[\n]&quot;
01-25-2019 12:51:54 Wire.java DEBUG [Forwarding newSession on session null to remote] http.wire 73 - http-outgoing-4 &gt;&gt; &quot;        &quot;browserName&quot;: &quot;chrome&quot;[\n]&quot;
01-25-2019 12:51:54 Wire.java DEBUG [Forwarding newSession on session null to remote] http.wire 73 - http-outgoing-4 &gt;&gt; &quot;      }[\n]&quot;
01-25-2019 12:51:54 Wire.java DEBUG [Forwarding newSession on session null to remote] http.wire 73 - http-outgoing-4 &gt;&gt; &quot;    ][\n]&quot;
01-25-2019 12:51:54 Wire.java DEBUG [Forwarding newSession on session null to remote] http.wire 73 - http-outgoing-4 &gt;&gt; &quot;  }[\n]&quot;
01-25-2019 12:51:54 Wire.java DEBUG [Forwarding newSession on session null to remote] http.wire 87 - http-outgoing-4 &gt;&gt; &quot;}&quot;
01-25-2019 12:51:57 Wire.java DEBUG [Forwarding newSession on session null to remote] http.wire 73 - http-outgoing-4 &lt;&lt; &quot;HTTP/1.1 200 OK[\r][\n]&quot;
01-25-2019 12:51:57 Wire.java DEBUG [Forwarding newSession on session null to remote] http.wire 73 - http-outgoing-4 &lt;&lt; &quot;Content-Length:999[\r][\n]&quot;
01-25-2019 12:51:57 Wire.java DEBUG [Forwarding newSession on session null to remote] http.wire 73 - http-outgoing-4 &lt;&lt; &quot;Content-Type:application/json; charset=utf-8[\r][\n]&quot;
01-25-2019 12:51:57 Wire.java DEBUG [Forwarding newSession on session null to remote] http.wire 73 - http-outgoing-4 &lt;&lt; &quot;[\r][\n]&quot;
01-25-2019 12:51:57 Wire.java DEBUG [Forwarding newSession on session null to remote] http.wire 87 - http-outgoing-4 &lt;&lt; &quot;{&quot;sessionId&quot;:&quot;0430907a08dce67eec548a3919750b18&quot;,&quot;status&quot;:0,&quot;value&quot;:{&quot;acceptInsecureCerts&quot;:false,&quot;acceptSslCerts&quot;:false,&quot;applicationCacheEnabled&quot;:false,&quot;browserConnectionEnabled&quot;:false,&quot;browserName&quot;:&quot;chrome&quot;,&quot;chrome&quot;:{&quot;chromedriverVersion&quot;:&quot;2.45.615291 (ec3682e3c9061c10f26ea9e5cdcf3c53f3f74387)&quot;,&quot;userDataDir&quot;:&quot;C:\\Users\\pavithra\\AppData\\Local\\Temp\\scoped_dir3008_7198&quot;},&quot;cssSelectorsEnabled&quot;:true,&quot;databaseEnabled&quot;:false,&quot;goog:chromeOptions&quot;:{&quot;debuggerAddress&quot;:&quot;localhost:54437&quot;},&quot;handlesAlerts&quot;:true,&quot;hasTouchScreen&quot;:false,&quot;javascriptEnabled&quot;:true,&quot;locationContextEnabled&quot;:true,&quot;mobileEmulationEnabled&quot;:false,&quot;nativeEvents&quot;:true,&quot;networkConnectionEnabled&quot;:false,&quot;pageLoadStrategy&quot;:&quot;normal&quot;,&quot;platform&quot;:&quot;Windows NT&quot;,&quot;proxy&quot;:{},&quot;rotatable&quot;:false,&quot;setWindowRect&quot;:true,&quot;strictFileInteractability&quot;:false,&quot;takesHeapSnapshot&quot;:true,&quot;takesScreenshot&quot;:true,&quot;timeouts&quot;:{&quot;implicit&quot;:0,&quot;pageLoad&quot;:300000,&quot;script&quot;:30000},&quot;unexpectedAlertBehaviour&quot;:&quot;ignore&quot;,&quot;version&quot;:&quot;71.0.3578.98&quot;,&quot;webStorageEnabled&quot;:true}}&quot;
01-25-2019 12:51:57 LoggingManagedHttpClientConnection.java DEBUG [Forwarding newSession on session null to remote] http.headers 122 - http-outgoing-4 &lt;&lt; HTTP/1.1 200 OK
01-25-2019 12:51:57 LoggingManagedHttpClientConnection.java DEBUG [Forwarding newSession on session null to remote] http.headers 125 - http-outgoing-4 &lt;&lt; Content-Length:999
01-25-2019 12:51:57 LoggingManagedHttpClientConnection.java DEBUG [Forwarding newSession on session null to remote] http.headers 125 - http-outgoing-4 &lt;&lt; Content-Type:application/json; charset=utf-8
01-25-2019 12:51:57 MainClientExec.java DEBUG [Forwarding newSession on session null to remote] execchain.MainClientExec 285 - Connection can be kept alive indefinitely
01-25-2019 12:51:57 PoolingHttpClientConnectionManager.java DEBUG [Forwarding newSession on session null to remote] conn.PoolingHttpClientConnectionManager 320 - Connection [id: 4][route: {}-&gt;http://localhost:21439] can be kept alive indefinitely
01-25-2019 12:51:57 PoolingHttpClientConnectionManager.java DEBUG [Forwarding newSession on session null to remote] conn.PoolingHttpClientConnectionManager 326 - Connection released: [id: 4][route: {}-&gt;http://localhost:21439][total kept alive: 1; route allocated: 1 of 2000; total allocated: 1 of 2000]
01-25-2019 12:51:57 RequestAddCookies.java DEBUG [Forwarding maximizeCurrentWindow on session 0430907a08dce67eec548a3919750b18 to remote] protocol.RequestAddCookies 123 - CookieSpec selected: default
01-25-2019 12:51:57 RequestAuthCache.java DEBUG [Forwarding maximizeCurrentWindow on session 0430907a08dce67eec548a3919750b18 to remote] protocol.RequestAuthCache 77 - Auth cache not set in the context
01-25-2019 12:51:57 PoolingHttpClientConnectionManager.java DEBUG [Forwarding maximizeCurrentWindow on session 0430907a08dce67eec548a3919750b18 to remote] conn.PoolingHttpClientConnectionManager 255 - Connection request: [route: {}-&gt;http://localhost:21439][total kept alive: 1; route allocated: 1 of 2000; total allocated: 1 of 2000]
01-25-2019 12:51:57 PoolingHttpClientConnectionManager.java DEBUG [Forwarding maximizeCurrentWindow on session 0430907a08dce67eec548a3919750b18 to remote] conn.PoolingHttpClientConnectionManager 288 - Connection leased: [id: 4][route: {}-&gt;http://localhost:21439][total kept alive: 0; route allocated: 1 of 2000; total allocated: 1 of 2000]
01-25-2019 12:51:57 MainClientExec.java DEBUG [Forwarding maximizeCurrentWindow on session 0430907a08dce67eec548a3919750b18 to remote] execchain.MainClientExec 208 - Stale connection check
01-25-2019 12:51:57 Wire.java DEBUG [Forwarding maximizeCurrentWindow on session 0430907a08dce67eec548a3919750b18 to remote] http.wire 87 - http-outgoing-4 &lt;&lt; &quot;[read] I/O error: Read timed out&quot;
01-25-2019 12:51:57 LoggingManagedHttpClientConnection.java DEBUG [Forwarding maximizeCurrentWindow on session 0430907a08dce67eec548a3919750b18 to remote] conn.DefaultManagedHttpClientConnection 88 - http-outgoing-4: set socket timeout to 10800000
01-25-2019 12:51:57 MainClientExec.java DEBUG [Forwarding maximizeCurrentWindow on session 0430907a08dce67eec548a3919750b18 to remote] execchain.MainClientExec 256 - Executing request POST /session/0430907a08dce67eec548a3919750b18/window/current/maximize HTTP/1.1
01-25-2019 12:51:57 MainClientExec.java DEBUG [Forwarding maximizeCurrentWindow on session 0430907a08dce67eec548a3919750b18 to remote] execchain.MainClientExec 261 - Target auth state: UNCHALLENGED
01-25-2019 12:51:57 MainClientExec.java DEBUG [Forwarding maximizeCurrentWindow on session 0430907a08dce67eec548a3919750b18 to remote] execchain.MainClientExec 267 - Proxy auth state: UNCHALLENGED
01-25-2019 12:51:57 LoggingManagedHttpClientConnection.java DEBUG [Forwarding maximizeCurrentWindow on session 0430907a08dce67eec548a3919750b18 to remote] http.headers 133 - http-outgoing-4 &gt;&gt; POST /session/0430907a08dce67eec548a3919750b18/window/current/maximize HTTP/1.1
01-25-2019 12:51:57 LoggingManagedHttpClientConnection.java DEBUG [Forwarding maximizeCurrentWindow on session 0430907a08dce67eec548a3919750b18 to remote] http.headers 136 - http-outgoing-4 &gt;&gt; Content-Type: application/json; charset=utf-8
01-25-2019 12:51:57 LoggingManagedHttpClientConnection.java DEBUG [Forwarding maximizeCurrentWindow on session 0430907a08dce67eec548a3919750b18 to remote] http.headers 136 - http-outgoing-4 &gt;&gt; Content-Length: 45
01-25-2019 12:51:57 LoggingManagedHttpClientConnection.java DEBUG [Forwarding maximizeCurrentWindow on session 0430907a08dce67eec548a3919750b18 to remote] http.headers 136 - http-outgoing-4 &gt;&gt; Host: localhost:21439
01-25-2019 12:51:57 LoggingManagedHttpClientConnection.java DEBUG [Forwarding maximizeCurrentWindow on session 0430907a08dce67eec548a3919750b18 to remote] http.headers 136 - http-outgoing-4 &gt;&gt; Connection: Keep-Alive
01-25-2019 12:51:57 LoggingManagedHttpClientConnection.java DEBUG [Forwarding maximizeCurrentWindow on session 0430907a08dce67eec548a3919750b18 to remote] http.headers 136 - http-outgoing-4 &gt;&gt; User-Agent: Apache-HttpClient/4.5.3 (Java/1.8.0_201)
01-25-2019 12:51:57 LoggingManagedHttpClientConnection.java DEBUG [Forwarding maximizeCurrentWindow on session 0430907a08dce67eec548a3919750b18 to remote] http.headers 136 - http-outgoing-4 &gt;&gt; Accept-Encoding: gzip,deflate
01-25-2019 12:51:57 Wire.java DEBUG [Forwarding maximizeCurrentWindow on session 0430907a08dce67eec548a3919750b18 to remote] http.wire 73 - http-outgoing-4 &gt;&gt; &quot;POST /session/0430907a08dce67eec548a3919750b18/window/current/maximize HTTP/1.1[\r][\n]&quot;
01-25-2019 12:51:57 Wire.java DEBUG [Forwarding maximizeCurrentWindow on session 0430907a08dce67eec548a3919750b18 to remote] http.wire 73 - http-outgoing-4 &gt;&gt; &quot;Content-Type: application/json; charset=utf-8[\r][\n]&quot;
01-25-2019 12:51:57 Wire.java DEBUG [Forwarding maximizeCurrentWindow on session 0430907a08dce67eec548a3919750b18 to remote] http.wire 73 - http-outgoing-4 &gt;&gt; &quot;Content-Length: 45[\r][\n]&quot;
01-25-2019 12:51:57 Wire.java DEBUG [Forwarding maximizeCurrentWindow on session 0430907a08dce67eec548a3919750b18 to remote] http.wire 73 - http-outgoing-4 &gt;&gt; &quot;Host: localhost:21439[\r][\n]&quot;
01-25-2019 12:51:57 Wire.java DEBUG [Forwarding maximizeCurrentWindow on session 0430907a08dce67eec548a3919750b18 to remote] http.wire 73 - http-outgoing-4 &gt;&gt; &quot;Connection: Keep-Alive[\r][\n]&quot;
01-25-2019 12:51:57 Wire.java DEBUG [Forwarding maximizeCurrentWindow on session 0430907a08dce67eec548a3919750b18 to remote] http.wire 73 - http-outgoing-4 &gt;&gt; &quot;User-Agent: Apache-HttpClient/4.5.3 (Java/1.8.0_201)[\r][\n]&quot;
01-25-2019 12:51:57 Wire.java DEBUG [Forwarding maximizeCurrentWindow on session 0430907a08dce67eec548a3919750b18 to remote] http.wire 73 - http-outgoing-4 &gt;&gt; &quot;Accept-Encoding: gzip,deflate[\r][\n]&quot;
01-25-2019 12:51:57 Wire.java DEBUG [Forwarding maximizeCurrentWindow on session 0430907a08dce67eec548a3919750b18 to remote] http.wire 73 - http-outgoing-4 &gt;&gt; &quot;[\r][\n]&quot;
01-25-2019 12:51:57 Wire.java DEBUG [Forwarding maximizeCurrentWindow on session 0430907a08dce67eec548a3919750b18 to remote] http.wire 87 - http-outgoing-4 &gt;&gt; &quot;{&quot;windowHandle&quot;:&quot;current&quot;,&quot;handle&quot;:&quot;current&quot;}&quot;
01-25-2019 12:51:57 Wire.java DEBUG [Forwarding maximizeCurrentWindow on session 0430907a08dce67eec548a3919750b18 to remote] http.wire 73 - http-outgoing-4 &lt;&lt; &quot;HTTP/1.1 200 OK[\r][\n]&quot;
01-25-2019 12:51:57 Wire.java DEBUG [Forwarding maximizeCurrentWindow on session 0430907a08dce67eec548a3919750b18 to remote] http.wire 73 - http-outgoing-4 &lt;&lt; &quot;Content-Length:109[\r][\n]&quot;
01-25-2019 12:51:57 Wire.java DEBUG [Forwarding maximizeCurrentWindow on session 0430907a08dce67eec548a3919750b18 to remote] http.wire 73 - http-outgoing-4 &lt;&lt; &quot;Content-Type:application/json; charset=utf-8[\r][\n]&quot;
01-25-2019 12:51:57 Wire.java DEBUG [Forwarding maximizeCurrentWindow on session 0430907a08dce67eec548a3919750b18 to remote] http.wire 73 - http-outgoing-4 &lt;&lt; &quot;[\r][\n]&quot;
01-25-2019 12:51:57 Wire.java DEBUG [Forwarding maximizeCurrentWindow on session 0430907a08dce67eec548a3919750b18 to remote] http.wire 87 - http-outgoing-4 &lt;&lt; &quot;{&quot;sessionId&quot;:&quot;0430907a08dce67eec548a3919750b18&quot;,&quot;status&quot;:0,&quot;value&quot;:{&quot;height&quot;:744,&quot;width&quot;:1382,&quot;x&quot;:-8,&quot;y&quot;:-8}}&quot;
01-25-2019 12:51:57 LoggingManagedHttpClientConnection.java DEBUG [Forwarding maximizeCurrentWindow on session 0430907a08dce67eec548a3919750b18 to remote] http.headers 122 - http-outgoing-4 &lt;&lt; HTTP/1.1 200 OK
01-25-2019 12:51:57 LoggingManagedHttpClientConnection.java DEBUG [Forwarding maximizeCurrentWindow on session 0430907a08dce67eec548a3919750b18 to remote] http.headers 125 - http-outgoing-4 &lt;&lt; Content-Length:109
01-25-2019 12:51:57 LoggingManagedHttpClientConnection.java DEBUG [Forwarding maximizeCurrentWindow on session 0430907a08dce67eec548a3919750b18 to remote] http.headers 125 - http-outgoing-4 &lt;&lt; Content-Type:application/json; charset=utf-8
01-25-2019 12:51:57 MainClientExec.java DEBUG [Forwarding maximizeCurrentWindow on session 0430907a08dce67eec548a3919750b18 to remote] execchain.MainClientExec 285 - Connection can be kept alive indefinitely
01-25-2019 12:51:57 PoolingHttpClientConnectionManager.java DEBUG [Forwarding maximizeCurrentWindow on session 0430907a08dce67eec548a3919750b18 to remote] conn.PoolingHttpClientConnectionManager 320 - Connection [id: 4][route: {}-&gt;http://localhost:21439] can be kept alive indefinitely
01-25-2019 12:51:57 PoolingHttpClientConnectionManager.java DEBUG [Forwarding maximizeCurrentWindow on session 0430907a08dce67eec548a3919750b18 to remote] conn.PoolingHttpClientConnectionManager 326 - Connection released: [id: 4][route: {}-&gt;http://localhost:21439][total kept alive: 1; route allocated: 1 of 2000; total allocated: 1 of 2000]
01-25-2019 12:51:57 RequestAddCookies.java DEBUG [Forwarding deleteAllCookies on session 0430907a08dce67eec548a3919750b18 to remote] protocol.RequestAddCookies 123 - CookieSpec selected: default
01-25-2019 12:51:57 RequestAuthCache.java DEBUG [Forwarding deleteAllCookies on session 0430907a08dce67eec548a3919750b18 to remote] protocol.RequestAuthCache 77 - Auth cache not set in the context
01-25-2019 12:51:57 PoolingHttpClientConnectionManager.java DEBUG [Forwarding deleteAllCookies on session 0430907a08dce67eec548a3919750b18 to remote] conn.PoolingHttpClientConnectionManager 255 - Connection request: [route: {}-&gt;http://localhost:21439][total kept alive: 1; route allocated: 1 of 2000; total allocated: 1 of 2000]
01-25-2019 12:51:57 PoolingHttpClientConnectionManager.java DEBUG [Forwarding deleteAllCookies on session 0430907a08dce67eec548a3919750b18 to remote] conn.PoolingHttpClientConnectionManager 288 - Connection leased: [id: 4][route: {}-&gt;http://localhost:21439][total kept alive: 0; route allocated: 1 of 2000; total allocated: 1 of 2000]
01-25-2019 12:51:57 MainClientExec.java DEBUG [Forwarding deleteAllCookies on session 0430907a08dce67eec548a3919750b18 to remote] execchain.MainClientExec 208 - Stale connection check
01-25-2019 12:51:57 Wire.java DEBUG [Forwarding deleteAllCookies on session 0430907a08dce67eec548a3919750b18 to remote] http.wire 87 - http-outgoing-4 &lt;&lt; &quot;[read] I/O error: Read timed out&quot;
01-25-2019 12:51:57 LoggingManagedHttpClientConnection.java DEBUG [Forwarding deleteAllCookies on session 0430907a08dce67eec548a3919750b18 to remote] conn.DefaultManagedHttpClientConnection 88 - http-outgoing-4: set socket timeout to 10800000
01-25-2019 12:51:57 MainClientExec.java DEBUG [Forwarding deleteAllCookies on session 0430907a08dce67eec548a3919750b18 to remote] execchain.MainClientExec 256 - Executing request DELETE /session/0430907a08dce67eec548a3919750b18/cookie HTTP/1.1
01-25-2019 12:51:57 MainClientExec.java DEBUG [Forwarding deleteAllCookies on session 0430907a08dce67eec548a3919750b18 to remote] execchain.MainClientExec 261 - Target auth state: UNCHALLENGED
01-25-2019 12:51:57 MainClientExec.java DEBUG [Forwarding deleteAllCookies on session 0430907a08dce67eec548a3919750b18 to remote] execchain.MainClientExec 267 - Proxy auth state: UNCHALLENGED
01-25-2019 12:51:57 LoggingManagedHttpClientConnection.java DEBUG [Forwarding deleteAllCookies on session 0430907a08dce67eec548a3919750b18 to remote] http.headers 133 - http-outgoing-4 &gt;&gt; DELETE /session/0430907a08dce67eec548a3919750b18/cookie HTTP/1.1
01-25-2019 12:51:57 LoggingManagedHttpClientConnection.java DEBUG [Forwarding deleteAllCookies on session 0430907a08dce67eec548a3919750b18 to remote] http.headers 136 - http-outgoing-4 &gt;&gt; Host: localhost:21439
01-25-2019 12:51:57 LoggingManagedHttpClientConnection.java DEBUG [Forwarding deleteAllCookies on session 0430907a08dce67eec548a3919750b18 to remote] http.headers 136 - http-outgoing-4 &gt;&gt; Connection: Keep-Alive
01-25-2019 12:51:57 LoggingManagedHttpClientConnection.java DEBUG [Forwarding deleteAllCookies on session 0430907a08dce67eec548a3919750b18 to remote] http.headers 136 - http-outgoing-4 &gt;&gt; User-Agent: Apache-HttpClient/4.5.3 (Java/1.8.0_201)
01-25-2019 12:51:57 LoggingManagedHttpClientConnection.java DEBUG [Forwarding deleteAllCookies on session 0430907a08dce67eec548a3919750b18 to remote] http.headers 136 - http-outgoing-4 &gt;&gt; Accept-Encoding: gzip,deflate
01-25-2019 12:51:57 Wire.java DEBUG [Forwarding deleteAllCookies on session 0430907a08dce67eec548a3919750b18 to remote] http.wire 73 - http-outgoing-4 &gt;&gt; &quot;DELETE /session/0430907a08dce67eec548a3919750b18/cookie HTTP/1.1[\r][\n]&quot;
01-25-2019 12:51:57 Wire.java DEBUG [Forwarding deleteAllCookies on session 0430907a08dce67eec548a3919750b18 to remote] http.wire 73 - http-outgoing-4 &gt;&gt; &quot;Host: localhost:21439[\r][\n]&quot;
01-25-2019 12:51:57 Wire.java DEBUG [Forwarding deleteAllCookies on session 0430907a08dce67eec548a3919750b18 to remote] http.wire 73 - http-outgoing-4 &gt;&gt; &quot;Connection: Keep-Alive[\r][\n]&quot;
01-25-2019 12:51:57 Wire.java DEBUG [Forwarding deleteAllCookies on session 0430907a08dce67eec548a3919750b18 to remote] http.wire 73 - http-outgoing-4 &gt;&gt; &quot;User-Agent: Apache-HttpClient/4.5.3 (Java/1.8.0_201)[\r][\n]&quot;
01-25-2019 12:51:57 Wire.java DEBUG [Forwarding deleteAllCookies on session 0430907a08dce67eec548a3919750b18 to remote] http.wire 73 - http-outgoing-4 &gt;&gt; &quot;Accept-Encoding: gzip,deflate[\r][\n]&quot;
01-25-2019 12:51:57 Wire.java DEBUG [Forwarding deleteAllCookies on session 0430907a08dce67eec548a3919750b18 to remote] http.wire 73 - http-outgoing-4 &gt;&gt; &quot;[\r][\n]&quot;
01-25-2019 12:51:57 Wire.java DEBUG [Forwarding deleteAllCookies on session 0430907a08dce67eec548a3919750b18 to remote] http.wire 73 - http-outgoing-4 &lt;&lt; &quot;HTTP/1.1 200 OK[\r][\n]&quot;
01-25-2019 12:51:57 Wire.java DEBUG [Forwarding deleteAllCookies on session 0430907a08dce67eec548a3919750b18 to remote] http.wire 73 - http-outgoing-4 &lt;&lt; &quot;Content-Length:72[\r][\n]&quot;
01-25-2019 12:51:57 Wire.java DEBUG [Forwarding deleteAllCookies on session 0430907a08dce67eec548a3919750b18 to remote] http.wire 73 - http-outgoing-4 &lt;&lt; &quot;Content-Type:application/json; charset=utf-8[\r][\n]&quot;
01-25-2019 12:51:57 Wire.java DEBUG [Forwarding deleteAllCookies on session 0430907a08dce67eec548a3919750b18 to remote] http.wire 73 - http-outgoing-4 &lt;&lt; &quot;[\r][\n]&quot;
01-25-2019 12:51:57 Wire.java DEBUG [Forwarding deleteAllCookies on session 0430907a08dce67eec548a3919750b18 to remote] http.wire 87 - http-outgoing-4 &lt;&lt; &quot;{&quot;sessionId&quot;:&quot;0430907a08dce67eec548a3919750b18&quot;,&quot;status&quot;:0,&quot;value&quot;:null}&quot;
01-25-2019 12:51:57 LoggingManagedHttpClientConnection.java DEBUG [Forwarding deleteAllCookies on session 0430907a08dce67eec548a3919750b18 to remote] http.headers 122 - http-outgoing-4 &lt;&lt; HTTP/1.1 200 OK
01-25-2019 12:51:57 LoggingManagedHttpClientConnection.java DEBUG [Forwarding deleteAllCookies on session 0430907a08dce67eec548a3919750b18 to remote] http.headers 125 - http-outgoing-4 &lt;&lt; Content-Length:72
01-25-2019 12:51:57 LoggingManagedHttpClientConnection.java DEBUG [Forwarding deleteAllCookies on session 0430907a08dce67eec548a3919750b18 to remote] http.headers 125 - http-outgoing-4 &lt;&lt; Content-Type:application/json; charset=utf-8
01-25-2019 12:51:57 MainClientExec.java DEBUG [Forwarding deleteAllCookies on session 0430907a08dce67eec548a3919750b18 to remote] execchain.MainClientExec 285 - Connection can be kept alive indefinitely
01-25-2019 12:51:57 PoolingHttpClientConnectionManager.java DEBUG [Forwarding deleteAllCookies on session 0430907a08dce67eec548a3919750b18 to remote] conn.PoolingHttpClientConnectionManager 320 - Connection [id: 4][route: {}-&gt;http://localhost:21439] can be kept alive indefinitely
01-25-2019 12:51:57 PoolingHttpClientConnectionManager.java DEBUG [Forwarding deleteAllCookies on session 0430907a08dce67eec548a3919750b18 to remote] conn.PoolingHttpClientConnectionManager 326 - Connection released: [id: 4][route: {}-&gt;http://localhost:21439][total kept alive: 1; route allocated: 1 of 2000; total allocated: 1 of 2000]
01-25-2019 12:51:57 RequestAddCookies.java DEBUG [Forwarding setTimeout on session 0430907a08dce67eec548a3919750b18 to remote] protocol.RequestAddCookies 123 - CookieSpec selected: default
01-25-2019 12:51:57 RequestAuthCache.java DEBUG [Forwarding setTimeout on session 0430907a08dce67eec548a3919750b18 to remote] protocol.RequestAuthCache 77 - Auth cache not set in the context
01-25-2019 12:51:57 PoolingHttpClientConnectionManager.java DEBUG [Forwarding setTimeout on session 0430907a08dce67eec548a3919750b18 to remote] conn.PoolingHttpClientConnectionManager 255 - Connection request: [route: {}-&gt;http://localhost:21439][total kept alive: 1; route allocated: 1 of 2000; total allocated: 1 of 2000]
01-25-2019 12:51:57 PoolingHttpClientConnectionManager.java DEBUG [Forwarding setTimeout on session 0430907a08dce67eec548a3919750b18 to remote] conn.PoolingHttpClientConnectionManager 288 - Connection leased: [id: 4][route: {}-&gt;http://localhost:21439][total kept alive: 0; route allocated: 1 of 2000; total allocated: 1 of 2000]
01-25-2019 12:51:57 MainClientExec.java DEBUG [Forwarding setTimeout on session 0430907a08dce67eec548a3919750b18 to remote] execchain.MainClientExec 208 - Stale connection check
01-25-2019 12:51:57 Wire.java DEBUG [Forwarding setTimeout on session 0430907a08dce67eec548a3919750b18 to remote] http.wire 87 - http-outgoing-4 &lt;&lt; &quot;[read] I/O error: Read timed out&quot;
01-25-2019 12:51:57 LoggingManagedHttpClientConnection.java DEBUG [Forwarding setTimeout on session 0430907a08dce67eec548a3919750b18 to remote] conn.DefaultManagedHttpClientConnection 88 - http-outgoing-4: set socket timeout to 10800000
01-25-2019 12:51:57 MainClientExec.java DEBUG [Forwarding setTimeout on session 0430907a08dce67eec548a3919750b18 to remote] execchain.MainClientExec 256 - Executing request POST /session/0430907a08dce67eec548a3919750b18/timeouts HTTP/1.1
01-25-2019 12:51:57 MainClientExec.java DEBUG [Forwarding setTimeout on session 0430907a08dce67eec548a3919750b18 to remote] execchain.MainClientExec 261 - Target auth state: UNCHALLENGED
01-25-2019 12:51:57 MainClientExec.java DEBUG [Forwarding setTimeout on session 0430907a08dce67eec548a3919750b18 to remote] execchain.MainClientExec 267 - Proxy auth state: UNCHALLENGED
01-25-2019 12:51:57 LoggingManagedHttpClientConnection.java DEBUG [Forwarding setTimeout on session 0430907a08dce67eec548a3919750b18 to remote] http.headers 133 - http-outgoing-4 &gt;&gt; POST /session/0430907a08dce67eec548a3919750b18/timeouts HTTP/1.1
01-25-2019 12:51:57 LoggingManagedHttpClientConnection.java DEBUG [Forwarding setTimeout on session 0430907a08dce67eec548a3919750b18 to remote] http.headers 136 - http-outgoing-4 &gt;&gt; Content-Type: application/json; charset=utf-8
01-25-2019 12:51:57 LoggingManagedHttpClientConnection.java DEBUG [Forwarding setTimeout on session 0430907a08dce67eec548a3919750b18 to remote] http.headers 136 - http-outgoing-4 &gt;&gt; Content-Length: 31
01-25-2019 12:51:57 LoggingManagedHttpClientConnection.java DEBUG [Forwarding setTimeout on session 0430907a08dce67eec548a3919750b18 to remote] http.headers 136 - http-outgoing-4 &gt;&gt; Host: localhost:21439
01-25-2019 12:51:57 LoggingManagedHttpClientConnection.java DEBUG [Forwarding setTimeout on session 0430907a08dce67eec548a3919750b18 to remote] http.headers 136 - http-outgoing-4 &gt;&gt; Connection: Keep-Alive
01-25-2019 12:51:57 LoggingManagedHttpClientConnection.java DEBUG [Forwarding setTimeout on session 0430907a08dce67eec548a3919750b18 to remote] http.headers 136 - http-outgoing-4 &gt;&gt; User-Agent: Apache-HttpClient/4.5.3 (Java/1.8.0_201)
01-25-2019 12:51:57 LoggingManagedHttpClientConnection.java DEBUG [Forwarding setTimeout on session 0430907a08dce67eec548a3919750b18 to remote] http.headers 136 - http-outgoing-4 &gt;&gt; Accept-Encoding: gzip,deflate
01-25-2019 12:51:57 Wire.java DEBUG [Forwarding setTimeout on session 0430907a08dce67eec548a3919750b18 to remote] http.wire 73 - http-outgoing-4 &gt;&gt; &quot;POST /session/0430907a08dce67eec548a3919750b18/timeouts HTTP/1.1[\r][\n]&quot;
01-25-2019 12:51:57 Wire.java DEBUG [Forwarding setTimeout on session 0430907a08dce67eec548a3919750b18 to remote] http.wire 73 - http-outgoing-4 &gt;&gt; &quot;Content-Type: application/json; charset=utf-8[\r][\n]&quot;
01-25-2019 12:51:57 Wire.java DEBUG [Forwarding setTimeout on session 0430907a08dce67eec548a3919750b18 to remote] http.wire 73 - http-outgoing-4 &gt;&gt; &quot;Content-Length: 31[\r][\n]&quot;
01-25-2019 12:51:57 Wire.java DEBUG [Forwarding setTimeout on session 0430907a08dce67eec548a3919750b18 to remote] http.wire 73 - http-outgoing-4 &gt;&gt; &quot;Host: localhost:21439[\r][\n]&quot;
01-25-2019 12:51:57 Wire.java DEBUG [Forwarding setTimeout on session 0430907a08dce67eec548a3919750b18 to remote] http.wire 73 - http-outgoing-4 &gt;&gt; &quot;Connection: Keep-Alive[\r][\n]&quot;
01-25-2019 12:51:57 Wire.java DEBUG [Forwarding setTimeout on session 0430907a08dce67eec548a3919750b18 to remote] http.wire 73 - http-outgoing-4 &gt;&gt; &quot;User-Agent: Apache-HttpClient/4.5.3 (Java/1.8.0_201)[\r][\n]&quot;
01-25-2019 12:51:57 Wire.java DEBUG [Forwarding setTimeout on session 0430907a08dce67eec548a3919750b18 to remote] http.wire 73 - http-outgoing-4 &gt;&gt; &quot;Accept-Encoding: gzip,deflate[\r][\n]&quot;
01-25-2019 12:51:57 Wire.java DEBUG [Forwarding setTimeout on session 0430907a08dce67eec548a3919750b18 to remote] http.wire 73 - http-outgoing-4 &gt;&gt; &quot;[\r][\n]&quot;
01-25-2019 12:51:57 Wire.java DEBUG [Forwarding setTimeout on session 0430907a08dce67eec548a3919750b18 to remote] http.wire 87 - http-outgoing-4 &gt;&gt; &quot;{&quot;type&quot;:&quot;page load&quot;,&quot;ms&quot;:40000}&quot;
01-25-2019 12:51:57 Wire.java DEBUG [Forwarding setTimeout on session 0430907a08dce67eec548a3919750b18 to remote] http.wire 73 - http-outgoing-4 &lt;&lt; &quot;HTTP/1.1 200 OK[\r][\n]&quot;
01-25-2019 12:51:57 Wire.java DEBUG [Forwarding setTimeout on session 0430907a08dce67eec548a3919750b18 to remote] http.wire 73 - http-outgoing-4 &lt;&lt; &quot;Content-Length:72[\r][\n]&quot;
01-25-2019 12:51:57 Wire.java DEBUG [Forwarding setTimeout on session 0430907a08dce67eec548a3919750b18 to remote] http.wire 73 - http-outgoing-4 &lt;&lt; &quot;Content-Type:application/json; charset=utf-8[\r][\n]&quot;
01-25-2019 12:51:57 Wire.java DEBUG [Forwarding setTimeout on session 0430907a08dce67eec548a3919750b18 to remote] http.wire 73 - http-outgoing-4 &lt;&lt; &quot;[\r][\n]&quot;
01-25-2019 12:51:57 Wire.java DEBUG [Forwarding setTimeout on session 0430907a08dce67eec548a3919750b18 to remote] http.wire 87 - http-outgoing-4 &lt;&lt; &quot;{&quot;sessionId&quot;:&quot;0430907a08dce67eec548a3919750b18&quot;,&quot;status&quot;:0,&quot;value&quot;:null}&quot;
01-25-2019 12:51:57 LoggingManagedHttpClientConnection.java DEBUG [Forwarding setTimeout on session 0430907a08dce67eec548a3919750b18 to remote] http.headers 122 - http-outgoing-4 &lt;&lt; HTTP/1.1 200 OK
01-25-2019 12:51:57 LoggingManagedHttpClientConnection.java DEBUG [Forwarding setTimeout on session 0430907a08dce67eec548a3919750b18 to remote] http.headers 125 - http-outgoing-4 &lt;&lt; Content-Length:72
01-25-2019 12:51:57 LoggingManagedHttpClientConnection.java DEBUG [Forwarding setTimeout on session 0430907a08dce67eec548a3919750b18 to remote] http.headers 125 - http-outgoing-4 &lt;&lt; Content-Type:application/json; charset=utf-8
01-25-2019 12:51:57 MainClientExec.java DEBUG [Forwarding setTimeout on session 0430907a08dce67eec548a3919750b18 to remote] execchain.MainClientExec 285 - Connection can be kept alive indefinitely
01-25-2019 12:51:57 PoolingHttpClientConnectionManager.java DEBUG [Forwarding setTimeout on session 0430907a08dce67eec548a3919750b18 to remote] conn.PoolingHttpClientConnectionManager 320 - Connection [id: 4][route: {}-&gt;http://localhost:21439] can be kept alive indefinitely
01-25-2019 12:51:57 PoolingHttpClientConnectionManager.java DEBUG [Forwarding setTimeout on session 0430907a08dce67eec548a3919750b18 to remote] conn.PoolingHttpClientConnectionManager 326 - Connection released: [id: 4][route: {}-&gt;http://localhost:21439][total kept alive: 1; route allocated: 1 of 2000; total allocated: 1 of 2000]
01-25-2019 12:51:57 RequestAddCookies.java DEBUG [Forwarding setTimeout on session 0430907a08dce67eec548a3919750b18 to remote] protocol.RequestAddCookies 123 - CookieSpec selected: default
01-25-2019 12:51:57 RequestAuthCache.java DEBUG [Forwarding setTimeout on session 0430907a08dce67eec548a3919750b18 to remote] protocol.RequestAuthCache 77 - Auth cache not set in the context
01-25-2019 12:51:57 PoolingHttpClientConnectionManager.java DEBUG [Forwarding setTimeout on session 0430907a08dce67eec548a3919750b18 to remote] conn.PoolingHttpClientConnectionManager 255 - Connection request: [route: {}-&gt;http://localhost:21439][total kept alive: 1; route allocated: 1 of 2000; total allocated: 1 of 2000]
01-25-2019 12:51:57 PoolingHttpClientConnectionManager.java DEBUG [Forwarding setTimeout on session 0430907a08dce67eec548a3919750b18 to remote] conn.PoolingHttpClientConnectionManager 288 - Connection leased: [id: 4][route: {}-&gt;http://localhost:21439][total kept alive: 0; route allocated: 1 of 2000; total allocated: 1 of 2000]
01-25-2019 12:51:57 MainClientExec.java DEBUG [Forwarding setTimeout on session 0430907a08dce67eec548a3919750b18 to remote] execchain.MainClientExec 208 - Stale connection check
01-25-2019 12:51:57 Wire.java DEBUG [Forwarding setTimeout on session 0430907a08dce67eec548a3919750b18 to remote] http.wire 87 - http-outgoing-4 &lt;&lt; &quot;[read] I/O error: Read timed out&quot;
01-25-2019 12:51:57 LoggingManagedHttpClientConnection.java DEBUG [Forwarding setTimeout on session 0430907a08dce67eec548a3919750b18 to remote] conn.DefaultManagedHttpClientConnection 88 - http-outgoing-4: set socket timeout to 10800000
01-25-2019 12:51:57 MainClientExec.java DEBUG [Forwarding setTimeout on session 0430907a08dce67eec548a3919750b18 to remote] execchain.MainClientExec 256 - Executing request POST /session/0430907a08dce67eec548a3919750b18/timeouts HTTP/1.1
01-25-2019 12:51:57 MainClientExec.java DEBUG [Forwarding setTimeout on session 0430907a08dce67eec548a3919750b18 to remote] execchain.MainClientExec 261 - Target auth state: UNCHALLENGED
01-25-2019 12:51:57 MainClientExec.java DEBUG [Forwarding setTimeout on session 0430907a08dce67eec548a3919750b18 to remote] execchain.MainClientExec 267 - Proxy auth state: UNCHALLENGED
01-25-2019 12:51:57 LoggingManagedHttpClientConnection.java DEBUG [Forwarding setTimeout on session 0430907a08dce67eec548a3919750b18 to remote] http.headers 133 - http-outgoing-4 &gt;&gt; POST /session/0430907a08dce67eec548a3919750b18/timeouts HTTP/1.1
01-25-2019 12:51:57 LoggingManagedHttpClientConnection.java DEBUG [Forwarding setTimeout on session 0430907a08dce67eec548a3919750b18 to remote] http.headers 136 - http-outgoing-4 &gt;&gt; Content-Type: application/json; charset=utf-8
01-25-2019 12:51:57 LoggingManagedHttpClientConnection.java DEBUG [Forwarding setTimeout on session 0430907a08dce67eec548a3919750b18 to remote] http.headers 136 - http-outgoing-4 &gt;&gt; Content-Length: 30
01-25-2019 12:51:57 LoggingManagedHttpClientConnection.java DEBUG [Forwarding setTimeout on session 0430907a08dce67eec548a3919750b18 to remote] http.headers 136 - http-outgoing-4 &gt;&gt; Host: localhost:21439
01-25-2019 12:51:57 LoggingManagedHttpClientConnection.java DEBUG [Forwarding setTimeout on session 0430907a08dce67eec548a3919750b18 to remote] http.headers 136 - http-outgoing-4 &gt;&gt; Connection: Keep-Alive
01-25-2019 12:51:57 LoggingManagedHttpClientConnection.java DEBUG [Forwarding setTimeout on session 0430907a08dce67eec548a3919750b18 to remote] http.headers 136 - http-outgoing-4 &gt;&gt; User-Agent: Apache-HttpClient/4.5.3 (Java/1.8.0_201)
01-25-2019 12:51:57 LoggingManagedHttpClientConnection.java DEBUG [Forwarding setTimeout on session 0430907a08dce67eec548a3919750b18 to remote] http.headers 136 - http-outgoing-4 &gt;&gt; Accept-Encoding: gzip,deflate
01-25-2019 12:51:57 Wire.java DEBUG [Forwarding setTimeout on session 0430907a08dce67eec548a3919750b18 to remote] http.wire 73 - http-outgoing-4 &gt;&gt; &quot;POST /session/0430907a08dce67eec548a3919750b18/timeouts HTTP/1.1[\r][\n]&quot;
01-25-2019 12:51:57 Wire.java DEBUG [Forwarding setTimeout on session 0430907a08dce67eec548a3919750b18 to remote] http.wire 73 - http-outgoing-4 &gt;&gt; &quot;Content-Type: application/json; charset=utf-8[\r][\n]&quot;
01-25-2019 12:51:57 Wire.java DEBUG [Forwarding setTimeout on session 0430907a08dce67eec548a3919750b18 to remote] http.wire 73 - http-outgoing-4 &gt;&gt; &quot;Content-Length: 30[\r][\n]&quot;
01-25-2019 12:51:57 Wire.java DEBUG [Forwarding setTimeout on session 0430907a08dce67eec548a3919750b18 to remote] http.wire 73 - http-outgoing-4 &gt;&gt; &quot;Host: localhost:21439[\r][\n]&quot;
01-25-2019 12:51:57 Wire.java DEBUG [Forwarding setTimeout on session 0430907a08dce67eec548a3919750b18 to remote] http.wire 73 - http-outgoing-4 &gt;&gt; &quot;Connection: Keep-Alive[\r][\n]&quot;
01-25-2019 12:51:57 Wire.java DEBUG [Forwarding setTimeout on session 0430907a08dce67eec548a3919750b18 to remote] http.wire 73 - http-outgoing-4 &gt;&gt; &quot;User-Agent: Apache-HttpClient/4.5.3 (Java/1.8.0_201)[\r][\n]&quot;
01-25-2019 12:51:57 Wire.java DEBUG [Forwarding setTimeout on session 0430907a08dce67eec548a3919750b18 to remote] http.wire 73 - http-outgoing-4 &gt;&gt; &quot;Accept-Encoding: gzip,deflate[\r][\n]&quot;
01-25-2019 12:51:57 Wire.java DEBUG [Forwarding setTimeout on session 0430907a08dce67eec548a3919750b18 to remote] http.wire 73 - http-outgoing-4 &gt;&gt; &quot;[\r][\n]&quot;
01-25-2019 12:51:57 Wire.java DEBUG [Forwarding setTimeout on session 0430907a08dce67eec548a3919750b18 to remote] http.wire 87 - http-outgoing-4 &gt;&gt; &quot;{&quot;type&quot;:&quot;implicit&quot;,&quot;ms&quot;:40000}&quot;
01-25-2019 12:51:57 Wire.java DEBUG [Forwarding setTimeout on session 0430907a08dce67eec548a3919750b18 to remote] http.wire 73 - http-outgoing-4 &lt;&lt; &quot;HTTP/1.1 200 OK[\r][\n]&quot;
01-25-2019 12:51:57 Wire.java DEBUG [Forwarding setTimeout on session 0430907a08dce67eec548a3919750b18 to remote] http.wire 73 - http-outgoing-4 &lt;&lt; &quot;Content-Length:72[\r][\n]&quot;
01-25-2019 12:51:57 Wire.java DEBUG [Forwarding setTimeout on session 0430907a08dce67eec548a3919750b18 to remote] http.wire 73 - http-outgoing-4 &lt;&lt; &quot;Content-Type:application/json; charset=utf-8[\r][\n]&quot;
01-25-2019 12:51:57 Wire.java DEBUG [Forwarding setTimeout on session 0430907a08dce67eec548a3919750b18 to remote] http.wire 73 - http-outgoing-4 &lt;&lt; &quot;[\r][\n]&quot;
01-25-2019 12:51:57 Wire.java DEBUG [Forwarding setTimeout on session 0430907a08dce67eec548a3919750b18 to remote] http.wire 87 - http-outgoing-4 &lt;&lt; &quot;{&quot;sessionId&quot;:&quot;0430907a08dce67eec548a3919750b18&quot;,&quot;status&quot;:0,&quot;value&quot;:null}&quot;
01-25-2019 12:51:57 LoggingManagedHttpClientConnection.java DEBUG [Forwarding setTimeout on session 0430907a08dce67eec548a3919750b18 to remote] http.headers 122 - http-outgoing-4 &lt;&lt; HTTP/1.1 200 OK
01-25-2019 12:51:57 LoggingManagedHttpClientConnection.java DEBUG [Forwarding setTimeout on session 0430907a08dce67eec548a3919750b18 to remote] http.headers 125 - http-outgoing-4 &lt;&lt; Content-Length:72
01-25-2019 12:51:57 LoggingManagedHttpClientConnection.java DEBUG [Forwarding setTimeout on session 0430907a08dce67eec548a3919750b18 to remote] http.headers 125 - http-outgoing-4 &lt;&lt; Content-Type:application/json; charset=utf-8
01-25-2019 12:51:57 MainClientExec.java DEBUG [Forwarding setTimeout on session 0430907a08dce67eec548a3919750b18 to remote] execchain.MainClientExec 285 - Connection can be kept alive indefinitely
01-25-2019 12:51:57 PoolingHttpClientConnectionManager.java DEBUG [Forwarding setTimeout on session 0430907a08dce67eec548a3919750b18 to remote] conn.PoolingHttpClientConnectionManager 320 - Connection [id: 4][route: {}-&gt;http://localhost:21439] can be kept alive indefinitely
01-25-2019 12:51:57 PoolingHttpClientConnectionManager.java DEBUG [Forwarding setTimeout on session 0430907a08dce67eec548a3919750b18 to remote] conn.PoolingHttpClientConnectionManager 326 - Connection released: [id: 4][route: {}-&gt;http://localhost:21439][total kept alive: 1; route allocated: 1 of 2000; total allocated: 1 of 2000]
Before navigating to: &apos;https://www.freecrm.com/&apos;
01-25-2019 12:51:57 RequestAddCookies.java DEBUG [Forwarding get on session 0430907a08dce67eec548a3919750b18 to remote] protocol.RequestAddCookies 123 - CookieSpec selected: default
01-25-2019 12:51:57 RequestAuthCache.java DEBUG [Forwarding get on session 0430907a08dce67eec548a3919750b18 to remote] protocol.RequestAuthCache 77 - Auth cache not set in the context
01-25-2019 12:51:57 PoolingHttpClientConnectionManager.java DEBUG [Forwarding get on session 0430907a08dce67eec548a3919750b18 to remote] conn.PoolingHttpClientConnectionManager 255 - Connection request: [route: {}-&gt;http://localhost:21439][total kept alive: 1; route allocated: 1 of 2000; total allocated: 1 of 2000]
01-25-2019 12:51:57 PoolingHttpClientConnectionManager.java DEBUG [Forwarding get on session 0430907a08dce67eec548a3919750b18 to remote] conn.PoolingHttpClientConnectionManager 288 - Connection leased: [id: 4][route: {}-&gt;http://localhost:21439][total kept alive: 0; route allocated: 1 of 2000; total allocated: 1 of 2000]
01-25-2019 12:51:57 MainClientExec.java DEBUG [Forwarding get on session 0430907a08dce67eec548a3919750b18 to remote] execchain.MainClientExec 208 - Stale connection check
01-25-2019 12:51:57 Wire.java DEBUG [Forwarding get on session 0430907a08dce67eec548a3919750b18 to remote] http.wire 87 - http-outgoing-4 &lt;&lt; &quot;[read] I/O error: Read timed out&quot;
01-25-2019 12:51:57 LoggingManagedHttpClientConnection.java DEBUG [Forwarding get on session 0430907a08dce67eec548a3919750b18 to remote] conn.DefaultManagedHttpClientConnection 88 - http-outgoing-4: set socket timeout to 10800000
01-25-2019 12:51:57 MainClientExec.java DEBUG [Forwarding get on session 0430907a08dce67eec548a3919750b18 to remote] execchain.MainClientExec 256 - Executing request POST /session/0430907a08dce67eec548a3919750b18/url HTTP/1.1
01-25-2019 12:51:57 MainClientExec.java DEBUG [Forwarding get on session 0430907a08dce67eec548a3919750b18 to remote] execchain.MainClientExec 261 - Target auth state: UNCHALLENGED
01-25-2019 12:51:57 MainClientExec.java DEBUG [Forwarding get on session 0430907a08dce67eec548a3919750b18 to remote] execchain.MainClientExec 267 - Proxy auth state: UNCHALLENGED
01-25-2019 12:51:57 LoggingManagedHttpClientConnection.java DEBUG [Forwarding get on session 0430907a08dce67eec548a3919750b18 to remote] http.headers 133 - http-outgoing-4 &gt;&gt; POST /session/0430907a08dce67eec548a3919750b18/url HTTP/1.1
01-25-2019 12:51:57 LoggingManagedHttpClientConnection.java DEBUG [Forwarding get on session 0430907a08dce67eec548a3919750b18 to remote] http.headers 136 - http-outgoing-4 &gt;&gt; Content-Type: application/json; charset=utf-8
01-25-2019 12:51:57 LoggingManagedHttpClientConnection.java DEBUG [Forwarding get on session 0430907a08dce67eec548a3919750b18 to remote] http.headers 136 - http-outgoing-4 &gt;&gt; Content-Length: 34
01-25-2019 12:51:57 LoggingManagedHttpClientConnection.java DEBUG [Forwarding get on session 0430907a08dce67eec548a3919750b18 to remote] http.headers 136 - http-outgoing-4 &gt;&gt; Host: localhost:21439
01-25-2019 12:51:57 LoggingManagedHttpClientConnection.java DEBUG [Forwarding get on session 0430907a08dce67eec548a3919750b18 to remote] http.headers 136 - http-outgoing-4 &gt;&gt; Connection: Keep-Alive
01-25-2019 12:51:57 LoggingManagedHttpClientConnection.java DEBUG [Forwarding get on session 0430907a08dce67eec548a3919750b18 to remote] http.headers 136 - http-outgoing-4 &gt;&gt; User-Agent: Apache-HttpClient/4.5.3 (Java/1.8.0_201)
01-25-2019 12:51:57 LoggingManagedHttpClientConnection.java DEBUG [Forwarding get on session 0430907a08dce67eec548a3919750b18 to remote] http.headers 136 - http-outgoing-4 &gt;&gt; Accept-Encoding: gzip,deflate
01-25-2019 12:51:57 Wire.java DEBUG [Forwarding get on session 0430907a08dce67eec548a3919750b18 to remote] http.wire 73 - http-outgoing-4 &gt;&gt; &quot;POST /session/0430907a08dce67eec548a3919750b18/url HTTP/1.1[\r][\n]&quot;
01-25-2019 12:51:57 Wire.java DEBUG [Forwarding get on session 0430907a08dce67eec548a3919750b18 to remote] http.wire 73 - http-outgoing-4 &gt;&gt; &quot;Content-Type: application/json; charset=utf-8[\r][\n]&quot;
01-25-2019 12:51:57 Wire.java DEBUG [Forwarding get on session 0430907a08dce67eec548a3919750b18 to remote] http.wire 73 - http-outgoing-4 &gt;&gt; &quot;Content-Length: 34[\r][\n]&quot;
01-25-2019 12:51:57 Wire.java DEBUG [Forwarding get on session 0430907a08dce67eec548a3919750b18 to remote] http.wire 73 - http-outgoing-4 &gt;&gt; &quot;Host: localhost:21439[\r][\n]&quot;
01-25-2019 12:51:57 Wire.java DEBUG [Forwarding get on session 0430907a08dce67eec548a3919750b18 to remote] http.wire 73 - http-outgoing-4 &gt;&gt; &quot;Connection: Keep-Alive[\r][\n]&quot;
01-25-2019 12:51:57 Wire.java DEBUG [Forwarding get on session 0430907a08dce67eec548a3919750b18 to remote] http.wire 73 - http-outgoing-4 &gt;&gt; &quot;User-Agent: Apache-HttpClient/4.5.3 (Java/1.8.0_201)[\r][\n]&quot;
01-25-2019 12:51:57 Wire.java DEBUG [Forwarding get on session 0430907a08dce67eec548a3919750b18 to remote] http.wire 73 - http-outgoing-4 &gt;&gt; &quot;Accept-Encoding: gzip,deflate[\r][\n]&quot;
01-25-2019 12:51:57 Wire.java DEBUG [Forwarding get on session 0430907a08dce67eec548a3919750b18 to remote] http.wire 73 - http-outgoing-4 &gt;&gt; &quot;[\r][\n]&quot;
01-25-2019 12:51:57 Wire.java DEBUG [Forwarding get on session 0430907a08dce67eec548a3919750b18 to remote] http.wire 87 - http-outgoing-4 &gt;&gt; &quot;{&quot;url&quot;:&quot;https://www.freecrm.com/&quot;}&quot;
01-25-2019 12:52:04 Wire.java DEBUG [Forwarding get on session 0430907a08dce67eec548a3919750b18 to remote] http.wire 73 - http-outgoing-4 &lt;&lt; &quot;HTTP/1.1 200 OK[\r][\n]&quot;
01-25-2019 12:52:04 Wire.java DEBUG [Forwarding get on session 0430907a08dce67eec548a3919750b18 to remote] http.wire 73 - http-outgoing-4 &lt;&lt; &quot;Content-Length:72[\r][\n]&quot;
01-25-2019 12:52:04 Wire.java DEBUG [Forwarding get on session 0430907a08dce67eec548a3919750b18 to remote] http.wire 73 - http-outgoing-4 &lt;&lt; &quot;Content-Type:application/json; charset=utf-8[\r][\n]&quot;
01-25-2019 12:52:04 Wire.java DEBUG [Forwarding get on session 0430907a08dce67eec548a3919750b18 to remote] http.wire 73 - http-outgoing-4 &lt;&lt; &quot;[\r][\n]&quot;
01-25-2019 12:52:04 Wire.java DEBUG [Forwarding get on session 0430907a08dce67eec548a3919750b18 to remote] http.wire 87 - http-outgoing-4 &lt;&lt; &quot;{&quot;sessionId&quot;:&quot;0430907a08dce67eec548a3919750b18&quot;,&quot;status&quot;:0,&quot;value&quot;:null}&quot;
01-25-2019 12:52:04 LoggingManagedHttpClientConnection.java DEBUG [Forwarding get on session 0430907a08dce67eec548a3919750b18 to remote] http.headers 122 - http-outgoing-4 &lt;&lt; HTTP/1.1 200 OK
01-25-2019 12:52:04 LoggingManagedHttpClientConnection.java DEBUG [Forwarding get on session 0430907a08dce67eec548a3919750b18 to remote] http.headers 125 - http-outgoing-4 &lt;&lt; Content-Length:72
01-25-2019 12:52:04 LoggingManagedHttpClientConnection.java DEBUG [Forwarding get on session 0430907a08dce67eec548a3919750b18 to remote] http.headers 125 - http-outgoing-4 &lt;&lt; Content-Type:application/json; charset=utf-8
01-25-2019 12:52:04 MainClientExec.java DEBUG [Forwarding get on session 0430907a08dce67eec548a3919750b18 to remote] execchain.MainClientExec 285 - Connection can be kept alive indefinitely
01-25-2019 12:52:04 PoolingHttpClientConnectionManager.java DEBUG [Forwarding get on session 0430907a08dce67eec548a3919750b18 to remote] conn.PoolingHttpClientConnectionManager 320 - Connection [id: 4][route: {}-&gt;http://localhost:21439] can be kept alive indefinitely
01-25-2019 12:52:04 PoolingHttpClientConnectionManager.java DEBUG [Forwarding get on session 0430907a08dce67eec548a3919750b18 to remote] conn.PoolingHttpClientConnectionManager 326 - Connection released: [id: 4][route: {}-&gt;http://localhost:21439][total kept alive: 1; route allocated: 1 of 2000; total allocated: 1 of 2000]
Navigated to:&apos;https://www.freecrm.com/&apos;
Trying to find Element By : By.name: username
01-25-2019 12:52:04 RequestAddCookies.java DEBUG [Forwarding findElement on session 0430907a08dce67eec548a3919750b18 to remote] protocol.RequestAddCookies 123 - CookieSpec selected: default
01-25-2019 12:52:04 RequestAuthCache.java DEBUG [Forwarding findElement on session 0430907a08dce67eec548a3919750b18 to remote] protocol.RequestAuthCache 77 - Auth cache not set in the context
01-25-2019 12:52:04 PoolingHttpClientConnectionManager.java DEBUG [Forwarding findElement on session 0430907a08dce67eec548a3919750b18 to remote] conn.PoolingHttpClientConnectionManager 255 - Connection request: [route: {}-&gt;http://localhost:21439][total kept alive: 1; route allocated: 1 of 2000; total allocated: 1 of 2000]
01-25-2019 12:52:04 PoolingHttpClientConnectionManager.java DEBUG [Forwarding findElement on session 0430907a08dce67eec548a3919750b18 to remote] conn.PoolingHttpClientConnectionManager 288 - Connection leased: [id: 4][route: {}-&gt;http://localhost:21439][total kept alive: 0; route allocated: 1 of 2000; total allocated: 1 of 2000]
01-25-2019 12:52:04 MainClientExec.java DEBUG [Forwarding findElement on session 0430907a08dce67eec548a3919750b18 to remote] execchain.MainClientExec 208 - Stale connection check
01-25-2019 12:52:04 Wire.java DEBUG [Forwarding findElement on session 0430907a08dce67eec548a3919750b18 to remote] http.wire 87 - http-outgoing-4 &lt;&lt; &quot;[read] I/O error: Read timed out&quot;
01-25-2019 12:52:04 LoggingManagedHttpClientConnection.java DEBUG [Forwarding findElement on session 0430907a08dce67eec548a3919750b18 to remote] conn.DefaultManagedHttpClientConnection 88 - http-outgoing-4: set socket timeout to 10800000
01-25-2019 12:52:04 MainClientExec.java DEBUG [Forwarding findElement on session 0430907a08dce67eec548a3919750b18 to remote] execchain.MainClientExec 256 - Executing request POST /session/0430907a08dce67eec548a3919750b18/element HTTP/1.1
01-25-2019 12:52:04 MainClientExec.java DEBUG [Forwarding findElement on session 0430907a08dce67eec548a3919750b18 to remote] execchain.MainClientExec 261 - Target auth state: UNCHALLENGED
01-25-2019 12:52:04 MainClientExec.java DEBUG [Forwarding findElement on session 0430907a08dce67eec548a3919750b18 to remote] execchain.MainClientExec 267 - Proxy auth state: UNCHALLENGED
01-25-2019 12:52:04 LoggingManagedHttpClientConnection.java DEBUG [Forwarding findElement on session 0430907a08dce67eec548a3919750b18 to remote] http.headers 133 - http-outgoing-4 &gt;&gt; POST /session/0430907a08dce67eec548a3919750b18/element HTTP/1.1
01-25-2019 12:52:04 LoggingManagedHttpClientConnection.java DEBUG [Forwarding findElement on session 0430907a08dce67eec548a3919750b18 to remote] http.headers 136 - http-outgoing-4 &gt;&gt; Content-Type: application/json; charset=utf-8
01-25-2019 12:52:04 LoggingManagedHttpClientConnection.java DEBUG [Forwarding findElement on session 0430907a08dce67eec548a3919750b18 to remote] http.headers 136 - http-outgoing-4 &gt;&gt; Content-Length: 35
01-25-2019 12:52:04 LoggingManagedHttpClientConnection.java DEBUG [Forwarding findElement on session 0430907a08dce67eec548a3919750b18 to remote] http.headers 136 - http-outgoing-4 &gt;&gt; Host: localhost:21439
01-25-2019 12:52:04 LoggingManagedHttpClientConnection.java DEBUG [Forwarding findElement on session 0430907a08dce67eec548a3919750b18 to remote] http.headers 136 - http-outgoing-4 &gt;&gt; Connection: Keep-Alive
01-25-2019 12:52:04 LoggingManagedHttpClientConnection.java DEBUG [Forwarding findElement on session 0430907a08dce67eec548a3919750b18 to remote] http.headers 136 - http-outgoing-4 &gt;&gt; User-Agent: Apache-HttpClient/4.5.3 (Java/1.8.0_201)
01-25-2019 12:52:04 LoggingManagedHttpClientConnection.java DEBUG [Forwarding findElement on session 0430907a08dce67eec548a3919750b18 to remote] http.headers 136 - http-outgoing-4 &gt;&gt; Accept-Encoding: gzip,deflate
01-25-2019 12:52:04 Wire.java DEBUG [Forwarding findElement on session 0430907a08dce67eec548a3919750b18 to remote] http.wire 73 - http-outgoing-4 &gt;&gt; &quot;POST /session/0430907a08dce67eec548a3919750b18/element HTTP/1.1[\r][\n]&quot;
01-25-2019 12:52:04 Wire.java DEBUG [Forwarding findElement on session 0430907a08dce67eec548a3919750b18 to remote] http.wire 73 - http-outgoing-4 &gt;&gt; &quot;Content-Type: application/json; charset=utf-8[\r][\n]&quot;
01-25-2019 12:52:04 Wire.java DEBUG [Forwarding findElement on session 0430907a08dce67eec548a3919750b18 to remote] http.wire 73 - http-outgoing-4 &gt;&gt; &quot;Content-Length: 35[\r][\n]&quot;
01-25-2019 12:52:04 Wire.java DEBUG [Forwarding findElement on session 0430907a08dce67eec548a3919750b18 to remote] http.wire 73 - http-outgoing-4 &gt;&gt; &quot;Host: localhost:21439[\r][\n]&quot;
01-25-2019 12:52:04 Wire.java DEBUG [Forwarding findElement on session 0430907a08dce67eec548a3919750b18 to remote] http.wire 73 - http-outgoing-4 &gt;&gt; &quot;Connection: Keep-Alive[\r][\n]&quot;
01-25-2019 12:52:04 Wire.java DEBUG [Forwarding findElement on session 0430907a08dce67eec548a3919750b18 to remote] http.wire 73 - http-outgoing-4 &gt;&gt; &quot;User-Agent: Apache-HttpClient/4.5.3 (Java/1.8.0_201)[\r][\n]&quot;
01-25-2019 12:52:04 Wire.java DEBUG [Forwarding findElement on session 0430907a08dce67eec548a3919750b18 to remote] http.wire 73 - http-outgoing-4 &gt;&gt; &quot;Accept-Encoding: gzip,deflate[\r][\n]&quot;
01-25-2019 12:52:04 Wire.java DEBUG [Forwarding findElement on session 0430907a08dce67eec548a3919750b18 to remote] http.wire 73 - http-outgoing-4 &gt;&gt; &quot;[\r][\n]&quot;
01-25-2019 12:52:04 Wire.java DEBUG [Forwarding findElement on session 0430907a08dce67eec548a3919750b18 to remote] http.wire 87 - http-outgoing-4 &gt;&gt; &quot;{&quot;using&quot;:&quot;name&quot;,&quot;value&quot;:&quot;username&quot;}&quot;
01-25-2019 12:52:04 Wire.java DEBUG [Forwarding findElement on session 0430907a08dce67eec548a3919750b18 to remote] http.wire 73 - http-outgoing-4 &lt;&lt; &quot;HTTP/1.1 200 OK[\r][\n]&quot;
01-25-2019 12:52:04 Wire.java DEBUG [Forwarding findElement on session 0430907a08dce67eec548a3919750b18 to remote] http.wire 73 - http-outgoing-4 &lt;&lt; &quot;Content-Length:102[\r][\n]&quot;
01-25-2019 12:52:04 Wire.java DEBUG [Forwarding findElement on session 0430907a08dce67eec548a3919750b18 to remote] http.wire 73 - http-outgoing-4 &lt;&lt; &quot;Content-Type:application/json; charset=utf-8[\r][\n]&quot;
01-25-2019 12:52:04 Wire.java DEBUG [Forwarding findElement on session 0430907a08dce67eec548a3919750b18 to remote] http.wire 73 - http-outgoing-4 &lt;&lt; &quot;[\r][\n]&quot;
01-25-2019 12:52:04 Wire.java DEBUG [Forwarding findElement on session 0430907a08dce67eec548a3919750b18 to remote] http.wire 87 - http-outgoing-4 &lt;&lt; &quot;{&quot;sessionId&quot;:&quot;0430907a08dce67eec548a3919750b18&quot;,&quot;status&quot;:0,&quot;value&quot;:{&quot;ELEMENT&quot;:&quot;0.8047332814823944-1&quot;}}&quot;
01-25-2019 12:52:04 LoggingManagedHttpClientConnection.java DEBUG [Forwarding findElement on session 0430907a08dce67eec548a3919750b18 to remote] http.headers 122 - http-outgoing-4 &lt;&lt; HTTP/1.1 200 OK
01-25-2019 12:52:04 LoggingManagedHttpClientConnection.java DEBUG [Forwarding findElement on session 0430907a08dce67eec548a3919750b18 to remote] http.headers 125 - http-outgoing-4 &lt;&lt; Content-Length:102
01-25-2019 12:52:04 LoggingManagedHttpClientConnection.java DEBUG [Forwarding findElement on session 0430907a08dce67eec548a3919750b18 to remote] http.headers 125 - http-outgoing-4 &lt;&lt; Content-Type:application/json; charset=utf-8
01-25-2019 12:52:04 MainClientExec.java DEBUG [Forwarding findElement on session 0430907a08dce67eec548a3919750b18 to remote] execchain.MainClientExec 285 - Connection can be kept alive indefinitely
01-25-2019 12:52:04 PoolingHttpClientConnectionManager.java DEBUG [Forwarding findElement on session 0430907a08dce67eec548a3919750b18 to remote] conn.PoolingHttpClientConnectionManager 320 - Connection [id: 4][route: {}-&gt;http://localhost:21439] can be kept alive indefinitely
01-25-2019 12:52:04 PoolingHttpClientConnectionManager.java DEBUG [Forwarding findElement on session 0430907a08dce67eec548a3919750b18 to remote] conn.PoolingHttpClientConnectionManager 326 - Connection released: [id: 4][route: {}-&gt;http://localhost:21439][total kept alive: 1; route allocated: 1 of 2000; total allocated: 1 of 2000]
Found Element By : By.name: username
01-25-2019 12:52:04 RequestAddCookies.java DEBUG [Forwarding sendKeysToElement on session 0430907a08dce67eec548a3919750b18 to remote] protocol.RequestAddCookies 123 - CookieSpec selected: default
01-25-2019 12:52:04 RequestAuthCache.java DEBUG [Forwarding sendKeysToElement on session 0430907a08dce67eec548a3919750b18 to remote] protocol.RequestAuthCache 77 - Auth cache not set in the context
01-25-2019 12:52:04 PoolingHttpClientConnectionManager.java DEBUG [Forwarding sendKeysToElement on session 0430907a08dce67eec548a3919750b18 to remote] conn.PoolingHttpClientConnectionManager 255 - Connection request: [route: {}-&gt;http://localhost:21439][total kept alive: 1; route allocated: 1 of 2000; total allocated: 1 of 2000]
01-25-2019 12:52:04 PoolingHttpClientConnectionManager.java DEBUG [Forwarding sendKeysToElement on session 0430907a08dce67eec548a3919750b18 to remote] conn.PoolingHttpClientConnectionManager 288 - Connection leased: [id: 4][route: {}-&gt;http://localhost:21439][total kept alive: 0; route allocated: 1 of 2000; total allocated: 1 of 2000]
01-25-2019 12:52:04 MainClientExec.java DEBUG [Forwarding sendKeysToElement on session 0430907a08dce67eec548a3919750b18 to remote] execchain.MainClientExec 208 - Stale connection check
01-25-2019 12:52:04 Wire.java DEBUG [Forwarding sendKeysToElement on session 0430907a08dce67eec548a3919750b18 to remote] http.wire 87 - http-outgoing-4 &lt;&lt; &quot;[read] I/O error: Read timed out&quot;
01-25-2019 12:52:04 LoggingManagedHttpClientConnection.java DEBUG [Forwarding sendKeysToElement on session 0430907a08dce67eec548a3919750b18 to remote] conn.DefaultManagedHttpClientConnection 88 - http-outgoing-4: set socket timeout to 10800000
01-25-2019 12:52:04 MainClientExec.java DEBUG [Forwarding sendKeysToElement on session 0430907a08dce67eec548a3919750b18 to remote] execchain.MainClientExec 256 - Executing request POST /session/0430907a08dce67eec548a3919750b18/element/0.8047332814823944-1/value HTTP/1.1
01-25-2019 12:52:04 MainClientExec.java DEBUG [Forwarding sendKeysToElement on session 0430907a08dce67eec548a3919750b18 to remote] execchain.MainClientExec 261 - Target auth state: UNCHALLENGED
01-25-2019 12:52:04 MainClientExec.java DEBUG [Forwarding sendKeysToElement on session 0430907a08dce67eec548a3919750b18 to remote] execchain.MainClientExec 267 - Proxy auth state: UNCHALLENGED
01-25-2019 12:52:04 LoggingManagedHttpClientConnection.java DEBUG [Forwarding sendKeysToElement on session 0430907a08dce67eec548a3919750b18 to remote] http.headers 133 - http-outgoing-4 &gt;&gt; POST /session/0430907a08dce67eec548a3919750b18/element/0.8047332814823944-1/value HTTP/1.1
01-25-2019 12:52:04 LoggingManagedHttpClientConnection.java DEBUG [Forwarding sendKeysToElement on session 0430907a08dce67eec548a3919750b18 to remote] http.headers 136 - http-outgoing-4 &gt;&gt; Content-Type: application/json; charset=utf-8
01-25-2019 12:52:04 LoggingManagedHttpClientConnection.java DEBUG [Forwarding sendKeysToElement on session 0430907a08dce67eec548a3919750b18 to remote] http.headers 136 - http-outgoing-4 &gt;&gt; Content-Length: 48
01-25-2019 12:52:04 LoggingManagedHttpClientConnection.java DEBUG [Forwarding sendKeysToElement on session 0430907a08dce67eec548a3919750b18 to remote] http.headers 136 - http-outgoing-4 &gt;&gt; Host: localhost:21439
01-25-2019 12:52:04 LoggingManagedHttpClientConnection.java DEBUG [Forwarding sendKeysToElement on session 0430907a08dce67eec548a3919750b18 to remote] http.headers 136 - http-outgoing-4 &gt;&gt; Connection: Keep-Alive
01-25-2019 12:52:04 LoggingManagedHttpClientConnection.java DEBUG [Forwarding sendKeysToElement on session 0430907a08dce67eec548a3919750b18 to remote] http.headers 136 - http-outgoing-4 &gt;&gt; User-Agent: Apache-HttpClient/4.5.3 (Java/1.8.0_201)
01-25-2019 12:52:04 LoggingManagedHttpClientConnection.java DEBUG [Forwarding sendKeysToElement on session 0430907a08dce67eec548a3919750b18 to remote] http.headers 136 - http-outgoing-4 &gt;&gt; Accept-Encoding: gzip,deflate
01-25-2019 12:52:04 Wire.java DEBUG [Forwarding sendKeysToElement on session 0430907a08dce67eec548a3919750b18 to remote] http.wire 73 - http-outgoing-4 &gt;&gt; &quot;POST /session/0430907a08dce67eec548a3919750b18/element/0.8047332814823944-1/value HTTP/1.1[\r][\n]&quot;
01-25-2019 12:52:04 Wire.java DEBUG [Forwarding sendKeysToElement on session 0430907a08dce67eec548a3919750b18 to remote] http.wire 73 - http-outgoing-4 &gt;&gt; &quot;Content-Type: application/json; charset=utf-8[\r][\n]&quot;
01-25-2019 12:52:04 Wire.java DEBUG [Forwarding sendKeysToElement on session 0430907a08dce67eec548a3919750b18 to remote] http.wire 73 - http-outgoing-4 &gt;&gt; &quot;Content-Length: 48[\r][\n]&quot;
01-25-2019 12:52:04 Wire.java DEBUG [Forwarding sendKeysToElement on session 0430907a08dce67eec548a3919750b18 to remote] http.wire 73 - http-outgoing-4 &gt;&gt; &quot;Host: localhost:21439[\r][\n]&quot;
01-25-2019 12:52:04 Wire.java DEBUG [Forwarding sendKeysToElement on session 0430907a08dce67eec548a3919750b18 to remote] http.wire 73 - http-outgoing-4 &gt;&gt; &quot;Connection: Keep-Alive[\r][\n]&quot;
01-25-2019 12:52:04 Wire.java DEBUG [Forwarding sendKeysToElement on session 0430907a08dce67eec548a3919750b18 to remote] http.wire 73 - http-outgoing-4 &gt;&gt; &quot;User-Agent: Apache-HttpClient/4.5.3 (Java/1.8.0_201)[\r][\n]&quot;
01-25-2019 12:52:04 Wire.java DEBUG [Forwarding sendKeysToElement on session 0430907a08dce67eec548a3919750b18 to remote] http.wire 73 - http-outgoing-4 &gt;&gt; &quot;Accept-Encoding: gzip,deflate[\r][\n]&quot;
01-25-2019 12:52:04 Wire.java DEBUG [Forwarding sendKeysToElement on session 0430907a08dce67eec548a3919750b18 to remote] http.wire 73 - http-outgoing-4 &gt;&gt; &quot;[\r][\n]&quot;
01-25-2019 12:52:04 Wire.java DEBUG [Forwarding sendKeysToElement on session 0430907a08dce67eec548a3919750b18 to remote] http.wire 87 - http-outgoing-4 &gt;&gt; &quot;{&quot;id&quot;:&quot;0.8047332814823944-1&quot;,&quot;value&quot;:[&quot;pinkyp&quot;]}&quot;
01-25-2019 12:52:04 Wire.java DEBUG [Forwarding sendKeysToElement on session 0430907a08dce67eec548a3919750b18 to remote] http.wire 73 - http-outgoing-4 &lt;&lt; &quot;HTTP/1.1 200 OK[\r][\n]&quot;
01-25-2019 12:52:04 Wire.java DEBUG [Forwarding sendKeysToElement on session 0430907a08dce67eec548a3919750b18 to remote] http.wire 73 - http-outgoing-4 &lt;&lt; &quot;Content-Length:72[\r][\n]&quot;
01-25-2019 12:52:04 Wire.java DEBUG [Forwarding sendKeysToElement on session 0430907a08dce67eec548a3919750b18 to remote] http.wire 73 - http-outgoing-4 &lt;&lt; &quot;Content-Type:application/json; charset=utf-8[\r][\n]&quot;
01-25-2019 12:52:04 Wire.java DEBUG [Forwarding sendKeysToElement on session 0430907a08dce67eec548a3919750b18 to remote] http.wire 73 - http-outgoing-4 &lt;&lt; &quot;[\r][\n]&quot;
01-25-2019 12:52:04 Wire.java DEBUG [Forwarding sendKeysToElement on session 0430907a08dce67eec548a3919750b18 to remote] http.wire 87 - http-outgoing-4 &lt;&lt; &quot;{&quot;sessionId&quot;:&quot;0430907a08dce67eec548a3919750b18&quot;,&quot;status&quot;:0,&quot;value&quot;:null}&quot;
01-25-2019 12:52:04 LoggingManagedHttpClientConnection.java DEBUG [Forwarding sendKeysToElement on session 0430907a08dce67eec548a3919750b18 to remote] http.headers 122 - http-outgoing-4 &lt;&lt; HTTP/1.1 200 OK
01-25-2019 12:52:04 LoggingManagedHttpClientConnection.java DEBUG [Forwarding sendKeysToElement on session 0430907a08dce67eec548a3919750b18 to remote] http.headers 125 - http-outgoing-4 &lt;&lt; Content-Length:72
01-25-2019 12:52:04 LoggingManagedHttpClientConnection.java DEBUG [Forwarding sendKeysToElement on session 0430907a08dce67eec548a3919750b18 to remote] http.headers 125 - http-outgoing-4 &lt;&lt; Content-Type:application/json; charset=utf-8
01-25-2019 12:52:04 MainClientExec.java DEBUG [Forwarding sendKeysToElement on session 0430907a08dce67eec548a3919750b18 to remote] execchain.MainClientExec 285 - Connection can be kept alive indefinitely
01-25-2019 12:52:04 PoolingHttpClientConnectionManager.java DEBUG [Forwarding sendKeysToElement on session 0430907a08dce67eec548a3919750b18 to remote] conn.PoolingHttpClientConnectionManager 320 - Connection [id: 4][route: {}-&gt;http://localhost:21439] can be kept alive indefinitely
01-25-2019 12:52:04 PoolingHttpClientConnectionManager.java DEBUG [Forwarding sendKeysToElement on session 0430907a08dce67eec548a3919750b18 to remote] conn.PoolingHttpClientConnectionManager 326 - Connection released: [id: 4][route: {}-&gt;http://localhost:21439][total kept alive: 1; route allocated: 1 of 2000; total allocated: 1 of 2000]
Trying to find Element By : By.name: password
01-25-2019 12:52:04 RequestAddCookies.java DEBUG [Forwarding findElement on session 0430907a08dce67eec548a3919750b18 to remote] protocol.RequestAddCookies 123 - CookieSpec selected: default
01-25-2019 12:52:04 RequestAuthCache.java DEBUG [Forwarding findElement on session 0430907a08dce67eec548a3919750b18 to remote] protocol.RequestAuthCache 77 - Auth cache not set in the context
01-25-2019 12:52:04 PoolingHttpClientConnectionManager.java DEBUG [Forwarding findElement on session 0430907a08dce67eec548a3919750b18 to remote] conn.PoolingHttpClientConnectionManager 255 - Connection request: [route: {}-&gt;http://localhost:21439][total kept alive: 1; route allocated: 1 of 2000; total allocated: 1 of 2000]
01-25-2019 12:52:04 PoolingHttpClientConnectionManager.java DEBUG [Forwarding findElement on session 0430907a08dce67eec548a3919750b18 to remote] conn.PoolingHttpClientConnectionManager 288 - Connection leased: [id: 4][route: {}-&gt;http://localhost:21439][total kept alive: 0; route allocated: 1 of 2000; total allocated: 1 of 2000]
01-25-2019 12:52:04 MainClientExec.java DEBUG [Forwarding findElement on session 0430907a08dce67eec548a3919750b18 to remote] execchain.MainClientExec 208 - Stale connection check
01-25-2019 12:52:04 Wire.java DEBUG [Forwarding findElement on session 0430907a08dce67eec548a3919750b18 to remote] http.wire 87 - http-outgoing-4 &lt;&lt; &quot;[read] I/O error: Read timed out&quot;
01-25-2019 12:52:04 LoggingManagedHttpClientConnection.java DEBUG [Forwarding findElement on session 0430907a08dce67eec548a3919750b18 to remote] conn.DefaultManagedHttpClientConnection 88 - http-outgoing-4: set socket timeout to 10800000
01-25-2019 12:52:04 MainClientExec.java DEBUG [Forwarding findElement on session 0430907a08dce67eec548a3919750b18 to remote] execchain.MainClientExec 256 - Executing request POST /session/0430907a08dce67eec548a3919750b18/element HTTP/1.1
01-25-2019 12:52:04 MainClientExec.java DEBUG [Forwarding findElement on session 0430907a08dce67eec548a3919750b18 to remote] execchain.MainClientExec 261 - Target auth state: UNCHALLENGED
01-25-2019 12:52:04 MainClientExec.java DEBUG [Forwarding findElement on session 0430907a08dce67eec548a3919750b18 to remote] execchain.MainClientExec 267 - Proxy auth state: UNCHALLENGED
01-25-2019 12:52:04 LoggingManagedHttpClientConnection.java DEBUG [Forwarding findElement on session 0430907a08dce67eec548a3919750b18 to remote] http.headers 133 - http-outgoing-4 &gt;&gt; POST /session/0430907a08dce67eec548a3919750b18/element HTTP/1.1
01-25-2019 12:52:04 LoggingManagedHttpClientConnection.java DEBUG [Forwarding findElement on session 0430907a08dce67eec548a3919750b18 to remote] http.headers 136 - http-outgoing-4 &gt;&gt; Content-Type: application/json; charset=utf-8
01-25-2019 12:52:04 LoggingManagedHttpClientConnection.java DEBUG [Forwarding findElement on session 0430907a08dce67eec548a3919750b18 to remote] http.headers 136 - http-outgoing-4 &gt;&gt; Content-Length: 35
01-25-2019 12:52:04 LoggingManagedHttpClientConnection.java DEBUG [Forwarding findElement on session 0430907a08dce67eec548a3919750b18 to remote] http.headers 136 - http-outgoing-4 &gt;&gt; Host: localhost:21439
01-25-2019 12:52:04 LoggingManagedHttpClientConnection.java DEBUG [Forwarding findElement on session 0430907a08dce67eec548a3919750b18 to remote] http.headers 136 - http-outgoing-4 &gt;&gt; Connection: Keep-Alive
01-25-2019 12:52:04 LoggingManagedHttpClientConnection.java DEBUG [Forwarding findElement on session 0430907a08dce67eec548a3919750b18 to remote] http.headers 136 - http-outgoing-4 &gt;&gt; User-Agent: Apache-HttpClient/4.5.3 (Java/1.8.0_201)
01-25-2019 12:52:04 LoggingManagedHttpClientConnection.java DEBUG [Forwarding findElement on session 0430907a08dce67eec548a3919750b18 to remote] http.headers 136 - http-outgoing-4 &gt;&gt; Accept-Encoding: gzip,deflate
01-25-2019 12:52:04 Wire.java DEBUG [Forwarding findElement on session 0430907a08dce67eec548a3919750b18 to remote] http.wire 73 - http-outgoing-4 &gt;&gt; &quot;POST /session/0430907a08dce67eec548a3919750b18/element HTTP/1.1[\r][\n]&quot;
01-25-2019 12:52:04 Wire.java DEBUG [Forwarding findElement on session 0430907a08dce67eec548a3919750b18 to remote] http.wire 73 - http-outgoing-4 &gt;&gt; &quot;Content-Type: application/json; charset=utf-8[\r][\n]&quot;
01-25-2019 12:52:04 Wire.java DEBUG [Forwarding findElement on session 0430907a08dce67eec548a3919750b18 to remote] http.wire 73 - http-outgoing-4 &gt;&gt; &quot;Content-Length: 35[\r][\n]&quot;
01-25-2019 12:52:04 Wire.java DEBUG [Forwarding findElement on session 0430907a08dce67eec548a3919750b18 to remote] http.wire 73 - http-outgoing-4 &gt;&gt; &quot;Host: localhost:21439[\r][\n]&quot;
01-25-2019 12:52:04 Wire.java DEBUG [Forwarding findElement on session 0430907a08dce67eec548a3919750b18 to remote] http.wire 73 - http-outgoing-4 &gt;&gt; &quot;Connection: Keep-Alive[\r][\n]&quot;
01-25-2019 12:52:04 Wire.java DEBUG [Forwarding findElement on session 0430907a08dce67eec548a3919750b18 to remote] http.wire 73 - http-outgoing-4 &gt;&gt; &quot;User-Agent: Apache-HttpClient/4.5.3 (Java/1.8.0_201)[\r][\n]&quot;
01-25-2019 12:52:04 Wire.java DEBUG [Forwarding findElement on session 0430907a08dce67eec548a3919750b18 to remote] http.wire 73 - http-outgoing-4 &gt;&gt; &quot;Accept-Encoding: gzip,deflate[\r][\n]&quot;
01-25-2019 12:52:04 Wire.java DEBUG [Forwarding findElement on session 0430907a08dce67eec548a3919750b18 to remote] http.wire 73 - http-outgoing-4 &gt;&gt; &quot;[\r][\n]&quot;
01-25-2019 12:52:04 Wire.java DEBUG [Forwarding findElement on session 0430907a08dce67eec548a3919750b18 to remote] http.wire 87 - http-outgoing-4 &gt;&gt; &quot;{&quot;using&quot;:&quot;name&quot;,&quot;value&quot;:&quot;password&quot;}&quot;
01-25-2019 12:52:04 Wire.java DEBUG [Forwarding findElement on session 0430907a08dce67eec548a3919750b18 to remote] http.wire 73 - http-outgoing-4 &lt;&lt; &quot;HTTP/1.1 200 OK[\r][\n]&quot;
01-25-2019 12:52:04 Wire.java DEBUG [Forwarding findElement on session 0430907a08dce67eec548a3919750b18 to remote] http.wire 73 - http-outgoing-4 &lt;&lt; &quot;Content-Length:102[\r][\n]&quot;
01-25-2019 12:52:04 Wire.java DEBUG [Forwarding findElement on session 0430907a08dce67eec548a3919750b18 to remote] http.wire 73 - http-outgoing-4 &lt;&lt; &quot;Content-Type:application/json; charset=utf-8[\r][\n]&quot;
01-25-2019 12:52:04 Wire.java DEBUG [Forwarding findElement on session 0430907a08dce67eec548a3919750b18 to remote] http.wire 73 - http-outgoing-4 &lt;&lt; &quot;[\r][\n]&quot;
01-25-2019 12:52:04 Wire.java DEBUG [Forwarding findElement on session 0430907a08dce67eec548a3919750b18 to remote] http.wire 87 - http-outgoing-4 &lt;&lt; &quot;{&quot;sessionId&quot;:&quot;0430907a08dce67eec548a3919750b18&quot;,&quot;status&quot;:0,&quot;value&quot;:{&quot;ELEMENT&quot;:&quot;0.8047332814823944-2&quot;}}&quot;
01-25-2019 12:52:04 LoggingManagedHttpClientConnection.java DEBUG [Forwarding findElement on session 0430907a08dce67eec548a3919750b18 to remote] http.headers 122 - http-outgoing-4 &lt;&lt; HTTP/1.1 200 OK
01-25-2019 12:52:04 LoggingManagedHttpClientConnection.java DEBUG [Forwarding findElement on session 0430907a08dce67eec548a3919750b18 to remote] http.headers 125 - http-outgoing-4 &lt;&lt; Content-Length:102
01-25-2019 12:52:04 LoggingManagedHttpClientConnection.java DEBUG [Forwarding findElement on session 0430907a08dce67eec548a3919750b18 to remote] http.headers 125 - http-outgoing-4 &lt;&lt; Content-Type:application/json; charset=utf-8
01-25-2019 12:52:04 MainClientExec.java DEBUG [Forwarding findElement on session 0430907a08dce67eec548a3919750b18 to remote] execchain.MainClientExec 285 - Connection can be kept alive indefinitely
01-25-2019 12:52:04 PoolingHttpClientConnectionManager.java DEBUG [Forwarding findElement on session 0430907a08dce67eec548a3919750b18 to remote] conn.PoolingHttpClientConnectionManager 320 - Connection [id: 4][route: {}-&gt;http://localhost:21439] can be kept alive indefinitely
01-25-2019 12:52:04 PoolingHttpClientConnectionManager.java DEBUG [Forwarding findElement on session 0430907a08dce67eec548a3919750b18 to remote] conn.PoolingHttpClientConnectionManager 326 - Connection released: [id: 4][route: {}-&gt;http://localhost:21439][total kept alive: 1; route allocated: 1 of 2000; total allocated: 1 of 2000]
Found Element By : By.name: password
01-25-2019 12:52:04 RequestAddCookies.java DEBUG [Forwarding sendKeysToElement on session 0430907a08dce67eec548a3919750b18 to remote] protocol.RequestAddCookies 123 - CookieSpec selected: default
01-25-2019 12:52:04 RequestAuthCache.java DEBUG [Forwarding sendKeysToElement on session 0430907a08dce67eec548a3919750b18 to remote] protocol.RequestAuthCache 77 - Auth cache not set in the context
01-25-2019 12:52:04 PoolingHttpClientConnectionManager.java DEBUG [Forwarding sendKeysToElement on session 0430907a08dce67eec548a3919750b18 to remote] conn.PoolingHttpClientConnectionManager 255 - Connection request: [route: {}-&gt;http://localhost:21439][total kept alive: 1; route allocated: 1 of 2000; total allocated: 1 of 2000]
01-25-2019 12:52:04 PoolingHttpClientConnectionManager.java DEBUG [Forwarding sendKeysToElement on session 0430907a08dce67eec548a3919750b18 to remote] conn.PoolingHttpClientConnectionManager 288 - Connection leased: [id: 4][route: {}-&gt;http://localhost:21439][total kept alive: 0; route allocated: 1 of 2000; total allocated: 1 of 2000]
01-25-2019 12:52:04 MainClientExec.java DEBUG [Forwarding sendKeysToElement on session 0430907a08dce67eec548a3919750b18 to remote] execchain.MainClientExec 208 - Stale connection check
01-25-2019 12:52:04 Wire.java DEBUG [Forwarding sendKeysToElement on session 0430907a08dce67eec548a3919750b18 to remote] http.wire 87 - http-outgoing-4 &lt;&lt; &quot;[read] I/O error: Read timed out&quot;
01-25-2019 12:52:04 LoggingManagedHttpClientConnection.java DEBUG [Forwarding sendKeysToElement on session 0430907a08dce67eec548a3919750b18 to remote] conn.DefaultManagedHttpClientConnection 88 - http-outgoing-4: set socket timeout to 10800000
01-25-2019 12:52:04 MainClientExec.java DEBUG [Forwarding sendKeysToElement on session 0430907a08dce67eec548a3919750b18 to remote] execchain.MainClientExec 256 - Executing request POST /session/0430907a08dce67eec548a3919750b18/element/0.8047332814823944-2/value HTTP/1.1
01-25-2019 12:52:04 MainClientExec.java DEBUG [Forwarding sendKeysToElement on session 0430907a08dce67eec548a3919750b18 to remote] execchain.MainClientExec 261 - Target auth state: UNCHALLENGED
01-25-2019 12:52:04 MainClientExec.java DEBUG [Forwarding sendKeysToElement on session 0430907a08dce67eec548a3919750b18 to remote] execchain.MainClientExec 267 - Proxy auth state: UNCHALLENGED
01-25-2019 12:52:04 LoggingManagedHttpClientConnection.java DEBUG [Forwarding sendKeysToElement on session 0430907a08dce67eec548a3919750b18 to remote] http.headers 133 - http-outgoing-4 &gt;&gt; POST /session/0430907a08dce67eec548a3919750b18/element/0.8047332814823944-2/value HTTP/1.1
01-25-2019 12:52:04 LoggingManagedHttpClientConnection.java DEBUG [Forwarding sendKeysToElement on session 0430907a08dce67eec548a3919750b18 to remote] http.headers 136 - http-outgoing-4 &gt;&gt; Content-Type: application/json; charset=utf-8
01-25-2019 12:52:04 LoggingManagedHttpClientConnection.java DEBUG [Forwarding sendKeysToElement on session 0430907a08dce67eec548a3919750b18 to remote] http.headers 136 - http-outgoing-4 &gt;&gt; Content-Length: 50
01-25-2019 12:52:04 LoggingManagedHttpClientConnection.java DEBUG [Forwarding sendKeysToElement on session 0430907a08dce67eec548a3919750b18 to remote] http.headers 136 - http-outgoing-4 &gt;&gt; Host: localhost:21439
01-25-2019 12:52:04 LoggingManagedHttpClientConnection.java DEBUG [Forwarding sendKeysToElement on session 0430907a08dce67eec548a3919750b18 to remote] http.headers 136 - http-outgoing-4 &gt;&gt; Connection: Keep-Alive
01-25-2019 12:52:04 LoggingManagedHttpClientConnection.java DEBUG [Forwarding sendKeysToElement on session 0430907a08dce67eec548a3919750b18 to remote] http.headers 136 - http-outgoing-4 &gt;&gt; User-Agent: Apache-HttpClient/4.5.3 (Java/1.8.0_201)
01-25-2019 12:52:04 LoggingManagedHttpClientConnection.java DEBUG [Forwarding sendKeysToElement on session 0430907a08dce67eec548a3919750b18 to remote] http.headers 136 - http-outgoing-4 &gt;&gt; Accept-Encoding: gzip,deflate
01-25-2019 12:52:04 Wire.java DEBUG [Forwarding sendKeysToElement on session 0430907a08dce67eec548a3919750b18 to remote] http.wire 73 - http-outgoing-4 &gt;&gt; &quot;POST /session/0430907a08dce67eec548a3919750b18/element/0.8047332814823944-2/value HTTP/1.1[\r][\n]&quot;
01-25-2019 12:52:04 Wire.java DEBUG [Forwarding sendKeysToElement on session 0430907a08dce67eec548a3919750b18 to remote] http.wire 73 - http-outgoing-4 &gt;&gt; &quot;Content-Type: application/json; charset=utf-8[\r][\n]&quot;
01-25-2019 12:52:04 Wire.java DEBUG [Forwarding sendKeysToElement on session 0430907a08dce67eec548a3919750b18 to remote] http.wire 73 - http-outgoing-4 &gt;&gt; &quot;Content-Length: 50[\r][\n]&quot;
01-25-2019 12:52:04 Wire.java DEBUG [Forwarding sendKeysToElement on session 0430907a08dce67eec548a3919750b18 to remote] http.wire 73 - http-outgoing-4 &gt;&gt; &quot;Host: localhost:21439[\r][\n]&quot;
01-25-2019 12:52:04 Wire.java DEBUG [Forwarding sendKeysToElement on session 0430907a08dce67eec548a3919750b18 to remote] http.wire 73 - http-outgoing-4 &gt;&gt; &quot;Connection: Keep-Alive[\r][\n]&quot;
01-25-2019 12:52:04 Wire.java DEBUG [Forwarding sendKeysToElement on session 0430907a08dce67eec548a3919750b18 to remote] http.wire 73 - http-outgoing-4 &gt;&gt; &quot;User-Agent: Apache-HttpClient/4.5.3 (Java/1.8.0_201)[\r][\n]&quot;
01-25-2019 12:52:04 Wire.java DEBUG [Forwarding sendKeysToElement on session 0430907a08dce67eec548a3919750b18 to remote] http.wire 73 - http-outgoing-4 &gt;&gt; &quot;Accept-Encoding: gzip,deflate[\r][\n]&quot;
01-25-2019 12:52:04 Wire.java DEBUG [Forwarding sendKeysToElement on session 0430907a08dce67eec548a3919750b18 to remote] http.wire 73 - http-outgoing-4 &gt;&gt; &quot;[\r][\n]&quot;
01-25-2019 12:52:04 Wire.java DEBUG [Forwarding sendKeysToElement on session 0430907a08dce67eec548a3919750b18 to remote] http.wire 87 - http-outgoing-4 &gt;&gt; &quot;{&quot;id&quot;:&quot;0.8047332814823944-2&quot;,&quot;value&quot;:[&quot;Test@123&quot;]}&quot;
01-25-2019 12:52:04 Wire.java DEBUG [Forwarding sendKeysToElement on session 0430907a08dce67eec548a3919750b18 to remote] http.wire 73 - http-outgoing-4 &lt;&lt; &quot;HTTP/1.1 200 OK[\r][\n]&quot;
01-25-2019 12:52:04 Wire.java DEBUG [Forwarding sendKeysToElement on session 0430907a08dce67eec548a3919750b18 to remote] http.wire 73 - http-outgoing-4 &lt;&lt; &quot;Content-Length:72[\r][\n]&quot;
01-25-2019 12:52:04 Wire.java DEBUG [Forwarding sendKeysToElement on session 0430907a08dce67eec548a3919750b18 to remote] http.wire 73 - http-outgoing-4 &lt;&lt; &quot;Content-Type:application/json; charset=utf-8[\r][\n]&quot;
01-25-2019 12:52:04 Wire.java DEBUG [Forwarding sendKeysToElement on session 0430907a08dce67eec548a3919750b18 to remote] http.wire 73 - http-outgoing-4 &lt;&lt; &quot;[\r][\n]&quot;
01-25-2019 12:52:04 Wire.java DEBUG [Forwarding sendKeysToElement on session 0430907a08dce67eec548a3919750b18 to remote] http.wire 87 - http-outgoing-4 &lt;&lt; &quot;{&quot;sessionId&quot;:&quot;0430907a08dce67eec548a3919750b18&quot;,&quot;status&quot;:0,&quot;value&quot;:null}&quot;
01-25-2019 12:52:04 LoggingManagedHttpClientConnection.java DEBUG [Forwarding sendKeysToElement on session 0430907a08dce67eec548a3919750b18 to remote] http.headers 122 - http-outgoing-4 &lt;&lt; HTTP/1.1 200 OK
01-25-2019 12:52:04 LoggingManagedHttpClientConnection.java DEBUG [Forwarding sendKeysToElement on session 0430907a08dce67eec548a3919750b18 to remote] http.headers 125 - http-outgoing-4 &lt;&lt; Content-Length:72
01-25-2019 12:52:04 LoggingManagedHttpClientConnection.java DEBUG [Forwarding sendKeysToElement on session 0430907a08dce67eec548a3919750b18 to remote] http.headers 125 - http-outgoing-4 &lt;&lt; Content-Type:application/json; charset=utf-8
01-25-2019 12:52:04 MainClientExec.java DEBUG [Forwarding sendKeysToElement on session 0430907a08dce67eec548a3919750b18 to remote] execchain.MainClientExec 285 - Connection can be kept alive indefinitely
01-25-2019 12:52:04 PoolingHttpClientConnectionManager.java DEBUG [Forwarding sendKeysToElement on session 0430907a08dce67eec548a3919750b18 to remote] conn.PoolingHttpClientConnectionManager 320 - Connection [id: 4][route: {}-&gt;http://localhost:21439] can be kept alive indefinitely
01-25-2019 12:52:04 PoolingHttpClientConnectionManager.java DEBUG [Forwarding sendKeysToElement on session 0430907a08dce67eec548a3919750b18 to remote] conn.PoolingHttpClientConnectionManager 326 - Connection released: [id: 4][route: {}-&gt;http://localhost:21439][total kept alive: 1; route allocated: 1 of 2000; total allocated: 1 of 2000]
Trying to find Element By : By.xpath: //input[@type=&quot;submit&quot;]
01-25-2019 12:52:04 RequestAddCookies.java DEBUG [Forwarding findElement on session 0430907a08dce67eec548a3919750b18 to remote] protocol.RequestAddCookies 123 - CookieSpec selected: default
01-25-2019 12:52:04 RequestAuthCache.java DEBUG [Forwarding findElement on session 0430907a08dce67eec548a3919750b18 to remote] protocol.RequestAuthCache 77 - Auth cache not set in the context
01-25-2019 12:52:04 PoolingHttpClientConnectionManager.java DEBUG [Forwarding findElement on session 0430907a08dce67eec548a3919750b18 to remote] conn.PoolingHttpClientConnectionManager 255 - Connection request: [route: {}-&gt;http://localhost:21439][total kept alive: 1; route allocated: 1 of 2000; total allocated: 1 of 2000]
01-25-2019 12:52:04 PoolingHttpClientConnectionManager.java DEBUG [Forwarding findElement on session 0430907a08dce67eec548a3919750b18 to remote] conn.PoolingHttpClientConnectionManager 288 - Connection leased: [id: 4][route: {}-&gt;http://localhost:21439][total kept alive: 0; route allocated: 1 of 2000; total allocated: 1 of 2000]
01-25-2019 12:52:04 MainClientExec.java DEBUG [Forwarding findElement on session 0430907a08dce67eec548a3919750b18 to remote] execchain.MainClientExec 208 - Stale connection check
01-25-2019 12:52:04 Wire.java DEBUG [Forwarding findElement on session 0430907a08dce67eec548a3919750b18 to remote] http.wire 87 - http-outgoing-4 &lt;&lt; &quot;[read] I/O error: Read timed out&quot;
01-25-2019 12:52:04 LoggingManagedHttpClientConnection.java DEBUG [Forwarding findElement on session 0430907a08dce67eec548a3919750b18 to remote] conn.DefaultManagedHttpClientConnection 88 - http-outgoing-4: set socket timeout to 10800000
01-25-2019 12:52:04 MainClientExec.java DEBUG [Forwarding findElement on session 0430907a08dce67eec548a3919750b18 to remote] execchain.MainClientExec 256 - Executing request POST /session/0430907a08dce67eec548a3919750b18/element HTTP/1.1
01-25-2019 12:52:04 MainClientExec.java DEBUG [Forwarding findElement on session 0430907a08dce67eec548a3919750b18 to remote] execchain.MainClientExec 261 - Target auth state: UNCHALLENGED
01-25-2019 12:52:04 MainClientExec.java DEBUG [Forwarding findElement on session 0430907a08dce67eec548a3919750b18 to remote] execchain.MainClientExec 267 - Proxy auth state: UNCHALLENGED
01-25-2019 12:52:04 LoggingManagedHttpClientConnection.java DEBUG [Forwarding findElement on session 0430907a08dce67eec548a3919750b18 to remote] http.headers 133 - http-outgoing-4 &gt;&gt; POST /session/0430907a08dce67eec548a3919750b18/element HTTP/1.1
01-25-2019 12:52:04 LoggingManagedHttpClientConnection.java DEBUG [Forwarding findElement on session 0430907a08dce67eec548a3919750b18 to remote] http.headers 136 - http-outgoing-4 &gt;&gt; Content-Type: application/json; charset=utf-8
01-25-2019 12:52:04 LoggingManagedHttpClientConnection.java DEBUG [Forwarding findElement on session 0430907a08dce67eec548a3919750b18 to remote] http.headers 136 - http-outgoing-4 &gt;&gt; Content-Length: 53
01-25-2019 12:52:04 LoggingManagedHttpClientConnection.java DEBUG [Forwarding findElement on session 0430907a08dce67eec548a3919750b18 to remote] http.headers 136 - http-outgoing-4 &gt;&gt; Host: localhost:21439
01-25-2019 12:52:04 LoggingManagedHttpClientConnection.java DEBUG [Forwarding findElement on session 0430907a08dce67eec548a3919750b18 to remote] http.headers 136 - http-outgoing-4 &gt;&gt; Connection: Keep-Alive
01-25-2019 12:52:04 LoggingManagedHttpClientConnection.java DEBUG [Forwarding findElement on session 0430907a08dce67eec548a3919750b18 to remote] http.headers 136 - http-outgoing-4 &gt;&gt; User-Agent: Apache-HttpClient/4.5.3 (Java/1.8.0_201)
01-25-2019 12:52:04 LoggingManagedHttpClientConnection.java DEBUG [Forwarding findElement on session 0430907a08dce67eec548a3919750b18 to remote] http.headers 136 - http-outgoing-4 &gt;&gt; Accept-Encoding: gzip,deflate
01-25-2019 12:52:04 Wire.java DEBUG [Forwarding findElement on session 0430907a08dce67eec548a3919750b18 to remote] http.wire 73 - http-outgoing-4 &gt;&gt; &quot;POST /session/0430907a08dce67eec548a3919750b18/element HTTP/1.1[\r][\n]&quot;
01-25-2019 12:52:04 Wire.java DEBUG [Forwarding findElement on session 0430907a08dce67eec548a3919750b18 to remote] http.wire 73 - http-outgoing-4 &gt;&gt; &quot;Content-Type: application/json; charset=utf-8[\r][\n]&quot;
01-25-2019 12:52:04 Wire.java DEBUG [Forwarding findElement on session 0430907a08dce67eec548a3919750b18 to remote] http.wire 73 - http-outgoing-4 &gt;&gt; &quot;Content-Length: 53[\r][\n]&quot;
01-25-2019 12:52:04 Wire.java DEBUG [Forwarding findElement on session 0430907a08dce67eec548a3919750b18 to remote] http.wire 73 - http-outgoing-4 &gt;&gt; &quot;Host: localhost:21439[\r][\n]&quot;
01-25-2019 12:52:04 Wire.java DEBUG [Forwarding findElement on session 0430907a08dce67eec548a3919750b18 to remote] http.wire 73 - http-outgoing-4 &gt;&gt; &quot;Connection: Keep-Alive[\r][\n]&quot;
01-25-2019 12:52:04 Wire.java DEBUG [Forwarding findElement on session 0430907a08dce67eec548a3919750b18 to remote] http.wire 73 - http-outgoing-4 &gt;&gt; &quot;User-Agent: Apache-HttpClient/4.5.3 (Java/1.8.0_201)[\r][\n]&quot;
01-25-2019 12:52:04 Wire.java DEBUG [Forwarding findElement on session 0430907a08dce67eec548a3919750b18 to remote] http.wire 73 - http-outgoing-4 &gt;&gt; &quot;Accept-Encoding: gzip,deflate[\r][\n]&quot;
01-25-2019 12:52:04 Wire.java DEBUG [Forwarding findElement on session 0430907a08dce67eec548a3919750b18 to remote] http.wire 73 - http-outgoing-4 &gt;&gt; &quot;[\r][\n]&quot;
01-25-2019 12:52:04 Wire.java DEBUG [Forwarding findElement on session 0430907a08dce67eec548a3919750b18 to remote] http.wire 87 - http-outgoing-4 &gt;&gt; &quot;{&quot;using&quot;:&quot;xpath&quot;,&quot;value&quot;:&quot;//input[@type=\&quot;submit\&quot;]&quot;}&quot;
01-25-2019 12:52:04 Wire.java DEBUG [Forwarding findElement on session 0430907a08dce67eec548a3919750b18 to remote] http.wire 73 - http-outgoing-4 &lt;&lt; &quot;HTTP/1.1 200 OK[\r][\n]&quot;
01-25-2019 12:52:04 Wire.java DEBUG [Forwarding findElement on session 0430907a08dce67eec548a3919750b18 to remote] http.wire 73 - http-outgoing-4 &lt;&lt; &quot;Content-Length:102[\r][\n]&quot;
01-25-2019 12:52:04 Wire.java DEBUG [Forwarding findElement on session 0430907a08dce67eec548a3919750b18 to remote] http.wire 73 - http-outgoing-4 &lt;&lt; &quot;Content-Type:application/json; charset=utf-8[\r][\n]&quot;
01-25-2019 12:52:04 Wire.java DEBUG [Forwarding findElement on session 0430907a08dce67eec548a3919750b18 to remote] http.wire 73 - http-outgoing-4 &lt;&lt; &quot;[\r][\n]&quot;
01-25-2019 12:52:04 Wire.java DEBUG [Forwarding findElement on session 0430907a08dce67eec548a3919750b18 to remote] http.wire 87 - http-outgoing-4 &lt;&lt; &quot;{&quot;sessionId&quot;:&quot;0430907a08dce67eec548a3919750b18&quot;,&quot;status&quot;:0,&quot;value&quot;:{&quot;ELEMENT&quot;:&quot;0.8047332814823944-3&quot;}}&quot;
01-25-2019 12:52:04 LoggingManagedHttpClientConnection.java DEBUG [Forwarding findElement on session 0430907a08dce67eec548a3919750b18 to remote] http.headers 122 - http-outgoing-4 &lt;&lt; HTTP/1.1 200 OK
01-25-2019 12:52:04 LoggingManagedHttpClientConnection.java DEBUG [Forwarding findElement on session 0430907a08dce67eec548a3919750b18 to remote] http.headers 125 - http-outgoing-4 &lt;&lt; Content-Length:102
01-25-2019 12:52:04 LoggingManagedHttpClientConnection.java DEBUG [Forwarding findElement on session 0430907a08dce67eec548a3919750b18 to remote] http.headers 125 - http-outgoing-4 &lt;&lt; Content-Type:application/json; charset=utf-8
01-25-2019 12:52:04 MainClientExec.java DEBUG [Forwarding findElement on session 0430907a08dce67eec548a3919750b18 to remote] execchain.MainClientExec 285 - Connection can be kept alive indefinitely
01-25-2019 12:52:04 PoolingHttpClientConnectionManager.java DEBUG [Forwarding findElement on session 0430907a08dce67eec548a3919750b18 to remote] conn.PoolingHttpClientConnectionManager 320 - Connection [id: 4][route: {}-&gt;http://localhost:21439] can be kept alive indefinitely
01-25-2019 12:52:04 PoolingHttpClientConnectionManager.java DEBUG [Forwarding findElement on session 0430907a08dce67eec548a3919750b18 to remote] conn.PoolingHttpClientConnectionManager 326 - Connection released: [id: 4][route: {}-&gt;http://localhost:21439][total kept alive: 1; route allocated: 1 of 2000; total allocated: 1 of 2000]
Found Element By : By.xpath: //input[@type=&quot;submit&quot;]
01-25-2019 12:52:04 RequestAddCookies.java DEBUG [Forwarding submitElement on session 0430907a08dce67eec548a3919750b18 to remote] protocol.RequestAddCookies 123 - CookieSpec selected: default
01-25-2019 12:52:04 RequestAuthCache.java DEBUG [Forwarding submitElement on session 0430907a08dce67eec548a3919750b18 to remote] protocol.RequestAuthCache 77 - Auth cache not set in the context
01-25-2019 12:52:04 PoolingHttpClientConnectionManager.java DEBUG [Forwarding submitElement on session 0430907a08dce67eec548a3919750b18 to remote] conn.PoolingHttpClientConnectionManager 255 - Connection request: [route: {}-&gt;http://localhost:21439][total kept alive: 1; route allocated: 1 of 2000; total allocated: 1 of 2000]
01-25-2019 12:52:04 PoolingHttpClientConnectionManager.java DEBUG [Forwarding submitElement on session 0430907a08dce67eec548a3919750b18 to remote] conn.PoolingHttpClientConnectionManager 288 - Connection leased: [id: 4][route: {}-&gt;http://localhost:21439][total kept alive: 0; route allocated: 1 of 2000; total allocated: 1 of 2000]
01-25-2019 12:52:04 MainClientExec.java DEBUG [Forwarding submitElement on session 0430907a08dce67eec548a3919750b18 to remote] execchain.MainClientExec 208 - Stale connection check
01-25-2019 12:52:04 Wire.java DEBUG [Forwarding submitElement on session 0430907a08dce67eec548a3919750b18 to remote] http.wire 87 - http-outgoing-4 &lt;&lt; &quot;[read] I/O error: Read timed out&quot;
01-25-2019 12:52:04 LoggingManagedHttpClientConnection.java DEBUG [Forwarding submitElement on session 0430907a08dce67eec548a3919750b18 to remote] conn.DefaultManagedHttpClientConnection 88 - http-outgoing-4: set socket timeout to 10800000
01-25-2019 12:52:04 MainClientExec.java DEBUG [Forwarding submitElement on session 0430907a08dce67eec548a3919750b18 to remote] execchain.MainClientExec 256 - Executing request POST /session/0430907a08dce67eec548a3919750b18/element/0.8047332814823944-3/submit HTTP/1.1
01-25-2019 12:52:04 MainClientExec.java DEBUG [Forwarding submitElement on session 0430907a08dce67eec548a3919750b18 to remote] execchain.MainClientExec 261 - Target auth state: UNCHALLENGED
01-25-2019 12:52:04 MainClientExec.java DEBUG [Forwarding submitElement on session 0430907a08dce67eec548a3919750b18 to remote] execchain.MainClientExec 267 - Proxy auth state: UNCHALLENGED
01-25-2019 12:52:04 LoggingManagedHttpClientConnection.java DEBUG [Forwarding submitElement on session 0430907a08dce67eec548a3919750b18 to remote] http.headers 133 - http-outgoing-4 &gt;&gt; POST /session/0430907a08dce67eec548a3919750b18/element/0.8047332814823944-3/submit HTTP/1.1
01-25-2019 12:52:04 LoggingManagedHttpClientConnection.java DEBUG [Forwarding submitElement on session 0430907a08dce67eec548a3919750b18 to remote] http.headers 136 - http-outgoing-4 &gt;&gt; Content-Type: application/json; charset=utf-8
01-25-2019 12:52:04 LoggingManagedHttpClientConnection.java DEBUG [Forwarding submitElement on session 0430907a08dce67eec548a3919750b18 to remote] http.headers 136 - http-outgoing-4 &gt;&gt; Content-Length: 29
01-25-2019 12:52:04 LoggingManagedHttpClientConnection.java DEBUG [Forwarding submitElement on session 0430907a08dce67eec548a3919750b18 to remote] http.headers 136 - http-outgoing-4 &gt;&gt; Host: localhost:21439
01-25-2019 12:52:04 LoggingManagedHttpClientConnection.java DEBUG [Forwarding submitElement on session 0430907a08dce67eec548a3919750b18 to remote] http.headers 136 - http-outgoing-4 &gt;&gt; Connection: Keep-Alive
01-25-2019 12:52:04 LoggingManagedHttpClientConnection.java DEBUG [Forwarding submitElement on session 0430907a08dce67eec548a3919750b18 to remote] http.headers 136 - http-outgoing-4 &gt;&gt; User-Agent: Apache-HttpClient/4.5.3 (Java/1.8.0_201)
01-25-2019 12:52:04 LoggingManagedHttpClientConnection.java DEBUG [Forwarding submitElement on session 0430907a08dce67eec548a3919750b18 to remote] http.headers 136 - http-outgoing-4 &gt;&gt; Accept-Encoding: gzip,deflate
01-25-2019 12:52:04 Wire.java DEBUG [Forwarding submitElement on session 0430907a08dce67eec548a3919750b18 to remote] http.wire 73 - http-outgoing-4 &gt;&gt; &quot;POST /session/0430907a08dce67eec548a3919750b18/element/0.8047332814823944-3/submit HTTP/1.1[\r][\n]&quot;
01-25-2019 12:52:04 Wire.java DEBUG [Forwarding submitElement on session 0430907a08dce67eec548a3919750b18 to remote] http.wire 73 - http-outgoing-4 &gt;&gt; &quot;Content-Type: application/json; charset=utf-8[\r][\n]&quot;
01-25-2019 12:52:04 Wire.java DEBUG [Forwarding submitElement on session 0430907a08dce67eec548a3919750b18 to remote] http.wire 73 - http-outgoing-4 &gt;&gt; &quot;Content-Length: 29[\r][\n]&quot;
01-25-2019 12:52:04 Wire.java DEBUG [Forwarding submitElement on session 0430907a08dce67eec548a3919750b18 to remote] http.wire 73 - http-outgoing-4 &gt;&gt; &quot;Host: localhost:21439[\r][\n]&quot;
01-25-2019 12:52:04 Wire.java DEBUG [Forwarding submitElement on session 0430907a08dce67eec548a3919750b18 to remote] http.wire 73 - http-outgoing-4 &gt;&gt; &quot;Connection: Keep-Alive[\r][\n]&quot;
01-25-2019 12:52:04 Wire.java DEBUG [Forwarding submitElement on session 0430907a08dce67eec548a3919750b18 to remote] http.wire 73 - http-outgoing-4 &gt;&gt; &quot;User-Agent: Apache-HttpClient/4.5.3 (Java/1.8.0_201)[\r][\n]&quot;
01-25-2019 12:52:04 Wire.java DEBUG [Forwarding submitElement on session 0430907a08dce67eec548a3919750b18 to remote] http.wire 73 - http-outgoing-4 &gt;&gt; &quot;Accept-Encoding: gzip,deflate[\r][\n]&quot;
01-25-2019 12:52:04 Wire.java DEBUG [Forwarding submitElement on session 0430907a08dce67eec548a3919750b18 to remote] http.wire 73 - http-outgoing-4 &gt;&gt; &quot;[\r][\n]&quot;
01-25-2019 12:52:04 Wire.java DEBUG [Forwarding submitElement on session 0430907a08dce67eec548a3919750b18 to remote] http.wire 87 - http-outgoing-4 &gt;&gt; &quot;{&quot;id&quot;:&quot;0.8047332814823944-3&quot;}&quot;
01-25-2019 12:52:10 Wire.java DEBUG [Forwarding submitElement on session 0430907a08dce67eec548a3919750b18 to remote] http.wire 73 - http-outgoing-4 &lt;&lt; &quot;HTTP/1.1 200 OK[\r][\n]&quot;
01-25-2019 12:52:10 Wire.java DEBUG [Forwarding submitElement on session 0430907a08dce67eec548a3919750b18 to remote] http.wire 73 - http-outgoing-4 &lt;&lt; &quot;Content-Length:72[\r][\n]&quot;
01-25-2019 12:52:10 Wire.java DEBUG [Forwarding submitElement on session 0430907a08dce67eec548a3919750b18 to remote] http.wire 73 - http-outgoing-4 &lt;&lt; &quot;Content-Type:application/json; charset=utf-8[\r][\n]&quot;
01-25-2019 12:52:10 Wire.java DEBUG [Forwarding submitElement on session 0430907a08dce67eec548a3919750b18 to remote] http.wire 73 - http-outgoing-4 &lt;&lt; &quot;[\r][\n]&quot;
01-25-2019 12:52:10 Wire.java DEBUG [Forwarding submitElement on session 0430907a08dce67eec548a3919750b18 to remote] http.wire 87 - http-outgoing-4 &lt;&lt; &quot;{&quot;sessionId&quot;:&quot;0430907a08dce67eec548a3919750b18&quot;,&quot;status&quot;:0,&quot;value&quot;:null}&quot;
01-25-2019 12:52:10 LoggingManagedHttpClientConnection.java DEBUG [Forwarding submitElement on session 0430907a08dce67eec548a3919750b18 to remote] http.headers 122 - http-outgoing-4 &lt;&lt; HTTP/1.1 200 OK
01-25-2019 12:52:10 LoggingManagedHttpClientConnection.java DEBUG [Forwarding submitElement on session 0430907a08dce67eec548a3919750b18 to remote] http.headers 125 - http-outgoing-4 &lt;&lt; Content-Length:72
01-25-2019 12:52:10 LoggingManagedHttpClientConnection.java DEBUG [Forwarding submitElement on session 0430907a08dce67eec548a3919750b18 to remote] http.headers 125 - http-outgoing-4 &lt;&lt; Content-Type:application/json; charset=utf-8
01-25-2019 12:52:10 MainClientExec.java DEBUG [Forwarding submitElement on session 0430907a08dce67eec548a3919750b18 to remote] execchain.MainClientExec 285 - Connection can be kept alive indefinitely
01-25-2019 12:52:10 PoolingHttpClientConnectionManager.java DEBUG [Forwarding submitElement on session 0430907a08dce67eec548a3919750b18 to remote] conn.PoolingHttpClientConnectionManager 320 - Connection [id: 4][route: {}-&gt;http://localhost:21439] can be kept alive indefinitely
01-25-2019 12:52:10 PoolingHttpClientConnectionManager.java DEBUG [Forwarding submitElement on session 0430907a08dce67eec548a3919750b18 to remote] conn.PoolingHttpClientConnectionManager 326 - Connection released: [id: 4][route: {}-&gt;http://localhost:21439][total kept alive: 1; route allocated: 1 of 2000; total allocated: 1 of 2000]
01-25-2019 12:52:10 RequestAddCookies.java DEBUG [Forwarding findElements on session 0430907a08dce67eec548a3919750b18 to remote] protocol.RequestAddCookies 123 - CookieSpec selected: default
01-25-2019 12:52:10 RequestAuthCache.java DEBUG [Forwarding findElements on session 0430907a08dce67eec548a3919750b18 to remote] protocol.RequestAuthCache 77 - Auth cache not set in the context
01-25-2019 12:52:10 PoolingHttpClientConnectionManager.java DEBUG [Forwarding findElements on session 0430907a08dce67eec548a3919750b18 to remote] conn.PoolingHttpClientConnectionManager 255 - Connection request: [route: {}-&gt;http://localhost:21439][total kept alive: 1; route allocated: 1 of 2000; total allocated: 1 of 2000]
01-25-2019 12:52:10 PoolingHttpClientConnectionManager.java DEBUG [Forwarding findElements on session 0430907a08dce67eec548a3919750b18 to remote] conn.PoolingHttpClientConnectionManager 288 - Connection leased: [id: 4][route: {}-&gt;http://localhost:21439][total kept alive: 0; route allocated: 1 of 2000; total allocated: 1 of 2000]
01-25-2019 12:52:10 MainClientExec.java DEBUG [Forwarding findElements on session 0430907a08dce67eec548a3919750b18 to remote] execchain.MainClientExec 208 - Stale connection check
01-25-2019 12:52:10 Wire.java DEBUG [Forwarding findElements on session 0430907a08dce67eec548a3919750b18 to remote] http.wire 87 - http-outgoing-4 &lt;&lt; &quot;[read] I/O error: Read timed out&quot;
01-25-2019 12:52:10 LoggingManagedHttpClientConnection.java DEBUG [Forwarding findElements on session 0430907a08dce67eec548a3919750b18 to remote] conn.DefaultManagedHttpClientConnection 88 - http-outgoing-4: set socket timeout to 10800000
01-25-2019 12:52:10 MainClientExec.java DEBUG [Forwarding findElements on session 0430907a08dce67eec548a3919750b18 to remote] execchain.MainClientExec 256 - Executing request POST /session/0430907a08dce67eec548a3919750b18/elements HTTP/1.1
01-25-2019 12:52:10 MainClientExec.java DEBUG [Forwarding findElements on session 0430907a08dce67eec548a3919750b18 to remote] execchain.MainClientExec 261 - Target auth state: UNCHALLENGED
01-25-2019 12:52:10 MainClientExec.java DEBUG [Forwarding findElements on session 0430907a08dce67eec548a3919750b18 to remote] execchain.MainClientExec 267 - Proxy auth state: UNCHALLENGED
01-25-2019 12:52:10 LoggingManagedHttpClientConnection.java DEBUG [Forwarding findElements on session 0430907a08dce67eec548a3919750b18 to remote] http.headers 133 - http-outgoing-4 &gt;&gt; POST /session/0430907a08dce67eec548a3919750b18/elements HTTP/1.1
01-25-2019 12:52:10 LoggingManagedHttpClientConnection.java DEBUG [Forwarding findElements on session 0430907a08dce67eec548a3919750b18 to remote] http.headers 136 - http-outgoing-4 &gt;&gt; Content-Type: application/json; charset=utf-8
01-25-2019 12:52:10 LoggingManagedHttpClientConnection.java DEBUG [Forwarding findElements on session 0430907a08dce67eec548a3919750b18 to remote] http.headers 136 - http-outgoing-4 &gt;&gt; Content-Length: 83
01-25-2019 12:52:10 LoggingManagedHttpClientConnection.java DEBUG [Forwarding findElements on session 0430907a08dce67eec548a3919750b18 to remote] http.headers 136 - http-outgoing-4 &gt;&gt; Host: localhost:21439
01-25-2019 12:52:10 LoggingManagedHttpClientConnection.java DEBUG [Forwarding findElements on session 0430907a08dce67eec548a3919750b18 to remote] http.headers 136 - http-outgoing-4 &gt;&gt; Connection: Keep-Alive
01-25-2019 12:52:10 LoggingManagedHttpClientConnection.java DEBUG [Forwarding findElements on session 0430907a08dce67eec548a3919750b18 to remote] http.headers 136 - http-outgoing-4 &gt;&gt; User-Agent: Apache-HttpClient/4.5.3 (Java/1.8.0_201)
01-25-2019 12:52:10 LoggingManagedHttpClientConnection.java DEBUG [Forwarding findElements on session 0430907a08dce67eec548a3919750b18 to remote] http.headers 136 - http-outgoing-4 &gt;&gt; Accept-Encoding: gzip,deflate
01-25-2019 12:52:10 Wire.java DEBUG [Forwarding findElements on session 0430907a08dce67eec548a3919750b18 to remote] http.wire 73 - http-outgoing-4 &gt;&gt; &quot;POST /session/0430907a08dce67eec548a3919750b18/elements HTTP/1.1[\r][\n]&quot;
01-25-2019 12:52:10 Wire.java DEBUG [Forwarding findElements on session 0430907a08dce67eec548a3919750b18 to remote] http.wire 73 - http-outgoing-4 &gt;&gt; &quot;Content-Type: application/json; charset=utf-8[\r][\n]&quot;
01-25-2019 12:52:10 Wire.java DEBUG [Forwarding findElements on session 0430907a08dce67eec548a3919750b18 to remote] http.wire 73 - http-outgoing-4 &gt;&gt; &quot;Content-Length: 83[\r][\n]&quot;
01-25-2019 12:52:10 Wire.java DEBUG [Forwarding findElements on session 0430907a08dce67eec548a3919750b18 to remote] http.wire 73 - http-outgoing-4 &gt;&gt; &quot;Host: localhost:21439[\r][\n]&quot;
01-25-2019 12:52:10 Wire.java DEBUG [Forwarding findElements on session 0430907a08dce67eec548a3919750b18 to remote] http.wire 73 - http-outgoing-4 &gt;&gt; &quot;Connection: Keep-Alive[\r][\n]&quot;
01-25-2019 12:52:10 Wire.java DEBUG [Forwarding findElements on session 0430907a08dce67eec548a3919750b18 to remote] http.wire 73 - http-outgoing-4 &gt;&gt; &quot;User-Agent: Apache-HttpClient/4.5.3 (Java/1.8.0_201)[\r][\n]&quot;
01-25-2019 12:52:10 Wire.java DEBUG [Forwarding findElements on session 0430907a08dce67eec548a3919750b18 to remote] http.wire 73 - http-outgoing-4 &gt;&gt; &quot;Accept-Encoding: gzip,deflate[\r][\n]&quot;
01-25-2019 12:52:10 Wire.java DEBUG [Forwarding findElements on session 0430907a08dce67eec548a3919750b18 to remote] http.wire 73 - http-outgoing-4 &gt;&gt; &quot;[\r][\n]&quot;
01-25-2019 12:52:10 Wire.java DEBUG [Forwarding findElements on session 0430907a08dce67eec548a3919750b18 to remote] http.wire 87 - http-outgoing-4 &gt;&gt; &quot;{&quot;using&quot;:&quot;css selector&quot;,&quot;value&quot;:&quot;frame[name=&apos;mainpanel&apos;],iframe[name=&apos;mainpanel&apos;]&quot;}&quot;
01-25-2019 12:52:10 Wire.java DEBUG [Forwarding findElements on session 0430907a08dce67eec548a3919750b18 to remote] http.wire 73 - http-outgoing-4 &lt;&lt; &quot;HTTP/1.1 200 OK[\r][\n]&quot;
01-25-2019 12:52:10 Wire.java DEBUG [Forwarding findElements on session 0430907a08dce67eec548a3919750b18 to remote] http.wire 73 - http-outgoing-4 &lt;&lt; &quot;Content-Length:104[\r][\n]&quot;
01-25-2019 12:52:10 Wire.java DEBUG [Forwarding findElements on session 0430907a08dce67eec548a3919750b18 to remote] http.wire 73 - http-outgoing-4 &lt;&lt; &quot;Content-Type:application/json; charset=utf-8[\r][\n]&quot;
01-25-2019 12:52:10 Wire.java DEBUG [Forwarding findElements on session 0430907a08dce67eec548a3919750b18 to remote] http.wire 73 - http-outgoing-4 &lt;&lt; &quot;[\r][\n]&quot;
01-25-2019 12:52:10 Wire.java DEBUG [Forwarding findElements on session 0430907a08dce67eec548a3919750b18 to remote] http.wire 87 - http-outgoing-4 &lt;&lt; &quot;{&quot;sessionId&quot;:&quot;0430907a08dce67eec548a3919750b18&quot;,&quot;status&quot;:0,&quot;value&quot;:[{&quot;ELEMENT&quot;:&quot;0.3370774174081934-1&quot;}]}&quot;
01-25-2019 12:52:10 LoggingManagedHttpClientConnection.java DEBUG [Forwarding findElements on session 0430907a08dce67eec548a3919750b18 to remote] http.headers 122 - http-outgoing-4 &lt;&lt; HTTP/1.1 200 OK
01-25-2019 12:52:10 LoggingManagedHttpClientConnection.java DEBUG [Forwarding findElements on session 0430907a08dce67eec548a3919750b18 to remote] http.headers 125 - http-outgoing-4 &lt;&lt; Content-Length:104
01-25-2019 12:52:10 LoggingManagedHttpClientConnection.java DEBUG [Forwarding findElements on session 0430907a08dce67eec548a3919750b18 to remote] http.headers 125 - http-outgoing-4 &lt;&lt; Content-Type:application/json; charset=utf-8
01-25-2019 12:52:10 MainClientExec.java DEBUG [Forwarding findElements on session 0430907a08dce67eec548a3919750b18 to remote] execchain.MainClientExec 285 - Connection can be kept alive indefinitely
01-25-2019 12:52:10 PoolingHttpClientConnectionManager.java DEBUG [Forwarding findElements on session 0430907a08dce67eec548a3919750b18 to remote] conn.PoolingHttpClientConnectionManager 320 - Connection [id: 4][route: {}-&gt;http://localhost:21439] can be kept alive indefinitely
01-25-2019 12:52:10 PoolingHttpClientConnectionManager.java DEBUG [Forwarding findElements on session 0430907a08dce67eec548a3919750b18 to remote] conn.PoolingHttpClientConnectionManager 326 - Connection released: [id: 4][route: {}-&gt;http://localhost:21439][total kept alive: 1; route allocated: 1 of 2000; total allocated: 1 of 2000]
01-25-2019 12:52:10 RequestAddCookies.java DEBUG [Forwarding switchToFrame on session 0430907a08dce67eec548a3919750b18 to remote] protocol.RequestAddCookies 123 - CookieSpec selected: default
01-25-2019 12:52:10 RequestAuthCache.java DEBUG [Forwarding switchToFrame on session 0430907a08dce67eec548a3919750b18 to remote] protocol.RequestAuthCache 77 - Auth cache not set in the context
01-25-2019 12:52:10 PoolingHttpClientConnectionManager.java DEBUG [Forwarding switchToFrame on session 0430907a08dce67eec548a3919750b18 to remote] conn.PoolingHttpClientConnectionManager 255 - Connection request: [route: {}-&gt;http://localhost:21439][total kept alive: 1; route allocated: 1 of 2000; total allocated: 1 of 2000]
01-25-2019 12:52:10 PoolingHttpClientConnectionManager.java DEBUG [Forwarding switchToFrame on session 0430907a08dce67eec548a3919750b18 to remote] conn.PoolingHttpClientConnectionManager 288 - Connection leased: [id: 4][route: {}-&gt;http://localhost:21439][total kept alive: 0; route allocated: 1 of 2000; total allocated: 1 of 2000]
01-25-2019 12:52:10 MainClientExec.java DEBUG [Forwarding switchToFrame on session 0430907a08dce67eec548a3919750b18 to remote] execchain.MainClientExec 208 - Stale connection check
01-25-2019 12:52:10 Wire.java DEBUG [Forwarding switchToFrame on session 0430907a08dce67eec548a3919750b18 to remote] http.wire 87 - http-outgoing-4 &lt;&lt; &quot;[read] I/O error: Read timed out&quot;
01-25-2019 12:52:10 LoggingManagedHttpClientConnection.java DEBUG [Forwarding switchToFrame on session 0430907a08dce67eec548a3919750b18 to remote] conn.DefaultManagedHttpClientConnection 88 - http-outgoing-4: set socket timeout to 10800000
01-25-2019 12:52:10 MainClientExec.java DEBUG [Forwarding switchToFrame on session 0430907a08dce67eec548a3919750b18 to remote] execchain.MainClientExec 256 - Executing request POST /session/0430907a08dce67eec548a3919750b18/frame HTTP/1.1
01-25-2019 12:52:10 MainClientExec.java DEBUG [Forwarding switchToFrame on session 0430907a08dce67eec548a3919750b18 to remote] execchain.MainClientExec 261 - Target auth state: UNCHALLENGED
01-25-2019 12:52:10 MainClientExec.java DEBUG [Forwarding switchToFrame on session 0430907a08dce67eec548a3919750b18 to remote] execchain.MainClientExec 267 - Proxy auth state: UNCHALLENGED
01-25-2019 12:52:10 LoggingManagedHttpClientConnection.java DEBUG [Forwarding switchToFrame on session 0430907a08dce67eec548a3919750b18 to remote] http.headers 133 - http-outgoing-4 &gt;&gt; POST /session/0430907a08dce67eec548a3919750b18/frame HTTP/1.1
01-25-2019 12:52:10 LoggingManagedHttpClientConnection.java DEBUG [Forwarding switchToFrame on session 0430907a08dce67eec548a3919750b18 to remote] http.headers 136 - http-outgoing-4 &gt;&gt; Content-Type: application/json; charset=utf-8
01-25-2019 12:52:10 LoggingManagedHttpClientConnection.java DEBUG [Forwarding switchToFrame on session 0430907a08dce67eec548a3919750b18 to remote] http.headers 136 - http-outgoing-4 &gt;&gt; Content-Length: 102
01-25-2019 12:52:10 LoggingManagedHttpClientConnection.java DEBUG [Forwarding switchToFrame on session 0430907a08dce67eec548a3919750b18 to remote] http.headers 136 - http-outgoing-4 &gt;&gt; Host: localhost:21439
01-25-2019 12:52:10 LoggingManagedHttpClientConnection.java DEBUG [Forwarding switchToFrame on session 0430907a08dce67eec548a3919750b18 to remote] http.headers 136 - http-outgoing-4 &gt;&gt; Connection: Keep-Alive
01-25-2019 12:52:10 LoggingManagedHttpClientConnection.java DEBUG [Forwarding switchToFrame on session 0430907a08dce67eec548a3919750b18 to remote] http.headers 136 - http-outgoing-4 &gt;&gt; User-Agent: Apache-HttpClient/4.5.3 (Java/1.8.0_201)
01-25-2019 12:52:10 LoggingManagedHttpClientConnection.java DEBUG [Forwarding switchToFrame on session 0430907a08dce67eec548a3919750b18 to remote] http.headers 136 - http-outgoing-4 &gt;&gt; Accept-Encoding: gzip,deflate
01-25-2019 12:52:10 Wire.java DEBUG [Forwarding switchToFrame on session 0430907a08dce67eec548a3919750b18 to remote] http.wire 73 - http-outgoing-4 &gt;&gt; &quot;POST /session/0430907a08dce67eec548a3919750b18/frame HTTP/1.1[\r][\n]&quot;
01-25-2019 12:52:10 Wire.java DEBUG [Forwarding switchToFrame on session 0430907a08dce67eec548a3919750b18 to remote] http.wire 73 - http-outgoing-4 &gt;&gt; &quot;Content-Type: application/json; charset=utf-8[\r][\n]&quot;
01-25-2019 12:52:10 Wire.java DEBUG [Forwarding switchToFrame on session 0430907a08dce67eec548a3919750b18 to remote] http.wire 73 - http-outgoing-4 &gt;&gt; &quot;Content-Length: 102[\r][\n]&quot;
01-25-2019 12:52:10 Wire.java DEBUG [Forwarding switchToFrame on session 0430907a08dce67eec548a3919750b18 to remote] http.wire 73 - http-outgoing-4 &gt;&gt; &quot;Host: localhost:21439[\r][\n]&quot;
01-25-2019 12:52:10 Wire.java DEBUG [Forwarding switchToFrame on session 0430907a08dce67eec548a3919750b18 to remote] http.wire 73 - http-outgoing-4 &gt;&gt; &quot;Connection: Keep-Alive[\r][\n]&quot;
01-25-2019 12:52:10 Wire.java DEBUG [Forwarding switchToFrame on session 0430907a08dce67eec548a3919750b18 to remote] http.wire 73 - http-outgoing-4 &gt;&gt; &quot;User-Agent: Apache-HttpClient/4.5.3 (Java/1.8.0_201)[\r][\n]&quot;
01-25-2019 12:52:10 Wire.java DEBUG [Forwarding switchToFrame on session 0430907a08dce67eec548a3919750b18 to remote] http.wire 73 - http-outgoing-4 &gt;&gt; &quot;Accept-Encoding: gzip,deflate[\r][\n]&quot;
01-25-2019 12:52:10 Wire.java DEBUG [Forwarding switchToFrame on session 0430907a08dce67eec548a3919750b18 to remote] http.wire 73 - http-outgoing-4 &gt;&gt; &quot;[\r][\n]&quot;
01-25-2019 12:52:10 Wire.java DEBUG [Forwarding switchToFrame on session 0430907a08dce67eec548a3919750b18 to remote] http.wire 87 - http-outgoing-4 &gt;&gt; &quot;{&quot;id&quot;:{&quot;ELEMENT&quot;:&quot;0.3370774174081934-1&quot;,&quot;element-6066-11e4-a52e-4f735466cecf&quot;:&quot;0.3370774174081934-1&quot;}}&quot;
01-25-2019 12:52:10 Wire.java DEBUG [Forwarding switchToFrame on session 0430907a08dce67eec548a3919750b18 to remote] http.wire 73 - http-outgoing-4 &lt;&lt; &quot;HTTP/1.1 200 OK[\r][\n]&quot;
01-25-2019 12:52:10 Wire.java DEBUG [Forwarding switchToFrame on session 0430907a08dce67eec548a3919750b18 to remote] http.wire 73 - http-outgoing-4 &lt;&lt; &quot;Content-Length:72[\r][\n]&quot;
01-25-2019 12:52:10 Wire.java DEBUG [Forwarding switchToFrame on session 0430907a08dce67eec548a3919750b18 to remote] http.wire 73 - http-outgoing-4 &lt;&lt; &quot;Content-Type:application/json; charset=utf-8[\r][\n]&quot;
01-25-2019 12:52:10 Wire.java DEBUG [Forwarding switchToFrame on session 0430907a08dce67eec548a3919750b18 to remote] http.wire 73 - http-outgoing-4 &lt;&lt; &quot;[\r][\n]&quot;
01-25-2019 12:52:10 Wire.java DEBUG [Forwarding switchToFrame on session 0430907a08dce67eec548a3919750b18 to remote] http.wire 87 - http-outgoing-4 &lt;&lt; &quot;{&quot;sessionId&quot;:&quot;0430907a08dce67eec548a3919750b18&quot;,&quot;status&quot;:0,&quot;value&quot;:null}&quot;
01-25-2019 12:52:10 LoggingManagedHttpClientConnection.java DEBUG [Forwarding switchToFrame on session 0430907a08dce67eec548a3919750b18 to remote] http.headers 122 - http-outgoing-4 &lt;&lt; HTTP/1.1 200 OK
01-25-2019 12:52:10 LoggingManagedHttpClientConnection.java DEBUG [Forwarding switchToFrame on session 0430907a08dce67eec548a3919750b18 to remote] http.headers 125 - http-outgoing-4 &lt;&lt; Content-Length:72
01-25-2019 12:52:10 LoggingManagedHttpClientConnection.java DEBUG [Forwarding switchToFrame on session 0430907a08dce67eec548a3919750b18 to remote] http.headers 125 - http-outgoing-4 &lt;&lt; Content-Type:application/json; charset=utf-8
01-25-2019 12:52:10 MainClientExec.java DEBUG [Forwarding switchToFrame on session 0430907a08dce67eec548a3919750b18 to remote] execchain.MainClientExec 285 - Connection can be kept alive indefinitely
01-25-2019 12:52:10 PoolingHttpClientConnectionManager.java DEBUG [Forwarding switchToFrame on session 0430907a08dce67eec548a3919750b18 to remote] conn.PoolingHttpClientConnectionManager 320 - Connection [id: 4][route: {}-&gt;http://localhost:21439] can be kept alive indefinitely
01-25-2019 12:52:10 PoolingHttpClientConnectionManager.java DEBUG [Forwarding switchToFrame on session 0430907a08dce67eec548a3919750b18 to remote] conn.PoolingHttpClientConnectionManager 326 - Connection released: [id: 4][route: {}-&gt;http://localhost:21439][total kept alive: 1; route allocated: 1 of 2000; total allocated: 1 of 2000]
Trying to find Element By : By.xpath: //a[contains(text(), &apos;Contacts&apos;)]
01-25-2019 12:52:10 RequestAddCookies.java DEBUG [Forwarding findElement on session 0430907a08dce67eec548a3919750b18 to remote] protocol.RequestAddCookies 123 - CookieSpec selected: default
01-25-2019 12:52:10 RequestAuthCache.java DEBUG [Forwarding findElement on session 0430907a08dce67eec548a3919750b18 to remote] protocol.RequestAuthCache 77 - Auth cache not set in the context
01-25-2019 12:52:10 PoolingHttpClientConnectionManager.java DEBUG [Forwarding findElement on session 0430907a08dce67eec548a3919750b18 to remote] conn.PoolingHttpClientConnectionManager 255 - Connection request: [route: {}-&gt;http://localhost:21439][total kept alive: 1; route allocated: 1 of 2000; total allocated: 1 of 2000]
01-25-2019 12:52:10 PoolingHttpClientConnectionManager.java DEBUG [Forwarding findElement on session 0430907a08dce67eec548a3919750b18 to remote] conn.PoolingHttpClientConnectionManager 288 - Connection leased: [id: 4][route: {}-&gt;http://localhost:21439][total kept alive: 0; route allocated: 1 of 2000; total allocated: 1 of 2000]
01-25-2019 12:52:10 MainClientExec.java DEBUG [Forwarding findElement on session 0430907a08dce67eec548a3919750b18 to remote] execchain.MainClientExec 208 - Stale connection check
01-25-2019 12:52:10 Wire.java DEBUG [Forwarding findElement on session 0430907a08dce67eec548a3919750b18 to remote] http.wire 87 - http-outgoing-4 &lt;&lt; &quot;[read] I/O error: Read timed out&quot;
01-25-2019 12:52:10 LoggingManagedHttpClientConnection.java DEBUG [Forwarding findElement on session 0430907a08dce67eec548a3919750b18 to remote] conn.DefaultManagedHttpClientConnection 88 - http-outgoing-4: set socket timeout to 10800000
01-25-2019 12:52:10 MainClientExec.java DEBUG [Forwarding findElement on session 0430907a08dce67eec548a3919750b18 to remote] execchain.MainClientExec 256 - Executing request POST /session/0430907a08dce67eec548a3919750b18/element HTTP/1.1
01-25-2019 12:52:10 MainClientExec.java DEBUG [Forwarding findElement on session 0430907a08dce67eec548a3919750b18 to remote] execchain.MainClientExec 261 - Target auth state: UNCHALLENGED
01-25-2019 12:52:10 MainClientExec.java DEBUG [Forwarding findElement on session 0430907a08dce67eec548a3919750b18 to remote] execchain.MainClientExec 267 - Proxy auth state: UNCHALLENGED
01-25-2019 12:52:10 LoggingManagedHttpClientConnection.java DEBUG [Forwarding findElement on session 0430907a08dce67eec548a3919750b18 to remote] http.headers 133 - http-outgoing-4 &gt;&gt; POST /session/0430907a08dce67eec548a3919750b18/element HTTP/1.1
01-25-2019 12:52:10 LoggingManagedHttpClientConnection.java DEBUG [Forwarding findElement on session 0430907a08dce67eec548a3919750b18 to remote] http.headers 136 - http-outgoing-4 &gt;&gt; Content-Type: application/json; charset=utf-8
01-25-2019 12:52:10 LoggingManagedHttpClientConnection.java DEBUG [Forwarding findElement on session 0430907a08dce67eec548a3919750b18 to remote] http.headers 136 - http-outgoing-4 &gt;&gt; Content-Length: 61
01-25-2019 12:52:10 LoggingManagedHttpClientConnection.java DEBUG [Forwarding findElement on session 0430907a08dce67eec548a3919750b18 to remote] http.headers 136 - http-outgoing-4 &gt;&gt; Host: localhost:21439
01-25-2019 12:52:10 LoggingManagedHttpClientConnection.java DEBUG [Forwarding findElement on session 0430907a08dce67eec548a3919750b18 to remote] http.headers 136 - http-outgoing-4 &gt;&gt; Connection: Keep-Alive
01-25-2019 12:52:10 LoggingManagedHttpClientConnection.java DEBUG [Forwarding findElement on session 0430907a08dce67eec548a3919750b18 to remote] http.headers 136 - http-outgoing-4 &gt;&gt; User-Agent: Apache-HttpClient/4.5.3 (Java/1.8.0_201)
01-25-2019 12:52:10 LoggingManagedHttpClientConnection.java DEBUG [Forwarding findElement on session 0430907a08dce67eec548a3919750b18 to remote] http.headers 136 - http-outgoing-4 &gt;&gt; Accept-Encoding: gzip,deflate
01-25-2019 12:52:10 Wire.java DEBUG [Forwarding findElement on session 0430907a08dce67eec548a3919750b18 to remote] http.wire 73 - http-outgoing-4 &gt;&gt; &quot;POST /session/0430907a08dce67eec548a3919750b18/element HTTP/1.1[\r][\n]&quot;
01-25-2019 12:52:10 Wire.java DEBUG [Forwarding findElement on session 0430907a08dce67eec548a3919750b18 to remote] http.wire 73 - http-outgoing-4 &gt;&gt; &quot;Content-Type: application/json; charset=utf-8[\r][\n]&quot;
01-25-2019 12:52:10 Wire.java DEBUG [Forwarding findElement on session 0430907a08dce67eec548a3919750b18 to remote] http.wire 73 - http-outgoing-4 &gt;&gt; &quot;Content-Length: 61[\r][\n]&quot;
01-25-2019 12:52:10 Wire.java DEBUG [Forwarding findElement on session 0430907a08dce67eec548a3919750b18 to remote] http.wire 73 - http-outgoing-4 &gt;&gt; &quot;Host: localhost:21439[\r][\n]&quot;
01-25-2019 12:52:10 Wire.java DEBUG [Forwarding findElement on session 0430907a08dce67eec548a3919750b18 to remote] http.wire 73 - http-outgoing-4 &gt;&gt; &quot;Connection: Keep-Alive[\r][\n]&quot;
01-25-2019 12:52:10 Wire.java DEBUG [Forwarding findElement on session 0430907a08dce67eec548a3919750b18 to remote] http.wire 73 - http-outgoing-4 &gt;&gt; &quot;User-Agent: Apache-HttpClient/4.5.3 (Java/1.8.0_201)[\r][\n]&quot;
01-25-2019 12:52:10 Wire.java DEBUG [Forwarding findElement on session 0430907a08dce67eec548a3919750b18 to remote] http.wire 73 - http-outgoing-4 &gt;&gt; &quot;Accept-Encoding: gzip,deflate[\r][\n]&quot;
01-25-2019 12:52:10 Wire.java DEBUG [Forwarding findElement on session 0430907a08dce67eec548a3919750b18 to remote] http.wire 73 - http-outgoing-4 &gt;&gt; &quot;[\r][\n]&quot;
01-25-2019 12:52:10 Wire.java DEBUG [Forwarding findElement on session 0430907a08dce67eec548a3919750b18 to remote] http.wire 87 - http-outgoing-4 &gt;&gt; &quot;{&quot;using&quot;:&quot;xpath&quot;,&quot;value&quot;:&quot;//a[contains(text(), &apos;Contacts&apos;)]&quot;}&quot;
01-25-2019 12:52:10 Wire.java DEBUG [Forwarding findElement on session 0430907a08dce67eec548a3919750b18 to remote] http.wire 73 - http-outgoing-4 &lt;&lt; &quot;HTTP/1.1 200 OK[\r][\n]&quot;
01-25-2019 12:52:10 Wire.java DEBUG [Forwarding findElement on session 0430907a08dce67eec548a3919750b18 to remote] http.wire 73 - http-outgoing-4 &lt;&lt; &quot;Content-Length:102[\r][\n]&quot;
01-25-2019 12:52:10 Wire.java DEBUG [Forwarding findElement on session 0430907a08dce67eec548a3919750b18 to remote] http.wire 73 - http-outgoing-4 &lt;&lt; &quot;Content-Type:application/json; charset=utf-8[\r][\n]&quot;
01-25-2019 12:52:10 Wire.java DEBUG [Forwarding findElement on session 0430907a08dce67eec548a3919750b18 to remote] http.wire 73 - http-outgoing-4 &lt;&lt; &quot;[\r][\n]&quot;
01-25-2019 12:52:10 Wire.java DEBUG [Forwarding findElement on session 0430907a08dce67eec548a3919750b18 to remote] http.wire 87 - http-outgoing-4 &lt;&lt; &quot;{&quot;sessionId&quot;:&quot;0430907a08dce67eec548a3919750b18&quot;,&quot;status&quot;:0,&quot;value&quot;:{&quot;ELEMENT&quot;:&quot;0.8274974018372245-1&quot;}}&quot;
01-25-2019 12:52:10 LoggingManagedHttpClientConnection.java DEBUG [Forwarding findElement on session 0430907a08dce67eec548a3919750b18 to remote] http.headers 122 - http-outgoing-4 &lt;&lt; HTTP/1.1 200 OK
01-25-2019 12:52:10 LoggingManagedHttpClientConnection.java DEBUG [Forwarding findElement on session 0430907a08dce67eec548a3919750b18 to remote] http.headers 125 - http-outgoing-4 &lt;&lt; Content-Length:102
01-25-2019 12:52:10 LoggingManagedHttpClientConnection.java DEBUG [Forwarding findElement on session 0430907a08dce67eec548a3919750b18 to remote] http.headers 125 - http-outgoing-4 &lt;&lt; Content-Type:application/json; charset=utf-8
01-25-2019 12:52:10 MainClientExec.java DEBUG [Forwarding findElement on session 0430907a08dce67eec548a3919750b18 to remote] execchain.MainClientExec 285 - Connection can be kept alive indefinitely
01-25-2019 12:52:10 PoolingHttpClientConnectionManager.java DEBUG [Forwarding findElement on session 0430907a08dce67eec548a3919750b18 to remote] conn.PoolingHttpClientConnectionManager 320 - Connection [id: 4][route: {}-&gt;http://localhost:21439] can be kept alive indefinitely
01-25-2019 12:52:10 PoolingHttpClientConnectionManager.java DEBUG [Forwarding findElement on session 0430907a08dce67eec548a3919750b18 to remote] conn.PoolingHttpClientConnectionManager 326 - Connection released: [id: 4][route: {}-&gt;http://localhost:21439][total kept alive: 1; route allocated: 1 of 2000; total allocated: 1 of 2000]
Found Element By : By.xpath: //a[contains(text(), &apos;Contacts&apos;)]
Trying to click on: [[ChromeDriver: chrome on XP (0430907a08dce67eec548a3919750b18)] -&gt; xpath: //a[contains(text(), &apos;Contacts&apos;)]]
01-25-2019 12:52:10 RequestAddCookies.java DEBUG [Forwarding clickElement on session 0430907a08dce67eec548a3919750b18 to remote] protocol.RequestAddCookies 123 - CookieSpec selected: default
01-25-2019 12:52:10 RequestAuthCache.java DEBUG [Forwarding clickElement on session 0430907a08dce67eec548a3919750b18 to remote] protocol.RequestAuthCache 77 - Auth cache not set in the context
01-25-2019 12:52:10 PoolingHttpClientConnectionManager.java DEBUG [Forwarding clickElement on session 0430907a08dce67eec548a3919750b18 to remote] conn.PoolingHttpClientConnectionManager 255 - Connection request: [route: {}-&gt;http://localhost:21439][total kept alive: 1; route allocated: 1 of 2000; total allocated: 1 of 2000]
01-25-2019 12:52:10 PoolingHttpClientConnectionManager.java DEBUG [Forwarding clickElement on session 0430907a08dce67eec548a3919750b18 to remote] conn.PoolingHttpClientConnectionManager 288 - Connection leased: [id: 4][route: {}-&gt;http://localhost:21439][total kept alive: 0; route allocated: 1 of 2000; total allocated: 1 of 2000]
01-25-2019 12:52:10 MainClientExec.java DEBUG [Forwarding clickElement on session 0430907a08dce67eec548a3919750b18 to remote] execchain.MainClientExec 208 - Stale connection check
01-25-2019 12:52:10 Wire.java DEBUG [Forwarding clickElement on session 0430907a08dce67eec548a3919750b18 to remote] http.wire 87 - http-outgoing-4 &lt;&lt; &quot;[read] I/O error: Read timed out&quot;
01-25-2019 12:52:10 LoggingManagedHttpClientConnection.java DEBUG [Forwarding clickElement on session 0430907a08dce67eec548a3919750b18 to remote] conn.DefaultManagedHttpClientConnection 88 - http-outgoing-4: set socket timeout to 10800000
01-25-2019 12:52:10 MainClientExec.java DEBUG [Forwarding clickElement on session 0430907a08dce67eec548a3919750b18 to remote] execchain.MainClientExec 256 - Executing request POST /session/0430907a08dce67eec548a3919750b18/element/0.8274974018372245-1/click HTTP/1.1
01-25-2019 12:52:10 MainClientExec.java DEBUG [Forwarding clickElement on session 0430907a08dce67eec548a3919750b18 to remote] execchain.MainClientExec 261 - Target auth state: UNCHALLENGED
01-25-2019 12:52:10 MainClientExec.java DEBUG [Forwarding clickElement on session 0430907a08dce67eec548a3919750b18 to remote] execchain.MainClientExec 267 - Proxy auth state: UNCHALLENGED
01-25-2019 12:52:10 LoggingManagedHttpClientConnection.java DEBUG [Forwarding clickElement on session 0430907a08dce67eec548a3919750b18 to remote] http.headers 133 - http-outgoing-4 &gt;&gt; POST /session/0430907a08dce67eec548a3919750b18/element/0.8274974018372245-1/click HTTP/1.1
01-25-2019 12:52:10 LoggingManagedHttpClientConnection.java DEBUG [Forwarding clickElement on session 0430907a08dce67eec548a3919750b18 to remote] http.headers 136 - http-outgoing-4 &gt;&gt; Content-Type: application/json; charset=utf-8
01-25-2019 12:52:10 LoggingManagedHttpClientConnection.java DEBUG [Forwarding clickElement on session 0430907a08dce67eec548a3919750b18 to remote] http.headers 136 - http-outgoing-4 &gt;&gt; Content-Length: 29
01-25-2019 12:52:10 LoggingManagedHttpClientConnection.java DEBUG [Forwarding clickElement on session 0430907a08dce67eec548a3919750b18 to remote] http.headers 136 - http-outgoing-4 &gt;&gt; Host: localhost:21439
01-25-2019 12:52:10 LoggingManagedHttpClientConnection.java DEBUG [Forwarding clickElement on session 0430907a08dce67eec548a3919750b18 to remote] http.headers 136 - http-outgoing-4 &gt;&gt; Connection: Keep-Alive
01-25-2019 12:52:10 LoggingManagedHttpClientConnection.java DEBUG [Forwarding clickElement on session 0430907a08dce67eec548a3919750b18 to remote] http.headers 136 - http-outgoing-4 &gt;&gt; User-Agent: Apache-HttpClient/4.5.3 (Java/1.8.0_201)
01-25-2019 12:52:10 LoggingManagedHttpClientConnection.java DEBUG [Forwarding clickElement on session 0430907a08dce67eec548a3919750b18 to remote] http.headers 136 - http-outgoing-4 &gt;&gt; Accept-Encoding: gzip,deflate
01-25-2019 12:52:10 Wire.java DEBUG [Forwarding clickElement on session 0430907a08dce67eec548a3919750b18 to remote] http.wire 73 - http-outgoing-4 &gt;&gt; &quot;POST /session/0430907a08dce67eec548a3919750b18/element/0.8274974018372245-1/click HTTP/1.1[\r][\n]&quot;
01-25-2019 12:52:10 Wire.java DEBUG [Forwarding clickElement on session 0430907a08dce67eec548a3919750b18 to remote] http.wire 73 - http-outgoing-4 &gt;&gt; &quot;Content-Type: application/json; charset=utf-8[\r][\n]&quot;
01-25-2019 12:52:10 Wire.java DEBUG [Forwarding clickElement on session 0430907a08dce67eec548a3919750b18 to remote] http.wire 73 - http-outgoing-4 &gt;&gt; &quot;Content-Length: 29[\r][\n]&quot;
01-25-2019 12:52:10 Wire.java DEBUG [Forwarding clickElement on session 0430907a08dce67eec548a3919750b18 to remote] http.wire 73 - http-outgoing-4 &gt;&gt; &quot;Host: localhost:21439[\r][\n]&quot;
01-25-2019 12:52:10 Wire.java DEBUG [Forwarding clickElement on session 0430907a08dce67eec548a3919750b18 to remote] http.wire 73 - http-outgoing-4 &gt;&gt; &quot;Connection: Keep-Alive[\r][\n]&quot;
01-25-2019 12:52:10 Wire.java DEBUG [Forwarding clickElement on session 0430907a08dce67eec548a3919750b18 to remote] http.wire 73 - http-outgoing-4 &gt;&gt; &quot;User-Agent: Apache-HttpClient/4.5.3 (Java/1.8.0_201)[\r][\n]&quot;
01-25-2019 12:52:10 Wire.java DEBUG [Forwarding clickElement on session 0430907a08dce67eec548a3919750b18 to remote] http.wire 73 - http-outgoing-4 &gt;&gt; &quot;Accept-Encoding: gzip,deflate[\r][\n]&quot;
01-25-2019 12:52:10 Wire.java DEBUG [Forwarding clickElement on session 0430907a08dce67eec548a3919750b18 to remote] http.wire 73 - http-outgoing-4 &gt;&gt; &quot;[\r][\n]&quot;
01-25-2019 12:52:10 Wire.java DEBUG [Forwarding clickElement on session 0430907a08dce67eec548a3919750b18 to remote] http.wire 87 - http-outgoing-4 &gt;&gt; &quot;{&quot;id&quot;:&quot;0.8274974018372245-1&quot;}&quot;
01-25-2019 12:52:12 Wire.java DEBUG [Forwarding clickElement on session 0430907a08dce67eec548a3919750b18 to remote] http.wire 73 - http-outgoing-4 &lt;&lt; &quot;HTTP/1.1 200 OK[\r][\n]&quot;
01-25-2019 12:52:12 Wire.java DEBUG [Forwarding clickElement on session 0430907a08dce67eec548a3919750b18 to remote] http.wire 73 - http-outgoing-4 &lt;&lt; &quot;Content-Length:72[\r][\n]&quot;
01-25-2019 12:52:12 Wire.java DEBUG [Forwarding clickElement on session 0430907a08dce67eec548a3919750b18 to remote] http.wire 73 - http-outgoing-4 &lt;&lt; &quot;Content-Type:application/json; charset=utf-8[\r][\n]&quot;
01-25-2019 12:52:12 Wire.java DEBUG [Forwarding clickElement on session 0430907a08dce67eec548a3919750b18 to remote] http.wire 73 - http-outgoing-4 &lt;&lt; &quot;[\r][\n]&quot;
01-25-2019 12:52:12 Wire.java DEBUG [Forwarding clickElement on session 0430907a08dce67eec548a3919750b18 to remote] http.wire 87 - http-outgoing-4 &lt;&lt; &quot;{&quot;sessionId&quot;:&quot;0430907a08dce67eec548a3919750b18&quot;,&quot;status&quot;:0,&quot;value&quot;:null}&quot;
01-25-2019 12:52:12 LoggingManagedHttpClientConnection.java DEBUG [Forwarding clickElement on session 0430907a08dce67eec548a3919750b18 to remote] http.headers 122 - http-outgoing-4 &lt;&lt; HTTP/1.1 200 OK
01-25-2019 12:52:12 LoggingManagedHttpClientConnection.java DEBUG [Forwarding clickElement on session 0430907a08dce67eec548a3919750b18 to remote] http.headers 125 - http-outgoing-4 &lt;&lt; Content-Length:72
01-25-2019 12:52:12 LoggingManagedHttpClientConnection.java DEBUG [Forwarding clickElement on session 0430907a08dce67eec548a3919750b18 to remote] http.headers 125 - http-outgoing-4 &lt;&lt; Content-Type:application/json; charset=utf-8
01-25-2019 12:52:12 MainClientExec.java DEBUG [Forwarding clickElement on session 0430907a08dce67eec548a3919750b18 to remote] execchain.MainClientExec 285 - Connection can be kept alive indefinitely
01-25-2019 12:52:12 PoolingHttpClientConnectionManager.java DEBUG [Forwarding clickElement on session 0430907a08dce67eec548a3919750b18 to remote] conn.PoolingHttpClientConnectionManager 320 - Connection [id: 4][route: {}-&gt;http://localhost:21439] can be kept alive indefinitely
01-25-2019 12:52:12 PoolingHttpClientConnectionManager.java DEBUG [Forwarding clickElement on session 0430907a08dce67eec548a3919750b18 to remote] conn.PoolingHttpClientConnectionManager 326 - Connection released: [id: 4][route: {}-&gt;http://localhost:21439][total kept alive: 1; route allocated: 1 of 2000; total allocated: 1 of 2000]
Clicked on: [[ChromeDriver: chrome on XP (0430907a08dce67eec548a3919750b18)] -&gt; xpath: //a[contains(text(), &apos;Contacts&apos;)]]
Trying to find Element By : By.xpath: //a[text()=&apos;pavithra v&apos;]//parent::td[@class=&apos;datalistrow&apos;]//preceding-sibling::td[@class=&apos;datalistrow&apos;]//input[@name=&apos;contact_id&apos;]
01-25-2019 12:52:12 RequestAddCookies.java DEBUG [Forwarding findElement on session 0430907a08dce67eec548a3919750b18 to remote] protocol.RequestAddCookies 123 - CookieSpec selected: default
01-25-2019 12:52:12 RequestAuthCache.java DEBUG [Forwarding findElement on session 0430907a08dce67eec548a3919750b18 to remote] protocol.RequestAuthCache 77 - Auth cache not set in the context
01-25-2019 12:52:12 PoolingHttpClientConnectionManager.java DEBUG [Forwarding findElement on session 0430907a08dce67eec548a3919750b18 to remote] conn.PoolingHttpClientConnectionManager 255 - Connection request: [route: {}-&gt;http://localhost:21439][total kept alive: 1; route allocated: 1 of 2000; total allocated: 1 of 2000]
01-25-2019 12:52:12 PoolingHttpClientConnectionManager.java DEBUG [Forwarding findElement on session 0430907a08dce67eec548a3919750b18 to remote] conn.PoolingHttpClientConnectionManager 288 - Connection leased: [id: 4][route: {}-&gt;http://localhost:21439][total kept alive: 0; route allocated: 1 of 2000; total allocated: 1 of 2000]
01-25-2019 12:52:12 MainClientExec.java DEBUG [Forwarding findElement on session 0430907a08dce67eec548a3919750b18 to remote] execchain.MainClientExec 208 - Stale connection check
01-25-2019 12:52:12 Wire.java DEBUG [Forwarding findElement on session 0430907a08dce67eec548a3919750b18 to remote] http.wire 87 - http-outgoing-4 &lt;&lt; &quot;[read] I/O error: Read timed out&quot;
01-25-2019 12:52:12 LoggingManagedHttpClientConnection.java DEBUG [Forwarding findElement on session 0430907a08dce67eec548a3919750b18 to remote] conn.DefaultManagedHttpClientConnection 88 - http-outgoing-4: set socket timeout to 10800000
01-25-2019 12:52:12 MainClientExec.java DEBUG [Forwarding findElement on session 0430907a08dce67eec548a3919750b18 to remote] execchain.MainClientExec 256 - Executing request POST /session/0430907a08dce67eec548a3919750b18/element HTTP/1.1
01-25-2019 12:52:12 MainClientExec.java DEBUG [Forwarding findElement on session 0430907a08dce67eec548a3919750b18 to remote] execchain.MainClientExec 261 - Target auth state: UNCHALLENGED
01-25-2019 12:52:12 MainClientExec.java DEBUG [Forwarding findElement on session 0430907a08dce67eec548a3919750b18 to remote] execchain.MainClientExec 267 - Proxy auth state: UNCHALLENGED
01-25-2019 12:52:12 LoggingManagedHttpClientConnection.java DEBUG [Forwarding findElement on session 0430907a08dce67eec548a3919750b18 to remote] http.headers 133 - http-outgoing-4 &gt;&gt; POST /session/0430907a08dce67eec548a3919750b18/element HTTP/1.1
01-25-2019 12:52:12 LoggingManagedHttpClientConnection.java DEBUG [Forwarding findElement on session 0430907a08dce67eec548a3919750b18 to remote] http.headers 136 - http-outgoing-4 &gt;&gt; Content-Type: application/json; charset=utf-8
01-25-2019 12:52:12 LoggingManagedHttpClientConnection.java DEBUG [Forwarding findElement on session 0430907a08dce67eec548a3919750b18 to remote] http.headers 136 - http-outgoing-4 &gt;&gt; Content-Length: 158
01-25-2019 12:52:12 LoggingManagedHttpClientConnection.java DEBUG [Forwarding findElement on session 0430907a08dce67eec548a3919750b18 to remote] http.headers 136 - http-outgoing-4 &gt;&gt; Host: localhost:21439
01-25-2019 12:52:12 LoggingManagedHttpClientConnection.java DEBUG [Forwarding findElement on session 0430907a08dce67eec548a3919750b18 to remote] http.headers 136 - http-outgoing-4 &gt;&gt; Connection: Keep-Alive
01-25-2019 12:52:12 LoggingManagedHttpClientConnection.java DEBUG [Forwarding findElement on session 0430907a08dce67eec548a3919750b18 to remote] http.headers 136 - http-outgoing-4 &gt;&gt; User-Agent: Apache-HttpClient/4.5.3 (Java/1.8.0_201)
01-25-2019 12:52:12 LoggingManagedHttpClientConnection.java DEBUG [Forwarding findElement on session 0430907a08dce67eec548a3919750b18 to remote] http.headers 136 - http-outgoing-4 &gt;&gt; Accept-Encoding: gzip,deflate
01-25-2019 12:52:12 Wire.java DEBUG [Forwarding findElement on session 0430907a08dce67eec548a3919750b18 to remote] http.wire 73 - http-outgoing-4 &gt;&gt; &quot;POST /session/0430907a08dce67eec548a3919750b18/element HTTP/1.1[\r][\n]&quot;
01-25-2019 12:52:12 Wire.java DEBUG [Forwarding findElement on session 0430907a08dce67eec548a3919750b18 to remote] http.wire 73 - http-outgoing-4 &gt;&gt; &quot;Content-Type: application/json; charset=utf-8[\r][\n]&quot;
01-25-2019 12:52:12 Wire.java DEBUG [Forwarding findElement on session 0430907a08dce67eec548a3919750b18 to remote] http.wire 73 - http-outgoing-4 &gt;&gt; &quot;Content-Length: 158[\r][\n]&quot;
01-25-2019 12:52:12 Wire.java DEBUG [Forwarding findElement on session 0430907a08dce67eec548a3919750b18 to remote] http.wire 73 - http-outgoing-4 &gt;&gt; &quot;Host: localhost:21439[\r][\n]&quot;
01-25-2019 12:52:12 Wire.java DEBUG [Forwarding findElement on session 0430907a08dce67eec548a3919750b18 to remote] http.wire 73 - http-outgoing-4 &gt;&gt; &quot;Connection: Keep-Alive[\r][\n]&quot;
01-25-2019 12:52:12 Wire.java DEBUG [Forwarding findElement on session 0430907a08dce67eec548a3919750b18 to remote] http.wire 73 - http-outgoing-4 &gt;&gt; &quot;User-Agent: Apache-HttpClient/4.5.3 (Java/1.8.0_201)[\r][\n]&quot;
01-25-2019 12:52:12 Wire.java DEBUG [Forwarding findElement on session 0430907a08dce67eec548a3919750b18 to remote] http.wire 73 - http-outgoing-4 &gt;&gt; &quot;Accept-Encoding: gzip,deflate[\r][\n]&quot;
01-25-2019 12:52:12 Wire.java DEBUG [Forwarding findElement on session 0430907a08dce67eec548a3919750b18 to remote] http.wire 73 - http-outgoing-4 &gt;&gt; &quot;[\r][\n]&quot;
01-25-2019 12:52:12 Wire.java DEBUG [Forwarding findElement on session 0430907a08dce67eec548a3919750b18 to remote] http.wire 87 - http-outgoing-4 &gt;&gt; &quot;{&quot;using&quot;:&quot;xpath&quot;,&quot;value&quot;:&quot;//a[text()=&apos;pavithra v&apos;]//parent::td[@class=&apos;datalistrow&apos;]//preceding-sibling::td[@class=&apos;datalistrow&apos;]//input[@name=&apos;contact_id&apos;]&quot;}&quot;
01-25-2019 12:52:52 Wire.java DEBUG [Forwarding findElement on session 0430907a08dce67eec548a3919750b18 to remote] http.wire 73 - http-outgoing-4 &lt;&lt; &quot;HTTP/1.1 200 OK[\r][\n]&quot;
01-25-2019 12:52:52 Wire.java DEBUG [Forwarding findElement on session 0430907a08dce67eec548a3919750b18 to remote] http.wire 73 - http-outgoing-4 &lt;&lt; &quot;Content-Length:458[\r][\n]&quot;
01-25-2019 12:52:52 Wire.java DEBUG [Forwarding findElement on session 0430907a08dce67eec548a3919750b18 to remote] http.wire 73 - http-outgoing-4 &lt;&lt; &quot;Content-Type:application/json; charset=utf-8[\r][\n]&quot;
01-25-2019 12:52:52 Wire.java DEBUG [Forwarding findElement on session 0430907a08dce67eec548a3919750b18 to remote] http.wire 73 - http-outgoing-4 &lt;&lt; &quot;[\r][\n]&quot;
01-25-2019 12:52:52 Wire.java DEBUG [Forwarding findElement on session 0430907a08dce67eec548a3919750b18 to remote] http.wire 87 - http-outgoing-4 &lt;&lt; &quot;{&quot;sessionId&quot;:&quot;0430907a08dce67eec548a3919750b18&quot;,&quot;status&quot;:7,&quot;value&quot;:{&quot;message&quot;:&quot;no such element: Unable to locate element: {\&quot;method\&quot;:\&quot;xpath\&quot;,\&quot;selector\&quot;:\&quot;//a[text()=&apos;pavithra v&apos;]//parent::td[@class=&apos;datalistrow&apos;]//preceding-sibling::td[@class=&apos;datalistrow&apos;]//input[@name=&apos;contact_id&apos;]\&quot;}\n  (Session info: chrome=71.0.3578.98)\n  (Driver info: chromedriver=2.45.615291 (ec3682e3c9061c10f26ea9e5cdcf3c53f3f74387),platform=Windows NT 10.0.16299 x86_64)&quot;}}&quot;
01-25-2019 12:52:52 LoggingManagedHttpClientConnection.java DEBUG [Forwarding findElement on session 0430907a08dce67eec548a3919750b18 to remote] http.headers 122 - http-outgoing-4 &lt;&lt; HTTP/1.1 200 OK
01-25-2019 12:52:52 LoggingManagedHttpClientConnection.java DEBUG [Forwarding findElement on session 0430907a08dce67eec548a3919750b18 to remote] http.headers 125 - http-outgoing-4 &lt;&lt; Content-Length:458
01-25-2019 12:52:52 LoggingManagedHttpClientConnection.java DEBUG [Forwarding findElement on session 0430907a08dce67eec548a3919750b18 to remote] http.headers 125 - http-outgoing-4 &lt;&lt; Content-Type:application/json; charset=utf-8
01-25-2019 12:52:52 MainClientExec.java DEBUG [Forwarding findElement on session 0430907a08dce67eec548a3919750b18 to remote] execchain.MainClientExec 285 - Connection can be kept alive indefinitely
01-25-2019 12:52:52 PoolingHttpClientConnectionManager.java DEBUG [Forwarding findElement on session 0430907a08dce67eec548a3919750b18 to remote] conn.PoolingHttpClientConnectionManager 320 - Connection [id: 4][route: {}-&gt;http://localhost:21439] can be kept alive indefinitely
01-25-2019 12:52:52 PoolingHttpClientConnectionManager.java DEBUG [Forwarding findElement on session 0430907a08dce67eec548a3919750b18 to remote] conn.PoolingHttpClientConnectionManager 326 - Connection released: [id: 4][route: {}-&gt;http://localhost:21439][total kept alive: 1; route allocated: 1 of 2000; total allocated: 1 of 2000]
Exception occured: org.openqa.selenium.NoSuchElementException: no such element: Unable to locate element: {&quot;method&quot;:&quot;xpath&quot;,&quot;selector&quot;:&quot;//a[text()=&apos;pavithra v&apos;]//parent::td[@class=&apos;datalistrow&apos;]//preceding-sibling::td[@class=&apos;datalistrow&apos;]//input[@name=&apos;contact_id&apos;]&quot;}
  (Session info: chrome=71.0.3578.98)
  (Driver info: chromedriver=2.45.615291 (ec3682e3c9061c10f26ea9e5cdcf3c53f3f74387),platform=Windows NT 10.0.16299 x86_64) (WARNING: The server did not provide any stacktrace information)
Command duration or timeout: 0 milliseconds
For documentation on this error, please visit: http://seleniumhq.org/exceptions/no_such_element.html
Build info: version: &apos;3.5.2&apos;, revision: &apos;10229a9&apos;, time: &apos;2017-08-21T17:29:55.15Z&apos;
System info: host: &apos;DIN37001770&apos;, ip: &apos;10.77.79.175&apos;, os.name: &apos;Windows 10&apos;, os.arch: &apos;amd64&apos;, os.version: &apos;10.0&apos;, java.version: &apos;1.8.0_201&apos;
Driver info: org.openqa.selenium.chrome.ChromeDriver
Capabilities [{mobileEmulationEnabled=false, timeouts={implicit=0, pageLoad=300000, script=30000}, hasTouchScreen=false, platform=XP, acceptSslCerts=false, goog:chromeOptions={debuggerAddress=localhost:54437}, acceptInsecureCerts=false, webStorageEnabled=true, browserName=chrome, takesScreenshot=true, javascriptEnabled=true, setWindowRect=true, unexpectedAlertBehaviour=ignore, applicationCacheEnabled=false, rotatable=false, networkConnectionEnabled=false, chrome={chromedriverVersion=2.45.615291 (ec3682e3c9061c10f26ea9e5cdcf3c53f3f74387), userDataDir=C:\Users\pavithra\AppData\Local\Temp\scoped_dir3008_7198}, takesHeapSnapshot=true, unhandledPromptBehavior=ignore, pageLoadStrategy=normal, strictFileInteractability=false, databaseEnabled=false, handlesAlerts=true, version=71.0.3578.98, browserConnectionEnabled=false, proxy=Proxy(), nativeEvents=true, locationContextEnabled=true, cssSelectorsEnabled=true}]
Session ID: 0430907a08dce67eec548a3919750b18
*** Element info: {Using=xpath, value=//a[text()=&apos;pavithra v&apos;]//parent::td[@class=&apos;datalistrow&apos;]//preceding-sibling::td[@class=&apos;datalistrow&apos;]//input[@name=&apos;contact_id&apos;]}
01-25-2019 12:52:52 RequestAddCookies.java DEBUG [Forwarding screenshot on session 0430907a08dce67eec548a3919750b18 to remote] protocol.RequestAddCookies 123 - CookieSpec selected: default
01-25-2019 12:52:52 RequestAuthCache.java DEBUG [Forwarding screenshot on session 0430907a08dce67eec548a3919750b18 to remote] protocol.RequestAuthCache 77 - Auth cache not set in the context
01-25-2019 12:52:52 PoolingHttpClientConnectionManager.java DEBUG [Forwarding screenshot on session 0430907a08dce67eec548a3919750b18 to remote] conn.PoolingHttpClientConnectionManager 255 - Connection request: [route: {}-&gt;http://localhost:21439][total kept alive: 1; route allocated: 1 of 2000; total allocated: 1 of 2000]
01-25-2019 12:52:52 PoolingHttpClientConnectionManager.java DEBUG [Forwarding screenshot on session 0430907a08dce67eec548a3919750b18 to remote] conn.PoolingHttpClientConnectionManager 288 - Connection leased: [id: 4][route: {}-&gt;http://localhost:21439][total kept alive: 0; route allocated: 1 of 2000; total allocated: 1 of 2000]
01-25-2019 12:52:52 MainClientExec.java DEBUG [Forwarding screenshot on session 0430907a08dce67eec548a3919750b18 to remote] execchain.MainClientExec 208 - Stale connection check
01-25-2019 12:52:52 Wire.java DEBUG [Forwarding screenshot on session 0430907a08dce67eec548a3919750b18 to remote] http.wire 87 - http-outgoing-4 &lt;&lt; &quot;[read] I/O error: Read timed out&quot;
01-25-2019 12:52:52 LoggingManagedHttpClientConnection.java DEBUG [Forwarding screenshot on session 0430907a08dce67eec548a3919750b18 to remote] conn.DefaultManagedHttpClientConnection 88 - http-outgoing-4: set socket timeout to 10800000
01-25-2019 12:52:52 MainClientExec.java DEBUG [Forwarding screenshot on session 0430907a08dce67eec548a3919750b18 to remote] execchain.MainClientExec 256 - Executing request GET /session/0430907a08dce67eec548a3919750b18/screenshot HTTP/1.1
01-25-2019 12:52:52 MainClientExec.java DEBUG [Forwarding screenshot on session 0430907a08dce67eec548a3919750b18 to remote] execchain.MainClientExec 261 - Target auth state: UNCHALLENGED
01-25-2019 12:52:52 MainClientExec.java DEBUG [Forwarding screenshot on session 0430907a08dce67eec548a3919750b18 to remote] execchain.MainClientExec 267 - Proxy auth state: UNCHALLENGED
01-25-2019 12:52:52 LoggingManagedHttpClientConnection.java DEBUG [Forwarding screenshot on session 0430907a08dce67eec548a3919750b18 to remote] http.headers 133 - http-outgoing-4 &gt;&gt; GET /session/0430907a08dce67eec548a3919750b18/screenshot HTTP/1.1
01-25-2019 12:52:52 LoggingManagedHttpClientConnection.java DEBUG [Forwarding screenshot on session 0430907a08dce67eec548a3919750b18 to remote] http.headers 136 - http-outgoing-4 &gt;&gt; Cache-Control: no-cache
01-25-2019 12:52:52 LoggingManagedHttpClientConnection.java DEBUG [Forwarding screenshot on session 0430907a08dce67eec548a3919750b18 to remote] http.headers 136 - http-outgoing-4 &gt;&gt; Host: localhost:21439
01-25-2019 12:52:52 LoggingManagedHttpClientConnection.java DEBUG [Forwarding screenshot on session 0430907a08dce67eec548a3919750b18 to remote] http.headers 136 - http-outgoing-4 &gt;&gt; Connection: Keep-Alive
01-25-2019 12:52:52 LoggingManagedHttpClientConnection.java DEBUG [Forwarding screenshot on session 0430907a08dce67eec548a3919750b18 to remote] http.headers 136 - http-outgoing-4 &gt;&gt; User-Agent: Apache-HttpClient/4.5.3 (Java/1.8.0_201)
01-25-2019 12:52:52 LoggingManagedHttpClientConnection.java DEBUG [Forwarding screenshot on session 0430907a08dce67eec548a3919750b18 to remote] http.headers 136 - http-outgoing-4 &gt;&gt; Accept-Encoding: gzip,deflate
01-25-2019 12:52:52 Wire.java DEBUG [Forwarding screenshot on session 0430907a08dce67eec548a3919750b18 to remote] http.wire 73 - http-outgoing-4 &gt;&gt; &quot;GET /session/0430907a08dce67eec548a3919750b18/screenshot HTTP/1.1[\r][\n]&quot;
01-25-2019 12:52:52 Wire.java DEBUG [Forwarding screenshot on session 0430907a08dce67eec548a3919750b18 to remote] http.wire 73 - http-outgoing-4 &gt;&gt; &quot;Cache-Control: no-cache[\r][\n]&quot;
01-25-2019 12:52:52 Wire.java DEBUG [Forwarding screenshot on session 0430907a08dce67eec548a3919750b18 to remote] http.wire 73 - http-outgoing-4 &gt;&gt; &quot;Host: localhost:21439[\r][\n]&quot;
01-25-2019 12:52:52 Wire.java DEBUG [Forwarding screenshot on session 0430907a08dce67eec548a3919750b18 to remote] http.wire 73 - http-outgoing-4 &gt;&gt; &quot;Connection: Keep-Alive[\r][\n]&quot;
01-25-2019 12:52:52 Wire.java DEBUG [Forwarding screenshot on session 0430907a08dce67eec548a3919750b18 to remote] http.wire 73 - http-outgoing-4 &gt;&gt; &quot;User-Agent: Apache-HttpClient/4.5.3 (Java/1.8.0_201)[\r][\n]&quot;
01-25-2019 12:52:52 Wire.java DEBUG [Forwarding screenshot on session 0430907a08dce67eec548a3919750b18 to remote] http.wire 73 - http-outgoing-4 &gt;&gt; &quot;Accept-Encoding: gzip,deflate[\r][\n]&quot;
01-25-2019 12:52:52 Wire.java DEBUG [Forwarding screenshot on session 0430907a08dce67eec548a3919750b18 to remote] http.wire 73 - http-outgoing-4 &gt;&gt; &quot;[\r][\n]&quot;
01-25-2019 12:52:52 Wire.java DEBUG [Forwarding screenshot on session 0430907a08dce67eec548a3919750b18 to remote] http.wire 73 - http-outgoing-4 &lt;&lt; &quot;HTTP/1.1 200 OK[\r][\n]&quot;
01-25-2019 12:52:52 Wire.java DEBUG [Forwarding screenshot on session 0430907a08dce67eec548a3919750b18 to remote] http.wire 73 - http-outgoing-4 &lt;&lt; &quot;Content-Length:116042[\r][\n]&quot;
01-25-2019 12:52:52 Wire.java DEBUG [Forwarding screenshot on session 0430907a08dce67eec548a3919750b18 to remote] http.wire 73 - http-outgoing-4 &lt;&lt; &quot;Content-Type:application/json; charset=utf-8[\r][\n]&quot;
01-25-2019 12:52:52 Wire.java DEBUG [Forwarding screenshot on session 0430907a08dce67eec548a3919750b18 to remote] http.wire 73 - http-outgoing-4 &lt;&lt; &quot;[\r][\n]&quot;
01-25-2019 12:52:52 Wire.java DEBUG [Forwarding screenshot on session 0430907a08dce67eec548a3919750b18 to remote] http.wire 87 - http-outgoing-4 &lt;&lt; &quot;{&quot;sessionId&quot;:&quot;0430907a08dce67eec548a3919750b18&quot;,&quot;status&quot;:0,&quot;value&quot;:&quot;iVBORw0KGgoAAAANSUhEUgAABVYAAAJlCAYAAAAxcKmfAAAgAElEQVR4nOzdeXhU5fn4/7fZk2FCAgOTMIEEEiAQQyApq0BEJApfQCUWP0SLRa0UbKXuctVPP7Y/e9G6FluhWIWiFCsKKlBQFjEQkYCAMQYCJISBDMnAQIYM2Rd+f5yZZJYzWaEs3q/rymXmLM95nnNGktxzP/dz05o1ay4NGDAAZ0OHDqWmvAQhhBBCCCGEEEIIIYS40VRfCul0Gz6XoR9CCCGEEEIIIYQQQgjxo+J3tTsghBBCCCGEEEIIIcTlYt6xmuUHbcqL0AQeemQs+k61mM/q1zMxNr02MOXJqSSpXTM6lYXp8S22lrN2GZuaGyN60lwyEj2vEzYsnXkTdM0H5m5k0VaT0/GAOYul/8rDCoCWlPszSGvLYNXaAsDClnfWsh/v983l/rr0s/X71GofXMaDSv+az3PmOM5xb5v7ZB9PuZe2OkkyVoUQQgghhBBCCCHEDUM/IYOFT6YSfTkbjU5l4ZNzWXh/AmGY2LQ2v3mfOYt1ToHG1hmY8uRcFj6ZTkooGLduJAfIWZuJ0b7voWFarAe3sMUMSnBwmUcwEfJZ/a88rNGp9rZs7P+X0pZ33tpCCVi+rgQhWxZKyv1zWfjkXKZE49RPWr5PrfbBwpYNeVhDE3jI3rbj3qiJnuR5Dx2shfmYAXL3tGE8HScZq0IIIYQQQgghhBDihqaeJerIZtQSFmrDWo6XDNd4MtLt3+p1dIWmjEoluHmS2PtTsfzLOVvTu6T0qfbvdOjDgXKlnTwjEB2nZHjqQgETljPKNdMemUuSW6YoZgsXgLBuOkBHUqyW/QfLMZvBe4qul7YAEqeyMNE969Q+xtczMdqzcfUTppJm3xPRTUvzwd7vk3L/HRms3saTT2E5hA2LV7rfTQvG1sfTfA8dDESH57E9dywJR8uJjtZiNLYn8N12krEqhBBCCCGEEEIIIW5oSelKhqUjk9WYnYXZaX/sNCVLlPKT5Ji9tQLmHQcwAtED4lEyLzO5MCytbdPvPRrLYrdzMFXFBYul1Was51s/5srIZ/tBG4T2Iclt/K73qTNsSnDZKwvmMiA0jAinrQkDDBiPbiSvrA8J3TrZhRb8aDJWHfUfrkQ9BSGEEEJcr45yIeO3NJCM/+KFaHtc7f4IIYQQQogrwb0uqKtQ9HrgEDQF8tQCpbkbm+qoZiTSlGFpPbiWRQftxxgzWbpD51obVZV9Gj8GpqTHA2pT5qGrroV29GOZMewkyw9msuj1TPtGgzKWyyqejCfdA6RKUNmIlpRpbhm+7vcJJbDttdZqi7ToeqrvMW5dxqKtoJRWUPpQ6tiZGEf01kwuDBtFBCc7dOW26EBg1Z7+25Qa3XpR2yvLvT9CCCGEuFZULP8pNdvAd+FHdE30vk3c+Kq/WETlygNw+x/p9tCAq90dIYQQQtzo7NPkCdehN2ex9KDNvqAR9jhWO5tTW5xKP5Z5T461H9E8XX7eBF3TAkseC1CB0wJNzos7xZMQnYnRWEAO8URYymkpqOign5DBwgnO17dnv7Z0/XZzLQXQvEiV52JZ3hbxci0F4G0w8cSG5rG/MB/zhLGUnrfRUqC45eTJ5mCweUf7Ruuwfv16pk+f3uIxN0DGqlrUXAghhLiMWlh18obldZVQIYQQQgghrmEuv7s7skEtSsDOObM0tB1tOi9OZXRkh7YcJDRbyiE0gRkeQU37Ak0AmNj0+jI2Yf/7Ij2VvNcz2fT6MkBZ2V4JWjavbA/2TM2jSuDSpXasUzCzxet7acvl3pXnsfz1kx6BU3AssgVgY/+/lrHf3td5g/O93qe29iFtWgKF/8pj+et5ypAmtRCIvYLWr1/f9N+Wgqs3rVmz5tKAAa5ZA0OHDqWmvMTLKS1nrOKWWu1aDNixUblZjih2WKgWazmk3J+BPstLBNvrH7XO/dGx/fVMjKFawsptypvU7VrRk+Yy0WK/7rCJxBZuZ3+5/Xr2Twxwi+Z7pot7RuSFEELcwH6MQcbLNOa2ZKw6Xt8Ul8ylggPKQU5ZjU2Zjs7s+x37bnpwHj4rl9IQN4+QP0RRk/FbGpyPj5tHyB9uIwhonv7vzKkUwNkvKVuwlEtN+6YRuHo2mtbG5jiv6VpWbL/7BXUFLVzDcWwLr/1jllK3Ta1Ugco4XMbpfn246cF/EH5HGOS+x/lFG5xOdIyx433G/Vk4t+txPclYFkIIIcSNTImDWUZerb8frvb1rw/Vl0JUtzuCqs68BVcvc8aqvWitR7rv2ubgZe5GFm3NZHVuPBMdB8SmsdAeyMxp5QpKCrNFCaZmZ2FOVElnLg9lzJMZsHYZmxwp1I59Rzey3GhrSoU2s7dpxTTzoZNKGraXFOnoSXPJ6KkEX/dn5ZOWLpmyQgjxY+b9A0L7AU5lalw+SVYtX+P2IaTzh3huHy46/zxyrLLpMq3J7YNM1yBpWz6QhNX26xm3LmNRtnt/XacCKfeBzn/oeMs8uv0BJbC37bdcGP4RXXlPCaq6Be/cXWoK5AEMoOvqj5peKQHQpVR9kUzQHWD7nRKMVAJ7bsFJR7DQEdi1BwRrlo9C4zZ9XTNtHrXbltKw7ygkDqD6QDaXgJtuSXYKqjoCk8p16ha8R4VKkNargqUugVFXrY1TCZB6BDAdQU6XICxwmfp8aWUxfqs/wm/5T6nZtoHaL6ajuWM2IQ+apBSAEEIIIX4klFXvf7zXv36pBVUd29WCqx0IrOrQhYJRdZ+jHkRz0dzoSenoysA5vRlcVzVzLsTbtmK2LfWBppXAlIK1StDUEVg1Gk2AltjByjX1E5KJPphJ4SEL+vM2iE5u+fp6HV2h6Q9ZIYQQPx7NxdGVoGfTzwv7B4TmHatZbrQHRFECn+t2xDODLWxS2e5a60j55ScNmmou7c/KJ22shaVbTW4fWuaz+vU8rG4B2py1y9xmYdgL57dWUsnjA8mpZEwq+K9n6fr0CgPA/5Zk6goO0HjaSoVJyXJUgpVQ7eXcpkxMO9UsV4CzB6gvAJiGn8q4HMFRtv2W89ucdpwoppoBTkFIoEcyfnFQt20PFQ/1pPHrA8A0Au4Ig7Nf2q9jwKcHwAD8boeGbRuoz52Ny5KlLfEIfrr1twPjrNjnek89z+lcn296cDoaoNqQDKj0TQghhBBCiGtUazVV3XUosKoPB4xWSgE9FizlQLQOPaB3BEbtfxResEBCOFDuOb1frXhsm4rZul2zPaInpcLWTPZvyCLpkbHo7cHgTYVb2F2uJeX+VrJQ7cWPw7p1tvCvEEKI6417kNF8SPmv4wNCpbg6&quot;
01-25-2019 12:52:52 LoggingManagedHttpClientConnection.java DEBUG [Forwarding screenshot on session 0430907a08dce67eec548a3919750b18 to remote] http.headers 122 - http-outgoing-4 &lt;&lt; HTTP/1.1 200 OK
01-25-2019 12:52:52 LoggingManagedHttpClientConnection.java DEBUG [Forwarding screenshot on session 0430907a08dce67eec548a3919750b18 to remote] http.headers 125 - http-outgoing-4 &lt;&lt; Content-Length:116042
01-25-2019 12:52:52 LoggingManagedHttpClientConnection.java DEBUG [Forwarding screenshot on session 0430907a08dce67eec548a3919750b18 to remote] http.headers 125 - http-outgoing-4 &lt;&lt; Content-Type:application/json; charset=utf-8
01-25-2019 12:52:52 MainClientExec.java DEBUG [Forwarding screenshot on session 0430907a08dce67eec548a3919750b18 to remote] execchain.MainClientExec 285 - Connection can be kept alive indefinitely
01-25-2019 12:52:52 Wire.java DEBUG [Forwarding screenshot on session 0430907a08dce67eec548a3919750b18 to remote] http.wire 87 - http-outgoing-4 &lt;&lt; &quot;TXWGADhvoRT17eD6s8Qlq9XhjBUrED3A6eeT42dRbLzTz0EL5jKaPlx0fBBoPG9xv4wnlQ8kW+Za37y5YP6V4wi6tkluG7Jc46LwbamNNmVVhtmDwBuo/yKKxgLg9lGumZ2tXacz2jLOjriSfRZCCCGEEMJZYy0VFaDRBlztnnRIh0oBJDkV01UyUB3FgB2rgjko0+qTSMf8zlqXjNXoSXObSwG0g7Wp0HDzNdsn3p6Fk8fytToWpseTNMDApq0mrKEJJLUQqTVuXcYiUKZwdnpFNSGEEDeaiG5aMHpOiTfvOKC63UXuRjYZ3eqHA/QMIwwTxqP5kOhYfdQeNLWvlqk06fbBp8sHgcpccufZIm2lnOP+M6/tpQA0w6dRs21D03R5OEr9NvCWMQpW6r4+ACTjlxyGL0rWY/P5ras+bS+bEBPlmeXaIwofoKEgm7qztxHUw/XcoOSRVK08wKVta7FNc9Q0PcqF3xUTqJI5GnRHOjUrD9CwcimQjP80ex8d2axN13Eb91l7AwXFbrVe267lcTqub882dbrXjmdy6esDVN/hNKYr3OegXgYqJYNVCCGEEJ1k3L6GdUcrMIy5n5lJlycYd2TjO6w71Z+MealEt+fE8/t4+71jxM3K4Db2sXxdPrqJP2N6Z6oeVXzP6vf2Yw7uz4yfj21ff9TUfM97b32D38S5ZFyuVaDM+1i+7gcuAOBH1+hk7rozge4+bTj36BZe2WgiIX0OqeUbeXuriXp/HbFRZRwpbfkZGHesYV1+hcs2TVxfyD1C0Pg5zP7Jfz8428Eaq66ZKq1vd5re6MIzw6W1UgBhbgtLuV/TJYPGuS2987WmslDljznXzB9PP6pFS4QQQrSbfkIGU84vY5NTZqryc8vbdqefZ4lxRG81OZUbcDQ6lnmTrCza6lxmZy4Z91tY6rRaZtiwdOalu32QGZ1qr2E+ipTsta6roLbG0Z+Da1lUqFYTtq3tOGprOk+tT8Z/sWfNzoZFP+W8/Xvfhfag5h0LaTD9lBr3qfktaAp2qp4zgK6L51G2YCl1C5qv16THbYQvxnN/3DwvV3NMlwduT3daXCoM7R/+odQsbWrHadw9biPg9qXUbNtATcYGato2tHaM0+n6TvdVKZkwm24L4fyipVRmLKUScCwydUX7nDgKXzY09VcWrxJCCCFEu5mz2JRTRrUPlFrKAD1YT7K/CKKiGsg/YiEiPhl9VT57C2pIGJGMIbgWU0EOOYcq0QxO4JYBOupLCsgr0xLbqwZjmQZdv9FMT+lPNFBdUsSB/JNc1PQhaZiB+mPHMJpLsfpHEDswnoE9HHN7Ksn+4gDVg6Zymx6qvzVhrgok1rl8Up2FI9l55FSFkDQ0mYE9fO3tH8fqH4Ghb1+SDM4LKNWS8/lejDUNUGXF0gjRPrWYDh3D2lVPlzP5HKnry4ifGAjDhjEnhzxrOIaeUO+vJ2lAOBeL8tl7uBQi4xmRZCCs0ISJcMb0BWrMHNmX347+qKs+ZcJcpWHkfbcRfTSTNQez2B7Th5SakxRbSqnpamBgfDzRofZr5hyjsCKE2JuTiNb247Y7k4gL+J7/7DZB7yFMGZtIWJmRgaPUnkFf9P7KdbvGJDA+rJT9OwqoiE5mfL8QuoRpuajrR+wwMB3Ks9+nIk7Qh5/c7Etxdj7GbgmkDQ73GH/0ZciZvGnNmjWXBgxwDaUPHTqUmvKSzrd+OdkX3vAMrHZea+UHHIuTSGBVCCGEuPyURZfaFmhrz7H/HVbvi0QJIYQQQojLqIzM99aw2z+ZkRwgO0CZPWXa/j7v5dbTvXco1acsVPiGY+jti/W4Bf9hExls3M6B4CGM72tjb1YRmtQ5JBxfwRYT+Pn40jUpiS77D1A/fg4TbR/zXg4YYsLxK7cRljoKzYEiiNFSkXuAnAt9mPHrNAYC1Yc2s3SHL1PmpTHQRyXr9fz3vPfBN1gNySQ15LP7VAi3jA9h/1dlRI9NIqKiiPzGYTw00dA8xKNbeGOjmYEjenFkr5mE+zNI65HH6r9kYQzVExtoo/BsJbF3pqPbs5bsmnAS4sIwHS6ieuAdpFXtYP15A6nDQijIysMaP5V0ny9572gfMmaE8MUHPxA0bARxF3LIPB7C+NsC2bvNS3/qKrFW2ecp+YYQpmkuFtU81rF03f0pS/dUknTncDhhISwykBN7D2AMTmbepBo++DAP9H3oHmDDGnoLKdaNbKkfzb29fuDT/TYC9X1IGt0H06dZXp7BTKY4p7AaM3lj7TGipz7CjAEoz/9oHzLm6vjafp+i/cownm9Ao49AV1OK0RrBlPv1ZLuN/4kFGZ1+V3YwY/UqSFTPMr0cWsuS/W/UjhNCCCGEGmVleuep5zc9+I9rJ4CZu566AiBuHoHXSp+EEEIIIW5AFTlfs9cSQsLUeIIOHoAyC2ZsFJgqIWYij94dzKalGykYkMrsCRZW/yWL+uoC9p4HAvPZeb6BakBzyYixFMKSZzJvfLgyNR0tKboc/rPThsF5Snl5EZmBZRzZc5yKugYIC1dmcTWa+HKXCf342Qz0ATBjLGmASEPTNPYju/di8okn4+7hROea2W0sp6IykGpsFB46hl9cEjPGOAVVG81s2VlEfeRwUiJsFGDDcga4YMKElpF3381t57fwykYLuqoD7LcGkJQ+kykR3/NebhFdw87ydV4t+JvI3gP1DeDXWElBSSVEGqje9xXngKBDezlXXwuNIVDX4LU/5qxPWX5QWSsi7Cf2e4XTWKvyWf16PviEYBiVRloPC1sOm/l2Tzk1NeBn0JCz9QBW/WiemDXEXn6qiHV/hbCk3vQPP0k9foyYNpnU0haegRuryUw1OgzRgOP5RxqILjjOGvt9GnPiU97Y6ccts6YSseN93qvRYtuX4zn+y+D6CawKIYQQ4oakeegjNA952zuArqs/+m92p30SZ9Nt9eyr3QshhBBCiBtbYxFfZJmo9w+gcPvHFNYBjTYsjSZM56F7nB7K8ymugohIPZzKx0wICdp6TOhI/Xk6YzRQb7VRU5PDezt90UcogUKzyUK9vw5DcA1HAD9/JaBntZxkz6dbyNWl8uu5OnYuX0uevhdhgDkzk5zQETye6AjAnuSEDcLigrGW2wBfKmsawN+XIMB4ugwCe9Cj/y08MawS48F9fLF3Cxe7Ns+MPrcnk/0XfQmqy2H1ViUI7F9WhrnB3j8dmHLM1PvrMQTUkg3UV9gwHzyuTPXvUcMhAkj4f3OY3g+osWFtNLFpmXJ/qksaoMdwHr0/GQ0NWK02Gup8SZmr3h+vSYb2sepHpXNfig5NINCYz+o3s7g4LJ3591hY82Ym9RHh1JQCwco9oLwMq82EuU6598ais6DtT1womPd7ewY2uui0LsHLQlMZhCYQEwg4PX+zaW/TfTLusUBYAjE+tRScqQSdDm1Nvtv4mwtbfffdd+1+Sw4dOhSQwKoQQgghhBBCCCGEuIYZt2ZxpNHAlEenkhQI1d9+yhs7bViOmDE3hpDQVwtFZs6hJykWzmWbqPbXEz0mCb+CT8lctoyv/aFem8wDN1uwEsGIOIBaTpTaICKJgXo95/THyNy+jEU7QJN4K0kBUH8ii7f/GUhNORh6GeD8Pj7LgZGzhjSvGVBs4RzAwY0sPQgEx3Nvah+CtuTx3l/zqb8UStLUGE5+uJqtNwUQRC3VoXHc4ajMWfE9/9lbRliSo/yliU1LN5JXbuGEzd4/ask+UwkRBgb28yVWU0retk8xBdZAcH9i+iUT1u8Ymz5dxhF/X+ovGZg+PaTp/iT1HUL2h/t48y8H8KOBrj8Zhe7AHo6o9aclxRbOEUJKX3tQFYBAgvzBmLOBfxwFa6OWlN6RJDXqyNudxaK/ZIEmgXuHOe69jRN7avGLNGCglmyvz2Aqj0/UOl3chNkCfr0NSubwKcfzD+TEV477ZGZLSQNBffrQnZNsN0P3EX1Uxp/O7Fs6+cbkeqqxKoQQQgghhBBCCCFEe9VUUkGIUyCwrcc2UFEBGk3zglX7P1rN16GTefwOQwuN2DXWKudrm6e111fYqAnQovHvwDjsrHn7yKkNoUudhZx9+dQkpjNvvH09orpKrLWBLjVR&quot;
01-25-2019 12:52:52 Wire.java DEBUG [Forwarding screenshot on session 0430907a08dce67eec548a3919750b18 to remote] http.wire 87 - http-outgoing-4 &lt;&lt; &quot;nVXbKkETQpDP5esPoIy1LsDzHqvcg1a153m1k/P4qy8p5QAkY1UIIYQQQgghhBBCCDWBIc3Zpe061heNy4mBxN+RQUKXNtbn9AlAo3Xd5KfRdjoYV1NdjvmUBTMBRN2azm0JTou8+4cQ1kKQNEjr2vfL0R9AGataIFTlHrSqPc+rndzH31kSWBVCCCGEEEIIIYQQolW+aEIvb2CuI/QpE5mZcrV7IQB8rnYHhBBCCCGEEEIIIYQQ4nojgVUhhBBCCCGEEEIIIYRoJwmsCiGEEEIIIYQQQgghRDtJYFUIIYQQQgghhBBCCCHaSQKrQgghhBBCCCGEEEII0U4SWBVCCCGEEEIIIYQQQoh2ksCqEEIIIYQQQgghhBBCtJMEVoUQQgghhBBCCCGEEKKdJLAqhBBCCCGEEEIIIYQQ7SSBVSGEEEIIIYQQQgghhGgnCawKIYQQQgghhBBCCCFEO0lgVQghhBBCCCGEEEIIIdpJAqtCCCGEEEIIIYQQQgjRThJYFUIIIYQQQgghhBBCiHby62wD9RVmCg/ms7/oJGZrJdV1zq0HEBQcit6gZ+CgBBKiwwlSCeVWf/spb+w0t+2C/gEEacOJjY4nZUw8hsDWTihi3V+3cKROZVfkaJ6YNYSglk5vNLHpHxvJqVDrS19m/DqNgS4ba8n+YAVflrTWL5T746+he3QvEgYlkdRX28IDaUe7gF9wAF3D+hAz5GbGD9Kr3vfW1FtPknPwGHnGk5yz1bo+W/8ANGE9iBs4hDHD+hDm3/72hRBCCCGEEEIIIYS4XnU4sGo9dYAtWw9QaG3wflB9LdU2C8Z8C8b8PLb4hGBISiV9Qh80TocVFrcxqApQV0v1eTN5583kHcwkrN9YZk5PoLu3wGGJiWK1oCqA2UQhQ0ho4XLGrV+qB1UBIgxuQVWAkxjbOpz6WqrrazHll2HKz2NLaBzTZ04kIVTt4Ha0C9RX1XKuqoBzJQXs36oldsJkZiaFt+ncNj3buloqzprIOWsiZ3cA+qSJ3Of2XIUQQgghhBBCCCGEuFG1P4+xzsLuj1aw9KN9LQfe1DRWYsovwuKy0YzpbLt70cR6PIv3PsnHW+yz2mTxuo9GC6aWMkCNmXyWV+l1d5i+l+fGklJKG1tosyXlBax/30t2bGfabbRRuP1TVud6HwvQ8WfbWIv54Gbe/tc+TB3toxBCCCGEEEIIIYQQ15H2BVYrClj3z7Vknqrt+BUjDUQ7vy4/yQlbx5sDqDZm8UW++j5jqUV9BwCVlJq8jKXRzJat3gO24Is+wjMD1Fp0uoVz2qDGxJeZJy9/u9Ri/CqLPG+Bz4p81rzTuWdbbT7Amk1FHT5fCCGEEEIIIYQQQojrRdtLAVQUsG71do6oBUF9AtAnjCB1aF+ie4QojdZUYjLm8fXOAxSWNx9qiOrjem6xhXMqTcbeOZeZg5021FRiOpTJ2syTVHgEBxswGk0Qb3DbbsZY0nLmpbnUBPT12G7asZ395Z7HN4sgOs5zq+lMmcqxBtJ+M5UURxi7rhJz0QH+sz0Pc5Xn0dXGIoz0cQlAq7br04fpv5nsUsqg2mYmb/sWthxXyU6tM2E8BQnRbtsr8ln9z0yMNSpd99ESO2YsqQkG9BpfaKzlnPEHtm/bR6HKe6H6aBabTvVlSm+VtoQQQgghhBBCCCGEuEG0MWO1kpzPd6kHVcPimfHQHB6alECsI6gKEBiCYcBwZj7yCBkjdPYForRExQS4nG48VarSaDj6KLdNgSEYhk3mviStag+rL6p0rsZMaSvZsPUlJkzuG0uyWJ/Tyolh3YnxuHsmjGqlBXR6Yp2P9Q9BP2AsD02NV69JWmXD2pZ2u+lwDyUHafWk3D2ZFNU6rbVYPYLFlWSv9xJU7RbPzF9kMHNEHyWoCuATQPe+ycz8+UQGqi4cVklejmStCiGEEEIIIYQQQogbW5sCq9W5X7LFqDJFXNOXGfelMlA1iOfgS/TYdB6dZCAo2ECsznmfjRNmlXa1vYjz0qZep77DL1AlyleoEjR1Z7NQ7BxUbDSzZXOeW2DTU5ChD93dN5afplglAzVI34swtUZ669GpbW9juxpDH/V20aFXXafKlyC321Tx7Ra+VAvahiUwe3Yqsd5Wo/KPY8oovequ+lIT7VhnSwghhBBCCCGEEEKI604bAqsmvtxtot5ju5aU6WkMbOMy8JrEqTwxL9W1vmqjCdN5z2P9Ig0emZgOZov6/Hx9hOcZphKV+qrdwt0CohZMRqdzMrez3zmq6uUOqV0Po1m1rIG+l7fReOHj61qjQbVdX6J6qwc2wYJZrSIBOgwuD8BE5n61EKiWlMljMbTy7gjqb/AMLgOUW1HLQxZCCCGEEEIIIYQQ4kbRemA1P488lVWT/KKTGR/ZyaufMmNWWUxJNWgJUJHP9kMqU/R99AxMDHDbaKPA5FlnNCgynjiXNM8Gik/Zg4seJQC0RPdWKz2gRTWuevqsyrHhbsFMJ/kn1TNq9QZiW23XPUjarCJ3D3lq8WdDP5KcM1Y7+2xDtXRpw2FCCCGEEEIIIYQQQtxoWl28KievSCVb1ZfYxHh73dSOs5rMVHts1RLR2zVIWm2zYDq8jy27T2JVCcSGJY9lpEclADNmlWxYfa8h6Ku+wXmuf8UZM9X4sntznkv7YUljiTmzGaN7Ix4lDcBrWYNgPTFq1Qsq8lm9Xe3egmGA87310m6ojhjnMTfWUnGulJyvs8g8rhZ81jLy1iEuz8zrs03o5LN1z7gVQgghhBBCCCGEEOIG00r8y4TpjNr2CKLjOn/xQpPafHUb+/+1jP1tbEMzYCKzx6tUKi0ppdQjCKtkjxps4XDc6dqWUrJ3/kC2cwkATTxTJjSw/y2Vi+p0eCSLNp7EpFJ5gEiD07ENVJRbKNi/j905JtUgMWFDuCPFKbDsrd3yPJa/nqeyQ4VPCAPvvJvbXCoHFFF4Wu3gCKIHtK1Zym1cVNveRdu22rFCCCGEEEIIIYQQQlynWg6selk0idAwotq07FVLTJjVAoZt5aMldsJkZiaprtKEteg0HrPc7dmjYQY9QZQ1Z8vWFbH7W+cDAxg4IZXos1lsqvNsu7uhj+fGUxb1BZuOb2fR69tbGYxdoIEp943GJf7prd22Cu1D2t2TSXGPdJZbsKiMrV3PtrSMC2rbdRF4q/4qhBBCCCGEEEIIIcSNoOXAalUNDVfqypaTGNWCtq3x1xI7bDRpI/sS5u/9MNMZlWxYR/Zobx168JzibxfUbxxTBkD1txbnigF2AUQZPOuunjOaVMoatEO3eGb+NJVYt8XAOtquX1gfRowdyy0DtOoP+TI8W6PRrF7KIEol8CyEEEIIIYQQQgghxA3k6pXCNJ1TCVq2QYMf+sEtB1XBhLHEc2v3nvY8Sp9eRISBUa0D/gbGT4ojCDhSqpZS2wN9b8+tJ8wqdU3bIjichFG3MWWYTvVhdLTdej8dN3sLql4OjQXsz/dcHEx9ITEhhBBCCCGEEEIIIW4sHYu7XUI1U7E9jpwqVdmq57bH7m5aiKri2095c6fbRPjGMvbuyGdkegsLLKmWMHDONNMZl9EAACAASURBVA3H0NMXrO45m75Ej7+NFA2AGWOJSk6nTk+sx1T5Ioxqw1HhFxxAYJcexET1YmD8zQyMbCkI6aXdyNE8McuxEFUl2R+8z5fugWRLDl/kJpHR3iBnG5/tuT0HOKJSSsCv380qC4kJIYQQQgghhBBCCHFjaTmw6uurvt12moLzYOjW+gWsBZms2QF3/CLVaRGnMkxnVIKWYXrinIJymp8MJ2n/RnLciqXWG/fx5al4pqhkjgJgNHPOfZtPBNFOK05FR+jgqFvQNnIEdyWFKN/XmClVSRYN0vcizH2jpRSzSpBRk3Q3j0/sRLVRL+2GGXo7BZVDGDk2nuyP8t1qyjZg3P0NxsRUz4W2AIIDUX26bXm2JVms2atSasEnnBFjL8OqZkIIIYQQQgghhBBCXONaXqZIF4Fedcp9GQd2uAfy3NRZ2P/papauz+dCZB/X4F7NKYpVpuH79Yygu8sWA7eNMahEfyvJyfre6/WNp896buymw+D0Msigw6WcqU84Y+4Y0ryt&quot;
01-25-2019 12:52:52 Wire.java DEBUG [Forwarding screenshot on session 0430907a08dce67eec548a3919750b18 to remote] http.wire 87 - http-outgoing-4 &lt;&lt; &quot;0IRJpW19L4PHtuoTZpWyBr5E9e7cEk7e2tVHuC3Y1Xs0qdEqYdKKfDK/VZmuDxDal5hQtR0tP9v6U/tYvi4Pa6PnvrCkVFLbEGwXQgjx41JhtQE1lHWoBpAQQgghhBBCXJtaKQXQl5T4EI7kegbnqo2ZvP0vM7fdOpyBkSEE+QB1lVjPmMnJ2ceBo2VU24Nv+gi3YKSxVHWle0Pvvh7bghJHkZS9lv3lbjtK9vPF0SHMGOB+ho0T5lqPdjSGPq6ZppFjefzJsSq9UJhK1OqrhmNQSf80qtZi1ake2x7q7UYQ7ZEUGkDS2Hh2G/M8ArGm7CyOJKcx0COEriNlcDj793hmnirP1sKUtGRie4TgRwMVZ03kfJ3F1yds1KsEVYOiU5k9oXOBZCGEEDeg2j28dc9izo8L5fDpNP72TjreJpzceIrZ8fZWDnvb3XsUj0wexH+zMnnpxseZ89JWBr2wi9en6v6LVxZCCCGEEOLG02qN1egxyUTnZ2FUmZJebc5n04f5bGqxhXCiB7j+yWA2WVTqeGpxj78qdKSN7UvOpiK3c2o5sjML84CxuITzGk2Yznu2EhHZnqCfjQKTSqZnsF4ly9OCsVSlrEGojphO1Rr10m5Yd2LU8oz1Yxkfl8/6Ardzaor4MtPCwAmefzx1H5VKSv6n7FfJIKo257Hu/bw29TTIMJrZ98S7ZgALIYT4cWkAfC188ftn+HfMs6x4cBA0FLPjnzs5mXIvT/wqli8W/Yu162L5xYyh7fyZ8R1LRs1ig8u2Scxf/ybTerZ8Zs7fBvH8Kq5SINHC4eUv2/v9S579/CFG/LCce5/+u7J79CvMmDyIiDa357gPC/jTnl+SZL/GhifGseQbmLbsMPOTLvsgvKo4vJr/7+WtyoflAZN4dlkGfXI2ktVlEnfEdvyXoGs1+Ht130tCCCGEEOJa1HIpAABNAndN6oum9SPVeQQjazmhVrw02ECst99R44czQm1feR5fuE91P2XG7JFRGY4+qq0dBjBjVgnOEmnwrFdac5pS92xawC/CQKfyN720G2To41YuoVnC2CS6qzwna04W2Wpz+330pN2XSmxwx7vZPXEyj943RPW6QgghfiSqvmNJxjh+9bu/sHLzHkr/+Rd+9/ws7npuK8ovAeVcPFfOxcpAwiOjUK0y5M2ZjTzZFEw8zOY9h9m8ZxfzR1+hsVwuVTYqrOVcBAJ6jiJiUA8iwrRownoQMWgUmk787L02HOaDt+EX76xgxYoVrFiWwSDAdmoLf3nkBf5dWHO1OyiEEEIIIcQV16ZwmCY+jfn3jyVWtSant5Z9CYtOYMq9Y92CkSZMqjPndeqLLAEQTuqovk4LNjm1lp3FEadAqtVkptr9IG0v4trT95JSSlWmu3fvqRIq9VLWwKP8QXt1pN1uw0mNU5lQ2Ghm944i9XM08cx8JJ20ftp2dU/TI460nz3Co5P6SKaqEEL82AXo0OssFO4yETfrWaZNDiTnq+/wjxzEiNGDidh/kK/3Z/Jd1WDGjta1b+p7SbEylf6BUTQnY+qY9oZTtuqZjTw5ahCTm77+Tg5K5uPzq5RDDr80jsmjHmfDGSXzcPKoQSzJUfa5vv6OJaMGMXnU4zz5RHObjmPboqJwLc8/t5SVazIpAGIffYUVK5TAIzdnsGLFKzw4tD03ob0sbHjC+X54779j7E8+8Xjz8X/7rg3XqKGWUDS+UJazliVvr2DJ2yv491fFULWRlVcwuOros+rYcv7usm/yqEFMfmIjpd72O421pfeFt/eSEEIIIYT4cWtznqFfjwRmPvII8+4ZS0q8nu7BAfi5ne0XGED3yHjG3DGZeY89wrz0sST1cFtUqcREsUpZge6GPi13YMBwktWyVu1T3R0KTSqr1feIoD1hTmvRaZXFmwKIMngGH02nzKplDaJiOlcxTb3dcAyeZWhdDBxzs2r2aPXRb9iiFqkF8NeRcncGzzw0mbRhcRi6BRDkViTCLzAATQ8DSSPSmD33ER7/2URS3J+tEEKIH6FC/v3E//LBIUha+CZ/WDCH+c++yZ8eHUTF1sU8tyqAx7a9yfwH/pfVKzKIbW/zkVFKQHLVLPVA2ZmNPDn9GQ4/8IGSzbpsAbCY5//2HRFT3+RPDyiHDXphF5v3tF46wNmEhYfZvP4VBgEb5irB2lbZdvLG8kAee+NZ5j86jaFA4dvPMGfOaiVA/MNq5sx5hpVtiV16tZjnm4KDShmAZo7SAI4M3w+Y1pb+T/xdcybwqlntCiSf3PUCG5a/zIblL/NFlr2i7BUKrjqm409b1py5vGGuPch5ZiNPzl0MjuzmZQvcTv47k+cuBvt7ZcULk2DVLJ7cqPaJv6vOvpeEEEIIIcSNqdUaq658CeubQFrfhI5fsZVFo7wLJ3X2XFJbOSrlp3NJ6Ui/nISNmcnCMW071jDxZyyc2MkLXs52uw3n0d8M79A1/cL6kDKhT6fvnxBCiB+TWmrMxVRUQZeQ5g8Vu2i7gnUPp0pqwfE5XEc+j+s5ldf3TG0KqAHwzTPMGbWF+evfZPjeLUrActUsJq9yOq+wmFI6kxY6mD49AUYxYTQc/uYQJ89AUmvBtKpyzm9/hke3P9O87cweSs8MpdRqo4/1LKWH93SiX4CXGquOa+34BpTg62Knc5T+eytTFNdb+fR6+MRJ8M1WCk5ZIKmTdUSrijl/sXNNuPqOr1cBTKJ3JICuqb879loYzhaV7OZmObuU+zEoRqkPFTEijUFs5fD2PZROnXo5OyqEEEIIIX4k2hlYFUIIIYRwNogHP1xHxPMj+MtLz/DOkxkk1WazZMkemLqM1c+G8o/pzxD+8yi+2hTFC++ktz9rFUj61WE2/0r5XgmyOoJpdg98wOZfeQZSvU3W+O/7Oy/f+ff/4vWcg6/NSlWP7Rx9yv8yLUDJTK09usGetTqUaW+9zfykTq3k6YUj6K3OETj1xhFEFkIIIYQQorNkySEhhBBCdM65PezIhoCuZ9nwuzn87rWt1Gh1kHuQL78rpjYylC5dehCuLefkUZUFLFtQuvFxt5qfFk4WAkxiwgidPesQWLXcqebldyyxlwvQx0zy2nbBqdangDdlgI5OY3gbpn6X5h7kJKBJe4nfzJvqVk92PNP+8AoTvBeV77yeSoYtLGal0xT3nL+1pSaohX3bt+K4ty1rDphGjM5g/qNzmP/oHP7n1iiagqop7avf3rqh3PIAwGK+zvHsb0TvwQBKBqrK2UnjlNIAG3Yp76dSe7bzoImjiHA6ztv7oqX3khBCCCGE+HGSjFUhhBBCdE73Sfxp/V4qtBf4/LFJvBP9Av98KoGKymK++O0f+Lr3PB6baODimgW8tyGWEU+Nb9/Ch+7T/F2yMafy+np4cvozLJk+iCWOQ0a/wgycpnu/NI7JL01i/vo3mTbzFQatesa+zdtFnafSL+BPb0x1Cb55EzHuN/ztj/CObxp3DA5khzWd/30wASjm41cOMnbiVC4W7iE27Tnu7KW9AgtA6pj2xi54YhxLXMY3ifkzvZ+1Ye4gNti/n7asLfVDBzFj6gZ+N3stdb5A2FReeCOdiLDBpL91P49chqCq+/OZtuww8391mD8xiOfV+tvzl6x44RBzXnqGOaOe8Www6ZdsXgaT5zq9nx74gNenKkHkpFbeF6rvJamzKoQQQgjxo3bTmjVrLg0YMMBl49ChQ6kpL7lKXRJCCCHEDaPhMO/c+yifNwRR0fOXvP1OOr2vdp9a9B1LRs1ig5ep9G3SYGPfyj+z5Ggs85+Zw/DuyuaKwo28tXgLpC3gsamxVyCo2n7Oi0HN79Bgr12lGx9nzktbGfTCrqbgqRBCCCGEEA7Vl0IA+O679q8sO3SoUoZMMlaFEEIIceX4DmLqXz5gVlRXzhdzjQdVLxNfLcMfeokVbps1sVN59k1ZJOnKcVvIC1wyUoUQQgghhLjcWsxY/d2JH1h3zkRFQ/1V6l7rNL5+zOhu4A8xNzdt+/OZrWwqz6OysfYq9uzaE+ITwJTQBJ7r2Vwj7LV9NXxeVE9l/aWr2LNrX4jfTdzZ14+nhjfXlPvmg1MU7jlPXXXjVezZtcM/yIfYUd0YPas5bPLa&quot;
01-25-2019 12:52:52 Wire.java DEBUG [Forwarding screenshot on session 0430907a08dce67eec548a3919750b18 to remote] http.wire 87 - http-outgoing-4 &lt;&lt; &quot;u5/y+c4DVFbXXMWetU9IUCB3jk/mqYfvbtpWZ/oDDWWfQWPFVexZO/lo8A2/C3/D75o2VWx7jZpDn3OptvIqdqz9bgoIIXDwnWhuf6ppW8WKd6jdlcml6uqr2DNXNwUFETAuFc2cR5q27c49yrHiUurqG65iz1rn7+dL/6gIxiQ2/z6w/ONt7NqXR3XNj+9naVBgAOOGJ/DQvbc3bbse7sf12u9rhdr9+2P+Z2woOUhlw7X3cyzEN5BpkcP4bfxdTdsy3z7Okcyz1FVd2//meOMf7MvA1B6kPtqvaduflv6b/3y5h8qqa+8ZXCkhwYH8v9tG8fy8/7naXRFCCCFuaJcjY9X3pz/96Yvdu3d32fn3v/+dull38v4ZI3WXru2gUd2lRr6vuMD5ulomhPXkz2e28rH1IHWXrs9fKK+kuksNHKoupayhkrGaWF7bV8O6Y3XUXduP+JpQ1wiHzzdirb7EGIMf33xwivyvLDRKQLpJY/0lLCcqqb5YT+/Errz27qes2/LNNR9QcldX38DhwmKs5RWMSY5XgqrnVsOluqvdtfa5VMelqlwu1Z/HNzSVim2vUf3dOmi4zsYB0FBHfelhLlVaCeg3hooV71Cz9Quov8Y+9Kuvp+F4IY3l5QQMS2Z37lEOnTDR2Hjt/zvR2HiJs1Yb1bV19NZ3Z/nH29iadZD6huvr/9/Lpb6hgeMnSym/WMWwwf2um/txvfb7WuF+//6Y/xkfFu+5Zn+nrLvUQF55MedrKxiviyfz7eP88Hnpdf27SWP9Jc4UXKTqQh0xKeH8aem/+eg/mdfd7xKdVVffwKFjRsouXGTs8JtbP0EIIYQQHVKPPwClpWpLn7YsIkJZgcHH2wHrzpk62K2rw9HfTeV5V7kn1z7HPfq86BoLSlwHHPescM/5q9yTa5fj3ny+88BV7knnOPrfUPbZVe5J5zj6X3Po86vck85zjKF2V+ZV7knLHP07Vtz+H85Xm6PPu/bJz1Jovg/X2/24Xvt9rXDctw0lB69yT9rG0c8jmWevck8uH8dY/vPlnqvck6vrxz5+IYQQ4nrgNbB6LU//V+Por0z/b53jHsn0//Zz3DOZ/u+d495cT9P/1TT1/3qa/q/G3v/rbfq/GscYrqXp/2oc/bseM6wcfZZp4wrHfbje7sf12u9rheO+XYvT/9U4+nm9Tv9X4xjLj2n6v5of+/iFEEKI64HXwKoQQgghhBBCCCGEEEIIdRJYFUIIIYQQQgghhBBCiHaSwKoQQgghhBBCCCGEEEK0kwRWhRBCCCGEEEIIIYQQop382n/KOL6aOAB92V4GHcgF4NVRDzNLY+WD7Wt5GoBE1qSO4Ban1o+VvMuth9z21Z/mD5mbWQYwOB1TZBhQy9fH3mcmkzncvxehblcvd7pu+93KP4ZOZ4Sv43UVe4t/yy/MTofo55EV1R9twzFe+24p7zXtuI9PUkbSw7aesUe/cml19oA/8pQ22O1ajraV8/o5tfdiwuvcE2Tmk/1/5kV7u/1cznXscxLzHDnd9VCdTVLeh579Vb12O26Nh56smRtK36bXtXy27CQved3fyL5vjjP/e7d91nKGf3gGgAem9WNBL5+mtk40vW5mO23htg1W5cUQA1+ODkZbW8XiFSZWOQ5ybG9qO4wlc3QMRzmOaf1Y0AulP9iPdRudy3Vu7cO+gQEq4+igueOYm9ql+fXpYpY9net9f+U5vnlkL8olE5m5Oopwp22pr04mvtdF8jOK0b4TjyHE85JlmZtZswyYMoI5D3QnwKVNB3vbTa8vkp+xi0yP7Q51mFZtY+Mmp3bdr9cR9zzHl78Y7PpMKg6x+Kd/Vp6x2n7A9v2/ue35za5tOJ8HwEOs2ZSKzvlYF5NZ8tH/MFxjf3kqk+Fzl3doGAE3Gwnq2tVzR9X7lB/4NfRaj7bveG6q30l19nTcl5AJTrbi7/hnw+mY4GQr/v7Nr5uu42gXoH82oT0H2k++QH1RNJWnOzQMxd1fEDksrvm1ZQ0lf13ockjXXxcSooP6g7Gc/dTt/NGr0N85uumTuqZj3LY7NBYtwvzPd1SuXU7t58M4900nxrJgFRG3Rze/Lt5I6bw/u45l6S6Co6B+2zgsi5u3a/64Ge2Qc1RNe4ALLmc8h27DVHy+f4szv/13JzpnF38bDyfrCXTbXGM+yLvbQ5mVEav8/1heyJKNewEYOjGdMfoAoJzDq//DDqUh7rp3GIaAWkwH1vJZvqOlEUob9vMnTJ3FoCAzuz/+ku861fFbefGv00hU+TeoOOspFpjm8d59cWjc9lXkb2C2ZQRrx+qV71/5CtLsx5Zkk14Yw9qxes9GKwtY+eulrAfmv/QaAwufYsEKYM6zTsdXkfvhC7y4xalvTuc1H+s4TmUcJdmkv7Cmg/dkJovfHUmUyzYz2x9+mSXA9Gde4sF4t98PmvpnP9d+fcexxVn2cdrvEfkb+JjbPdvpdN/dn6fzPbJzPCfnewouz6Cpv87t2fs1/6XXmBjpetXm453acRmHvR2cr+n53mt6L4H9Ok79t7erei1vY22HOWPf4rkerv8jlJ/9kBFZnzdvSP4j+dG9ml/XHebPG19mRdOGO/nn1PsY5e94Xcme3Mf4eUHzKS/dvoJ7td7Ob59Jy2dwc2/XbTXf5bLkmWNAf+79JJHeTr+anP9iHStfVb5PeWUa44f6u5588Sw779nFfudzm7YBT0/iiTu0QB2n/r6Bj9fieZ1TJ3jjoQMdHNFjfJZ5u9vvz3B88z3c9Sfv+zm5jcSfvcXv3/+EGX28nat2fgXZbz3AI/a3qdr5jrYf/Msqnh7m/i9h8364i3f+83NGdnHfLoQQQojr0RXIWLUHTjnNH7a/i2H7uxhKrPSPfJivBrsd6hdCf/u3r4aGqbZ2rMTehv2r00FVjvHa/idJ2v8kr9lgRNQf+YfT33Ozu0YpAR3fKMap/J3nnZlP7O0qX26BTd/+PDrgVq9n22zrm879pFrPPUPnMdtp/4sae2eCYlwDrnbHzz3pdH4wIyJdz28fe2DUWs7wZQUMX1bAZ9YA7prbhxe87F98GoaP7seSIW5NhfjzAABhjNGpvd1q+aypjUa0vbo1tfFAdKDyLAICGePeLkBYKGu831IXRUcKmvo6fFlBc1CVMJb0DVACwMss7Kv1YXiKwd7nDrAHTcsyN7MsYzPLMoop6xXF3FcTvezPx0R3Rr8zApchhnQn5YW+bo0XsfER5bxvDtWhBEaV144g55DkUCX4GRJKnynO59qDp6eL7dfdTP7pLsSvHkcquaxp2oYS6M3YzLIMe1AVSL3NHqy1HxOeOo7Ujt4jx2i2PsjwKQ8yfMq/2cdgFix7yMt+5cs5UPrAyBjlvaGJYcw97bjoE+MZrqlk3z8eZPjW09A7lTVPdKz/tT9EU/51GOVFO7kENJ4JU17bg58B3ZK4CcAvCb9ebif3Wo9fsP2cop1c8htP4M2/8rxI/2zPoCq/IqTbQGXb1y9QX98Vv97rm4Le7WYPbNYfjKXk/2Ip+b811OtmEvnrRU4HLSJAp3zn13uRRxNdfzIan+pvKP+/WCot4DfsC5xDzs1tK19NQVUeofugOCWQ+3+LqK0OJeDWVR6BuTazB1Xrt42jdNo4SqdtpD5qKhFLn3M66Dn87VEwv/jnVJv5byk7/gFLVjd/vbs93/WAoC4MBSCe6HCVJxzfC10AQAA6Q/wV7y98xYu/for0h59iZX4VSgBReb3AKdpTnKVsc3zNfuUrWPEy20tAE387L6bdyovT4tBgZvsLa2DFy/ZjsylGCZilP/wU6U1BtZkMjDRzxBG8S7YH4h7eQG5lMInT5jHduZsh2qZA5/xYlR/kc0aQGFJF7odPkZ5lhsiRLJ7TuTvT1OeHsylGz8SXZjrtbb5P6Q9nUxwSx73PeP/hFTX2Wea7bVv/ygvK+R8WUIHTPe5sUJUCVj7seKaQeN9LvJjWfNT0JIPy/2OIgeQ09ZbCdfaxpA2in0rQncrma2wvcR1f0/OJjPEYc7OZLH7Xta/pWWY08dPcnpvKe8F5vK29b9rtNB9/Mof4T+YQn3sYetzHf5Ltu+xB1UKjff8nH7KHQTw3&quot;
01-25-2019 12:52:52 Wire.java DEBUG [Forwarding screenshot on session 0430907a08dce67eec548a3919750b18 to remote] http.wire 87 - http-outgoing-4 &lt;&lt; &quot;9VmULtuDqhzmz/Y2/nwWRiW+xT8dnzPFPUuaFqWN3MOU+w9i3tg7O9VjLp5l56R1vGH/cgmq4rTvCxvd7pjBg087n2zjh6ZzT3C+Sw9GvtLftf0uQXSzfztpsPvHo8DTMfTuUsepvyvXoHeM2zXaz3bwnySm3kNi6j28erCCfpP/yu+97E9Mvcc1gHkxl1ft29edxOlce1D15DantmHkY6t4x/l/bafzE9/Kxdbndj57Hlb+5oHmbSgBW5drP387I7tUkP3WPSRuLgb7eUIIIYS4PnUgY7UVgwdwix8cK7FnogIcWssHoQ8zq8dk5lKsbKuvpdwvjJ8MBg6N4ycaKK+vJfTy90gRM5IRvlXsLW7OQn3v6G+dMlIB7uMebTBUmzkepGdQ11vB/JVnWx2k1Y7kRVpv78UKM/d07889MfDeCUA/j9uDwFZthiA9STHACe/nH6+rgqBQz0/p2+iBaV3oSy2f2TNNAV76sKApW1XZ38i+w837V204z5g5OoYP6klTmmRtIzZ7UHQVGuIDGrHV+qD1EgFaZazhoV7B6LoB9GR6Lx+w1lIUFkB8dBh8b/U4p29fAw98VdHBkQIEKIGJSgAr81d4XqPt+jJ1eBc4XeyUzZnLmoxc1/2V58hv2l/ExnU9mPNAd+LnwvdOWaABg6NIpagd108kfrA/nL5IWa8u9EjuC5uU84e8oCeci+Q7Zc5mPr2ZzDaOS+v0uUfbz2urzewunM7wIcNZcs/yFv64dniI6UNC4NRpinr3In7kZPhELTvV0wN6p4G8sZDhb3S0z635KwFdu0LVERqDB+Lb7Vdw+m/NuzV6bgIuAZyejk0t27TXerQ9ByrZrE1BVYCB+PgBdQB/ozL7byont1VzYLM5C3UhZ//PNVtV8/M78aOcegv46ZLpCk4ZnY/g55TldOGvsW7Zni2JxScIuAjwDucWvdPK8S35H7qNjobijU5ZqH/GMs01W1Xzx1vx4yL1xeAXleg2lmtIbS01AeFEx8N39EIXUEtNbQCBTv9+TojTE0g5ZeWhhIf3Yij5ncxIvbKWvJDNwHdHknjfNAAq8veypC0npnUnvNJm/+2hJ+Eh2B/aV7z4a8fP1FtJBqisoiJEz8A5wIqZDIyEisoqNE4Bv+k6p7kwK14mvaMpgKrWcKRkJFFdu3sJ2p2hrBKiuvZsoQ09o565lSU5l7NfbpqCy81ZqOtfeaE5IxWAmUyMD4YSM8WRevol3QpbXH+HqaisQtNnENP5CpIMaCqrqAgJ9vrhyJJCMxMjQ+mZBjCPUZFQUWKGSMcz8zxn+jNDiKKK3A1OGbPenltIHBPn4DYO8P6+uUwKvudQ/CBG9XqWOQe+J7VXL6g7zMdNyZif8/P8IexNHMS9ybCCcYzyr2RPbnMG6oqsx1yHH9qVUOAsQMHLjCjgyng6ht5d4PwX9kxTgFe38sPgGdx8yzhSXt2lcpKNiovQrbsWsCmbLtZR00VLr6eBV5Pp1RtqLtYR6PTzIUUf1Pzi1a288erlHcrK0jKeJhzDTKCdnzn8X14xM/oo5z44ZjT9qCB7Q3MQduVvPmLcf37OyGmPwRqV7NI1Zs4+lkiPiLuAz1q81oMRTnOE/vRrEv/k/VghhBBCXPs6nLEaGj4C08SHMU18mFlOv0HPDQoBrHx7yPX4Y7W1LhmqUIm5HvqHjoPBPemPlVyb53X6Rz7cdB3TxJ+xxn3aTRvNDggFyjG1ND0+JoZ+wPGKP5NTDdqQQe3I+tRzT8rr5Di+3DJObdVmbOi5vYWs1SZV5diAHgHKsUoWbRWHLdkcboB+mvtaOPlWxoUEQ0M5x9vcd1cxIT5Q2+A1dqvsr2G3yzxzK6crccpQBSrrseBDfHSYkn1aW0N+pffrKhmqjVjOA7cG0RcoMp/keytodRqPLNIiay0EBDO9Dbe078A49s11fDln1p5h/elGCAt1294RXQgJgVrrxZb3nzjrOkV/UxUVgKaHU+GF0xeppQv9PLJWWzA3jHCg7NguzKchIKZHUxZseJg/VNZQ1q7xOBSxcd9FCOnO6NWTmTm3Q420aJXZCoSgi2ne1nfSSvZtcnwtZYkjM/WJ/sp7I38h358CbeyQNmcYr3p+H0WEMPwXK9nnliF7WfUfgQ/QaBtJQxXcpElzzSg99j719eDT00roSLVs0yQC+47nJi5Qf8q9jMCvqb1wAYJ/RugtRkLcs2HbRQlsSBVmQgAAIABJREFUNtoKWzjmEYIiQ6E6j8pv82gkjoC7nfe/w7nDBRA0mtDfF9Ljbs8W/IYVEvl7x9dBuo927FlIZVE56Ga6be+IaHw00Hje2MIx/0NgbBeoOErV50dpJBr/BZ25ZueE95vF/AzHVzp3OSedVldTac9EHWoIJ7C2DEu189kjiAgFys/ygaUc7EHYa0HU2NdY+67jyzkDcg3b86uUbysL+PiVtgW3picZ4ORhe7DM3kbkSLe2HcqVwGXsTJgTQxRmjp90PWL9K99TTDCJ973GWpfM0stBCeZy4ZxKcI+mrM6KC2fU9gJmiktAEz+iDR8ydZwSXC7nTEtT4efEEAUUF77MkRLsAVRXZRfK7dmst5LcJ5iKk6YWf84oGarKdZVs2CqO79zLccczUxHVNRgqTRxobdp+pZniSohKVstEbe1901mfU1wN+Hcllkh6+EO59XvXQGnBWc4CPULuZE5IGGCluKVg6YFd7KmD2OgV5DdlunZSlx6M3zqDJ7bO4Imtk5iEI9hp47RbkPP8uTqXDFQX6RH07AI155x/ca9Wgq2Dk+Hp7nTDxhm38e1/xsR5/On9yxk8sTyZy+33CVFAGSanoKp22M/Jzfyk6ctbZqjzuf26a+DicXa5BGc/w3Qe6KbnQbUGno+nH3C2tOWgKsDK33zDcTSMfOwTct9/rI2jE0IIIcS1qsOB1fKyvU3T8z/oUMJgJd/aaiGwC68GhUB9JSdVjnItBfA+M9UOukxe1Oih4RifnFCyRvFVskbbxq0UgEt9VqAum23VoNVO4nZ/b22osQdKq7/nF+av2FVZBUFDXMoXAPTr7gjqTmeEr5lP3K9/VVQrQdGQACUYW1mHZ2JeAHfZA54LevlgO32e+d/DC/oAqK1i/VfwktlLANVczr5a6DuwG63FE1xLAbjWUF214TjDl5VThA/DR8exb04nSgFcLtZijp+GgMGx9FOvkuEhtX9zNmzmMSUQGn+5gqDLdillCyohPHUyc1d3vhRAa1xLAcxj/ifK9hfie0HFIda/AS/lnwbNYKa3eTr/cmZOeZDF31dC71T2bVrZ4VIALQnWKpmmtcegynYE/MYT4DJj8m9UZodRfkbZF3SLFa1zKQC/rkoZAdSn+StlCN6nka749fUWnL1MRt+KXxDUH36Aim++or4a/Aa5Tdf/9A77VH5HELWlUgCuNVQr/jlMKT9AKAF3FhK5sBOlAFpz12j8NFD/zQIqPvuG+grwG734yl2vFa6lAJxrpAKcpbQcAoNDCQ8OgOqLlDvvHtWDcGoxFeyFPWcpIwBD3Ij/7gC8cC0F4FrHMqqrvU5oC1PL3UV1DabM0hyEVabFZzcHR//qHEizceRkFXTtznxdKFTa8AxhrmGBo5xB5EjWvvtap0sBaOKn2QPJI4lylDhoomeiI9Bsrys7u4Wg8pGdBf8/e3cfHlV95n/8PQLhUYUAkkCCRpFSlDSgWBKrKIUALtSSIaEM7rLWan5VWypBrU2wLSRrq2BrK9pYKcuuGUpCwrawiEBRpCZUFClUyioaHgJJAINgeBDQ+f1xzsycmcwkmWSSScLndV25ruQ8fM99zow4uXN/7y+nGcA3pw5qXlDN9OB1A+DMPv6yzKg0dVeD+vhoPxV0p88goyL0xPFP6g7UYwizzfv/ZixU/PVpXsBIxFK5i59teIMdB89CbGLwhKe1vUOuJXHvkxj/jL/sMOKcPsq/Q39D75u2aD3/vvZehh04Al2+yuPTlvF2WFsBbGRjSCdfzo3upOz/60/XQ/vNVgJu5ziy7wL06cmEAd2g9lyA2QA7WD6hhDd3XoD4a3hko3+7gdBZE6dpg0/ztyU/4KeW/f6tAO62Vof2GsE8z7nw&quot;
01-25-2019 12:52:52 Wire.java DEBUG [Forwarding screenshot on session 0430907a08dce67eec548a3919750b18 to remote] http.wire 87 - http-outgoing-4 &lt;&lt; &quot;8au+5zbIcv7uyXF89t5/+o4f1BLuNlsXMHh8vQlfERERafvC3mM1/9wZwJzib3F9VBRcPIP1I9iHx49zqvNAZvaJ4tRnFT77wu2/zp8CrmBQ0L6pM/haN6DT9WTd9KyxUBQNVYeG5mfHP+QzunN5p4aPBTh2/g0Y8FW+2gno9nX+ftOz5iJZ3Y02BRZGj9U/8/YXNKtaFWD/mS8hqhPBcsrGfv++p70Z2AM4c8GykJCZFO19BXf3hvLqQBU63h6r3t6nV5HYG4jqzpzMIZ6FpRIG+E+d/JQHy88DwdsLNN5RMsw+r0F7ujaoljNnIKp3r/r3WypJAbjLmDZ5+pjvtP8tmz/hPF2ICtSzro4RDBiIp6rUvThWn+uN3q4nPr0APboGWKAqFGaP1y21QC8GhL1y9QzH62lxYfguifFAz+HMWbec7ROMcs2EYaFVn77y4+8z+q4tlDfh3Ib9lk7d8SRM3YtMXXb5b+se+uHXzT6p/lWtJ7lY3ptzJ09CsP6r/IDat9zHBOjj2igf8eU5uOzy64Ie0fMrN3AZ7oTpE0R1A7rdQLc61aUv88lT11H53j6oU9XakCc49tPrOFV+KsjYjXGAL0/DZdFXBz2i5y1DjXsZv5WYNQ8R1RPoOZSudzflei3v9eOn4Irr+OoVcOL42z777ux3BRDFoFEzedC92NUV/bkzEoE21r2P8U1z6vdpujPi9sZUi97BVVee5cRh/+2W5Khfkrbi74c53WMI3xzWndMH/+luQFSHN9EWvFqysbw9VrOwmwtXeZk9Vs3+qMGrVU0bXmRbJVDPlPrm+vNx4zPRVUGT22blrTspai76VPc5FfJ/lRD3DSOh/H+Bpudbeqx6+vG6+7GaiW1jYa7uRrsBPxUnz/rE+kKOtx9vHcveZvcZ6NkjwEJfZrzB3jdhceEkH1HJsQtwRe9E3yrTIf3pDxw7s55lZz4FehM3JPAwPnZkGz1aA40ZBu9WnwPMKfwW0X27QO05ajxbzB6rvzvG5/hXqxpqtn3K5736c2NSFz7fV2U51++aj64x+rRiVrg2gztxWnIQ/KtVG2TtkWpJun78yWnodS23+bzd72ZQNFBTzXL/81813o2NqVa1MnqxbuJj4NobVLkqIiLSXoV/8ao9H/DWRbg+1o5nVtFwOzN7wofHLH1XAQ7WYszMP8/u401dlKqR9v+Nt7/wXdTp34bm8febjMWr/m1oItdylrcrrItAEXSxqCapfpGXPjvb4GE/63c9l7srZ/tdz+U+1bBG8jRwm4I3uL/yQz7rdD1ZNzQ9IfzKmlrKieLuGd5EZs6MIWw3F68y9vsu8nTP1GhGR/n2XQWg5guz+9Z5djWypZmnh2vZPsviWUDvbubiWRZvHDT2NVXiIDZnDmHzVKMs9JoelwEXObKr/tMCM6fMD4yzTJcfQYZzsrl4lXdKvXdhqgSmpBkLQ+3N9xtu3du8u+dC424jZwB9uMDhV161LE4FDOzNWGBXbjUn6MUw9yJawNhFja08td4DJPbvClzgzKFGhdYIk3khZSAc2u6pSg3mnl+MJgFz8SmzmvVPh4D46+u+NwLIyV/O9nVPGcdO608/4LMTlc2+A6uoG7/FZWZi9NRbxteFs0D3W+juOeaAZRq/u2fqAe+U/4t/5+IROP+PZ4yk65WPeqf8D/wzl1sqXDtFXQlU4QrUp7VB5jT+fhmWKfxP0f/nH5mLVz1Fj4QrzMWlzIrT9WV8yRV0/sr3AhwPPXtfBZziy/rarrglv8KAn3/EgH83xup8+RXAUS6W1X9aYH+kpuwAxE2hn2d6/+P0W7PVXLzqcbon9oKKtebCVrdR9fIOvqQXnW/5TlMu2PI+PcvnAJyiaptl+7BxXHsFfF79nrfi9WMjURYzJiKRNkIGz33DqIBclfM0q8xq0QYrRVO/yrVYpoGnfp//WrqY/zIXfzIqYP2mtG/4xJyOfpaP/173fzxGxaO5gFJqX/rQiGRnOGx4kVV7zwZYdKmuF3KCJA7DZdnbdRZw+tajuZ5p8p6+piu9CdG/VBJwkSkj8QlU7m9cz1zgwdvNxcs8Cdc1RkI0QLsBT+sG62JTZpuCut7gZ2uMBLaPxrxvmsO90NSRp1nGev79iFFl6l1sahL/OeyrXOHuu7pjK9su9GDMMO8U/3u/sYS907yLV/n+bLQX4NyxQG1om2fRfg7VQvREozUAAPMmcGM81Lxl6bvqVryVv+28QNekEXWrTYtPm8/+Ake31S2XmPAHbwsC7D3pSeAEbVP89F838TFxpP3vgsBT9UPgmao/2zvW7F+nGwtOrQnQX/UXPzAXv/Jb3CqIn//3anZvMRfKyhhAf+CzT1r0v3gRERFpQS2wVNRuMrZA4dhbmPnN+5hpbv2wcil37PE/divvnB7K9T3PcPAg0K/uaNfH3sfhWMuG0x8waFugRvoNeYP7d8Lvk75F1k3PkgXAWd6uyOb+6jv4fWx3+OJDtlqSAT87Xc00v8WiLr/8W/z9Ju/H/o8/mYuRCzJ6rFoXKP/4k7lM86vA+68PdjHtpq/XWVjKd9xqVr/7Iv/FDFZ3A87ttyR332DrmQnccnkctw2g7nT/6hd56co8si7/OquvWVnn+o1zlIx8KMy8gu2Z7ul05/lT/kFzASvv/jmZQzByGF+yvcx3ij0Au06z96bujMbo2dpwZ4XepPS7DM6f9enhmlt9nrt7R5F4B/iXQOT+8yzjkrsTYP1Zj4SvDGH7VywbPj3F6JVHYddh/nD1tcwZ2I/tmcYbsPz/DnoW6gpZ/lbyuY3MsZPJdGcsj1SQ7140yrN/GJlOs4HBmU8o+97bBMrl7sqtZpgzroFK0wQGX9MFznzCwXXerVs+rGXYQLOyNH83hQ7IcMaR6XT/OlrLXsfWRixEtZvCLb3JHOs99/yevaxd18BpDUiYsJzt7t/iTu/hucw/BN8PcOgjtkf3gNN7KLUkYHP3HuHu+IEkPgKYi1Fdnvgdtq/zJsvKN84m41eQm7mFxHVjuXvdcu52X/fHjVv4qnEepnPPK+Him1y0JDrPfvZ/dOn+FTpdD3xoJEw7fz3XmMafAPB/XPBZoMrtec4cSuXyhNuNlgBHvsX5I9/i8+gDdLsylytuNd6pXx79Og3/ySaI/5lIJa8RO/IjYkea244XUvnbJ+Dbr9EZuHjIsphV2RtcvCOZqNg76MnLnOYJjr03itiRGcT+3PiN8svyp4zp/mblaWfr2Nbxy+6h9ivvcUXCE8T+3LjGxfcmNn0xqefuoYpXiBm/lZjx5raKtVR9/5cw5xXjXvZaFrP6UxkXZ44i6rpkevJHc+PVdF+z1ZME5/QOPvuO8WJelvgQMWu8VUUXN91mWSgrdH2uncmD1v8ZnPqIF9Zaft57hOM3DmAQZzkBnn8Hogf1oSvnOXzY0jtg2zFOXHsFffoFaQcQNYAUx0xSfK71duBjmynuG4sp/oZlQ+Xf+AtfN/p17jAXIHpmE6N+O5UR33iMB5f5V3haDLqcnif3e/uVbniRVV/LZfawqRQvNRbBck8t9/5/0lxAKtZMnH3Nd0j3IlrfXLqYb4JRUdnIfq/N9Wef+67vf9CF/GVvolnJ2RLe4Gc/gJ/9diqzly42k0dn2b0yh59tuIOfTe0OZ/b59DU1Fp4yF5my+PPfDzN92BA4eRSob1EuN7Ma1icR+wY7Do5nxLBBjEr9p9/xhcy576hfrBivW06A8sQNL7LtdqPtgHVb4PdNcwxk+rRlTDd/OnVsJf/iXqxqRzbDyGPv1TPYO838Q/eFf/LLte7Fqtbz72vhP6fM4PFpy3jcuCG27X6Ifzf7ki776xrGTpnBmBHL2DsC4AirNoU9rQp8yKppMH31CG7cmMaN5taa10pYHmRxqXcf3UvC6hHET5zAhEXW9/EOjhy6huj4c5wsBvz+0LPxu/sZuPEa73Vqj/Hmo+Gar7aEu18dxu7JI8j89d0s/5Gx1WgV8O/ew2p3s+hfnmx4rLHwpy3jmbdlNUb++DR/W3IP3wtSEfvTf91E0pbxRjK28ElvVWs9x6ZtWU2aO6YfhVbtKiIiIm2HrbCw0DV06FCfjUlJSQzc1JzVmSOj&quot;
01-25-2019 12:52:52 Wire.java DEBUG [Forwarding screenshot on session 0430907a08dce67eec548a3919750b18 to remote] http.wire 87 - http-outgoing-4 &lt;&lt; &quot;/JZ/YfQHT0c6jHZh+9DHuNUZbJElqc9bjl4sy3wv0mG0affmj+TWGY9HOoxme2vlLzm3q42sCNQM3RL38smiWyMdRlj0nfcWNY70SIfRoGhnES+veT3SYTTJ96beycwfPRPpMNqMFb9+tF0+j/Yad1ux4tePkrjpiYYPbCN2jX+KJWmlkQ4jrB4qSeGmKd+PdBgR9+7aFyMdgoiISId1zmX0Xty5c2fI5yYlJQEt0QpAREREREREREREpINTYlVEREREREREREQkREqsioiIiIiIiIiIiIRIiVURERERERERERGREAVNrPbs1Lk142g2d7w9LouKcCRtn/sZ9ehsi3Ak7Y/7mXXppr9JBON+Nj26dY1wJM3jif+ynpENpLnM+G1RPSIcSPO578HWrVuEI6mfO74unTtFOJLQuWPu1lX/LwXvc2hvz6O9xt1WuJ9bj07t4/9j7ji7dG9//+YE476XHt3bx2vQUi71+xcREWkPgmaH0voOas04ms0d711X3BDhSNo+9zOalNC+kudtgfuZXTcmOsKRtF3uZzPp9lERjqR53PF36nN3hCNpHnf8XYdPinAkzee+h6jbxkY4kvq547s+LibCkYTOHfNto/X/UvA+h/b2PNpr3G2F+7lNjR0Z4Ugaxx3nV8b2j3Ak4eO+l38ZNybCkUTWpX7/IiIi7UGn9PT0n/Xt29dn4+9+9zs2//Jpai6c56Nzp7ng+jJC4TWsZ6fOfKd/PAuuuRGAb/S8jhNfnGH/+RouuL6IcHRtS4/Lorj7ykQev2oCACmDOvPpORcHTrm40HZf4jahR2cbU6/rQtZoo3IgfsSVnKu9yMmqc3x50RXh6NqGLt0uY+g3+pI8Mx6AlFHD+PTUaQ4cPsaFi+3nv8Ue3boyddwtZN33bQA6XTEW18UaXJ9/DK4LEY4uBJf1pFN0Ol0GPQlA1LUpuM58yhc1B+CLdnQfGJWq3UZMpef4LACiRo7iy1On+PLIYbh4McLRedm6daPrnd+k573fAyB+QF/Onb/Ap7Vn+PLLtv3vRJfOnRg2eCApI4YCMHL4tZyqPcuR6houftF+/vsNl25do7gzOZHvTh8PtJ/n0V7jbiv8n9/t/YZRc/405aePtcnPlD06dSVt0Giyhxl/QLvmpj6cPXmBE4fPttvPJl26d2L4+AGMfeBaAL4x+kZOnKxlf0VVu/os0Vw9unfl2xO/wY+//51IhyIiItKhXaQLAFVVVSGfGxNjFKXYCgsLXUOHDvXZmZSUxOenKpsfoYiIiIiIiIiIiEgbc85ltJvbuXNnyOcmJSUBWrxKREREREREREREJGRBm2wuy3yvNeMQERERERERERERaRUzf3drs8dQxaqIiIiIiIiIiIhIiJRYFREREREREREREQmREqsiIiIiIiIiIiIiIQraY1VERERERETalz7f/izSIUiITvzP5ZEOQUTascSHrwRskQ6jTaiuruaxuY+TlfzrVrumEqsiIiIiIq1gyMye1JyrjnQY0oFEdxvAvhWn62zPyMiIQDTSFIWFhWEbq73+GxPsfSwijdOzV69Ih9Bm9Kzt2erXVGJVRERERKQV1JyrJj09PdJhSAdSVFQE6BdqMbTXf2P0PhZpnu7du0c6hDYjKiqq1a+pxKqIiIiIiIiIiEg71KlTp0iH0GZ07tz6aU4lVkVERERERETakI//cRf/F7OOyf0iHYmItHWuL12RDqHNcLla/1lc1upXFBERERGRiClbaCNvW6SjACgjz5ZHWaTDkJBVrbBjX1EV6TDqaDvv7ea79kYlVUWkcT4//3lIX1u2bOHb077NkOuHMHLUSJ544gk+P/8527dv54477/D5WrN2jc+5TzzxBHfceQe7d+/22e5/3pwfzeHEpyc8+1/b8Fqda7r333HnHSxbtsxz7LJly7jjzjtCvq/Pz3/OF1980erPX4lVEREREZGIKiPPZsPm+bLjrIhQJAutcdjaZPKsI5s4caLP87fZbEycOLFZY/q+po17b5UtDM9rX7XC7ns/C5VGj4wqnBmB3gf1/dtj7rO+ZhVO7I34d6El3sciEty5s+dC+vrRIz8CYOHChfzbv/4bV/a+knNnz3HmzBkqKiqYNGkSmZmZZGZmMnTIUM95NZ/U8Kc//4mKigqcTqfPmBUVFQwcOJBJkyaRPCaZ//3f/6XglQLOnT3HtrJt/PCHPwQg+yfZTJo4ifWvrWf9+vWec6uPVnvGqj5aTUVFRcj3de7sOU7Xtv5CeEqsioiIiIhEUNnCFChz4XKZX2WjKN4agYTmtjxSKPXG4Spl1OrNKLXaerKyshq1rbHKFtp8X9NDdorjG06uJs93UTwzpsnXBaDCyUOr7VR63k+VFOzerArlRvr4H3fx6nHv9/n/+CP5K+7i/624i//31hucavRIZeTZYimeVun7PljmfiVyKbX82zNrmfUVSiPN8ppVbS2G9LQGrxju97GI1O/ixYshffXv159Tp4x/RdLT07n/e/dz8eJFz3gDrhrAwNiB3DH2Dvr17+c5b/369Zw/f57Bgwez9a9bfcYESExM5P7v3c9DDz1Ev379+HDfh1y8eJGS1SV88cUXZP8km29961vMmzeP4lXFpE5I9Zx78tOTHDx4kIMHD3Ly05NNui/rPbQmJVZFRERERCJsR7klfTkm25PU8q02NKfNVzixW6fQb8vDluGkCr8KQUulmXWclCfrCWR3uSWRmkx2oQMzEktlmzcx51uR6LvdnmHuM2PzuRdPbDtYlOF3f557rLvdZwxz3I4kNTWV1NTUoD+HpozNT+ZSOj/ZuynOwRInZuK+CmeGJcm6Lc/zuvhM9fd5LeomZY33QJCWDkXllHt+iMFRmI07GutrGfhaftsz7OY+Iwaf957lvbDjWe/2jtIWAOC9kzHMnLmO380s4Ls8zVvHG3nits3kLCj1TZTHOSi2vi9MVeU7/LaMwj5tB5u3AVSxeZ+dedMavmR438ci0pBOnS6jU6dOjf767W9+S2pqKsv+sIzUiaksWrTIZwGsvP/I477v3cfx48d9ztu4aSODBw/mkUceoaqqinfefcezD2DlypXYp9uZ+q2pHD9+nPHjx9OpUyeOHTsGwPXXX+85Pjo62ufcolVFTEubxrS0aRStKjLvq/H3ZB2rtSmxKiIiIiISQcnzK7Gvjg2YJEqe761kLV2Qw6IVVRDnYN6CHDPZAWUbc8id6yBmWx6x++Z5jyfFSCxtyyNld4GncrB0QZBAxmRTOa2Y2DpJtCqcGYtIOGSpdptrxBgzs9hzvUonPtVuJSPMWAodsMLuWzlpSerYn/W7P8rIiy9nnqeKDlIWlkGFk0WW+3B5kr4di7Wyr1lVfhXl7EhPIMFvc0zCKEr2lQc8pa4y8uKLsbtfe1cxjjjv3qoVdh5iCS6XN2HqEeeguAxSLIlSd6KzaoWdRUMqPZWs9tUPGe+1OAfFnqrKAnAs9SZsi0aZ74liHBV5xFqrYa3vhWlLzPdNLjnPdpzk+8i4r3EFAH3od2Xjz6sq30HaEP93gVWO5zWKXW2n0i/hmjBzHjzrpGrbUoqHjKvzfgombO9jEWlQl6goukR1afRX3OA4fvCDH7D6f1Yzf/58ilYV8eGHH3rGW/ryUv7+979z7XXXes6pra3l3Xff5csvv2TTpk0AvPH6G579AF/96leZNGkSn332GenT0xk3bhxdorrQv39/AKqrqgPGA5A+PZ2lLy9l6ctLSZ+ebt5X4+/Jf7zWpMSqiIiIiEhExeAotLQCmFtOrKVyMFClafKEXHI2epON940xq82eTPE5fkd5lZFYmTauUUlIa6LU5ZpHeXweZZRTXlTCrHgzQRY/ixJ3JeK2PM/1Yh0lPmNZkznl+0rInVC3Qg5GkWAm6hKGmFOMK8rZYUn22JJzjEraOAdLLInfjtr/1V3d1+wqv7gERvlUjBoaTrRZVJSzI93OuLi6u0ocscSutrOkvpYBY7It76dKEp41kvXl+0oocbj/mBDLrKISyv17fsbPwucdZUkS1/eeHpUQ47n/hietd3wNJ9LNVgCHCkgL8H6BZMaNKOahZ3dgv63xf8oI2/tYRBrUNSqK&quot;
01-25-2019 12:52:52 Wire.java DEBUG [Forwarding screenshot on session 0430907a08dce67eec548a3919750b18 to remote] http.wire 87 - http-outgoing-4 &lt;&lt; &quot;rlFdG/1VuLKQP//5z+x5fw9Vlcb/S/v27UuPHj0AOPXZKaqrqqmuquaLi1/QNaorGzdu5IsvvuBrX/saAEOuG8L619ab1+8KwOibRzMvax633HIL7777Lp07d6ZrVFfumXUPnTp14vEnHued7e/w5z//mZ/85CdUV1V7zr3qqqu49dZbufXWW7nqqqs844b6FRUV1arPHpRYFRERERGJoCqcGUGmUfv1qKx0WtJEY+6jYPci8pYVM2quUa0XkzAKFlh7pBp9MhtboVi1wh5k6nQCCelpFByyJH9d2SRTRl4ylv6MuUHHThiSZiSCGyMugVHWvo+WikRv4reUUdZqxg4mKysrDFV+yYxbkGNU+7pVOHnIgSVB5k5oBpoGjpmcLWZzgJ6sac5Ko8I5WEuGbXlBk98JQ9JIc1b6vFezx/j3Gy4l2DsqJmEUJer/2zhjxpH7ZIrva1HhxO6/kJi7wjjA65k8YRQlI+b5VCs3RnjexyLSkG7duoX0tfPvO/n5z37OTMdMfv/y7/nRnB8xdOhQunXrBsAjjzxC6sRUUiemsuXNLXTr1o2NmzYSExPDkueXsOT5JTwy9xE+++wz/vrXv3rO69KlC926dSPzgUw+Lv+YN954g27dupGcnMxL+S9x/Phx7vvefcyfP59jx47Ru3fvOud269aNLl26NOm+unXrFpHEaudWv6KIiIiIiJhiGDdtB7E2m3dTegGVhclAAnZiibXN8uxKcy7xnOeYOwpbMpTONzeNyaay3I7N5q3zyy1zkT3mPgqejcV6idwJASK5zc6OeBvew9IoOFRMMpBcOM+oJPSJ0cG4BSmk2HK8gywoDXyXM5dQkGGJYUEprvkBDwWSyT42UvZrAAAgAElEQVRUjt1m81YsLijFdW85dksVY5qzkuxgQ7Rz4arwS57vonShzfLaG6+pkSCLwTE3F1uyjRwgLT0NRtQZgeyyUdjibcyynD/O3Bszs5hK7MTaii3jmsaMY1RyLDaHd1NumYvsOGBmMfMCxTUhlxQzHvMMAr6jxmRTOsLm/W/DfD9KIMlku0rJs1lfC+N54/+niTHZVE6zE5sBlYUJPttdY0K/sipVRVpHlxCTiS+99BKff/45VVVVxMTE0LWrUTX6taSvUVrq+69uv3796BLVhV//+td0797dM9V+ypQpjBw5kt69e9MlqgulpaWe7ydNnkRpaSm9evXyHD9p8iQmTZ7EgQMH6N27N1de6e1pYj0X4IHMB8iYkdGkaf2RaAVgKywsdA0dOtRnY1JSEr+bua7VgxERERER6aiip9WSnp4e6TCkAykqKqJmdS+fbX2+/RkZGRl1D65wYp8LSzpob9r2qrCwkBP/c3lYxmqv/8YEeh+LSONN+/VNkQ6hzThccZgZ9u+QlfzrRh0/83e3ArBz586Qr5WUlASoYlVERERERKTji3Mwz13laVZ4KsEqItL+de6s1J5bJJ6Fnr6IiIiIiMglIHm+q54WDCIi0h717Nkz0iG0Ge4FuFqTEqsiIiIiIq0gutsAioqKIh2GdCDR3QZQw+lIhyFtRHv9N0bvY5Hm6dSpU6RDaDMuu+yyVr+mEqsiIiIiIq1g34rTgPoISvgES0YVFha2ciTSFrTXf2OUVBVpniu7dOPLy0JbwKojix8c36rXU2JVRERERESkgwjXQkgiItI+PDtzTaRDuKS1fo2siIiIiIiIiIiISDunxKqIiIiIiIiIiIhIiJRYFREREREREREREQlR0B6rmc7JrRmHiIiIiIiIiIiISKs4depUs8dQxaqIiIiIiIiIiIhIiJRYFREREREREREREQmREqsiIiIiIiIiIiIiIVJiVURERERERERERCRESqyKiIiIiIiIiIiIhEiJVREREREREREREZEQKbEqIiIiIiIiIiIiEiIlVkVERERERERERERCpMSqiIiIiIiIiIiISIiUWBUREREREREREREJkRKrIiIiIiIiIiIiIiFSYlVEREREREREREQkRJ0jHYBEhs1mi3QIIiIiIiIiIiIiEXHy5Mlmj6HE6iXM5XJFOgQREREREREREZFWFa6CQ7UCEBEREREREREREQlRkypW+85fGe44pBV9snBGpEMQERERERERERFp15rcCkDJufZJSXEREREREREREZHmU49V8ch3vBrpEEREREREREQ6hEznZM/3+n1bJLKs/z2Gk3qsioiIiIiIiIiIiIRIFatSxzd+MrhFx//rfxxs0fFFRERERERERMKppXMl0jJaOgelxKoElPWDH7fIuIt/+4sWGVdEREREREREpCW1VK5EWkZr5KDUCiBcKpzYM5xUNXugKpwZdpwVLXW8iIiIiIiIiIiINJcqVqV9y7yNzLG9gAscfmUTa9dFOqDmScwZT/LwLkAtex1b2RLpgJpkBBnOOPoAJ7a8SmF+pOMREREREREREQk/JValTfEmFoEjFeTP2x3ZgNqqu27h3nv6EuW3+fyevSzLLY9ISOHieQ80+Pq7E7ghJqHdz+7MJ5R97212hSHm9sz/eTf++YuIiIiIiEjj/JCXXp/AYA7x2p0P8qtIh9MofjGn57HqwUR61e7i91OzKY50eG1EmFoBlJFns2PPsGGz2bDZ8ihz79qWZ27z2+6naoXde5w5pb5soc27baH3TJ/tNht5K5zY/c41YrIFvLbv+b7b7RneOPK2ee/NM9W+wom9nvvwHuMe3/9c77XtK9yNA6pwep5dLLOKLE92YWjHt28JDL6mi/fHgQOYclfkommrEnPGk3lPX6K4wOFXXiXf8Sr5jr0cPgNRw+MYG+kAm+OuW7hpeBc48wlloSb1Mm8j0zmZzJdvITGM8dzrnEym87b2/VxDsCt3E3uPAAPjyMiMdDQiIiIiIiLtxyPL17D+dd+vVc9Oi2BEP+Sl1+vGtH5NHvYwXynQva9//Y/8Ij3MF2pjwlqxan/WRXGhkQxctOI+imeWk5e8g4JDLhxxGEnWhWW45if7nrgtj9jVdipdxcRYt+0uoNLlIAZjzLxtLrLHGLtzy8zvt+VhexYqXS6KqcKZEcvSbQ7zuFxKXdkkYyRuY81rJ8934ZpvjOON1bzytCW4CovNcZ3cV+jgPic8tLUKx8wYqrYWg3MJfndgUYVz7ixGlbkoHoORTJ3rZFyhg5g4B8Uuh3FYhRN7/FLKZmaTsOIhZo0oxVWYbJyf8ZAx0go7i4ZU4nLFeLY7bytm3NbAx7c+468X0e/9gelzVzd/uMw4BvWwbuhC/1EJsM5agemdZh54jECtAbznnN+zl2XH4sxjrHxbCYxdNJlhA4EjFewlzvgejISftcoxUOWo9RhPPIGvE6zytD59ersreqstrQ/KWfu9csYuus17YICxrVPzfaqDPazVn9Yp/Xs5M3oYg3pYxgh672ctG3xfr4YqaseOMxPGJU2oJM3fSr7aDoTFlnkVDHDG0Wf0LSTmq6pXRERERESkftP4xZrvktQLDr46lQeeNrban/0jMyMbmKn1KmWt938pCGNidRQJccZ3CUPSjG8qytmRbuc+cztxCaTtLqeKZG8CFagq30HatPvq3ZYwJI0d5VUwxnqUOabnhxgSRkCgtE1MwijYZ469wk6so8SzL81puYuEmDrjxsycx6iMzVTNTGCpYxTzXH4x+CinvCiXcYXe+EYVbaYciKGMPFsKOZ5jc5kHlO8rIXdC3SLq8n0llDxZgs3h3ZY7N/jx7d3Y680E5JlP2Lv/CoYN70LUNf1JpNxM7CQw5WVLgjS3vG7iMr+Cw6OHMahHF3rEm9sye5uJvVo+zi0Hyn0TcGaCcNA9tzF2nd+U8oFxDNjyKvnzzARhj77clJPALp9rW5Kld93CveYbp86U6jrXGUGGmZh0JysDJzt9nfj0AgzsAgPjyHTG+SRLt8zbat6zGZsnyWvGP3Y8Uw4Zse7K3eSbMDPPGfbyLZzwmyLfZ+ww32R2A/fuPa83ex2vUmgeHzX8OqbcVR6kF+4IBgwEzpzioN9+T6Lb7UgF+fP8Tg8wxT/geZt9T/M88zqtAbyvD/RimHMyw9yvpf/7rr5p8/7HmtfpY0ne+45pPNPPxhn7z5+5QFQPv/YY&quot;
01-25-2019 12:52:52 Wire.java DEBUG [Forwarding screenshot on session 0430907a08dce67eec548a3919750b18 to remote] http.wire 87 - http-outgoing-4 &lt;&lt; &quot;gZLanhi8LRIO7+nKIPP9ZE1qN/w+2031kTj6DLyCwXfBrnbeu1hERERERKRlxRPdC+AQ/7QkFYvnfsecMv9Dz7YBz/6R9SN7AlBrLVR77AXWT473nnxwI5Nm/wbcU/A9yVH/tgLmzyFP0Q8yToskYb2JZ8Npdr7wHX5c5BvHzveiSRrZk4OvTuWfN6xh4mA4+N4uokcm0sv9TN4f5n1O7mcUQWFqBRBEXAKjiorZ7JkKX07JiAT805IxCaMoWb2Zqnq2le8r8SY9m6CqfAdpQxKgwslDq+1Uuly4XC4qnWkNn0wy40bMYunCzexw3ldPtSpAAgnpOWzeZv5YUc6O9AQSgLKFKVBmXNflKiXXfYY7aew/0pA00pyV5vHGV/aY4Me3b2ZSDTi//xhbdpziPECPvgxzT0f2VLRe4NiOYFWP5RzcfwGAPtePACwJ2yOfepOm7mnjzsnmtHqArlzu33rgSIWZtKzlzBnrjgSmjHaPa6kcXfc2y8xE5jAzcXXiQzPhtu4Yx84A9GJAJiTmDPAkfKtDqLTclfsRhy2x9Bk72XMv9+Yk+MR2fv8xM1G4m+oj4KkCNiXmjPc+B3fyr0fXOhXBJ7a4Ww68SmF+Q/duPc9MVB/63Hg963NXd3oCfHrWZwx3cvT8nr2eGBrT+7NR52XeFiSpCrCbwlc+MeOuZa/7fHcC9EgF+Y5XKdtzAQbGmc+eOuNnju3liaFszwUwk/Nb5r1qmXLvfqa17HX4LcK2/yNPqwfP9Px1b7PM4dsGou7U/V705yPyzXvwtImw3rM7pgBOfHoBsPyBQkRERERERII4RE0tQDwT650GH88QVjLphV3UAr1GTuAR8CZVD25k0p1T+f17p2HwBKONQNE77KsFiGZAOvDYMAbXnqbW/XP6AKIBaqrrSapa42rZ9gSDJ/u3HHAnVU+z84WpTLpzIwfpSdKDLxj3bokxyUw4+4x3Pay48w/srAUGT2D9DXvNMYDBKRFvNdDCi1clk102Clu8jVmAMTU/QFpyTDalI2zE2oyjSC+gstBv24JSXGNCvX4OKbYcy5gxwDjsxHrHBdKcSxq+k3sLWBRfjP1QdgNHxuB4tgB7vA2bMToFh4wWBzETcklJtvlUrJZiVsTaYi2VqWkUPAsxM4uZt9CGzWbZfqgYR5DjW4f/XxmAkd9l/evfBZpe8m1NMn5sVtUdS+vLoB7uBOluEvt3NY/+nM/qqaDbteMUNw3vS9TA3owlgct7A1zg8GYjqeatYnRPe2+gvYCfqN7Gzfcw2xac/7S27kHuJCFm4jNAg07PlP4zn3Oikdc2GNP+3azVh0ZFaLUntqjhw8h0DgswRgJTXjam9nuSio1uS9Cr/nuvV6iJOnfCvb5kelPPu4KbxnYBatkbwiJW7kS9+9497zef6mrfY/1fB/d7aMu8vVz+8jAGmRXBnkS0xeljRvwH91/HoOFd6Nk/ASivW41bh/u/pV6cvgfP6+qJ30y6h60frYiIiIiIyCVrNT+eutqv6rQnSQ+uYVXyH5g+133cId6auxqIp+ZBcKdWHrnBOKf2k0MAFJd9xMyRifS6/mbsZLP9wxkkjezJkORp2ImGmo/YR6L583X0Ag6+X1/lZqAq1B8GObZ56uSF0vOY2QughuoigN/wz4MTGDw4nq8+BniO9Y3xkeXmeFuzKWYao93jv/8bYBo1tTDYv8tjBIQpsZpMtiVhGjOz2JslH5ONy9VQMhKfvqeecQJscx/ruVqcg+LCIPssPVYto+IodOGgrvrGpaKckgXzKI4LcKL/8dZeqlZBn0Uy2S4XAfcEfAbBj2955j8WQPh6rFoXrTKnXFt3D+zNWGDLsc9Jpv5p8gCse5uPx01m2MBeDMjpT88eWKaXWypj91Q0fiX5OowK1j49vEky3xjOepJZ1qn6Vok55pT+kCQwZVF/Ds7zJgJ35W6yJEW70CPeG1vQnqZ33UJ/Mzl6YnuoPTQbuPf2ogdwBujRi2tzEthST+/XQNwJz8ZoqLdsqBJzxvu0EWg4yVpXKPGLiIiIiIhIIzz9IJPciUIzyWokR6sbdXpNVeDciifR2vdmRkf35ODWbLbH/JGk629mdE1P/FsQtEm1J4wq0w6mZVsBdBhlxiJc99bfBECa6K7+3iSfZcp5vmcatpH4Iv9Ts7LTmEpfny0fGtWEfYYbFZjeKfHeKf2epKCnB2soylm73azWHDiAKZ4WAiPIePkWEtnNXnOKdZ+xvivKj100mYxMo9LRaHdg9LFstN59SXaOt1wTEkddYVYk1lKd743NqGC1HJcz3piyvu4sp81tRgWkdYyGNHTvTeSOqXd3yxiBWxg0rBHnnTnFu9+r4AR1n1OdmCw87y2z1YT7uXnfY3WP9UzDB6M/6iKzTcWiYQzqcYHDrxjT+f3fK17uPz4YFbjuaufQK4bdU/y98QdjXOMCZw6FfAkREREREZFLS3oeq173ndpuj4kGoPbDdxrse/qr941fvAbfYFSR2pONKlTPue52ANHXMaTXaWrKobiqBnpdx5Bo4ODeZvRENVsKtBR37L2uY3Q6wA/56mBoF8ngRmjhVgCR5FtF2/yxOt5iUW2FsRI81Ok1uu6Ypx2AMc36bQpf6c699/QNOr3eI/9TToztVae9gDGNvpcx9d9c/IkjtZyA0JOr+VvJP+RekGoymfeY2898ApiVpO4FofyqcE98iNEnM97Y73N+vcpZW9K/7jXBdwGlYLEB5/eA0T/UeJbuaernj9Ryni6NS642cO9NE3jBpC3zXoVFkxlmnU4faPEqP0HP81m8ajd79wwgeXiXwIuXeWKyLl61lXxuI3Os+f4xxw1YkZrvPtbvPXCkwltleqSatevKIT7OPG48l7+yic/MQ63v9RNb3P1XP+Fay2sXil25m8yFsyzx1xF8ITEREREREREJxOhjOtGyxTstvoFp908/yCReYP3kCax/fYJ58kbL7ODVnnYAvThkTqnfy8HJExjcCw5ubcoCTr/htfdSuH+k0bJg/YNNGKJRVvPjqRhtJT3XOc3OF8K9QFZk2AoLC11Dhw712ZiUlITL5Qp6Ut/5K/lk4YyWjk1agPu1s9lsdV7jfMerAHzjJ4PJ+sGPW+T6i3/7C/76Hx2x+FvCwt3SIOBiUpcWd+I1WCuJjnptEREREZGOItM52fO9+/dtab9aMlciLcOag7L+9whgs9k4efIkADt37gx57KSkJECtAESkLVn3Nu/uuQA9+pK8qP6p6tIyrP1blVQVERERERERCa7JrQD6zl8ZzjhERACzhUKkg2gDtsx7tRmLqzWdnr+IiIiIiIhI4zQpsao2AB3f4t/+ItIhiIiIiIiIiIi0GcqViL8OvHiVNJV6oIqIiIiIiIiIeClXIoE0KbGqNgDtmyqORUREREREREREmqfJFatKzrVP9SXF/VdIExEREREREZHm0+/bIh3TZZEOQERERERERERERKS9UWJVREREREREREREJERKrIqIiIiIiIiIiIiESIlVERERERERERERkRA1efGqllC20EbKk5Bb5iJ7TItdhTxbCjnkUurKJrmlLtOO2Wy2SIcgIiIiIiIiIiLSLC6Xq0XHb/XEqjt5apXmrKR4ZkxLXM1MoqZRcKgYR1yAQ7blYUvOgfQCKgsdBI+iEWN1IC39xhMREREREREREWkprVE4GP5WABVO8lZUmT9U4VzopMr9fYa3ItXlMr4qnWlhDyEkY7KNWOpNqoqIiIiIiIiIiIh4hTWxWrXCji1+FjsAo8Izllm73XvLKS8CyGWcZZp/zMziutWq5U7sNhs2mw1bhjsxC1RYtvvtq1phx2azYV/hJM9mw5bxAi9kpJADQAmz4v3G8h/Ts6/MON/yZV+xC2djxhIREREREREREZFLQtgSq2ULbcQ6Soxp/QlLsdlSyPGZXp9AQjpADimepKUdZ0XdsXJWwxJXJQXpQNEslm7DSIDGz6IkvYBKlwtXWS4UzSJ2YZnPuSWOWWYCtDdphaXkApBGwaHGVKVWmQlU83izqrZ4ZiKOkMcSERERERERERGRjqoVe6zG4Ch04XD3NAXc1Z/Ffj1Wc+caScuEEUCRsa1q&quot;
01-25-2019 12:52:52 Wire.java DEBUG [Forwarding screenshot on session 0430907a08dce67eec548a3919750b18 to remote] http.wire 87 - http-outgoing-4 &lt;&lt; &quot;azElACMSjITmmHHkAjlPbqZsfjIJ5rm+/Vp9k66NZ8Q1i5ZeSKv9eP8f70c6BBERERERERERkYBuuPGGVr9m2BKryfNdVA6xE+uIxe6sxOUaR54thdgMfBeFGpONy5VtfG8mWUtWb6ZqpqNR10kbktDwQU1mJH8TLAts5STbyFlQimt+C162nbiMqEiHICIiIiIiIiIi4uNLzkfkumHtsRozsxjXoQJGAZBMtquSghHmzgondlueTw1pVbnRjTVt2rgGp9XH3GYnDYwkLMC2zcaU/wXjSA56lrv9QGiS55ttAMpymz2WiIiIiIiIiIiIdDxhTawCEOcg2zMVPwbHfGsvUmt/VaMna26Zq+7iVUHGLT5UQFrRLGJtNqOdQHoBlfODp1UhhnHT0mj8glN+C1f5XCPUsURERERERERERKSjshUWFrqGDh3qszEpKQmXyxX0pL7zV/LJwhktHZu0APdrZ7PZgr7Ggfa9/4/31QrgEnR83cMs5Kc8d1d/n+99HWNt1q0cnv0BmYktEcV75I9YyqBNzzNlQEuMLyIiIiIiIiLt2Zecr9NjtaHc18mTJwHYuXNnyNdLSkoCWqJiVTqwY6zNGsqcdcd8tu7MH8rw/PciFFPbsTN/KMNHmF8+z+M98kfUfW7tQb+7ng+QSBURERERERERESVWJQT9mbJ4JcMf/zlrq81Nu17E8cFi3swcGdHIIm7XiziehzkFH7Bn02ImPD+D/F3GruPrlvJc6mLmK0EpIiIiIiIiItJhKLEqIRqJ/Zfw2NNrOM4x1i5/n6cfm0o/gOo1zHFXbI54EU8hdfUa5mSt4bj7510vMtz6sx+fyk/zuOPrHvZuGzHUk7Q0qkEfJj/fuz9oZWi9cRjVuIEqToNXonodr3gfSGWQZar6nopjwHsUP76BObPNZ9Qgo7rV//498Xr2PexNbvvwuw/r61DnOt59O/Mtz83yXI6vezjo8/Q+l1t5bEM9MeS/V29cx9c9zPD8Fz33bby21uNn8Fyjnp2IiIiIiIiISOtRYlVC1u+un/I0WSzM+jkbv/lTs+/le+SPz2J4wQfs2f0BewrAUU/yNJjj6x42KmB3G+M4h1ZQgTElfY+5bc+mxeyZZU0YbmBP/E89+3h8VZBkYn3X/TmPDV3puYYzvsKTWHRg2c4MS1LX8kzibgA2cNiS7Bwe15+d+TN4LnUx9kTfhGmgMQwjyXTf5+4PcA7NYuE6I0GbP+t9nt7kfgYTIWBitT9TFnvPf/OX7+MImAyOY1Dqr/jbLoD3+NvzsPEv24x7rnifCd8cU28i2Pd1eounU737dubfanmWb/E0FRxvKK7n4evmvsxE/zFWMqeeWEREREREREREIqFzU0/sO39lOOOQdqU/U2Y/wmOzwLnYnN5eXcGe1MXMdy9elDiGORuWsq16KlNCGLni0AbmzH7ek9RLyvy++d175PtULj7CvZ7vU5lwkxnHgDiGUxHyHfWLuwEen8HwDxbz5uKpJN01FYCdhzbA8xsY/rz32AnxxyDRb1p/4vdxPvwrHLOGGjE+vJLnBqxhzvMwp2AqFflDeS7VGLsifyiOWS/y9d3fJylALMfXPcztj3tLQCf8EoxE6AYeGz+UwwUfkJk4NfhCTrteZPisX3l/fvi+AAf1Z8w3U1lYcQzYxp5fruTpvxivV9whmPDt+tsW+L9OXseo+CCVpx9zt4boz5TMqQ3H9fAYy7PwH0NEREREREREpO1pUmL1k4Uzwh2HtDcD4pjQhARm0xxjbdYM9vzyLfbc1d+Y0j8+zNdO/D57dn/f085gI4/g3G0kdSf88q1GLeCUlPkBezK9P+/Mn8HG1MXMTzzGtuXe7XHxqXVPdtv1Irc/fgPO3c+ThDHdfhngrkSdYm4bPitIXNVrmGNWtk4ZYCZpDwW+VL+bJsL/VLDz0PtM+Pb3GQMsfHcNw5+/ga9nBj6nyUKIS0RERERERESkPVArAAmPAXEM35BFsXuK+65tPJc6kTHuqsoNFZ407M6yXwUYwBAXn8pzy70tBHbme6f8D4/zVsdubGqcQeLYmW/2LB0wled2r2QO71NRbcSz0dpaoHoNa4NO47eoXsOy5zF7q/Ynbqh3V8WhDcHPA0iNIw4wKje9480xp84nZX7Am79MZeOhYMnlG4gb0IhrDYhj+PMzcHxgvE79bpoIj2fxnE/1aGBx8ak8V+aeyl/BYc9l+hM3dAOP/Y973zHW5rtfz0bGZY6x8V2zt2t1BXsaiEdEREREREREpLU1qWJVbQDat5apOB5J5qbFzBk/lOEAPIJzt7lg04Cp3PvwUBwjjETmnIcfCTpKv7uex3loKLePyDI2PLySPfQnafYjDHdPs09NZQI3hB5iPXEkJd+AY/xQHjN/nvDLt8gcAJjxuM+BVJ7eNLWBCx1j7dNZbHx4Jc+ZrRGSMlcyZ8QMz33NKQjcBoDE6TzNreZxqUxwF7cOGMOED25l+Aj3gY/g3B1gqrzfPU5ITYWhdQ8zjOTrD8OEeLOf6oAxxvXi4xq4P7PPbpY7HiPO4bjv9S3LPuNZThnQP4S4jOc1fMStDH8c8/UWEREREREREWlbbIWFha6hQ30zHElJSbhcrqAn9Z2/Uu0A2in3a2ez2YK+xoH2vf+P97mMqNYIUUREREREREREpNG+5Dw33OhbhNdQ7uvkyZMA7NwZ6hLoRu4U1ApAREREREREREREJGRKrIqIiIiIiIiIiIiEqEk9VuXS9CXnIx2CiIiIiIiIiIhIm6DEqjSKf58KERERERERERGRS1m7bAVQtcKOzWbDvqIq0qGIiIiIiIiIiIjIJSisiVV3wtP7lUdZ48/GmWGcl7ctnFEBlJHnE5cNW4aTFknLVjixh3zvIiIiIiIiIiIi0p6ErRVA2UIbKU9CbpmL7DFgJDNTSLFBqSub5AZHiMFR6MIRroDcKpzY42dRQq4ljjLyMsrDfaUmq1qRx+bbsnHEAZThXJGAY2ZMpMPyYbPZqKmpiXQYIiIiIu1enz59PN/rM5aIiIhIeFg/Y7WW8CRWK5wsehJIL+C+Me6NydznTCPHkUPKwnG45ifXSb429LM3KeqWRsGhYsb5XLwKZ0Yss4ogzVlJsV9CsmyZcX5umTW5m0x2ofFT1Qo7sY4S0pwFjHLMIie9gMpCBzF1ru1NzLrj9DLicsSVkec5J4cUWw4sKMU1Pxm25WFLzvGe4r4OADuYFW+j2FlJ8Uwod8RiW23dLyId2ZHDR8I+5sBBA8M+poiIiLS8ffv2sX///kiHISIt5JprrmHIkCGRDkNEwiRMidVyI5k4IsEnERiTMAoogd3lVDWiZtV3zECVpgbrFP6yhcGTqlBF+W6ANBLi6r9cicOSRHVf2y8p6k4QJ8934ZpvHmvumzXXybhCB9mHCtjhH7d5jDtGI5k7i4dWjKN4ZgwxM4upxE6sIxbbvlJcrlKwpRBrK29kta9I69GH/eYJ9kEq6wc/Dts1Fv/2F2EbS0RERFrX/v37SU9Pj3QYItJCioqKlFgV6UDCklitKt8RjmF8x9xabCQ6F4wLnlhc/RApRcCC0gBJVYByyosadz1rYrZqhd249pMp2KyVqWaCuG41a/3KNhqVqro7Y0UAACAASURBVCWOWGyWXgcl+8pBNanSzujDfvPog5SIiIiIiIhIxxCWxatibrOTBmbi0cuTcPWrZA2XEjCu++QinBWBjkhm3ALjyPKA+xuwoBSXy+X9KnQQg3u6fxoFh1y4DhUYMTRCmrPSd7z5/u0IKnHNhzxbitGSQNWqIiIiIiIiIiIibVJYEqvEOZi3ACiaxUMr3KnVMpY6SoBcSuf7pgd3lFf5j1CHJ1n75GbKghyTNm0JxWW5QAmz5joJNGryvUbiMyc5zzJOGXkZgY/3vbY1YWueU1GOkS4eFbi9QFwCo/xjmJALQIljqTeGCif2he6fRlFwyOWpmE1wVppJXBERERG5lBwtnk10dLTna/E7kY5IOoKyhTbytkU6ChERkY4nPIlVIHm+i0pnmjHd3WbDZkshx68/qjvJ6T7GdwEoP3EOig8VkEYOKTabOaa9bmXqmPsoSAeKZhG7MEAKNuA4KeTU&quot;
01-25-2019 12:52:52 Wire.java DEBUG [Forwarding screenshot on session 0430907a08dce67eec548a3919750b18 to remote] http.wire 87 - http-outgoing-4 &lt;&lt; &quot;PTLAOSXMivc7x51Edo9XpyWAu0rW3L+wDMZk4yrL9W7zOy9mZjaOOO/5joBtDdqQI6uYbfnAb/3Qf7R4NtHPbG/UMKEcK3LJeuwF1r++xvL1R36hTgwiIh3S0eLZDFs7lb01NdTU1FBT8xqkRjO7+GikQ5M2qwpnhpKmIpE0ceJEM2fg/Zo4cWKkwxKRVhK2xCpAzMxiXC4jwQqQ5rzPdyp7nINi61R48yt7jLE7eb7vz3WPL8YR572OUeEZg6PQd2p9HYGua1aE+o7VuHPccQbah/9+d0xjsuueEyzeNm07i29cw9R/uD/w11Dzj5fggD7wy6WpNT5I1b73BybdOZVJL+yilp4kPfgCj4T1CiIiEnnb+e/74aW86Vzl2TaarA3ZrFn7JkcxEq+eJOuRVcyOXozxJ+qjrLrX/EO3uX3xM4GrXrdbtlv/wL39mWhmP7PY/OP5bFYdaYVbljAwfhfy/P4kIq0uKyurUdtEpGMKa2LVLWbmEgrSvZWptkCVpNI+HTnALhK5eqBl28DpZNmvgiOrePT+NfDURKKj3dUV21lsrW69dxVHIfCxR1Yx270f4J3F3uPNXxgC/SIgEkkt/kHq6QeZPne18X1RNTXhG1lERNqSQJ+xAAZezdQ/HeAAcNXVid4ka9ka1pDHm+8AHODAn7K5/Wb3SXlwp/kH8A3Z5C1Z5UnMTuQ1zx/HX2OiT9J1zZ6reaamhpqa5Uz3j0MirIw8nz/ketuceaf5l5Fns2PPqHuMz0gLbdgynFRVOLFbj9mWZ2z3P6HCid167XpaqolcilJTU0lNTQ36s4h0bC2SWPWpIm23lZkS0MDpPPxEHhMD9f0aOJ1nfj8VnjA+sC+3XwWMJqvGW9362vAHeLT4aJBjgzta/CgPDLf8InDtAVQjK21Ba36QemT5BAYDHNzLr1rkCiIi0qbdfDvZfzrAAY7y5tpEXtuQTd7r242k7BO3M9pzoCXJOvBqpprfHvjY+0ft6OhoJj4FuyyzjqZOuZ36P5FJZOVSav5+VencQUqQ4hX7s8YxpQtyWLTCNwVattDG5gnmbLs4B/MW5LDZbCNQtjGH3LlB1nlIL6DSvHbpCOu6GiICvoUVqlYVubS0UGJVOrLRj/r2/fJWpwZmXYRh4lNNu+ZVVycavwiYFayj7dP1wV/ajJb/IPVDXnp9DRMHm20BZv+mBa4hIiIRNfBqEtnFAf8p+EcOsObuq7kagNHc/sQuDrzzJmuG387om28n+6k3WVW2Bq69ulGXmfr7vd52To3447a0TTEJ/svlunkX2E0YkuazJyfZRgqlPm0Dku8tYMfGMqhwsmh3Afc1oqWA/7gi4i2uULWqyKVHiVVpBrMa1dL7q453FjPs/kRec1eaPtHES92cZfwCkAePRkcT7ekpJhJ5rfZBqnYXK9xtAUREpIMZzb/+Hh7ItrRFYjuLU/N8KkmvvhYeSH2AxDtHYyRa83jgfpia3HCC9Oprp7Lm/v/2foY6sopV79R3hrRVVeU7SBuSENI5uWUuSknxbdMWNw777kXkLStmVLBqVT/l+0oYldDGF9sViYCsrCxVq4pcgjo39cS+81eGMw5pL95ZTPTrt1PzqHey2dEDu2C48YE/YHLVU2VxlAN7gGvrGd/dQwzY/noe8BIA25+ZzYFZy5k+cDrLa65mcfTzHDgCo9X/S9qIlv0Q9RseuFNVqiIiHd1V9uXsZTbDoh/wbMveUMPymy3HJE9lKomeqf6j78yGp6jbmzXI+K99HM3E6Dxzy1Re+sf08N2AtLAcUmw5xrfpBVQWhp7cTJ7vonShDZstl1JXNsnE4Jg7ClsylM6v58SiWcTaZhnfLyjFpcWyROpQparIpalJidVPFs4IdxzSXtz8r7y0ZBjR0ZZtT7zmSbReZX+Y7OiJRD9lTDVbbv9XXmKY+QvCVKbe7T2t7rHTefgJ74f97CeyPceOvjORiTdG4/41Y+rv95KlpKq0IS36QSo9j1UPJtKrdhe/n5pNcctdSUREIuwq+3Jq7PUcMHA6y60rGd6cRU1NPfsHTmf5Mu+Pox+toebRusOOfrSG5U0LWVqNOxnqK3m+y9yWTLbLuzdmZrHnM4P3GON7lyWJWlW+gzTnkjrj+kgvoLKwcRWtIiIil5ImV6zKpeoqpi+rIXhtg9EewFq7F/z4usf6f9j37Ls5i5oaTauQS1RRNtOLIh2EiIiIdDgVTh5yjGKeSylTERGRpmhSYlVtANo3VRyLiIiIiLQnvtWoYRPnoNjViGMKw39pERGRjqDJFatKzrVPSoqLiIiIiLRd11xzDUVFmqoi0lFdc801kQ5BRMJIrQBEJCT6sN88wT5ILf7tL1o5EhEREWmLysvLIx2CiLSg8vLyS/q/8wkTJkQ6BJGwUmJVREIyZMgQhgwZEukwOpSBg3xXYjty+Eizx/Qfw/8aIiIi0nZlZGREOgQRkbArLFRfEel4lFgVkZDs27eP/fv3RzqMDuOaa64JmKjO+sGPw3YNVcOKiIiIiIiIhJ8SqyISkv3795Oenh7pMDqMoqIiVQCLiIiIiIiItEOXRTqAkFU4sdts2DKcVEU6FhEREREREREREbkkhSmxWkaezYbN/2thmbHbnQy15VEWngt6r7zQuJZ9hdKsIiIiIiIiIiIi0jrCXLGaS6nLhcvlonQB8GSKkfCMc1DscuFyZZMc3guSPN+4XvHMmDCPLPU5Wjyb6Oho79e9qzjawDnbn4lmdnFDR4lIvR57gfWvr7F8/ZFfqDODiIiIiIiISKtrsVYACUPSACjZV463otWsWPVM57eblaw2bDY7zgrv+e5KVPdXsIrUqhV2n/3u8/JWOL1j+7QNqMKZ4Tt23rYWeggd1NHi2Qy7P5HXamqoMb/2TlnDf78T6chEIm/ixIl1qvcnTpwY1mvUvvcHJt05lUkv7KKWniQ9+AKPhPUKIiLSuraz2PoH6xD/eC0iIiIikdFiidXyfSUA5E6op0a1aBTzXC5cZblACbPmGgnQsoU2Up5Mo+CQC5erkoJ0KHE85JN4bUjOalhinkvRLJZuAyOpGsusIndlbSm5QE5y+FsUdFzb+e/74aV/ZDHasvUq+3Kybjb2Lw70y8A7i5n4FKy5fxjR0dEsNpOw25+xHPvMdsuIR1l1r/UXi9msOmLuOrKK2Z7ti/GcdWQVs6MXs9g95jP/xWLreahqVlpeVlZWo7Y12dMPMn3uauP7ompqwjeyiIhEzGiy3H+w3pANd7/EXvfPy6ZzVaTDExEREZGAwpxYzSHFrNBKeRJyy1xkj6nn8PQEEgDGjCMXoKiccsrY/CT/n737j4n7vvN9//xWXbXbNr0nk1yEWTsYH58s9XE43oS5MhyFVdg1dK8yssIM5HiQL/JGplLsrdQQVrUG/IfNyFUJWalrVypW1kIR+AYYLGsibbH32Fpy5bE02DdLfbxcXdd4ahbI3JNvj6OeattI+71/fOfHd4YZDHjw8OP1kEZivj8+n/dAcL68v+/P+wuM0brDwDC20Tpiv59ZQWK15x0/pZRS8ZJj4+w1QiPOOGvpAuD2isbe0uZiTFFFeVm+Axx/GJgm43va6QzFobqD8RPgOT+NaZp0VNuVr42Mp4+l0ZFwraR9T3LfOIHU+FH69rZTdSX5xwc0ZlRyBOG1xL7O/4PD5yEciafOnTgT4LhXf57I2mloaKChoSHv+0L6wcABXgD41TR/syYziIhI0U32ZVSwZtwgzrjZnFndmnHzWlWvIiIiImtizXqsWtZjkqqPlaxYLdR4+eO0rBD+7YUaW5z9VxvP5D8udj8MZxozjp2KxYE4sbse+lvdi0+aizF1sJ/D1Yn31XUELoeZSFWlBqirTh9eUuOBox8SBeKhswRP1JFjVJGCclaoFrRaNeX79F8P0/hCoi1A20/WYA4REVkXqjtSN6FNc5yqo52J1TjZN5vTt6GZ7KPxbrrqdfp1iBUrfhEREZFNbM1aAazIzWt25eipemqoof4UwBitF9IL9Bcuep+8F+r2erzNAF285+jZGjntXVGbgS2trJwqpojN5dk/2ZfRf3X8xNLDJStYk6+BQleTlvk4fiLIxGSciY/J&quot;
01-25-2019 12:52:52 Wire.java DEBUG [Forwarding screenshot on session 0430907a08dce67eec548a3919750b18 to remote] http.wire 87 - http-outgoing-4 &lt;&lt; &quot;nawVKbBklepaVqsC8JspLibbAoiIyCblbI/USDC5Oftms1NZOZ7L7VQmWiaVeH26sSwiIiKyBoqbWB1pZZthYNR0QfMg8912P9aabosbp4CTtamHv2zzjxVgwlL8w8merdtSY9eeLMDQW4abw+ehfa+jtyl2lWpyGT8Hyym3txK7m3+k8l0ewolqUgDmRhmdBCihfE84vYR/LsZU8piycqout6cflDU5QfCgh7q8rQnA3drPVEMl7XuO41viOJFC6ujoWKNqVYCf0P6ah+96AoTWaAYREVkf8rdHWkKZjwHTxDTrmMjuVS8iIiIiBfPVwgxTQ8CylrjQy7O/eZD5YT+luc7otrC6c43lJ2T5028PhbAO5T9v8Til+Ict/MhqlXgHmKaNSpcrvfHEOKYX4DD9VFLpagc8eA6mD3G39sPeSlxHIXDFpMM7wPh9F42uZO2Fh/47PvvYznGqXPaxHPTgSY9Cx51+2va6sGcPMG4+5qEOZXV4DkLVa6rVkKdnTStVm4OMvl3Ft34zxXklV0VENj3PLvuWdfJmczkkbjafZWLOh68M4rHUHuKhNj4sH6Cj2k2HOU35kUp7tZFuMIuIiIgUVIESq7LVlHgHEonURXvwXTDx5dpV5mPAzNzj7jQxO3MdbD8EqwPsBzNcjqUfmJVjnPT2HEPNTRCmn95cS+VENqKRAL6RYgchIiJPg/PG9KKbzVeqcO110Q54Dqb3lNR4mErdhMa+Aa7rIBEREZGCK05idXtW1alItsk+XA2pLmIErpir7A0WZzTQTtUxc+mqVhEREZH1oLoD84Ljfb4bysljTbvtTDzURvh+uX29s9Q5IiIiIlIwqliV9cnxh8KTsStoRURERDabaK+LxjPJdwHGTbU9EhEREXmalFgVkRX571//3+j+u/9W7DA2jf/l39Vy6Z++nrHtN1/8r/zvP/igYHP81/vwrf/+9ccfKLLFffvrFn/2x78rdhgiy5a/pZKIiIiIPA2rTqw+1/1RIeMQkQ3gv/4/X2PqX/6A5/7AKnYom8b/+PWv+R+//vWazxP//+JrPofIRvf5ly7g3ym5KiIiIiIiy7KqxOrnp98sdBwisgF88a8Gz/2BSc9be4sdiohIwXV9cIcv/vXZYochIiIiIiIbhFoBiIiIiIiIrCPDw8PFDkFERESWYVWJVbUB2NhUcSwiIiIiIiIiIvJkVl2xquTcxqSkuIiIiIjI+tbS0lLsEERECk7V+LIZfaXYAYiIiIiIiIiIiIhsNEqsioiIiIiIiIiIiKyQEquyQlH6XC5crj6iGdvaGJ0rYlgiIiIiIiIiIiJPkRKrsgoeAiemOBuKFzsQERERERERERGRotjwidXIaQPDMAjeLHYkW0t563Gqjn7oqFpNi4facLlcqVffZGLH3ChtrjbajiT3tTE6l6yAza6ChWhvegxXb66ZRERERLa2aG/6Wsv59ZOIh9ryXHvFGT1SmDlERERENoMCJFYXGGqxk5u5XsGb6eSn9+LCk0+3lNkhvIaBYQSJrO1MgpvD53NXrZZ4BzBN037d6WeqITNh6gna+6bPQ/veCepME9Ocpv9gkInEhXo81EYj46lxxmnURbyIiIhsYs6bzc6b0IWcw06MZt/MFhEREZHVKUBitRT/sIVlWViRHntT8yDzlr0tsB9quu2vQ4dKn3y6pWz3E7IsLCtAzdrOJECJN1/VquMPg73thDP2VVFe5nh7og63PRrle2AqZidqY/fDcKYx9YdF45n0PhEREZHNyUP/HTN9g9ocwFf2+LOWbW6CMP30n0jfzBYRERGR1XsqrQAWLnozKlZTy/cvJitMDYzTEbgZTFe7nnbUnM46jluyIjVC0Lk/eV7LEEOnM6toU2eczqywXfOq2k0lWbUac2yLM3qkkanz06mKVc8qR/ckx0i8BrwlhQhaREREZEPJXOK/+uX48UgYXq/D91qA4PWsW+OTfakb2pVHM2+Lp9szVdJ+2TFeqA1Xb1/qhnrfJInWT7kqbpPVslltnjKOV5sBERER2ViK2mO16xKcs+YZbAZO1mJcrceybtADcPI9hmaxk6M7Whk7dcNRFdtF7ekVLPYfaWXmQLqituv9IRawk6q1J5sYfGhhJeIY8x+z55VlsatW2wlmba8qTyRB52JZFavLU77LQ9hZDTs3yqgutEVERGRTC9O+d616zMeZ+Bg8NSVQXUfgzETGdVZbw1SqWnb6fPq2eDzURuPdfqZTrZuyhj1Doq2TSUd1lL69YTzJqts7HsKBUeJAPNRJ+x5Hm6ddMeLEGQ20U3UleSN9nHKtUBIREZENpKiJ1Z53/DibA/QcqAEqqGhOb1v4JMQY2IlXw8Co6bJ3/GKGZdeWNg/y1n5gewVNqY0Rrp0EGKN1h4FhbKN1xH4/o8TqCrg5fN5Zk1qC71iAYEPiD4JzU6uqWC3xDjB+IkhjqqVAGAq5FE5ERERk3clqBdDpLtzQkx/Sjoe6MgA3dSeC6V75czHCJ47nbDsQux8mcMxH3nVDqbZO9jhTzuTw3nbCl2PEgJLyKrvN0xE70er2+ihJtIIKNrhoC8UBNz6tUBIREZEN5KvFDmDZTt3A6l7cOXXmiQduYvBhCP/2Jx5oi3DTYQ5kbCnxDmB6HRuqOzDNjsWnlvkYMLPOc47caTKQ9d7sLETMIiIiIltb9HoQLkOlqz298eAEce8SSdNVCTBudrAoJZy8Pkws/Q8nj0tc78VDbbhcYTgxXtiEsoiIiMgaKmrF6nKUvuq1q0yTrQEAiBBsGVp+xWpONdSfAhij9UK6rcDCRW9GD1YRERERkWJLPcRzboLw5aWPXSzKxJkA46bzwVjT9BNmYg4oK8fjaA0Qu59u5FS+y+PoxxojttTcZeVU4aiEBaIhu0I12pvot1rmY8AcJ8AUsbkofYkK1hLvAOaVANyNoWYAIiIislGs+8Qq2/2EHg7SlFqyb2AYtXQVYOiabosbp0i3GTAMtvnHCjCyiIiIiEhhuFv74Wilvbw+EKMqu8/p40xOEHQu2QeghLrXIRyJQ5mP3vNTqRZMZ++mGzmVeHvpv9uY6Pt6lqkl53bTcccRq8tF4/1ySgD3a1WO/rGNTJ3vxVfmpm5PO5XJ1k8NU/QHC11BKyIiIrJ2jOHhYevFF1/M2Lhv3z4sy8p70nPdH/H56TfXOjZZA8mfnWEYeX/GufYZhoFpmjmPl63j0j99nfu//CU9b+0tdigiIgXX9cEddv37f88b/+lfix2KbHLPPvts6mtdY0m2q1ev0tLSUuwwREQKbnh4mAMHDhQ7DNnEnNdYkDu/5dz36NEjAD799NMVz7Vv3z5gI1SsioiIiIiIiIiIiKwzG+fhVSJSdN/+usXnX7ro+uBOsUMRESm4z790se/r+VfsiIiIiIiIOCmxKiLL9md//Dv+7Vf/V7HDEBFZM3/2x1qeJiIiIiIiy6PEqoismPp+ichmNDw8XOwQRERERERkA1l1YvW57o8KGYeIiIiIiIigGz0iIiIbxaoSq5+ffrPQcYiIiIiIiGx5emK2iIjIxvGVYgcgIiIiIiIiIiIistGsqmJVbQA2NlUci4iIiIiIiIiIPJlV91hVcm5jUlJcREREREQ2i9/+9rfcu3ePL774Ysnjvv3tb7N7926+8Y1vPKXIRERkK1h1YlW2tniojcqj4fSGg/1MX/BRUryQREREREQ2vHv37vHgwYNih7Eu7Ny5k927dy95zL1793j++ed56aWXljxufn6ee/fuUVVVVcgQRURki1NiVVbMTqpWMW4O4HZs+3DSR0d1UUMTERER2QLijB6pJHbMzHHtFaXPdZbyOwP4yooRmzypBw8e0NzcXOww1oWRkZHHJlYfPXrE3r17sSxryeNKS0v55S9/WcjwRERE9PAqWakoHx6F/jsdqaQqQIl3IH1hP9mHy+WyX0dGiSfP7HXRdqQtva83SjyUft8WSh1Jn6uNvt5c++KMHnGlx3D1EU3uCbXh6u2jL3vf3ChtjuOSY/RNrtG3SERERGS15kZpS1wnbRjJmHO9NtLnkA3pyy+/5He/+92yXl9++WWxwxURkU1GiVVZmbkYU1RRnq8CYm6U&quot;
01-25-2019 12:52:52 Wire.java DEBUG [Forwarding screenshot on session 0430907a08dce67eec548a3919750b18 to remote] http.wire 87 - http-outgoing-4 &lt;&lt; &quot;toYp+u+YmKbJ9OthKh0X1OE9xzFNE9McJ3CmkU567fdXAoQ/nkglYSHM1K7Evjv9cLST0TmAEnwXzMQYJtPnp2h0XrCfgbrEvvETQc6G4lDm4/iJIBPJROrcBGH6OazqWhEREVln4pEwnO8ncGaCDZOSLPMxkLo288CJ8dS1mtnpfvz5Ik/g97///bITq7///e/XPJ504Ujfqn+Ho71rXQQSpe8J4hMRkbSnllhduOjFMAy8Fxee1pRSDHMxwieOp5aeldR48Dj+MPDsKncc7MFTk+jKWlaO53KMWM59dXgOhonNJXY5KmIz+rwCnKhLVdKW7/KkNrtfCxA8Z1fPRgfb4fU69YMVERGRdSbOxMfgqfFR57wpnBDtTVaCVtJ+OfO89IqeRoJZ57T19iUqStvsG9UZFaaJbWRvdyR2nKuRnMc/lr0KyXl8tDe5EmmpFUrZcyoBtKTZIbwtQyxg/82lv7eeUK4K7GVXXidX95mYZuYKv9VK/86IiMh6VNjE6uwQXsPAMAyM05GCDg0RgoaBYXgZmi3w0LJ8ZeVUMZVOcj5t2RWx5z2PPweg+jD9hJmYizJxJsBxr9KqIiIiss7MTRDGQ11Z4qbwdUcjo1AbjXf7mTZNTHOa/oPp06K9lbTvGU+vCsoaNny3nF7TxDQH8JVF6dsbxpO4ljLveAgHRokTZzTQTtUVMzVOeSyRAHVce5l3PLDs60A3h89DOJJu95R5HZZnhdLcKG0NMJ6ser1C5gqlrexmEMMwCN4sdiCr09jYaP+t6Hg1NjYWO6wcAun//kyTcRqXl+B/3Oo+ERHZdAqaWF34JMRY8s3JaxQ6tSrrgX2B3L4388IiHmqzqxrKyvGcOZuqTIhHwoQdVaSrMvkh7ZcD1KWW7qcvVmL3w/nOylKC71gV7XsbmTp/uCB3j0VEREQKKWNVTXUdAcc1Vex+mMAxX44VN3Fidz30t+a/uvE4V+rMxZgiTPveRCXe3nbCl2PEKKF8DwQbktVxbnzeEqCc8oP28fa1ng/fCtopldR44OiHRIF46CzBjOvCPCuU5mKECdKYrBZsCMLdGKrZW2Do/dsMDvXQdXVj/qXV0dGxrG3rjbvT0WYMyH7ug/07Y9+cSP232xvNqrzOrDzNXO6f5xkQk300noHw0crMKvIs6Wr25T63Is1+ToXjL7tFz6cQEZGlFDCxusC1S2NAE03NAF1cW/JO6gJDLZl3K5N3XtNtA4bsKtWWn/LTllq6ABijdYeB4VjuknnXM6iE7hor8Q7YvU0dFwmV94/bD68q8zFwpSp1sV75sYfpVfXWclzwN0ylH5aV6JeanPvs3WVWrIL9B4rzAl5ERERk3Ygy4Uig2Ev6w45qz0LKrMZLLll2d9rve+l0LH9O97evu54/OZNXqte93eZgqQRwhoPJ6tzE60KupPIWM3uNEF7qD9XTs0GLWBoaGmhoaMj7fj0r3+UhfN9uXBbtrST8+nTiv89pPB93MjpXgi/Yjyf5+9XphuoOx+/ZOFWp50YsU3UH4yfAc96eqyPHTY3sanbPx5WOBGx2VfiHixKmJd7jGT2d7T7PKkQREVmuwiVWZ68RGgGavZx7pweArvft5OdiCwy1bKN1pIcbloVl3aAH6KrJTIqO+VsTydR/R9OwfQw0MfjQwhr2U3ozyDb/GJy6gWVZiVeAmoJ9KMmnxDvguEjIejCB8wLCcRHs7jQZSC39ctNhDqR6sdoPPejIqGBILTlzHkf6ot80TQYuDKTmLvEOZMRR4h1wzAdMThB09H8VERERWTcmJwg6H/qUTIQkHu5ZvsvjaA0QI5bqsVpC+R5HAnYuxtRS85SVU4Wz8g6ioVHiROk7YvejL/EOYF4J2FWic6O0JarZ3J12G6Zkcmm53K39TDVU0r5niesw5wqlsnI8l9v50FnNF1L93MInIXijnlJqqD/VxXsbtJeqs0J1I1SrLhYndtd5E6SS9svhPK3S8vc/LpTMavYS6l53/luR+UyLqpwjuKlLVePaPWJViCIisnwFS6wm2wA0vVFP6f56Owk6EuJarn6oySQsXdQaBoaRrEa9zYzj+KaheTtZOuyndKnJT9ba1aot+RK5Ion+YMutkhARERF5iqLXgwRey7pOKavDQ5iJOSjx9tJ/tzGRoDnLlKPHqrtznKpkkifwuDZJbjru9EMqKeSi8X45Jbip29NOpcuxYijoo6SsDk9qXheVR6sYX+lqpLI6PAdZ/PmWWKE0cCVAsCH9sK4w5TkG3koizuO43gAAIABJREFUfOAfY8y/DcMwqD0JY5eubci/fZJVqoWqVn3mmWf47LPPHnvcZ599xjPPPLPqeWL3wxkP4g1cMTNuhOSqJn1c/+P1wt2auImjQhQRkRX7amGGsf9HD9j/s/cnt48R+mQB/6F8adEebuSoMF32BcL+ANbDCrw7Wu3eriOtbDNCDD4M4d++wo8g64hdzbr+xxQREREpDHenmWPpbQm+CwOOr018uc+mwzTJVfvn7jRZdAVU5mPAXDySu9PE7MwVQ755FyvxDmBmb5ybIEw/vYsSTx767wzkTuJUd2CaG7GacY3cvEbXqRtY3cm/nBYYajnGtVk//iVPXJ8KWam6c+dOHjx4wMzMzJLHPfPMM+zcuXNVc0R7XfZy+067krN8D7SfG+VwcnXe5CijZb6cvyepZGyimtx5i2AqFofqEvt35DJUHVt5bOW7PARTscSZ+DhM4NgArKRLapmP43tcVDZ46L+j3zsRkZUoTMXqzWt2xWnzIPPJJfkRe+F+zjup2+vxJvqwOpewRE57GcpV4QpABRXNOTZv9xOyLCxrnsFc+0VEREREpEjsB/pU5XzwlixX5GoXPQec5Sil1L8BrRc2YqfVwvZWff755/nOd75DdXX1kq/vfOc7PP/888scNZjxPIlGxrNanE3Tj7PCO5Z6uK6Tu9VRHZ5VTZ65L0bVwcXnZx+X6+FVJd4BxlPV5nbv11zVs4/jfi0ABz3UqVpVRGRFClKxGrlqL+RveqM+vWQ/0Q6ga6SVD276eSvjjFL8w/PQso3WjArXJgaP5JullPo3mmDEfnhVa/Mg//RGiP+UqJRN6omoWlVEREREZH2wK14X02qilajpthat8is9FMKy9xIaTmw8FCL0VCMrvq997Wt87WtfK9yAeSq6M+Wp5C7zMWBmv88z1qJ96UrRjAr2ZcSTu9o8+3fMTYfpzvG1LXo9SOCYqRsgIiIrVJDEak23hdW9aCsBy0r3kdkfwjrk3F+Kf9jKvXTlUPaxiTMWbffnPE5E1tbw8PDjDxIRERERkfVvsi/R6qDYgYiIbDwF6rEqIiIiIiIiIhtOdQfmhWIHISKyMSmxKiIr1tLSUuwQREQKTtX4IrIe7Ny5k5GRkWKHsS6s9mFTIiIiT4sSqyIiIiIiIuvE7t272b17d7HD2BLm/mWu4GOW/ZGe/iQispUosSoiIiIiIrJO3Lt3jwcPHhQ7jE1n586dORPWHX/1w4LN0fe3PyrYWCIisjGsOrH6XPdHhYxDRERERERky3vw4AHNzc3FDmPTGRkZUSWwiIgU3KoSq5+ffrPQcYiIiIiIiIiIiIhsGF8pdgAi2aK9LvomF38tIiIislXFQ220heLFDkNEREREHFZVsao2ABvbk1UcR+lzNRLM2hq4YtJR/SRRpbk7TdyFGUpERERkQ4j2uji7a5oBb4lzK32us5TfGcDnHWCgaNHJRrZw0cs2/xicuoHVXbPic49xjtCh0jWKbh3765/y87/Y4djwP/n0p/+FH44ULSIREVmHVt1jVe0ANqbCJMU99N8ZwKcHXoqIiIgUhPu1AOFzE8S9PlKp1ckJggc9TOuaS4gQNGrpcmzpiVgE9j/mtNkhjvlf5oYVYmUp1RwRnDa4dmAZczrdDGK8X8H8sJ9Cp2YbGxu5cuVKxraGhgbGx8cLNsdv/u+/w/fOJWgOMvp2Ffve/ik/GHmbvynYDCIistGpFYAUUJQ+VxttR1y4XParbzLOaOp9G6NzzmPTx7mOjJJc3Kbl/yIiIrLlVNcRuBxmYi69KXo9iOf1OkpY3Aog2uu4juqN2hsn+9JfJ67Lktde&quot;
01-25-2019 12:52:52 Wire.java DEBUG [Forwarding screenshot on session 0430907a08dce67eec548a3919750b18 to remote] http.wire 87 - http-outgoing-4 &lt;&lt; &quot;0V6XWglseD3csCwsy8Ky5ql438B7ceHxp52qf+Kk6qrtD2CtQVIVoKOjY1nbVu3Hb9tJVYCRzzALN7KIiGwiSqzKKoRp3+u4mHc5E6Fhqo6ZmKaJeSVAsKETgvb78RNhwpHkBb2bDjNxnGkyvqedTl3si4iIyJblpi7jWinKxBkPnpqSRUfGQ200Mp6+jqLRvhYrK8dzZoIo2NWuJMeLE7ubeyzZqErxvz8I/g+IJLZEThsYhv2yE64LDL3TytjJWgzDIHgz8xjDCCbOXWCoxcvQbGKgm0GM05HM6W4GqT0JXTUGhuE41jF3Osm7wFCLPR+zQ3hbhlgg8XX23LNDeFNxZIxIMOf2tIaGBhoaGvK+L6QfDBzgBYBfTataVUREMiixKqvgof9OOilqms7+qh7KncvVDnqoS7wv3+UhfD+W2hUPtaUSs41nnlbsIiIiIuuTu7UfPp6wV/FMThA8cTxn66XY/TCcacy4jpqKxaGsDs/BKWJzEL0+Rf+V5HgxYqSvyWST2F7By4kvFy56eW/3fKqa1XvpGEOzdvK1qXmQectewl/Tnax4tbhxqov3llPxCrA/wI1TdvsBywrh3565u+bIIFy6lkigXiPEIG9ltAyIENwxw7vJitsI1J6OwPZ6vM23mZklM8l68xpdy6i0dVaoFrRaNeX79F8P0/iC3Rbgu20/WYM5RERkI1NiVYpjso/Ko1WMJystThQ7IBEREZEiK6vDg90OIHo9SOC1/I/z9JyfzrjJbT/0qoS61yE2F2Xiroe66sR4oQmCe8pRveomMzvD7cSXM/fGGPNvS1SDbqN1ZMxOVmZZuOhNVazWnixgLNvr8RLi2ixELrTy8jtZy/9nZ7hNF7XJitWaLvjFDAuUUv8GzMxC5MIM71r1zFxcYGHmNj0HHt/AIFmlupbVqgD8ZoqLybYAIiIiDkqsSvEcLKccsJenFTkWERERkaKzE6PhyCgTZwLUVec+qnyXh/DRD0l2U2VulNFEW6aS8iqCDY1MvV5HSWK89qNLJ2llI7KX+TP0FjVAxe4mmobmU9WolpXjIVOzQxy75GU+sX9+qMmxM52IXZi5zcqV4n/nZVovBLn2i+xqVRLVtc4esVaq92rpq15uv+/l2u63qKGGinsf8ME9qNiea57FOjo61qhaFeAntL/m4bueAKE1mkFERDa2AiVWIwSTdx+d/XgcfXSW1VhdNoileqwuU/Vh+mmn0uXC5eokvCZxioiIiGwsJTUeONpO8EQd+VKhJd4Bxk8EaUxei+0NQ3KZf3UdAdL9VEtqPHiyWzXJBuWo+DS2MfOOReiQXRdaeijEu/e2OfqnLu6DaleVtrItccw2/1hiRyn+d3oS/VMNjuUpzKw50JO3xyoA+99i8Bdd3H6jPsfDqmoIPKzgPcPR4zX5d+P2Cl4egYpXSxPzQNcvvNQvM7G6ptWqzUFGr4f5eTiId21mEBGRDc4YHh62XnzxxYyN+/btw7KsvCc91/0Rn59+07ElQtCopQuwn1YZoAZ7qUnyf9hNQ/Op//FL8SR/doZh5P0Z59pnGAamqWdhCly9epWWlpZihyEiUnDDw8McOHCg2GHIFvDss8+mvtY1lmT7h3/4B5qbm4sdxqYzMjLCn//5n2dsm/uXOTr+6ocFm6Pvb39E2R/pLoaISLE4r7Egd37Lue/Ro0cAfPrppyuea9++fUDBWwH00JNqgr7AtUvQlOOaIPNplJnVrNn7jJxPkTRST7bMtT3zKZaOatpcd3BvBnPPt9ScIiIiIiIiIiIisqUVvMdq/YEexi5dY+HmB7TixftS5v7IaYPak00MPrSfWDnYDGP+YwzN2hWutSfJ7A807KeUCMEdrYxl9eUJ7Ae2+wmlttnjcbI2kQBdYKjFrqS1n2B5gx5nMDeDGDVdqfnmh5pgpJVjFxdgqTlFRERERERERERkS/tqwUfcX0/PyHscY4ymN+apuOfcGeHaSYAxWncYtKa2Zz61csy/DcMPnLqB1e18GmQXtUYX0MTgwxD+RN8dO1mbI5bZa4RGAHqoz5EQjVztypwvOf+9mcfOKSIiIiIiUmg7d+5kZGSk2GFsOjt37sy5ve9vf/SUIxERkc2k8IlVaqg/NUbXySYG3y+Fe7mOyZOk3B/CqrCrSAE4WYtx0u7ZGrDmqWjZRusIJBOzoaF5znHMTqomkrA5k6zNFVQsEXG+/q/55lSvWBERERERkY3jwYMHPHjwYM3nufvPd1d97s6dO9m9e3cBoxERkbW2BolVqOm2sLrtryOZe6g/BZwco/VCBH+iGnXhopcPKkL2Mvv9ASwrQOYDsQBK8Q9b+Ml8KNbMvcTDsXbnSJ1ur+BlYGwkxLVZ/6JEbs2BHjjZxZj/AyKH7AduMTuE90IFoe6avHOKbHXDw8PFDkFERERkU3rw4IEeXrVFjYyMKLEqIrLBrElidSk13RY3MKg9WYvhqCztieRa0t/E4MMANbNDeHe0kpHWPHXDrhydHaTpZOui5fyJ2Qg8HOT2jtas1gMJ+wNYETBqksv902Oz1JwiIiIiIiIiIiKypRUosVpDwLII5NrjqF5dahsA+/Nsx0/IWpQ1tW1fYl/2/mSytNlLfbJ6NVUhuyjypccV2cJaWlqKHYKISMGpGl9ERERERFbiK8UOYK0tXPRiGIb92tHKGD3cGPajulMREREREWCyD9eRUeLFjiPb3Chtrj6ixY5jo5odwtsyxEKx43giCwy1eBmaffyRa24dfT9dLtdj9z/uGBERKYxNn1gtPRTCsizHK9FLVURERERkPZkbpS2REEm++iaLHRR24jUjrjZG54od1NaTUTBiGBinI48/aTUel0CcHcLrjMMIskaRPEaEYEYc6yQB69DY2Jj5MzMMGhsbCzL2yH379/H+s89mbHe5XPxsPfy7ISKyRWz6xKqIiIiIyPoXpW9vGM8dE9NMvO70Q6zIdaRzo7Q1wLjpiOtKFTElVp+u2SGOXfIynyoWmWfwF9eKkNBcYOidEN6H6cKV+aHbXLv51AMhcroWIo4CmsjLhD5ZD/WkaR0dHcvathqv0M7PJl+h2jDsGx4//CEul4v2nwG0F2QOERF5PCVWRURERESKbS7GFFWUlzm2lfno8JbYX2dVjbaF7IRrPNSGq9exWD5r+Xy011Fpuui4xPaG4JJxhQ+WU+7cVt1BR3XyTZzRI4vjgih9zipXR6sBO+a+1P6+SRZV6zordSd681TwZnxPHC0DMrZvourakRlmUm9K8Q+nV+JFTqcrIr0XcyUXndWdzsrOzKrP4M0Fht5pZWyklW15q2LHmHFUhpYeChHYv3is5LkLF70Z40ROp2PMHfcCQy3J7dtoHcn/Lbk94/is+wPpBw1nVNWmK2qd82Vv97Z4HXFnf1+Sk4Q4lty+jLYADQ0NNDQ05H2/Egfu389Y4n8LeOWVdtp/9gqTk/CzdpichFdeeWVV44uIyOqs+uFVz3V/VMg4RFYhSp/rLOV3BvCVPf7opHiojcr7xzE73cs/aW6UtgD0XvBRslREvS4mXjMdf2w8WawiIiKyRZT5OH7CRaPLTnIGrmRdT1R3YJrJSrcofa5ORmsG8HmPE3BNEO104wbikTCc77W/DrXRyDimaV/zRHtd9E2adFRH6dvbTtUVk4Fq7ETkuTxxVR+mn0oqXe2Ah/6sa5lobyXh16cxL5RgJ1kTcZW56TBNUhH3uugM1TGQTBSfgbrU/ih9Lkc8c6P0ReJQBhCE10zMzmScoxy+4KPEUUnrJrGvN4rZCX0NU/TfMe0450btxOpGv/7a7icUCWIYRmpTT8QisN9OXL63ex7LKsVOSh5j6NUQ6cfwLjDU8h4VDy2s7dhJx3eGqB+u51pLoupzv2Ou9wcJAedyPpeiFP/wDTvpmNx06gZWdw2ZDzSOEDTeY+hICP+hd+kxrhHprqGGCNdO9vCuVZo37vpPjtH60g2s4ZrU9lxquufxtmzDSH7Q5kHmh/2UEiG4Y4Z3LYsQwM0gxukIVndNxkOUI6cN3rv4VjoZ+8Y5rOFQYs5ti78vs8DIy7xrhQgljvngpj+RVM6vo6ODK1eupL5eKdfICHzve0xaFq9Y&quot;
01-25-2019 12:52:52 Wire.java DEBUG [Forwarding screenshot on session 0430907a08dce67eec548a3919750b18 to remote] http.wire 87 - http-outgoing-4 &lt;&lt; &quot;FreAasPglVfa4dYtXmn/GXCLV24Br0xy69YtfvbKK3zvlVsrnktERFZuVYnVz0+/Weg4ZMOI0udqJLuuYdHFf5ZVJTOLIB5qo/JoOHPjiXHMTh8DF4oTk4iIiGwN7s5EAjFZ7Ql4zk8nkpFxRo9U0n45ebSHfvss6k40MjHZgbs6zsTH4AnaycvY/TCcCeM6k57DsysOZTGmDvbTu8S1W1oJvgsmPrBvNO910U7y2i9O7C6Ez1TiOpo+I3AMKFt8XeU57xj2RB2pq8K5rHjKfHR4gTmAAHWp7eV4HOeECRJ2Oa5KD5YTp47yg2Ha97qIXTHpqPZtnpva+wNYViDxJvFQp/dDVNwbY+zkWDrBCPS8A2xPvpthZmSMrhGD1vQRvMsMMyM91A+vNBBnAtVO7HovniN0CIZanBWmTQwmjq8/Vcu1mwEqZt7j9tA5AkAkT9wz98boORBaRhyl+IetdAI5mUA9MsNtuugyutKHNg+yQA1c9LLNP5ba3DSUPuTlimQaeYnvS3MFFYm5K17CUUGcn7NKdTXVqmZzMzQ34+rvh+99L7X91q1+oJ9b/a9wCzuJ+grALejnFbilxKqIyNOgVgCyCh76nf2/zKWTqhvOifGMz7bek8EiIiKy2djVnuaVAOGPJ4hjV4a270leo4ynkloA7tcCBM+NEp+bIIyHOkci0XN+OuO6JlUxuhplPgZMk+nzHoLX020FAldyXBdO9lF5tCrVm3X8xOqnzetgP9POa7YLPkoSiWDTNKm7nt2eYAO7GcyzxB8qdjfRNDSf8cDezCrKCiqamxh8mP1A3woqmrtW2B81QjDPEviFi8cIvTGf7gHbnN5Xc2SQ2+8H+eDSy7ybqBDNF3fF7qbMJf45LTDUkuehWdsreJkebjgfYDzspzSrT+38UFOesVfzfVlaR0fHE/dWNZubU/+t225x6xb0f+8W/d+D/u/B96rhFq9wS0lVEZGnZlUVq2oDsLGtVcWxXZVQxbjZkVp+Vnm0ivE75Zw9GgbsiolU5cVkn6OnVyB1XrTXxVkCcCZIGOyL5tQS/HzVGov3pSs8yJoLOHF8ZR8uuxVAntizviP5Y804f/GyOhEREdliJvtwXa/LuKEbj03BnjpKgBjg2ZXodDoXYwrSfU+rD9NPJ52BMFXHzFTbovJdHsJHPyTqTVynzI0yOufDV11O1eWzTMzZ1ZzxWMZoGeKhNjrpzUjIxu6H8ezqBUoo3wPtyeX5AJOjjJb57ArXVG9Wu7KVXXk+e1k5VZcb+XDSZydl50bpi9TRUZPn+MQ5nsvt6XOIMxqK4auJ0TZYzkCnG3enyfSuNirvx2DJZk4bwP56Xq7ZllndGbEIbAcOhXj3tEG6S0ATgw+drQBK8Q+/m7l8P7Fs3v/+IN4d6e12e4F6vGxjm9HqWOafVEP9S7X2vqRTN7C6S2HWCzucMTYx+H7iy+1+3n3JoJYbWMmo8sV96F1eNvKM4/hM9W/cZpujNYL9mexYAw9n8BoGqdrUUzewuh2fKznyUK4eGKW5vy/bcxy6TKvtq7qUW7fshOrPLIvmX/86td3lcvHKzwo+nYiI5LHqHqtqB7AxFSYpbi+vcj5rMnDFpMM7wDRtVPZGMVtjdDqSrL3nw4SdrQDy9sWy94fvljNtmgwkkpPJi+ZUtcYFN8m+pUl5e3wxSpuj15bdlmCJj3em0bFkLpH0dO5/TOzOeHLHGt2cvb9ERERk9aoP03+uksRzaWwnxlPXF+7WftibWHJ/0JNeEg9ACXWvQ/vRAMcdrYtKvAOM30/3bbWva3yAm44rVbgS13Oeg5mjZYzsPU6VK3Opv/Pmtbtzmv4jyR6sYN9wBsoye7N6Di714d103Omnba/d/iAd5xLKfAxcieFqcKVaVHnOT+MrK8dz1/l9DDBubobVR5nL7xftdfQOTfMTSi1nz3P+dj8hy5+1MWuJ/bLmyjdW1nnLGmvpz5qK8lAI61CenXliyfe5arotMvL4Oc93fj9znPOU9X8Pu3rVkVQFe5sr4x8SERFZS6tOrMpWlr/CssQ7wHivC9de+5i8l7F5+2LZZ3her0vUFdiVEDHArnbw0B/MNeoSPb6IET5xnIHlJi4df8Sk411+7Ol48sVavnl7f4mIiMgqOXqZ5lLmY8DMn2ws8Q5gehdvT/dtzZLxMKylZD6EKsfMeeLO/3lKvAOY2Rtzfj4fA2bWMc6e93k+w5LfR5FNIN0OYHX7RUSkcJRYlTUSJva4KsyMJf5psSeYNedDtCafYMB8nij29B8a0V4XroastgUiIiIiIiIiIrLuKbEqBRUPtdHIOOadGG17+4jm7D1K/r5Y3qWWapVQvifM2Ugcn7ckq7/YEj2+ysrxnJkg2unGTeIJuaywx+qKY18i1rnRzdn7S0RERESe2M6dOxkZGSl2GFIEO3fuLHYIIiKyQkqsyirk7rF6OJZ8eJUbcNN7vo1KV5/dZ9V7nICr0fHwqjx9sR4zs7tzPN3nK6u/WN4eX/gSsSS6dh30wJ4n+Pj5enotN9ayuk3a+0tEREREntTu3bvZvXt3scMQERGRZTCGh4etF198MWPjvn37sKzs1uJpz3V/pIdXbVDJn51hGHl/xrn2GYahXj0CwNWrV2lpaSl2GCIiBTc8PMyBAweKHYZsAc8++2zqa11jiYiIiBSG8xoLcue3nPsePXoEwKeffrriufbt2wfAV1Z85hIWLnoxDCPjFbz5ZGNGTtvjeC8uFCbIpdwM2nG3DOGcLSOGPMeIiIiIiIiIiIjI1lGwxGrktME2/xhNQ/NYloVlWcwPNRVq+Kdjfz09ACMzzKQ2Rrh2EqAJ76ulsD9gf75hP6VFClNERERERERERESKqzA9VmeHeO8k0DzIuUPpdGPpoRABACIEjVq66OGGFaBm0Xs7MVt70jFm8yD/9EYotW3Mvw3D38TgwxD+7QsMtWyjNdXTPbk9c67Bodu0+scA6IlY1F9Nz9ETsQjsz/4gNdSfAk52ce1mgJr9wOwMtwFOvWuPPzuEd0crY82DzCeSq9mxNw3NEzpEKsbkXMnjMt8nY0/GnT2O0rciIiIiIiIisvn89re/5d69e3zxxRdLHvftb3+b3bt3841vfOMpRbb5zP3LXLFDWFNlf1RWlHkLlFidYQzgpYpVVXEuXPRSezJXItHPjXtG1r5kUjUzIdm6I0hFIklr6yLEPNZDL94drXTVGPRELKwDQYyaLrreH+KtHFWnNQd64GQXXVcjBPbXsPBJiDGg50ANuWQmRxOx+Y8x9GqI+jeaYGSM2zMLsH+GayebaGpOvoeZXwC8TMX2BYZaaunKSBCLiIiIiIiIiGxe9+7d4/nnn+ell15a8rj5+Xnu3btHVVXVU4psc+r4qx8WO4Q10fe3Pyra3AVJrC7M3C7EMImqVODUDazu3IlMZq8RGgE7IQk5q0wB6OHdQ6Uwm35fvx+YraAJ7ERwLvvfYrC5i9aT14h0VzBzaSx97iLJNgFjtO4waE1/EmZmofRVL02MMXbpGguvwm1exvsGtCbeh0aAU/XUQKL1QHqc3BW1IuvD8PBwsUMQERERERGRDe7Ro0fs3bt3yQeoA5SWlvLLX/7yKUUlW03yQVSrUZAeq3YCEfjFzKoe6FR6KIQV6UlvOFmLYQSJLHVScwUVq5hrGdHYlaZ0ce3itYzkZ35NDD60Ur1lLSuRFN1ej7cZGJnh2ichxk7V43/VS9NIiGufzDgqYUvxD1vcOJUesavGwDi95HdARERERERERGTD+vLLL/nd7363rNeXX35Z7HBFFilMK4Dtft491crYyVaOXaxPLedfuOjlg4qQo/LyNjOzUJNrqfv+AJYVIN0j1VaxO6u+NJGsHBsJcW3Wj397smo0X1XpyiUrTW9fWroNQLpadozWCxH8iSrb9OdOJGlHbhO6NEbTG+dgO7zMGKFLi2Ou6bawuoGbdrsCkfWqpaWl2CGIiBScqvFFREREnq7f//73/O53v1v2sZItSp/rLOV3BvAVp8Vowf1gIEzjC/Crv/fQ/uNiR/N4hUmsYicFb2BQm1zOn9ATAajhraEmuvzZS+Ztix5cRRODDxP9UpPL6Z0P&quot;
01-25-2019 12:52:52 Wire.java DEBUG [Forwarding screenshot on session 0430907a08dce67eec548a3919750b18 to remote] http.wire 87 - http-outgoing-4 &lt;&lt; &quot;rxqeh5ZtjrEcxxdCInnbOjIGzYO8tUTCNvW5T9ZiOD5DT6LY1E7StjI2Aj3vlAKl1J+CrpNjcOrdRMyLH1xF8yDz+dohiIiIiIiIiIjIYpN9uBqCjg0e+jdR4nHNNAcZfbuKb2VsfMj4a2/zN0UKaSMoWGIVHBWXOZQeCmEdynPiEuex3U/I8mdttJfOZ29NREHAsgjkOz/neIuizT9+jvOX+tzLOz4rZhERERERERERWZm5UdoaYNw0cSe3TfbRNwcosZrfX/+Un//FDvjNFOc9AUIAfJ/+65VFDmz9K0iPVRERERERERERkaKaixE+WE65c1t1Bx3V9pfxUBsulyv16pu0t0d7XbSF4ulzJvtwHRnF3hJn9Ej6nIzjMuYepS3H2PnPz9zucvURTe4JteHq7aMvY6ys43ujqaljg22Pj28J3lIXAL/5fycTSVWAn9DuqFb9wUCYn19Pv0bff8Pe0Rxk9Hrmvp8PfD81SvK8/vcTxyX3/fVPM8+5/lN+4Ayq1DFuOIh3xZ/q6VBiVURERERERERENr7qw/TTTqXLhcvVxuhc5u4S7wCmadqvO/1MNdjJTHdrP3w8QTIlGb0eJHDMRwkQ7a0k/Pp04rxpPB93LhoX4owG2qm6khjbHKc8Zo+W//wSfBfMVDzT56dodCRLOQN1iX0d1fY47XvGU+P0E0vEG2ZqV2/qM3H0Q6LZ4T1GaMEE4Ft/8pd5k6ONL/xPPv2ph+++9nd8+hv41p+8yY+agZEAvtc8fPe19D5eOED/X2fO8cKfONoMOCtkU+dmthx44T/AxeR436qiMWu89UKJVRERERERERER2QQcyco7HsJ7s6tHo6kqUNfedsLJzWV1eAgzMWcfM3EmQF01QJzYXQgfrUxUhFbSfjlMbFFitYTyPRBsSFYBVwEkAAAgAElEQVSMuvF5Sx5//mRfqtK08mg4c8gTdel2BsSJ3fXQ3+pOzefrtBO/4MFTU5L4HOVUrebb9uO300nRpBcOJKpIv893XgD4JvveDvPz63/Jvm/Z710V9qHpatbkvsV+9feJBGrbT/jBf9wBZFfIZh3/SYAQl/jMXM0HenqUWJUVSv4j1Oe4AxKlL8edoNznLuc4EREREREREdnsnnnmGT777LPHHvfZZ5/xzDPPrGzwMh8Dpsn0eQ/B61HspfSNTJ2fTlV3elIHl1D3OrQPRmFygmBGUhMCV9KVpckK0mzuTntfL52LlurnPH9ulLaGKfrvJCtWPYsHfaou8UNPVuUpO/hOqlI0WbGafrX/GLzv/580vgD86irffc3D+K+K9gGKYtUPr3qu+6NCxiEbiofAiSnOhuIMeEuKHYyIiIiIiIiIbEA7d+7kwYMHzMzMLHncM888w86dOx87XjzURie9GbmK2P0wnl29qfdV5Yl9czHCwPHE9hLvcQKus7Tdhf5gR3Ir5Xug/dwohy8kKkQnRxkt8+HLeBhWlL4jMfsY7wBmeR+uczHiuPOfb0dDeVk6znQ02Uoo3xOmcTCKr9MNxBntnaCuszzP8Svzg4Ew//nzv8P3zqXElh24vgXwkH/+8U/gPx7ghRe+yb7Xvw8jPwESCdWF/8I/P/dNAH7z+cNlz/c3/+0hjS/s4Fv/oRovl/JWrW4Eq0qsfn76zULHIRtMeetx2PshUW9Hxl0cW5zRI5W0X7bfBa4k+4E0EgTY66KdAONmB+6sYz3npxP/AGZu58Q4ZufimURERERERERkY3r++ef5wz/8Q/7t3/5tyeO+8pWv8M1vfvOx45V4j1PlqsR1NL0tnWcA37EArgaXnZs46MGTsXDeTd2JMMG7/fQ6kqbuzmn6j1RS6WpPbAkwvmh5upu6PY2OYzz03+mgBCjJe76P4ydcNLqC9hkHPbAn/2dLxuFypT+Xj9hjvyfLZfdX/cv0ht9Mcd4TsJOebR4YCNP4wgF+fv1A6pBf/T38zcdT/Oe3qxafv5Qfv813+Sk//4sqjl4PY/+4HjL+2tsF+zxPizE8PGy9+OKLGRv37duHZVlFCkmeBsMw8v6Mc+0zDAPTNLGX85+l/M4AdZHknaBYapuvzH6aXiPJRGjUsS+acRzYx57d5UymdkLQHrvy/vFUMjUaGqXcm+wfIsV09epVWlpaih2GiEjBDQ8Pc+DAgccfKPKEnn322dTX6WssERERkbUz9y9zdPzVD4sdxpro+9sfUfZHZRnXWPD43NejR4+eeO5VVayqDcDGVqiKY/tO0IdEvXWOrYmGysFkdal9x+dsJI7Pmz1Coonzmcy7SYFjUFJeBUcbcd3tZ/qCD7fXV5CYRURERERERERECmHVPVbVDmBjKmxS3M3h82fpDK3yqXMJyVYBmTowzQ67mbPLRTjVOkBERERERERERKT4Vp1YFYFk1WojQTz021uyGipHmTjjwXOnBBb1/sjfBLp8sI1Y6wC+Mh8DZjl9rrPE5sBdhoiIiIiIiIiIrFDf3/6o2CFsOkqsyhNyc/i8h6BjKX92Q+XAFTPRU9XN4fNQ6Xx4VZ4mzu7Xqmjc6yLV9vn8NB1KqoqIiIiIiIiIrFjZHympshaUWJUVctNhDmRsKfEOYGb0Ty3Bd8EkV1fUZR9bnWgFICIiIiIiIiIisg59pdgBiIiIiIiIiIiIiGw0RU+sRk4bGIZB8OaTjrTAUMtKxooQNAwMI0jkSadekax5Z4fwGgZGyxALTzUOERERERERERERWa0CJlaTCUPny8vQbOFmWG+SSeGt8nlFRERERERERETEVpjE6uwQXqOWLnq4YVlYloVlzTPYXJDR1yG7Orb2JPREkp/X4sapYsclIiIiIiIiIiIiT0NhHl41O8MYwKl6alIbS/EPh9LH3Axi1HQ5TurhhhVIv50ZwlvTao/TPMj8sJ9SsJO2OxLbHefZ8yww1LKN1pFcQUUIppK9AWoWvc8hO0ZnHBnHfWDPeeoGgf3pzTXdIXvcRTHbx1rdOWcV2XCGh4eLHYKIiIiIiIiISFEVpmJ1ewVNACdr08vinT1DkwnL5kHmUxWtmcnNrktwLlnlOtLKBzdJJyhP3bDPifQAXdSetruiRk7bSdWmofknr5BNxGiPZTE/1AQjrRy7uLjz6cLMbQCadlfk+X74CWVX7p6sLUAfWREREREREREREVkPClOxut1PyPITOW0vjwdgpJVtRojBhyEqrtpVoE1v1C+u/kzoeceuDK14CUhUoC58ErKrPk/WYpx0HPyLGRaAaycBmvC+WgpP+OinSCLGMf82DH96+9i9GciKeuZeRi1q7vGc3wuRTaalpaXYIYiIFJyq8UVEREREZCUK+PAqqOnO7jc6RuiTAjzrPlmxmnxlLM9/mYrtTz5FUrJiNfXKsXy/5kAPkEy6LrZw0WsnVRNxq/eqiIiIiIiIiIjI5lKQxOrCRS9GYnl+Ygszv4BkNWkqEXnp2orqSktf9SZaDLzH0Gxya4RgyxALVFDRDNDFtSWX2N9mZnap/bZUjP4PSH2S2SG8GZ8rYf9bOZf3R057GZpNV7TmbRUgIiIiIiIiIiIiG1rhKlad/VWNbbSO9HDDCuHfDuwP2P1RR1rZljomSI6UZabtfkIPB2lijNYdyfNqsRftl+IfvkEP0FWTnNN5cg1vDTVB6tzkeXkkY6SL2mSM2Q+gSinFP2z3TrXntl/Jpf81RwZpItFWwFBLABERERERERERkc3GGB4etl588cWMjfv27cOyrLwnPdf9EZ+ffnOtY5M1kPzZGYaR92eca59hGJim+TRClHXu6tWr6rEqIpvS8PAwBw4cKHYYsgU8++yzqa91jSUiIiJSGM5rLMid33Lue/To0RPPWdAeqyJLizN6xEXfZLHjEBEREREREREReTJKrMrKTPbhcrns15FR4k95+mivi7bQ055VREREREREREQk01eLHYBsMNUdmFfAda6c6Qs+Soodj4iIiIiIiIiISBGoYlWe3Nwoba4++npdqWpW53L/aGp7Je2X09vjobaM6tOMatS5UdpcWeNN9tF4BsJHK1Pb4qE2XL199CWP+7kdSzQ9i9oPiIiIiIiIiIhIwa26YvW57o8KGYdseEF4zcTsxG4XcG6Uwxd8EGqj&quot;
01-25-2019 12:52:52 Wire.java DEBUG [Forwarding screenshot on session 0430907a08dce67eec548a3919750b18 to remote] http.wire 87 - http-outgoing-4 &lt;&lt; &quot;8W4/06aPEuKMHqkk9tix4owG2qm6YjJQDRBlNBQHbwfjJ4Kc3TXNgNeulY3HgDNQZ5p0JM6OnnAxMdmBuxqYmyBMP73Va/OpRURERERERERka1pVYvXz028WOg7Z8ALUJZOXZeV4El/G7ocJHBtYYcuAEsr3QHuDi6nz0wx43fi8Sxx+og634637tQCNicRubLAdXp9WywIRERERERERESkotQKQdcndaWKaJr102u0AeqOPPymp+jD9hJmYizJxJsBxr9KqIiIiIiIiIiJSWKuqWFUbgI3taVYcl+/yELwepaPaDcSIXQaOpfeH78eAEiDKxBngPECUviMxDl/wUeIdwCzvw3UuRjyjLnUpJfiOVeHa24jn/HSqRYCIiIiIiIiIiEihrLrHqtoBbExPnBSf7MPVEASg8ghMX/Atucy+xNtL/5FKXC4AD56DUJXad5yAqxHXGYAAgRPJs9zU7Wmk0tWeeO+h/04HJUBJaz/srcR1FAJXTA7nm7i6jgBTlNeoWlVERERERERERApv1YlV2aKqOzDNrBrQMh8DZtb7C8k3JfgumPhyDuamw/HQKRxfuTsTD8LKVuZjwHSMVj2AmeMwJicInjiOWbbEZxEREREREREREVkl9ViVTShKX8MU/a3LbR0gIiIiIiIiIiKyMqpYlU3ITYc5UOwgRERERERERERkE1PFqoiIiIiIiIiIiMgKrYvEauS0gWEYBG8CRAgaBoYRJFLswERERERERERERERyKGgrgIWLXrb5xzK29UQsAvsLP0fT0DyhQ6UZ+yKnDWpPknNfpghBo5Yumhh8GMK/vXDxiWwFw8PDxQ5BRERERERERKSoCpZYzZXUXLjo5YNCTbAMNd0WVvdTnFBkCzpw4ECxQxARERERERERKbrCJFZnh3jvJNA8yDlHpWjpoRABIF0h6tA8yPywn6XqSldqUTXr7BDeHa04a2h7IvNUvJ+MZYzWHQataxDLZuRyuYodgoiIiMiGZ1lWxntdY4mIiIg8uexrrKehQInVGTt5+VJFnuRkDQHLSiRZk9WtrRy7WP+YJftPIkJwRytj9HDDClDj3DV8gxm1AliRYvzHKSIiIrLZ6RpLREREZOMqyMOrFmZuP/6Yi14Mw35IVe3JQsy6XF3UGgaG4WVo9mnOKyIiIiIiIiIiIptVQRKrpa96aQL4xQwLuQ64GbQfatU8yLxlMT/UVIhpH6OGgDXPYHPyvb3s33sxZ4QiIiIiIiIiIiIiy1aQxCrb/bx7Chhp5Zgjcblw0UvwpqOiNW+rgLVSin/YwlqUzK2gojnvSSIiIiIiIiIiIiJLKkyPVaCm2+IGBrX+bRj+9PaeCJQeepce/xhdJ2sxCtQGYGzRPBZvOQ/I8eAqTt1I9XStf6MJRvTwqnwMwyh2CCIiIiIiIiIiIuuWMTw8bL344osZG/ft27dkI/3nuj/i89NvrnVssgaSPzvDMPSwBBERERERERER2XIMw+DRo0dPPE5hWgGIiIiIiIiIiIiIbCFKrIqIiIiIiIiIiIiskBKrIiIiIiIiIiIiIiukxKqIiIiIiIiIiIjICn11tSc+1/1RIeMQERERERERERER2TBWlVj9/PSbhY5DisAwjGKHICIiIiIiIiIisiGtumJVNjbLsoodgoiIiIiIiIiISFF88cUXTzzGqhKragOwsaniWERERERERERE5MmsumJVybmNKTsp/o//+I9UVVUVKZq18+yzzwL25/vTP/3TIkezdWyE77diLAzFWBiKsTAUY2EoxsJQjIWhGAtDMRaGYiwMxVgYinFtbYTYFeP68pViByAiIiIiIvL/s3f38VHVd97/X9OtshaqggKhTWiDNLUqFLJrzUTRi1RurOKWGYLLpJWfFZcf6HqHt+TGColaV7wr0ouW1kt7ZVgTZtiCVRCFLdhMWHajC2q9MJpLSE3AimLBLrDtXH+cc2bO3CWZySRzEt7Px2Mej2TOme/5zjnfc+acz/l8v0dERERkoFFgVURERERERERERCRNCqxK//pgHfNHjGDEP+0CYNc/jWDEiPms+yDH9RIREREREREREUmDAqvSR3axYsQIRowYwfzAwVxXJqc613pxuVy4XHWEzPdCy2P/l3gh6lwuXC4X3rWdua5MAmP7xb6cWE+a6+Lq6cXfnutKmdr9eF3x69F5+0R0/7W9ljuslgNiXXbin5u439Q157peJmsd2rattZ87po6A/djouH3aJna/cV4djW0brVfkmO6kfTtJm3SSZOssst3n+nHEL6Lt2BjZj83fRe3X6Ul23uOsdQjOX4/x9XPqekz2e+2gc4qEc1sHbu8kx2/r+OiY7W2ux5jrFyf+7iTUydqP4q+rHbT9wdZOo/WK/EY6ZP0m/mZH931HXdem2Ocdsy+ZHB1YtTa2ozas9MjBwErqzL83Pr+dkzu0aqniEbXlHulc+whV5t/B9VudcYGWwEP9/jDhcBO1QND3c+ecdGIeP91VsKyJcDhMOBymaVmQNieddICtfk3UUkWpk07ebWpD4ch6DFe7c12d5GzbOhyuxDm17MQ/dwwVjdY+Y7w6/J5cV2wAclMZ7qC+HKCWpnAAX36u65Qob16AcKSezta51ktpDcb+49R928lqHjEvGjvZuj6Y69qkVPWoQ4K98dr9eF2lVJXX02H7ra4ocN5FY/S8x9i3q9wOCmQMpPUYqaNx/ljldtJ5T7Lfa6OejlFSGVuvyPp05u+hY5WUGdcvtuuszh0BgkDtNAf9FuYXUgywp82oZ/NW8xqxiq3NAJ207QHKvZQ5afuXVBIO1QJBKp4OQbufG31BR51r5M0L0LQMaKzg581A88+paASWNRGYl5fj2tlE9nn7tUMtZSU5rVWCLAVWbXfg7BF4253iHgVHrWh0One67Zk6Don+pxSpq5N+QPvCQbY/vxGopPJe4Fcb2X7Sd/X3UO+vJei7MfEkNO6OYcxdt8hdurroPjbXT6ftzs3gu/FgXZzVUrsMaAyw1Skn7l0pL6Qw13WIiK7DJtuPt7s6TKXDfoSi3FSGatENiEHIPFHz+J+KuejJmxdwcHuUk8KOOsY47EJnYPFQuwwCOzqN/XxCrbMCMCaPv57axgpudOBvSySQcbsP6zLWfV09HqBqi1OvFvIonADgnJu1A3I9trfRAg47f7TYt62bSkfdrJXscFMWc51lXjuU13O9o87NYuvZ2dYCy+qpL4eWtk5o30qgEZhQiINCgYaSSiNwWfMI3tsrCJbX0+Gwc43IcfJRP/4tVcRfOzpKs3nORi1NDjwmZT9jtWZrJGho/cj1mBWNbvD1eMeIWYZt2ZJDH2xn46+Aey9lydRKYCP/UL8r17XKvSnXU19u3rVKVw2UhcORu0pjtpQ5NlOy16wfyGVlVE6z3elzHCMTwuUqpQrwzC5z0A96G22NOPRkvQv5hXiAYGtbrmuSoMrt8GEfAGpKHTlcQWdbCwDFhc7ZQ1KyrcPSmlxXRvpWkAqfkffiqOycAaZwmhd8P6duSxW108pyXZ0Uyrje73Hk+VJbaxDwUGjPtIrP0HIcM0PMQRlDA2o9NlYwxuXCVVBBcFlTWte9fS8P3+3G7RH7eY+Tzikke4ygWtC4OWZefznresbgNq8H29qNfd0zvoyy2R7jeqG9zXlZtjbu6g7qy4MEGz3UP+qkfd2U7+MpvwcaK6ioAY//escFLAEj2cxdhdFzwnlBVch6YLWW2mVWtlEnW9eDJ64bWLLx6iJdNKzsvB5nrFpZWR5zOVZKeFTCmEDWD0PCmHRJxtpKGL8hfkyP1P/7bd/TuAgPUVdQYQaBqyi11SWhjk4ZmypDu+r/gY0AD85gxHRzQIAHt6PQah6+R+vx1JSmf8G+rAw3UDjeSH936o9HNoSeNveTmlKjKzs49KZJtJtUh99D0DfGQd3NCiksBxrbcF6IsgvmyZFnvPPCwfahABzVPcbOPhSAg+425xUWA2ZmQdwYc87ZZ0wxQ2fkujLS12pDTuyKO8Dk+7hjWRVVe5yW5RQrb95T1JdXUWqdVziEcV4Xl/lpZTI6LgPLuqFsdRV3zsXtgFqP5fV0WN3YI0NpOIit223YyfWU&quot;
01-25-2019 12:52:52 Wire.java DEBUG [Forwarding screenshot on session 0430907a08dce67eec548a3919750b18 to remote] http.wire 87 - http-outgoing-4 &lt;&lt; &quot;3ssvw1tuDgfQ3kYQD94pjtpbDGbiRUubn601xo36vMJiqNmKv60FJ93kiRdabhwvPeVBKgqcea6RN+8Os7dJLXc48Rqn3Y+3oIIgHur3O3fIj6xnrJZNqzV2zuafU4EX74TY6ca4W+bBer+ZepzpCa2V2Vbu5Snr7pptDKXQciPjxOPviL3YjGycWpoiPxzGRrI+Y1xEZzqGUBUBnop8P+MOuZtK83+s5Va7I2N7xdTRUXcu07WL7Q8CVLL50CEOHTrE5nsB6tj+77mtmSPk+7gjxcW6E7P0+l+IrTWAbd80ghuJN02kK3mUzfYAVZTGDZzvuEBWRIg6t9EFxZE/6pI5axwv3434291UanzVk4SZOU9xbBaZY3gozI8OQVI6wG9q55K7eiCcu0Yz8Zwkb4o30g0zcv1i3mB23k10+7ibzrq4HVjrEaLDHwWpuN1Jx54QdTFD1pk36iU9CdnS0WQwZ/0emtcLjW38fEuV88YptUQCwAFarCBqSRm1tBBYH3RuD73mOjOuFCBwu3muoezvtEWGegk563cnXvaHAigpo7YxwI2PVuGZXZakkduyVSIZnJmxVrJndhl55oVbdJwQK0CTeOclMnyAmQVor5v1GeOgZwUnzBT5HjMDA9ZBtQeCvjGDo6vFv283Hlp176VcaL51YcVPmQXUPbVOD7EC3NVxg8CXXG884MPsgnpSdz+1BiS37Zv2sV+cc+IJ0cwNV2SMPieNF5k3L2AEr2xdm8f4cNgJHbb6WQ+dcE4GjJ26xPWG9cCluH1GMhCizjXGeLgAVZQ67Sm42HsmGcOk1IacuU9HWGOgNVYwxonBVfsQH4N+jP4+Zm1rJ8n3EQg3UWt1D3e5KK0xAphOOqdwvKTr0UiUcex6dOyxx+xZ6bJnJzs7oOE8ZkJVpD06dz0aNyWqqKqJHaPYWawAcJBgJIhaSGF5kKBDhy+guc7oeWmNWWu/3td1REZirsUcODTb57NfpJuyZUGqajzUP5oHrfZpnfjnWifaYSpLQtSZJ97pC/Fz88Is6BuDy2e9bwRBffN68RX6Mbsib16AcGGdrctzKa4aZw7I2yN/u4RDh5bEvvelOTxzaE7kX/vfF955iEN39lflciNvXoBwTHs0MrYqo3PgawjjS/gkgI9AODoltqz4cgaBkkrC4bhvlB+7DpzAXR0mXJ3rWnQvse05iAO3azKOXoeWAbEuuzrOOUCSdejM/dz5x/2BsM/Eb1tHbmuH79fJ15nD2qf266xx5nqLZ65Hq2eiAx/CE7+dnbdend8WoxxeV4cfwyMGSD0Tzy0cfl6ZcE3r5Po6e18aCOeV0BcZq5g/Ekm7iFjdwrKQBm9ltpXX02F1oQ8ZeYDB9VvptJ4glyTb1Ooukjhuo/UZq9txNG0/Nuu1JbOnYKbKYI2MZdPkyKepioiIiIiIOJ7tYSxj1MtERET6QZ8EVlNzc73f6Fpvf5p2JkJbjE/GpH5HhgOo4OfNRoC3aZmtm73145rvI7C/Hk9MVwejO531GSPV2OhuFx3Pobf1jwZurYdXxT64qpQqBz/pTERERERExMlinunhoIc5iojI4ORqaGgIFxUVxbw5adIkwuFwyg+dVf0cHy2/pq/rJn0gftv95je/yWFt+s5ll10GDN7v5zQDYX2rjtmhOmaH6pgdqmN2qI7ZoTpmh+qYHapjdqiO2aE6Zofq2LcGQt1Vx+yx6vnpp5/2uiwFVk8y2nYiIiIiIiIiInKyy0ZgtZ+HAhAREREREREREREZ+D6f6wpIbrhcrlxXQUREREREREREJCcOHz7c6zIUWD2JdTXcg4iIiIiIiIiIyGCUrYTDjAOrZ1U/l5UKiIiIiIiIiIiIiAw0GQVW9fAjEREREREREREROZnp4VUiIiIiIiIiIiIiacooY1XDAAxsqTKOV/te7OeaiIiIiIiIiIiI9K2F/iv6pNyMx1jVcAADk4LiIiIiIiIiIiIivZdxYFVEREREREREBqZLlo7NdRX6zKsP7OvV5wfzupHeU/saWHq7vbqjwKqIiIiIiIjISWjJP96T6ypk3YofP5SVcgbjupHeU/saWLK1vbqih1eJiIiIiIiIiIiIpEkZqyIiIiIiIiJyEpjAXH8+wz/7iNCCf2N3rqsjg4za18lo4ARWm+twuaugvJ6OBh95ua7PScE8KMS8d4Lf/++Xef6FLC5m4RQWXjYMOMLbvh38JmsFR+v/8W9epGF11goWERERERERSVRex7rFExl2ZDc/m1VJoI8W4330n7lh8lCOvPYL5ty+vo+WkkL8d+yn75yunK4jOWlkKbAaos5VSlX828uaCFe7s7OIrLHq6qF+fwBffq7r41CRYKc9KFnIVWvO5cuebzHxBd19ERERERERGaxue2YjMxKesXOU11f9Pfc09nNlrMAd+9k8dTGP9fPiU9fHru/qZgUI2beFmfOfTDLHbB7a+AMmDYN9L87iHx7uTVmJZfb2uzmlLVn1cHSg1d62bNvIqHv/rLPE7ZWd5WZv/d/MT7dNY2yujkdxspyxWktTuBI3EFruorSmFO/4DgLzlF86sExgrhlUPf7W27ZMzzaeXwBXPTIyOqstAGuIzWi97JErOPdLwAftvE2+8TeAlRr/nW9xXeTzwzjXfwXnWmUUxJedWH7yOgAfHOb3Z54RybYdftkVLLzM+D5P17Yl/4zS9UVERERERGJ0F6g76dy1ik1XFEBMdubN/HTbuTms1HrumZXlQGH53zI+cslcwDfuAnrZDiJtyVyHkxav4rZGBwTKnWpsKQ+VP9mPgcPkAfrbnvlnRvdXFQagPhsKoHC8BwgSbG0D2sws0Vrq/S1U+ILUhsJUllgB2OjnrPeBaPf/ZNr9eAsqCFpDA8T/T2LZLNtI/Z5ZZmZtkIoCFxXm/Kz1MsYXtM0cDRKfdL5zGkMBOMGHLW1xE9t4/g7zvYQu/EbX+y9/7wrmFsR1vf9SPqN/8yKr7zC753/hLP6mqpDdtf/G0wWphgLYwWp7Gd/5Ftd97yy+/L0pXPaCMd/Eqstxn3dK7GcXTmHh1/7I8wv+mHwogD4bekBERERERGSwiwZfrMyzSBakmdmIlZl25CjDhhlXlzEZklZw0mKbFu2+vZtDkycy9sghPhk2wswOLWDGto3M6Dbbsu9480YAcOSdf7d1eX+Sf5iaOO+Fz2zkBjPzLzZQFZsRGJ1mZeLt5/XXRjBp8lD2te9nbL65DsdOY9O2aex7cRab45ZllWmVFd0mlv1sfhFmTE4sK1ng3Os+h2FEt+HY828GsrTOH36bfVcUEJMUGd8mbIHrpN9l6mL2xXX176rrv/fRf46s82GTf8CmbdcY2Y4kZh874mbCvv3sG1vApGvr8DZWJk5PyJo2s4rjA/+phm1Itg/dNc3IUN63Jeb7Pzb/723zpN53I23wtd2MmGzWzVwuKdb/gau6zo5NyJ7dt5fXRxSZbWcokxZvZNO1uR2C4nN9VXBbqxGkrJ1mD01WUWELXlqBz9pQmHC4g/pyqHJ78bdjBE7dVRgBzjDhUG1ay7fK9vg7CIfDxqv6KnwNTRgleajfHybc4COvuc4Iqi5ris57sgZVAQqGcGq3MxVy1YVWVmu7GZzcw4EPjKnDL/wWE+2zf9BuBjaP8NlnadRl4RQW+q8wXt87y6yQEzAAACAASURBVKzXEL74HYAJnHveKXF1AFbvYPUde1IWOXHkEPOvYYyrKkyjMiIiIiIiIieXsVdsZNM287WxDi/ruWfWL3j9CAybfA0Pld9sBOuO7OZn8d3F33mOmVONeRk7jZ/eRTQws28LM6fO4mevHYWx01j36OyY5Q6bPNEMnrTTuGo3RwAjeDQrZ0FVgEDnIbN+P4iul2duTpxx2ERGvDmLmS/uB2DslDq8xAZArXUz9op/5qFy+4cLmGQFEvcsNtYRRNZZt0G/u1ZFu/tPnWW+FvPYwz0tazYXfm0ocJTWZ5vYB2b2ZA9WUE/cda6xbfe9bbQXs00cee0X0TYxbCLzHp2d+rukucjA7X/P5n3G38Zy/p57Gm/mp5EhJmZFys95UBWAt9lsrocZd8VNsgdHp1ptrIAZz9xsBK0Bhg1n&quot;
01-25-2019 12:52:52 Wire.java DEBUG [Forwarding screenshot on session 0430907a08dce67eec548a3919750b18 to remote] http.wire 87 - http-outgoing-4 &lt;&lt; &quot;LGaA/MhRjpj/UzjcCJh/tD9hiZGbBkmmAT3ed8d+DdZa+71Z/+TrHx6bH13vxvcYagSTiR06IDLP/CXcM2uL8R05yuurZjEzx+P6ZjmwWkWpy4XLFQ2YRrJPgUiQNBymsiTE1hoAD4X5AHmUzTayXAM7OuncESAIsKwsgwBntGzvlDSGIagpxeVy4ZrrpzPtZQ4i+49xvNuZhvGFLyS++/EnJ3q8mFPPjO/mH+uyR66wZZa+yGpfOx/bZ4hk1sLRD+Mza1PbXXsgUs6p550bDdw+MqHHZYiIiIiIiJwMjACg+YoEMNabwY2hTFpsjnX4bGJw41DnemA9u94xgnkj8mZz2/lGtpsVvAmE3uUIMOxrf4vX9tlIMMVBD0MC4OHF0WCxZew0Nm1bxW32+Y7sZvPDQNvHRGe9mW+MBTjKoTaIrpuhjHfbg1PRQF+vgnxjp9kC4mmwhgE48i67Gp/kd/tIUscMqmMF6a0gqpXpaLYJK1htZacOO8uWGZnpd+kRIxN607b4AHduBW5/zgy8r+IbtvetbOLIOrEySEeMxou1vYzhG8aeNZQj77zLIfN/Y10fpTWUOHTE2LOGJrxn19N9d9+OSgKs58ChHnzJ8jrWbdsY+z0A+76SrK5OkuXAajRwagRPe/KZYjOwmpxnfD9kFJZUEt5fj8f6v7GCMS4zc/Zk9MKfMH72TmFkcfz6L+SqR77FxBSZp8PPPCVLlZjAaHM81phs1KT1hKEj02kne2jwvcjq+GDtl0Zz1Xcyra+IiIiIiIj0lBF0HajWc88sK+BsBVnNcUh75BAH+nLczIcXMzOS5QsMm8gNaQQNb7vK7MY9bCI3bIt2xY4PoKVr34vRDF4j2zl2ekxmopWZ3Mvv0rUn+YeYILnRtTw+AzN31nPPDiMbdWzCw7+Iy+KN3oR47E1jHY/Iq+MbY4/SGqrkd/tg7Pl1jB6BGTBPLM76XExAO4ns7btWxrCZeWrfzgNInw0F0D03ZcsAqtjaDNDJ1vVBrCzTvMJiAILrt3adPdrYRmKuolW2kf0aq5DCZDtgvo9AODokwcltDw2/MZrzqeedy9yF1vuFXLXmXL58JkAbz++y5snnMsAeDP14VxoPgYpkyFpd/ME+ZEAks3XhmZGHUVn1fPutE3F1wBiL9ZEJMWWkDrxGvysc448vpJhNRERERERETLN5aKMxFujmqWbm6rWpMglt3cpD6yPBG2PMTttYnjFjlsZpPEBPkt/6w23PxAfeChgxDGA/v+s2uzQ2mzB+3aRiDT+QlsZK5sQEfntaVjRT8PVVVtDO7Ho97Bwu7G285OHFZpfwocbDq7AF9CZPi2b9ltexzhpiIcV3sXQXCLTs++hoknejQfLIMAlOEllfUVamaOzwDDfzUyub1xwOYNjXzmGEGcTf99FRGHEO44d1sa89vCV22A7Tbc8YgeyM9l2bhPVfPhpj8IFkNxq6ypTezyEHRWD77OFVPeGuDtOEi1K3C+sRVbWhAL58IL+SDn8LY3wVjHFVJH4438cdyyoI1lRR6kp8wFWkbN8YXD7zzWVNhKvdxpADjdGHV/3n7ADfjHlwla0eJ6vVO1i92nzQ1GVXsDAStTzB7/+3GTRdvYPVGA+COtd/BedGpr/M8+kEKF/4N/6j2HgI1Ze/dwULv2eWsWCYsfwv5bPQnw8fHOFjiAmu7q59md0L4+sAfNAOtPF8cCTXfe8ss8v/uRx/623+g3PMB17Z6UFWIiIiIiIi8cZesZFNV1j/HeX1Vc/BtdbDq7bwGOvxvlbKDZMncsO2VYydujjpZ/e9aD2QZjEzWcWmK4yHJxkTtyQ8bCjWk/xu3zTGjs39w6vA6rL+g+gbR3r+8JzH5s8yHu6VdN2kYD3sqYuHV9klPuzJvozEsmKGG7DGP43JarTW/1AmXXUzPN+DL9qFx+b/gtEbf8CkYQXM2LYKplptwty+kUpv6fq7NDYxY9u0yHfpTiD0LvMmT4w+POm37zL+4tgHV3XfFvvfY8/v5mL7g6oaK5ljPnRr0uKNbLJ2uSNWelt0ew078i77sH13jvJ6yiD+eu6ZhfFwuvj9Hozs4bT33aiE9b/q7/ntvo3MGBu33a3vbe0r9v3N3Pd3vXMNkyY74+FVroaGhnBRUVHMm5MmTSIcDqf80FnVz/HR8mv6um7SB6xt53K5Erbxat+LOaqViIiIiIiI9KdLlo5lyT/e0ydlxz+hvj+t+PFDvPrAvhRTzeShzz4itCB1L8u+XDcysKl9DSz27bXQf0XMNJfLxeHDh3u9jBwOBSAiIiIiIiIiIiIyMOV0KAARERERERERGVwemz+Lx3JdiaT20ODbk+tKyKCl9nUyUmBVRERERERE5CS04scP5boKjqV1I31J7WvwUGBVRERERERE5CSTepxI0bqRvqT2NbhkHFg9q/q5bNZDREREREREREREZMDIKLD60fJrsl0PcYD4J6SJiIiIiIiIiIhIcp/LdQVEREREREREREREBpqMMlY1DMDApoxjERERERERERGR3sl4jFUF5wYmBcVFRERERERERER6T0MBiIiIiIiIiIiIiKQp44xVERERERERERERkVTefOPNnC7//AvO79PyFVgVEREREREREcmSlpYW3n333VxXQ6TfnXPOORQXFye8v+Qf78lBbWDFjx/q82UosConrc61Xm7kKQLz8rJUYog611bKwpW4s1SiiIiIiIiIDCzvvvsu5eXlua6GSL9rbGxMGlgdzDTGqiQRos7lwmV71TXnuk49ZdW9jlAvS+pcfy3fPn+47XUtvzqQlUqKiIiIiIiIiMgAl6XAamIgzuVy4Vre29BW9oSWG3Xyru003+nEP3egBQ37k4f6/WHC4TDh/fW0uL3423Ndp64Z27iUqiyW+Xe//JhX3vyYV958ib9jI0+WreC1LJYvIiIiIiIiIiIDU5YzVmtpChvBuKZlQE2pLZDpNHn4Goy6Vpbkui4Ol1+GtzxIW7vRfT5lJmu7H689sD7XT2TrN9fZPmfLJo37TMogd7sfr6vr4K67Okw43ERtb7+vKW/2s9wcyWD/Cl+ZAvCf7FPWqoiIiIiIiGRLux+v/fo5Q6HlmSeO9eazWZel9SHO5330n9m0bWPcaxW3JZn3tmfi5ttYh7ffa5yoz4YCKBzvASDY2oa9e7bfDMxZO6yVSZoYWEv8jDXd/pmYHT8meBfNmO1c66W0xpgl6BuDywzQWeVEyugiMGgFFL1r/bbsXHt388SsXecGldPUvpVAo4fCfMibFzCyWCOZrNY6CFFXUEFxyJwWsoU32/143USC7uEQlC4PAZ34b7d9JtxEYZtD19mB7by8A+CbjB2d68qIiIiIiIjIwBMfN+j9EHYifWnGjBkJvdNnzJiR9eUcee0XzJw6i5lTt7CPAmZs28hP77KmzuahjRuZMfYor6+aZcy3ajdHhk3kBgcEV/sssNrWGgSgdpr9MT5VVPiCkf9Cy12U1kBtKEw43EF9OVQldDmvIsBThPfX4wGq3C62TosG7qoeNYOfzXW43FWwrIlwOEyH3xPJmM2bFzAyaAGPv4NwOIAvP67C7X68BRUEy+vpsAKDjRWMiRvOIOhro8zKyKWKR9Z2YgwrUEqVvft8OJzFhyLlQpCKAnPHKQjg3W+tM9sPQUEFka3Z3kZLeT3XJ8v+bW8jSBWl1ufcVbCnjU7yKJxgbFMjCO3Gl2qd5fsIJNtu/eIgv7rvBt4Czqv9PpNzUQUREREREREZuNr9eF2lEIrGDMIhzJiCiDMtWbKkR+9lz5P8w6rdHAHGTjGDpndNY9IwYF8T9zSaszVW8tt9wLCJzHt0dh/Wp3tZDqxGg2dWwDS2m310qIDKkhBbawCMTEjIo2y2BwgS2NEZ85k7YoJttZSVAPmFeGzvhrYYI2t6xhcCkDfFiwcIrt/ao/Txzh0BI0g4oZA8gJIyo0t5zdaYO0ge//W4iWbkxooGIx2TQp8xe5DYCmgaAeQWf0ckYzXZWkjKClhbrwYfeVjd98M8xY2OG5fXcJBf/f9f58kdwA9e4sezR+W6QiIiIiIiIjLAdO4IgL8jNkZSUmlLyApwYxe9Z+Ovl2Pe&quot;
01-25-2019 12:52:52 Wire.java DEBUG [Forwarding screenshot on session 0430907a08dce67eec548a3919750b18 to remote] http.wire 87 - http-outgoing-4 &lt;&lt; &quot;T9JtPrQ8+n6qMuy9ga1evgna/Xjnes3evUYiXDp1iumlHLds71xv9H17D+KYJK7kwwd2rvU6MH4w+EyfPp3p06en/L9PNB7gEMCw4YwFvHkjADjy0f6Y2fZ9dBSAYWcV9G19utFnY6z2fOzSYjOwmh3Fhb3LErUCs+kxxmu1smLByMIcrDt5ZB23t0UPdvmFFDcG2GpmG3e2tUQ/kF+Ip7GCn0eCzZ3414aAEHXmwTZvXsDIEt7TljwQ3oMxVrMvNqj6ypIL+3PhIiIiIiIiMki0tQa7jlc0FnNH2OzNi3n93FzHmNY7IjGWJkqNwGJzHWPWe6PJS2bikiW03Ozp2+Ajr4sySvdEE6Ds8YzUdQvga0+jTvHLsOa1zH7KmLe6MHaYQFsSV+hp+/CBekZOLtgzVPs2W3Vg6rOhALrnpszsTr+1GaCTreuDgAfvlPSDo+5p5tAAW8xxVc0MVM/sMvJIlWEalZDh2rzVeLr8sjLcXX7SVofqJOOLDip5+G6vNYLGLheuR1tsGatuKkPFkYzdG9fbPpbvIxCyfc41hgCFgJuyCRWMiQwR0EL9o7E/COkw7oSVGtvNyp7uRXD7tRVmUBXgF9P59vnDjdeKXRmXKSIiIiIiIiefwvEeWrp6pkh5IWb/WwonGG91trVATWlMVmlLWyedbS2RWEe8KreLUpoiAchMykhdt/TKi38vfh1EA81ttDWavZPjuKubIBJLiI5JmzcvQLi6p9Ea6Q0rS7VfslUBykczAuDIx+wDAp2HgMTM1LFnDQUSM1n7Ww4Dq0YgsmmZmd3pGkNFI9SGMhxHs6TSCGiaO/gYXxCWNUXS6iOBU9vDq2Lk+wjsr8fTaAb63FVG9/Ue7ahxA1Cn9VknclOZajzTkkpbd/4AgXBlNPBsm/bUbKLDKsR/zjb+bCQYHTPkQBI9GGM1tizz1YttMHnJx7zyZpKXMldFREREREQkDXlTvOAbk/AA7q4eep1XWBx5joz9WjqvsDjlsIe1ISMz1Eoy6rKM1rb0v0cadYp/L3XWbiGF5S20Je2h6qbSXE6HvyUyJq2GAuhfS5Ys6ads1Zv56eKJDOMorz9bSQDg4S28fgQYOy36QKvyOi4eC7Cf396+PlVh/eLz2SnGaOiVGUx3V4cJV/fgM/k+AmFfdHL8/2AG71LUItn88ctONo8pb16A8LxU/+d18/1PDtbDyAy1NIUHamBZREREREREJIvyfQT2g7fAhSvyZi1N4TxINeRdSSUdbV5cruhDwI1n2VTSNMHFGFeF8WZ5PR0N0ViGuzpM03IXLlctTeFUZVxP/aNjcEUrQ+20HnyPtOoU996yJsJJu/Ln4bu9GFeBiwrrrfJ6niJZnGEgPyR84OrrTNVhk3/Apm0/MP/bz+api3ksMnU998xaz23PbGTGFRvZdIX59pHd/GyWGXzNIVdDQ0O4qKgo5s1JkyYRDodTfuis6uf4aPk1fV036QPWtnO5XF1uYxERERERERFJX2NjI+Xl5bmuhki/S9b233zjTZb84z05qc+KHz/E+Recn3Say+Xi8OHDvV5GTocCEBERERERERERERmIFFgVERERERERERERSVOWxlgVEREREREREZFzzjmHxsbGXFdDpN+dc845Sd9f8eOH+rkm/SfjwOpZ1c9lsx4iIiIiIiIiIgNecXExxcXFua6GiCOkGuN0sMgosKoHV4mIiIiIiIiIiMjJTGOsioiIiIiIiIiIiKQpo4xVDQMwsCnjWEREREREREREpHcyHmNVwbmBSUFxERERERERERGR3ss4sCqDz5tvvNmn5dsHLO7rZcnApXYiTqM2KWoDIt3TfiLx1CYGP21jERlI+uohWgqsSozPcWqflPsXjvfbsmTgUjsRp1GbFLUBke5pP5F4ahODn7axiAwkyY5Z2aKHV4mIiIiIiIiIiIikSYFVERERERERERERkTQpsCoiIpJ1r7F6QhHnTfgJr+e6KiJJ/OGFmzhvQhG3vPBhrqsi0gPpHVPVviWZ11cXcd6EIlbvznVNRERkMMlSYDVEncuFK/41109ndhYgORTmz3R+2E5r29tdvjo/bCfMn9Ms3TpRLuK8JRv5g/mudULspBOf4PoGvnHB15JO+8YFX+vyJdlhtQv7y0ltpC+p/TmN7dhlf61+LdcV65LaUTYlC/R8yPNLnHFsSna8PG/CTTx/ILf16o7a6GBjO1baj48HNnKL+X5Wgp+7f5JwLpkNao99IcXvZ5a3HUQDqZm0MW373kv8HUrnZrPVTmy/W5Hjhm5ai4izZPnhVbU0hStxA6HlLkprKhizvJBwtTu7i5F+deBgB6NGj+Kb3/xml/N1dHRw4EAHeaPyM1vQS0sI7J7FwomZfbwvBdc3RP7+xgVf43dvvJN0vt+9ERtUCax/AQDv7Ll9V7mTxOuri/CthGk/+i1PfGckYJywBXJcr/6g9udkt+Hfs4hJWG30Gm4p+C1PfCfX9UqkdnRyihwzD2zklsuXcNflPyF/zyIy/KXuU2qjg9zKZl5fOJlJwB/+YzNbsln2xEW8tWdR5N9sBOjUHvta9Pezr0xauJe3Fqb/OW373rPO22+p32te273G6gnX4JtA5tt99Cye2DMruxUVEcmCPhsKwD2tNuG90PLYjFbv2mg+a+dab1zGax2hFJ+ra46UaGbKWvPG/d/ux2tmzvqXu3C5vPjbATrxz01Rl+a6lFm3XdVxMPvjkT+Sl5dHOBzu8pWXl8cfj/wxs4VMv41bpsMTFcnvQFp3nJNm3Vh3L5ds5PnV9unRzKHYLB37+z3PLPLM/k7CCZQl1QkX6OQqKw5s5OmVwPQVVJtBVYCzv7MyGoi3Zb+kyoC+5YWNsRnS9s/Y5o9kOCyx3Wm3Mm3ilxOXhRPpZvZCYtkJXdBsbbe7i0C1P+fLL5gOwJb97THvt9syNmKyZtJtsykyI3Ucc7r4bdWb36/E38MeZ2KNzuc8AN6kPSZrtbmHbcxej2i27vOp2reVQZhmNpra6GB1G7fc9BhPv/Ah8CHNr8C06YlzxbfvZMe1nauTTO/291THzIEi03O2ZMeq3gwJoW3fC7bzdm8kYWYy3h9NBx7DZ543pz7f/pDnl1zDEwC8xF2XW9s8SU+R+N+aHp6TW/WMP6fPdW8TERmY+iywGtpSBUDtNCNb1chg9VC/P0w43EF9OQR9NxqBzuY6xviCsKzJFqizZ75CbSj6uSq3FSDtocYKKmqsfzrxzx1DRaNVpvEKzMszgqruKjz+DsLhMB1+DzRWcOPazi7rONidOHGCY8eO9eh14sSJDJeSj3f+bYB10h1r0sK9vLXHfNXfBrzEXQ/HnTy/tITfu23TL78f7trL9h9NN/7/F+uH+mLueuk2/Hv28tae57iF1AFdiL1rbUndNWhy5G/rrrVkwYF2I7OlKJ+zk043MrG2TF/BdquNvLSES+O6ZW+5u52L9uzFfxPG9Iehes9veXg6ZsZ0XLnfvo+3rOkrrzFOtkbP4gmrLcZPs3nilcSyJ313BdOAJ0JGvayMnWnfLkn+vVD7G0ja978EwC3uybZ3H2ML9/HWy8a233L3OuNYk0mbJRqU0HHMSR7DF7kou5i7XrJPs7bVdB5+2dpWL3HX5XHbqke/X1YGkFWWcXzZcvf9Pevef6CdtwCmz6BkdPTtrttYN/VO1b53/4TzKh5j2o9+y1t7zO/x0hKWdxHcUBsd/C5y38aWV5r5w+513MUMphXFTrdnuFnt+4mK+OErHgP33kib6+q4F6VjpjPZj52Jwc+enrP16BohDdr2WZDivP3s/PONP/a2x26fhPPtkVy1wthPwfwdWjEr8VzZ/K3hpueivzUrr0loS8nOyeE1Vl++hC1YxwXj5cSekyLifFkOrFZRamZzWkHUyhKAEFtrAIJUFLhwuYzAJgRpswdIa0rjskStz3kozAfIo2y2BwgS2JHG6K3l9XSEw4TDAXxsJdAIUEtZSexsVjA46BuDy+UyAqlAsLWtizoOfsePH+9xYPX48eOZL2jiIvw3GReJgf1x0+x3FCseS/75mLuiRC4eIz/iAAea2fISRE/mrLuh8Rk8sTyzo/1607l7rbvW&quot;
01-25-2019 12:52:52 Wire.java DEBUG [Forwarding screenshot on session 0430907a08dce67eec548a3919750b18 to remote] http.wire 87 - http-outgoing-4 &lt;&lt; &quot;2fGH9je7nm51KbRO4CaWGCdjK5tjLpqm/WhOTNcjI6A5kvy4izvLefkjgZGUfNtIq3mr3ThRi2ZHxAdRom6ZPyux7NElRobOymZe50OaX3kJuI3rbFm4yaj9OVn0wjC2y5vF3L6RbEFDum3WyoYFdBxzHPtFmXnhZolsq/PJHw0wmYvMAOZO+82Ynvx+8Ro7V0Ikeydy/HmJ33ex3bfcfbFxvLIC+XEXp123sW7qnaJ9vx56LGbZl95tHCjjs7njqY0OchNLuOWlzSx/5jGmfbskbjgKq31P58ujIfrb+xJb/sMeJLmNiyYS/T3t5rgH6JjpWLEBrSfizoV6fM7Wk2uENGnb969U59vdsX5rphUYR5Oz/2aGcZPvleaYwG3Sc/II67jg/DHIRcS5shxYraUpHKZpGUCQitvjg49Wxmr0VVkClFQS3l+Px5qtsYIxLntWarEZWO0fVsZq5FXt7kEdJRuMjL6XeGKlPVpl3VE071iaWQq9E3sy99aelVw1OnGuZHetLV3dvdZd6+yyTpQS7nDHsU6s+tIfXrgJ30oid8eNLK+esk4aH2PnC+aF3k0lKceZUvsbCHqX6dC7Nqvj2IAxPT+LY5paWaQ9a3dW1uhbe1Jk/HS5qN7VO2bZe/by1sLJSedTGz1ZTOaim15iy0vTmfY3qW4oWsH8vqBj5uCT3WsEbfssGZ2f9Lw9kiiRqgdahozAbLomszDmZqhx0zIrD9MTkZNOnwwF4K5uohaM4OPyEOCmzAq2Ph0dlbRzrTc6Xmq+j0A42t3fLMn8XBVbmwE62bo+CHjwTsmzLbElNvO1K/lleMvtZdrqbY4LG/T9PDp2arsf7/JQF3WUrBo9i+ofxQ26ZXVfzMbJdiTDIXbIgddXJ79LWVldSWV1Jd+4YHLMKxX73Wvdtc6i0bO4zuwKZu9K+ocXbmL17iR3qHc3G9koXQQte87KLDUuBK3u3pkGxM7+zvVGF8S7zQuB76ZuT2p/g1ev2qyOYwOHta1e2kzzAYhm5ZlZd2mxskajQwNA9DiYVb2s9yT3bYBtaAAwsspWJ8/8Uhs9eRjdtpMFNOOzomN/exNYWahxQ1skpWPm4JXNawS07bMm6Xn7awTuNvbp5Oe+8ft8Pl9OMg6znfVbk84QW7FGctWKvdFhBEREMvT5vinWTeX+eloKKgjWlOKiiXB1mCZclNaU4qqJzlkbMgKsVrf76PsBfPmA9Tm3i6r4abi53u+hymcMMVDRo7rl4WvogLljqLCV6fF3EJhXSTgELncVpa6q6EeWNXVdR8mqs79zPbfc/ZLZTQvzx3kJW1Y+hm9Cb7v4jOSqFb+FJRdz190Xc97d1vvTefi7iXN3NTh9Kr974x2dXPWBSQv34qcIX8x2g1vqMcY9fRluuXwJl05YYkyYvoLtKbKjeuqJiqJIO7yl3rwQ/O4Kpq1cYnRxvburT6diXjyuBG66Pmm2jEXtbxDrVZvVcWzgsG2ry4u4CzAyTjN7InLkOLjyGs5bGX3/lvrs1Daql/WeuIi36uG8irjf7ZueSzq72qiArX0n++2NsLep2/D3KAtbx0xnijs+mEOVpCWr1wja9tk0aeFethfcxKUx+9xt+Pck/o4kPd+2enm9ZGSS3jV9BdtXxF14R35rbL+JNz2XMKxEUtZY9/b3evpZEZE4roaGhnBRUeyAI5MmTSIcDqf80FnVz/HR8mv6um7SB6xt53K5Erbxm2+8yec4NeEzr+/5d0pKShLeT6a5uZlJE/424f2/cJzzL4iOFZdqWXJyc0o7sT9AI/uD2FsP0eir8iWbnNImJXfUBkS6p/1E4qlNDH693cZ9e74tIhIr/pgF4HK5OHz4cK/L7pOhAEREJIXd64wHzsQ/rEZEREREREREBpQ+GgpABpNhw4Zx4MABRo/uevCiAwcOMGzYsH6qlUjfmbRwL28t7KPCJy7irT2L+qhwERERERHn69PzbRGRfqTAqnTr7BGj+fDDA7S1tXU537Bhwzh7RJ89ylVERERERERERMQxFFiVbp3211/g7OF5jDjzL13O9znX5zjtr0/rp1qJiIiIiIiIiIjkTsaB1bOqkz/ZVQafIUOGMGTIkFxXQ0RERERERERExDEyCqx+tPyabNdDREREREREREREZMD4XK4rICIiIiIiIiIiIjLQZJSxqmEABjZlHIuIiIiIiIiIiPROxmOsKjg3MHUXFP8Lx/upJv27LBm41E7EadQmRW1ApHvaTySe2sTgp20sIiejjAOrMvicf8H5g3JZMnCpnYjTqE2K2oBI97SfSDy1icFP21hETlYaYuAKggAAIABJREFUY1VEREREREREREQkTQqsioiIiIiIiIiIiKRJQwFIhMvl4tChQ31W/vDhw/ttWTJwqZ2I06hNitqASPe0n0g8tYnBT9tYRAYS+zErmwZfxmq7H6/LhWuun840P9q51ovL5cK1PNQnVRMREREREREREZHBIUuB1RB1LhcuVx2RkGRznRGkdHnxt2dnKQNZaLnLXB/2l219iYiIiIiIiEjGDr7dyie5roSInFT6JmO13Y/XXQV4qN8fwJffJ0sZkGpDYcLhMB1+D1BFqbJjHe3grxcx55JxLP31h7muioiIiIiIyAB2jLaXf8maNWuSvDbTdhw+adnAK+8dS1nCwcB85gcOJp124u0GHl++mf0Z128XK0asYFeqyYfeZJN/A3v/lF6pXdU54s/72em31sUv2dnRTaEfrGP+detIVerBHWtY86/vp1dREclIHwRWQ9QVVBCMC6pa3ey9a/1mdmt8xmYn/rn2bE4r0zX6fl2zuYTlyf5PnRkbny3qXRsdJCDS/d/lYowvGPfJ+DrFLjcy7EAvMlA94wsT6pGwnKTTo8vq6vtlw2effcbu3bt59dVXu3zt3r2bzz77LLOFHNzA0kvGMeeSccxZ1ZLV+svgtmfVOAW/RUREREQc7sSulfzsj27mlc9NfP39/2DoR6281/wsP1m4iEAGMcFTzp3LvIuNvz/Z9gCLF1SkfK19M93SP2XHkz9gzapbqXsu7Q9360RLA6+cMcNYFzPP4JXnQpzIuLRjdP57I42vHebY4ffZUl/NzZ7v8l3PfO768Tp2HQT++xjv73iKmyu3pAzOikjPZDmw2sIjc0upAmpDyTNVg742ysJhmpYBVPHI2k6MAOYYKho91O8PEw43UUuQioI6QuRRNttjlN7WCYTYWuPBU27930nbHoBiCpMsL7TcRWmNVW4H9eUQ9N1oBGGb64xgank9HZEsUvtnx1DRCB5/R+SzEe1+vAUVBJc1EQ6HCYdq6UkGapXbHsSt5Y55eQDkzQsY5YTDhPfX4wGq3Gbw1KqntaxwmHC4End33y9LWltbOfvss7n44ou7fJ199tm0trZmtIyDu15kr/WPP8SerNVeBrsJi99j3avv8cCVI3NdFRERERERSeHjg62MO2c8Q884PeF1dNca1q5awbox93PLNeMZemoGC3hnA2vffoO1G1o55dQhXcx4Oqeelm7hrfyfl41EjqP1v2LnkQzql0Tbuh8w/8rp3LK6hfb193DnkkXc+cPnaH9jJYuuvIj5ixtoS7vUIUycMp3p497nH29Yx5ApVTwZ/Bf+JfgMy71f4f1nbua7N1Tz/OEh/PUHh7PzRUROYp/PbnFBgo3GX1WP+rm+wUde3Bwe//W4gc7xHsDMEG3fSqARosFRN2XLgJoqtjZXUjnFi4cgwfVb6ZwCLRTjnQ0V5v+BRmBZGe6E+oTYWmPUq6LARYWtnm3tENpSZdRpdhl5EPewK+uzHrxTEqd27ggYta8pxVVjm7CnjU7cCd/bUhsKU1lCJDBb6oKmcCVuQtS5jKB0StayyuvpaPCR1833I0tDMBw+fJgLLriAcDjc5Xx5eXm8++67GSzhQ1q2bQZmUFSymb3NK9i5+0YmTDSmHvz1IhY/uJmiex9n3IO3sgmAJdz36o1MiJm+kweuHJnw/55V47jfDzPvfZz3HrzVCOD61rHukhBzFq8wFuJbx7rFxamr+H4DSy9ZYXy25HFWPXI1ozL4ptILBzew1HNrNADPDBYEf0LxrtjtnTgfzFz1Hgsm&quot;
01-25-2019 12:52:52 Wire.java DEBUG [Forwarding screenshot on session 0430907a08dce67eec548a3919750b18 to remote] http.wire 87 - http-outgoing-4 &lt;&lt; &quot;Arufim5zINqOPmTTHRexpjm27JnayCIiIiIifergtqfY0AEHmjezt+UMvv3Lh5g5IoOC8icz55qRjPrmeIYOW8Kqi7NZy/F8/XLY9PIMrn16KRcNy06phXN+xLyDIYoXzmA4Qzjl+DE4bQgnjsPbaxbx+zlzKcy08P8+xrELL+XSsdEg85AvXcicOy9kDgC7WJFJarCIxMhyxmotTVZmZ2MFN6bbJb28MPlBI78MbznQ2MbWHQGCy8rwTfHiaQywdUcbQaB2WmJYNcrK6Iy+KkuiU4sLU4VBIVUmbERMFmmYcJJgclL5hRhhvBba2jvxRzJ9rYxdm5LKSBYrAI0VjIkZ+qDr79dbJ06c4NixYz16nTiRQYeFgyG2NwMlV3DrtUsA2PTshoQuCXsf3M9Fr77HfT6AFaxNs+v3pm1w66s7WVAC+Ocw51U3615dx0wA/8/Y1EUfiL3vFXCrtezmW3lc3c77VyRYuoT7XjUyVNe9mizw2cKahPnigqolj7MqMs0eVJ3BguB7ZpvYzBrPU8qcFhERERHpQwe33cczv4P3nl7B3lPnsmDNQ3w7k6AqwCfHOOWv3mTVhtZuhgJYROC9dAs/nZIrb+QUWnjjnU8zrGAX3lzDfZs+ZM/Ta9hzcAP3rdHweCIDRR+MsZqH71EjCBj0jYkZJzSlSOA0wNZ2iGaL1lJWYpRpDAfQQmB90BiXNL+QYoIE1rfY5otnZr4SpOJp22iua73UNUPheCNUWbUlWff9QgrLAarYmuQ75E3xGoHOmkdsAc4QdXP99Cic3N5GC0C5l7L8NtoaATypg7j5PgLhcNyQBF1/v2w5fvx4jwOrx48fT7t8axiAoqluRk10G4HO5hdpiQt0Ft07lwnA6K/MyOh7zLw2Nst05iXFQAH5PQhCF011MwqYcIkR+N37fuZDokv6IkNF+NxM6NEnVnD/JeOYc8miSMB8z6tGpqq1LaOFm4F9LuDLowCKucgM3u/cnZ36i4iIiIhIrKO71hD47G8YvutZI6i6+iFmjulFgcdb2LgdLr2gu25nn3I8zQdQAZxy4bXMvxhaHqhhg33ovT+nX1b/Osbhw++z952DHE79XDARyVCWhwIw5ft4yh8g6AtS5XZBKMz1XX4gD19DB8wdY+vS7qF+f2Wke78RyKwg2Ai1t+cBeZQtg6qaICy7I8kwAAZ3dZgmXJTGddmvDRnjmja1Jk6L1qmJNlcpVW5XYhf9fB+B/eAtqIjthl9e3+V3jS2rliYzw/V6v4cqX3yXfkPnWm/Cg7UiY9h28f0GhhY2PLgZgL0PXsScB633N7N914fM1LiZkpZiFry6k/xIt/7NrPGMY/u9O5nX3UdLChjd9xUUERERERHg6MFW/uPD8Sy+7O/In7GUr2+7j02X35/xcFxHD8OoEdD+yWHOnLqUVVOzW18Yycwf/oT2xYt49roKfv/Dx1nwlRD3XbeCE7OXsvjaGRRmaYiArNnyCPNDoxk79Vt880v/xX8+/DwHir5H+Tf+i+2/WseBKcs4I9d1FBngshRYdVMZDlNpeydvXoCwPZJREvt/wnTy8DWE8aVaRL6PQDh2qrs6TLg6w/l6MC32e1ljoNqyY5MsK2VJXS4n2fqw6WpaD8p2tN0hY8xU+7ilZpftvdtCHLzy6h4XZWSR9m0g1sp6NLJdpb+MuvAKitjMXn+IPYuLu8laHcnMR95jJtHxd8HMNvZH21XkfG2Um0tLYG/zi7QcvJqZo1rY6QdYwkUT+/BLiYiIiIicRE79/BBO/Hf0/+HF32dx+6cMP2cpxSOOsbMDhn6h98sZdeYZHN3dwNp/S91l/+szFzAlk2eSnFbMglX1jHrgep69+yJesd73L+KHX9zIM98/P5Mqw1+dzvAvwJAzT4fPn87wM4fAJ5kVFXHWpVT+z2kUjYuGTud4F3Dso73s/mAId6z8Hmd09YwvEemRvslYHSya63C57bmqsVm00ntJu2ebwwFsar6VDbuvprvQ6qgrb2Dmg5vZ5J/DHH/f1NOeTVt0705jzE7pP6Ou5oEgLPXcyv2XWA+fMh9eZZ8vyYOr8K0zHmrFjaxbBXMW38riS241JxoPr5r5yE644yLWeMaxJlL2jT0cdkBERERERLpz5qU3cOYPK1i8Kn7KSvgznDltKZW9yPg8deR4Rh3+GZ+cuoCj725j0//anHrmb2UYWAU4bTxXL/8NJbs3EKhfyfbfHubUi2/gliszDKr+6b84fv73ufN8gO8DcKcP9iSspzQNG0XRuMS3h5xVxIVn9bJsEYlwNTQ0hIuKimLenDRpUpdPgD+r+jk+Wn5NX9dN+oC17VwuV8I2drlcHDp0KOEzmzZtoqSkZ0/Dam5uZubMmUmnDR8+vNtliaidiNOoTYragEj3tJ9IPLWJwS8X2/hgYD538k88400yXsCfPuXge7/in0LF/NOCTIKcu1gxYjuXHlrChb2uaVSXdQYObr6PHza2Jrw/9Bs3cOet/4NRf5XkQx+sY34l/NPTc0ha6mtrWMMCFkzuVdVFBhX7MQuM49bhw4d7Xa4yVkVERERERERkYPtTKztCQ5jnyTBzNEdGzbifVZk9nzm1yQtYkOUiRSQ5BValW1/84hc5cOAAo0d3/WifAwcO8MUvfrGfaiUiIiIiIiInk1HeZ3gm1cQRxXgX9OZZGBey5FA2c1UNXdY5U1+awzNPZ7tQEclExoHVs6qfy2Y9xMG++tWv8n//7/+lra2ty/m++MUv8tWvfrWfaiUiIiIiIiIiIpI7GQVWNb7qyeXss8/mtNNO4y9/+UuX833uc59j6NCh/VQrERERERERERGR3NFQANKtIUOGMGTIkFxXQ0RERERERERExDEyCqxqGICBTRnHIiIiIiIiIiIivZNxxqqCcwOTguIiIiIiIiIiIiK997lcV0BERERERERERERkoNEYqxJjxIgRfVZ2OBzut2XJwKV2Ik6jNilqAyLd034i8dQmBj9tYxEZSOKPWdmiwKpE9FUjy/WyZOBSOxGnUZsUtQGR7mk/kXhqE4OftrGInKw0FICIiIiIiIiIiIhImhRYFREREREREREREUlTFoYC6MQ/dwwVjcmn1obCVJb0filpa/fjLaggSC1N4Urc5tuda72M8QVhWRPh69qSznOycrlcHDp0qM/KHz58eL8tSwYutRNxGrVJURsQ6Z72E4mnNjH4aRuLyEBiP2ZlUxYyVvPwNYQJh8OEQ7XGW+X1dISN93ISVAXIL8NbDtBCW7v1Zidb1wcBqJ3mhnwfgXCYsIKqIiIiIiIiIiIikoZ+GwogtNyFyxV9edd2GhPa/XhdsdNcy0MJn6tba5tveQia65LOH5VH2WwPECSww1wWbbQ1AuX1XF8CEKLO5cLlqiNSgr1clwvXXD+dtnpY9e5c6036f11ztteciIiIiIiIiHTn4NutfJLrSojISaVfAquh5S5KazzU7w8TDndQXw5B343427FljUanUVOaEKCsWg9P2aa7tpQRDjdRC1DziFFWnLwpXjxAcP1WOgGat1IFeGaXkZesos11uNxVePwdhMNhOvweaKzgxrWduKcZ2bjB1jaszFdPucf8H9pag4CHwvwsrDBxjIO/XsScS8ax9Ncf5roqIiIiIiIiA9gx2l7+JWvWrEny2kzbcfikZQOvvHcsZQkHA/OZHziYdNqJtxt4fPlm9mdcv12sGLGCXakmH3qTTf4N7P1TeqV2VeeIP+9np99aF79kZ0c3hX6wjvnXrSNVqQd3rGHNv76fXkVFJCNZGGO1OyG21gAEqShwURF5P2h00c+3Aq9dl1J7u488OqP/T3MDnRSWAynGdyXfxx3LKgjWBNja7qNwSxXgwTslaViV0JYqo2a+Mbh80feDrW0wr4xaoKpmK6HqMtoaPXj9xQR9WwlVY3zHci9lgzCw+tlnn9Ha2sqnn37a5Xynn34648eP5wtf+EL6Czm4gaWeW9kL4FvHusXFGdVVTj57Vo3jfj8U3buTB64cmevqiIiIiIhIEid2reRnf/w7KstHJU78qyEc/aiV95qf5Sfr/4VP1vwC71fSK/+Uc+cy7+KnAPhk2wMsrX8z5bxTbqtn&quot;
01-25-2019 12:52:52 Wire.java DEBUG [Forwarding screenshot on session 0430907a08dce67eec548a3919750b18 to remote] http.wire 87 - http-outgoing-4 &lt;&lt; &quot;3vnplP4pO578AWte/pChx8/hmf8vrQ9360RLA6+cMZdbrjwD/vivPPFciOJb3ZySUWnH6Pz3Rhr5Ft+f/D7bn1/DxsAe9nEGRVNnUX7NHC4ccYz3Q2tYsamIqrppJNkiItJD/RBYtXio3x/AFxd47FzrNYKqy5oIV7t7FGRNh3taLdRUEdjhp7iHwU+Pv4PAvMTga9kyoKaFtrVQVe6lY14htb5Stq6tp4UuMmEHuNbWVs4++2wmTJjQ5XwdHR20trYyceLEtJdxcNeLRlAVwB9iz+Jiul6aiGHC4vdYtzjXtRARERERka58fLCVceeMZ+gZidMObnuKtVvf4EDx/dxyza84emoGC3hnA2vffgM2tFJ51pAuZjydU09Lt/BW/s/LRi/Go/W/Yuec87loWAZ1jNO27gf88Ol2ho4ZCbRw5/rotEVX3sqJryzhh6vmUphWqUOYOGU603//Pv94w16+90gVT1YY6+PYB7vY+MzN1L3110zzFvHXHxzu/ZcQOcn1Q2DVbQYkg1Q8HcJXbTwmqnOtl58XBihrNR4m5Rmf3qGix0rMTNP1AWM5XQQ/rSBs0PdzQvPMB1q1+/E+XUig2h0N0q4HJpSRRyGF5RBYHyCIh/oUmbAD3eHDh7ngggsIh8NdzpeXl8e7776bwRI+pGXbZmAGRSWb2du8gp27b2SCGZ89+OtFLH5wM0X3Ps64B29lEwBLuO/VG5kQM93IWIz/38ponHnv47z3oC0r9pIQcxavMBbSXZbs+w0svWSF8dmSx1n1yNW6q9ff7FnNAMxgQfAnFO+K3d6J88HMVe+xYCKw+6noNgei7ehDNt1xEWuaY8ueqY0sIiIiItKnDm57ig0dcKB5M3tbzuDbv3yImSMyKCh/MnOuGcmob45n6LAlrLo4m7Ucz9cvh00vz+Dap5dmJagKUDjnR8w7GKJ44QyGM4RTjh+D04Zw4ji8vWYRv5+TblDV5r+PcezCS7l0bDTIPORLFzLnzguZA8AuVgQ0XIBIb/VLxqq7OkwTLkprSnHZslFrQ+C+rh5PTUVC9/ssLj0S2A1SS1OSTNSIkkrCIXC5qyh1VUXfX9ZkTjeDtI1BPLOfwnpAVoUvCOX1g3IYAIATJ05w7FjqcW7i503bwRDbm4GSK7j12gtY3LyCTc9u4Oq44OXeB/cz79X3uGjVOO73r2Dtr+cyIY2u35u2wapXd9Jyx0Ws8c9hDutY9+o61lwyh03+n7FpTupA2t73Clj16nscWDWO+/238viv3ep23p8iwdJoQD0yKWbGFtakmC8SVE0IjFtBVSuY2sKaS+awxvMUX44vQ0REREREsubgtvt45nej+Hj9CvaeOpcFax7i25kEVQE+OcYpf/UmqzaM5K4xDV0MBXA63176E7zj0in8dEquvJFVLzfwxjufcnX+6RlWMoU313Df/rnMe78B5hSwdl0+87K7BBHpI9l9eFVJpfEQqgZfQlaou9p6QFX0VVlC3MOr4qbZPmf8n4evIdn/iUMMJF+2mYUanUJl/PvWd7C/qt1x84cjQwXkzQuk/M6DxfHjxzl27FiPXsePH0+7fGsYgKKpbkZNdDMToPlFWuJG4i66dy4TgNFfmZHR95h5bWygduYlxUAB+SXdf7ZoqptRwIRLlgCw9/3Mh0SX9EWGivC5exjoXMH9l4xjziWL2GS2oz2vGpmq1raMFm4G9rmAL48CKOYin1HGzt3Zqb+IiIiIiMQ6umsNgc/+huG7njWCqqsfYuaYXhR4vIWN2+HSC7rrdvYpx9N8ABXAKRdey/yLoeWBGjbYH5795/TL6l/HOHz4ffa+c5DDPcuXEpE09OMYqyLJtLDhwc0A7H3wIuY8aL2/me27PmSmskIlLcUseHUn+ZFu/ZtZ4xnH9nt3dn/Ht6SA0X1fQRERERERAY4ebOU/PhzP4sv+jvwZS/n6tvvYdPn9GQ/HdfQwjBoB7Z8c5sypS1k1Nbv1hZHM/OFPaF+8iGevq+D3P3ycBV8Jcd91KzgxeymLr51BYZaGCMiaLY8wPzSasVO/xTe/9F/858PPc6Doe5R/47/Y/qt1HJiyjCRD3opIGhRYldzaHTLGTLV3zza7bO/dFuLglVf3uCgji7RvA7FW1qOR7Sr9ZdSFV1DEZvb26MFmI5n5yHvMJDr+LpjZxv5ou4qcr41yc2kJ7G1+kZaDVzNzVAs7/QBLuCj957CJiIiIiEgSp35+CCf+O/r/8OLvs7j9U4afs5TiEcfY2QFDv9D75Yw68wyO7m5g7b99mnKer89cwJRMhvI7rZgFq+oZ9cD1PHv3Rbxive9fxA+/uJFnvn9+JlWGvzqd4V+AIWeeDp8/neFnDoFPMisq4qxLqfyf0ygaFw2dzvEu4NhHe9n9wRDuWPk9zujqGV8i0iMKrEpOJe2ebQ4HsKn5VjbsvpruQqujrryBmQ9uZpN/DnP8fVNPezZt0b07jQchSf8ZdTUPBGGp51buv8R6+JT58Cr7fEkeXIVvnTke7o2sWwVzFt/K4ktuNScaY7HOfGQn3HERazzjWBMpW+OrioiIiIhky5mX3sCZP6xg8ar4KSvhz3DmtKVU9iLj89SR4xl1+Gd8cuoCjr67jU3/a3Pqmb+VYWAV4LTxXL38N5Ts3kCgfiXbf3uYUy++gVuuzDCo+qf/4vj53+fO8wG+D8CdPtiTsJ7SNGwURf+vvbuPivK+8///HFOdqgEFdcQUGyV8SXu8qWEPEYzamtRCj6f2FEY8QNRNi2ePeHbDrrr7C+C9aFrle9yeiLsns3VJD+M33GVDmtPh1GhXXQfWLburyW6WEogrERkrFXs0AZrM749huBmGgRmGW1+Pc66TzHV9rs/nPXN9ZqLvfK735aWOrHFODHFzhtm3iHRTYlXG1LKsBsqyPPfGknm5gUz3y+WnKdvQc9S0oe/rfu19jtGzmtH76776jyVjxrSRo5e9pNn7XKMB2rgt30nZ5Z1eDvieByIiIiIiMkzTl5D24+IReyjT1NnRxCet4vjlD9iaOfJ/jzMt38iO5RvZMaxe5hG79AMOZGb0OzLz69vZE2gC9LFZusVfZJQEnFids/fNYMYhIiIiIiIiIhKYT+u5ZDeSlhzgytExYko8SGFgz2ce2DOZAy48EpHgCiixevfw5mDHIeNYSEgILS0tzJ/v+9E+LS0thISEjFJUIiIiIiIi8igxpRRRNNDB8FhSMofzLIw4drXGDeN873zGHKgnzBSdCXanIhIIlQKQQS1atIiPP/6YxsZGn+1CQkJYtGjRKEUlIiIiIiIiIiIydgJKrKoMwMTm74rjuXPnMn36dL744guf7aZMmcLMmTOHE5qIiIiIiIiIiMiEEPCKVZUDmJgCSYobjUaMRuMIRCMiIiIiIiIiIjIxTRnrAEREREREREREREQmGiVWRURERERERERERPykxKqIiIiIiIiIiIiInwKusSqTU3h4+Ij17XQ6R20smbg0T2S80ZwUzQGRwel7Ip40JyY/XWMRmUg8f7OCRYlV6TZSk2ysx5KJS/NExhvNSdEcEBmcvifiSXNi8tM1FpFHVXBKAVTnYzAY+mz51UHpedjsh13xpJy9PdahiIiIiIiIiIiIyCQRnMRqfC5O5xWOAHCEK04nufFB6VlERERERERERERk3BnhUgB28g2ryOMIxdZaMtIrADhid/L8rwys2kf369x4oMlKysIMKjYlk1xagat1MsU3y0mPBLiNNXUBGaXu/nsf6z/W/3comVe7xqhIX4AhvXd78WQwGGhtbR2x/sPCwkZtLJm4NE9kvNGcFM0BkcHpeyKeNCcmP11jEZlIev9mBVNwVqwOKo9yTuG8WUwykJdg4Px6J067a41r3v+10udG/dJYdjvdxyvI+Csrt7uTqskU33R2rZCtIGNhPnaPsdwJ3MfXl3PlkGtvsrUZp1NJVRERERERERERERm+UUqsHmF3WkSf18/HA5GLSfbWfNNiFgPEP+8qL1DaSGPTecpLAWJZHAmQwPOHAPI436eeq6sUgVPlCEREREREREQeGY4P67k31kGIyCNlhEsBjAB30lVkFDje3UHWsSpiXqnh6IZ5Yx2OiIiI&quot;
01-25-2019 12:52:52 Wire.java DEBUG [Forwarding screenshot on session 0430907a08dce67eec548a3919750b18 to remote] http.wire 87 - http-outgoing-4 &lt;&lt; &quot;iIjIBNVO47kS3vu43cuxhbywNZGw9yv5zexEXogyeu3BUb6NPRynKMXU71jnhyWcPHyHtOJoZgcU31UKwi+ytnUXcd4Ot36AzfYRUT/YSMz0offqK+Zun9+k5s0qrj8EMLJswxZWLvDR6a0ytuXC8TNmvPXquGSh8vP1ZH7ryaEHKiIBGd+J1erz5AEcep6EyMWkbIKK0nLON6WTHmnn/D7oXv06gMXRydBVrVUC8/DhQ+rr67l//77PdqGhoURHRzNjxgz/B3FUkpOcTR1AehllWbEBxSqPnuuFURy0ouS3iIiIiMg41nn1NV7/w/fJ3eQlFfiYkQd362mofoPTb/0T9yw/I8XPnODUr6WS9twpAO5dOEpO8QcDtl3zl8WkLfGn9/tc+ukPsZy7w8yOpyj6U79OHlRnbQnvzUrl5Q2z4A+/5m/ftBObncDUgHpr5/a/lVLKs2x55gYXf2HhnfLr/C+ziFn3PTZtNhMX3s4Nu4UCWwx5+eu9JmdFZGiCk1itzseQkNf1Io9VhryeB1IFojSDBYYM179vKqZ5bwIA6SXNkLqAjIUGXEeTKb6ZS4KPriLWpJBMhR5eNQz19fXMnTuXZcuW+WzX3NxMfX09y5cv93sMx9VfupKqAFY717Ni8T2aiMuyrAbKssY6ChERERER8eX3jnqinopm5qz+xxwXTnH2/Pu0xB7k5c1v82BaAAP8tpKzH74PlfXkzvG+4tUllGl+rDh1qed/zt0B4EHx29SYl7Dy8QBi9NBY9kMOnGli5oJ5QC173uo5tmNDNp1P7uJAYaqfd+0aWb7mO3znkxv8+fY6XjyRx08zXJ9H+62rvFP0F+T/15dZnxLDl2+1Df9NiDzigpNYjc/F6cz1ciCBXKeT7iOR6ZQ703sOe75221RMc0k6Ef0ORJBe4sTLGf3HGmwMGbK2tjaWLl2K0+n02S4iIoKPPvoogBFmsHJWAAAgAElEQVTuUHuhCkgkJr6KuuoCaq7tZFlXfrbndvyTRB3LxgbALvZf3sky+t+u7/navaIx6ZWTNBzrtSp2tR1zVoFrkMFWyd4oIWd1gevc+JMUntio/6s32nqvagYgkcyK08Re9SjX0K8dJBU2kLkcuHaq55oDPfPoDrbdK7FU9+07SRdZRERERGREOS6corIZWqqrqKudxQs/f5Wk8AA6inwG8+Z5mL4RzczHd1H4XDCjjObpb4PtXCJbz+QEJakKsNj8Y9IcdmL/LJEwjEztaIfpRjo74EPLDj4x+5tU7eWP7bTHrWXtV3uSzMYn4jDvicMMwFUKym8M/02IPOLGdykAGRc6Oztpb/dWB8d7W7857FysBuK/S/bWpWRVF2B7o5KNHsnLumM3SbvcwMrCKA5aCzj7birL/Lj123YBCi/XULt7JRarGTNllF0uw7LajM36OjbzwIm0uoaFFF5uoKUwioPWbE6+m6DbzkdTd7K0J6HefahPw1osA7TrTqr2S4y7k6ruZGotltVmLMmn+IpnHyIiIiIiEjSOC/sp+m8Tv3+rgLppqWRaXuWFQJKqAPfamfrYBxRWzuOvF5T4KAUQygs5p0mJ8qfzUOI37KTwXAnv//Y+GyNDAwxyAB9Y2H8zlbQbJWBeyNmySNKCO4KIjJApYx1AH5HplDudOL2uVpWx0tHRQXt7+5C2jo4Ov/t3lwGIWZeAaXkCSQDVv6S2b8aMmFdSWQbMfzIxoPeRtLVvojZpdSywkMghlKyIWZeACVi2ehcAdTduBhSDBKa7VER6whATnQUcXB2FefUObF3z6Ppl10pV97Xs6bwrsc9SvmICiGVluquPmmvBiV9ERERERPp6cNVC+cM/IezqG66k6t+/SpKvBzYNpqOWdy7C2qWD3XZ2n45P/e9+atxWtj0HtUf3UdnU68Dn/vc1utppa7tB3W8dtA1tvZSI+EErVmWM1VJ5rAqAumMrMR9z76/i4tU7JGlVqPgllszLNUR239ZfhSU5iouv1Az+f3zjFzJ/5AMUERERERHggaOe39yJJuub3ycyMYenL+zH9u2DAZfjetAGpnBoutfG7HU5FK4Lbrwwj6QDp2nK2sEbL2XwyYGTZD5pZ/9LBXT+IIesrYksDlKJgKD51Qm22efz1XXP8o0nPuM/f/ILWmJeZNPXP+Pi22W0rDmEl5K3IuIHJVZlbF2zu2qm9r49u+uW7boLdhwbNg65K9cq0pFNxLpXPbpWu8poMcV9lxiqqBvSg83mkXSigSR66u9C12pja8+86v7zmimBtfFQV/1Lah0bSTLVUmMF2MVK/5/DJiIiIiIiXkz7kpHOP/a8DovdQlbTfcKeyiE2vJ2aZpg5Y/jjmGbP4sG1Es7+6/0B2zydlMmaQB5qPT2WzMJiTEd/xBt/s5L33PutOzgQ8g5FW5YEEjI8FkrYDDDODoUvhRI22wj3Auuq25y15P7demKielKn5pRM2u/Wce2Wkd2vvcgsX8/4EpEhCTixOmfvm8GMQx5RXm/P7ioHYKvOpvLaRgZLrZo2bCfpWBU2qxmzdWTi7L2aNuaVGteDkGT0mDZytAJykrM5uNr98Kmuh1f1buflwVWkl3XVw91JWSGYs7LJWp3dddBVizXpRA3sXoklOQpLd9+qryoiIiIiEiyz125n9oEMsgo9j7wGn8Ps9TnkDmPF57R50ZjaXufetEwefHQB2z9WDdz42QATqwDTo9l4+J+Jv1ZJefFrXPyXNqY9t52XNwSYVP30MzqWbGHPEoAtAOxJh+v9Pic/PW4ixksdWeOcGOLmDLNvEelmKCkpccbExPTZuWLFikGfAC8Tm8Fg6HeNDQYDra2t/drabDbi44dQiBSorq4mKSnJ67GwsLBBxxLRPJHxRnNSNAdEBqfviXjSnJj8xuIaO8q3sYfjFKV4qRfw6X0cDW9z3B7L8cxAkpxXKQi/yNrWXcQNO9IePmMGHFX7OVBa32//zK9vZ0/2tzA95uWkW2Vsy4XjZ8x47fXfLVjIJPOZYYUuMqn0/s0C1+9WW1vbsPtVKQARERERERERmdg+reeS3UhacoArR8eIKfEghYE9n3lgz2SSGeQuRcS7gBKrKgMwsd09vNmv9iEhIbS0tDB/vu9H+7S0tBASEjKc0ERERERERES8MqUUUTTQwfBYUjKH8yyMOHa1BnOtqovPmAP1hJmiM8HuVEQCEfCKVX+TczI+BJIUX7RoER9//DGNjY0+24WEhLBo0aJAQxMREREREREREZkwVApABjV37lymT5/OF1984bPdlClTmDlz5ihFJSIiIiIiIiIiMnaUWJVBGY1GjEbjWIchIiIiIiIiIiIybkwZ6wBEREREREREREREJholVkVERERERERERET8pMSqiIiIiIiIiIiIiJ+CVGPVTr5hFXmeuzcV01ySTkRwBhmy22dTWJBeAYeu4NybMMqjT2zh4eEj1rfT6Ry1sWTi0jyR8UZzUjQHRAan74l40pyY/HSNRWQi8fzNCpYgP7zqCFecuSiVOTGN1CQb67Fk4tI8kfFGc1I0B0QGp++JeNKcmPx0jUXkUTXypQCarKQYDBgMKVibAG5jTTVgMBgwHLb3HE9N6WrXu62L/bB7v2vLr+4+Qr7BgMGQj/VsiuuYJd+1WhVg3yqP9iIiIiIiIiIiIiLDF+TEah6reiVAU87ehsh0ym8Wk0wFGX9l5Xb1P5BRCsnW5r636ZfGstvpxGk/Au62uJKqq/bBEbsTp7OZ4k2Ql9A38Qp5ZLiTqUtzabYmu/790BWcTie58cF9lyIiIiIiIiIiIvJoG51SAJHplNsbMSRksKAU2FTMqTSPyqubFrMYIP55jgB5pY00Yuf8PoBkFkcCRPD8D5KhtILyS7dJT/M+7u3G4L6rR4XBYKC1tXXE+g8LCxu1sWTi0jyR8UZzUjQHRAan74l40pyY/HSNRWQi6f2bFUwjXwogKGK7EqsiIiIiIiIiIiIiY290EqtNVlIS8ly35tuPQGkGO8/e9t62+jx5AIeeJ4EEnj8EkMf5aoDbnH+rAkgmZU2E9/OBiMWxwX4HIiIiIiIiIjKOOT6s595YByEij5QRrbFqSLVyu8lKysIMKkim+KUE&quot;
01-25-2019 12:52:52 Wire.java DEBUG [Forwarding screenshot on session 0430907a08dce67eec548a3919750b18 to remote] http.wire 87 - http-outgoing-4 &lt;&lt; &quot;iP8RxZugIn2B6+FVbqUZLDAYMCTkwaZimrvqrybsdXLlEOQlGDAYFpBRCkfs5aT7WsHaVU5AD6+S4XK8uwPz6ihy3r0z1qGIiIiIiIhMYO00nvs5FovFy1ZFYwfcq63kvYb2AXtwlG9jW7nD67HOD0s4ebiKmwHHd5WC8AKuDnS49QNs1krqPvWvV18xd/v8JjVW92fxc2qaB+n0VhnbXipjoF4dlyxYfn3Dv0BFJCBBqrGaQK7TSe4AR8ud6b1eRZBe4qR7T1NXQdRNxTSXpONtHWrCXifOvf6M6zse8c/Dhw+pr6/n/v37PtuFhoYSHR3NjBkz/B/EUUlOcjZ1AOlllGVp1bEMzfXCKA5aIeaVGo5umDfW4YiIiIiIiBedV1/j9T98n9xNpv4HHzPy4G49DdVvcPqtf+Ke5WekPOlf/1O/lkrac6cAuHfhKDnFHwzYds1fFpO2xJ/e73Pppz/Ecu4OMzueouhP/Tp5UJ21Jbw3K5WXN8yCP/yav33TTmx2AlMD6q2d2/9WSinPsuWZG1z8hYV3yq/zv8wiZt332LTZTFx4OzfsFgpsMeTlr8fLFRGRIQryw6tkMqqvr2fu3LksW7bMZ7vm5mbq6+tZvny532M4rv7SlVQFsNq5nhWL79FEXJZlNVCWNdZRiIiIiIiIL7931BP1VDQzZ/U/5rhwirPn36cl9iAvb36bB9MCGOC3lZz98H2orCd3jtFHw1CmTfe383r+55zrLsYHxW9TY17CyscDiNFDY9kPOXCmiZkL5gG17Hmr59iODdl0PrmLA4Wprgd9D5mR5Wu+w3c+ucGfb6/jxRN5/DTD9Xm037rKO0V/Qf5/fZn1KTF8+Vbb8N+EyCNu7BOrkekeK1plvGlra2Pp0qU4nU6f7SIiIvjoo48CGOEOtReqgERi4quoqy6g5tpOlnXlZx3v7iDrWBUxr5wk6lg2NgB2sf/yTpb1Oe5asej52r2iMemVkzQc67UqdrUdc1aBa5DBVsneKCFndYHr3PiTFJ7YqP+rN9p6r2oGIJHMitPEXu17vfu3g6TCBjKXA9dO9VxzoGce3cG2eyWW6r59J+kii4iIiIiMKMeFU1Q2Q0t1FXW1s3jh56+SFB5AR5HPYN48D9M3opn5+C4KnwtmlNE8/W2wnUtk65mcoCRVARabf0yaw07snyUShpGpHe0w3UhnB3xo2cEnZn+Tqr38sZ32uLWs/WpPktn4RBzmPXGYAbhKQbnKBYgM19gnVmXc6+zspL194Do3nm395rBzsRqI/y7ZW5eSVV2A7Y1KNnokL+uO3STtcgMrC6M4aC3g7LupLPPj1m/bBSi8XEPt7pVYrGbMlFF2uQzLajM26+vYzAMn0uoaFlJ4uYGWwigOWrM5+W6CbjsfTd3J0p6EevehPg1rsQzQrjup2i8x7k6qupOptVhWm7Ekn+Irnn2IiIiIiEjQOC7sp+i/Tfz+rQLqpqWSaXmVFwJJqgLca2fqYx9QWDmPv15Q4qMUQCgv5JwmJcqfzkOJ37CTwnMlvP/b+2yMDA0wyAF8YGH/zVTSbpSAeSFnyyJJC+4IIjJCgvzwKpmMOjo6aG9vH9LW0dHhd//uMgAx6xIwLU8gCaD6l9R6VOKOeSWVZcD8JxMDeh9JW/smapNWxwILiYwf/NyYdQmYgGWrdwFQdyPwkujiv+5SEekJQ0x0FnBwdRTm1Tuwdc2j65ddK1Xd17Kn867EPkv5igkglpXprj5qrgUnfhERERER6evBVQvlD/+EsKtvuJKqf/8qSQuG0WFHLe9chLVLB7vt7D4dfj6ACmBq3Fa2PQe1R/dR2dTrwOf+9zW62mlru0Hdbx20DW29lIj4IeAVq3P2vhnMOOSRVUvlsSoA6o6txHzMvb+Ki1fvkKRVoeKXWDIv1xDZfVt/FZbkKC6+UjP4//GNX8j8kQ9QRERERESAB456fnMnmqxvfp/IxByevrAf27cPBlyO60EbmMKh6V4bs9flULguuPHCPJIOnKYpawdvvJTBJwdOkvmknf0vFdD5gxyytiayOEglAoLmVyfYZp/PV9c9yzee+Iz//MkvaIl5kU1f/4yLb5fRsuYQXkreiogfAkqs3j28OdhxyKPqmt1VM7X37dldt2zXXbDj2LBxyF25VpGObCLWverRtdpVRosp7rvEUEXdkB5sNo+kEw0k0VN/F7pWG1t75lX3n9dMCayNh7rqX1Lr2EiSqZYaK8AuVvr/HDYREREREfFi2peMdP6x53VY7Baymu4T9lQOseHt1DTDzBnDH8c0exYPrpVw9l/vD9jm6aRM1kQG0Pn0WDILizEd/RFv/M1K3nPvt+7gQMg7FG1ZEkjI8FgoYTPAODsUvhRK2Gwj3Ausq25z1pL7d+uJiepJnZpTMmm/W8e1W0Z2v/Yis3w940tEhkQ1VmVMeb09u6scgK06m8prGxkstWrasJ2kY1XYrGbM1pGJs/dq2phXalwPQpLRY9rI0QrISc7m4Gr3w6e6Hl7Vu52XB1eRXtZVD3cnZYVgzsoma3V210FXLdakEzWweyWW5Cgs3X2rvqqIiIiISLDMXrud2QcyyCr0PPIafA6z1+eQO4wVn9PmRWNqe5170zJ58NEFbP9YNXDjZwNMrAJMj2bj4X8m/lol5cWvcfFf2pj23HZe3hBgUvXTz+hYsoU9SwC2ALAnHa73+5z89LiJGC91ZI1zYoibM8y+RaSboaSkxBkTE9Nn54oVK3w+AV5lACa2u4c3YzAY+l1jg8FAa2trv/Y2m434+CEUIgWqq6tJSkryeiwsLGzQsUQ0T2S80ZwUzQGRwel7Ip40Jya/sbjGjvJt7OE4RSle6gV8eh9Hw9sct8dyPDOQJOdVCsIvsrZ1F3HDjrSHz5gBR9V+DpTW99s/8+vb2ZP9LUyPeTnpVhnbcuH4GTNee/13CxYyyXxmWKGLTCq9f7PA9bvV1tY27H4DXrGqcgATk5LiIiIiIiIiMul8Ws8lu5G05ABXjo4RU+JBCgN7PvPAnskkM8hdioh3KgUggwoJCaGlpYX5830/2qelpYWQkJBRikpEREREREQeJaaUIooGOhgeS0rmcJ6FEceu1mCuVXXxGXOgnjBTdCbYnYpIIJRYlUEtWrSIjz/+mMbGRp/tQkJCWLRo0ShFJSIiIiIiIiIiMnaUWJVBzZ07l+nTp/PFF1/4bDdlyhRmzpw5SlGJiIiIiIiIiIiMHSVWZVBGoxGj0TjWYYiIiIiIiIiIiIwbU8Y6AAD7YQMGg4H86rGORERERERERERERGRwQUys2sk3uBKkPVsK1qbgjTBk1fkecfTaUq3cHu14mqykGAwYDPnYR3tsERERERERERERCbrgJFabrKQYVpHHEa44nTidTpzOZoo3BaV3/8Xn9ovhiL0rrpJ0IsYoLBEREREREREREZkkSkpKnP/xH//RZwOcvoTn/b++O+xHnICTQ1e8n3Cz2JkMrjburVfbK4dc+47YB2p/xHnFR1/d5/XT7Cze5K3NFecRz3g2FTubPeOxdo3VFWuzNbnvOQO8D/eWbG32PlbXOZ7te8cwUtzXzts17vfegryN5ljaJu6meaJtvG2ak9o0B7RpG3zT90Sb56Y5Mfk3XWNt2rRNpM1bDqytrW3YW3AeXhW5mGSgYt8qDPu69m0qptm9OjQynXJneteB21hTF5CxbxX5653kxnv01WQlZWEGFYeu4Nyb4LqtPyGPVYefx7kX8hdmUMERrjhzSQg44ARynU5yu17ZDxtYtS+DnWefpzytZz1rXnpGzynV+SxIr+h+X5xNcb3u00cyxTfLSY/seo/pO7GuKSf3ZjG1HnHfPpvCqn2QbG3uM+ZYcs2ryTeWTFyaJzLeaE6K5oDI4PQ9EU+aE5OfrrGIPKqCUwogMp1yp5Mrh3rtK81gQa8aq+4HVBkMC8goHbir25fKqQDYt8rVPiHPdeB6Y6/aqHmsGmYN19tnU7rrrq7a571Nd/mAvQnYf+WKI/kHz3spJWDn/D6ACjIW9n6PFTQOEl9F+gJXHIdVfVVERERERERERGSiCOLDqyBhr7u+qjvJWkH5pdvdqzM5dKXXsUF0te3eStKJ&quot;
01-25-2019 12:52:52 Wire.java DEBUG [Forwarding screenshot on session 0430907a08dce67eec548a3919750b18 to remote] http.wire 87 - http-outgoing-4 &lt;&lt; &quot;IIHcPrVbXYnMlLN+Po6q9+pTp5Nma/KQT41d7Gt1aTLFN5194u63IrdLRFo5TvuRnh37VunhViIiIiIiIiIiIhNEUEoB3D6bwoL63a5b9117aLwOkEzKmggaz7humU+OXjxoXxFrUkimgop9J7C+VE56JICd/NRGflSSTgQRpJc4SXeP2+t2/CHH21jr+pdli4kAhpKWXRydDFSQ9ys7ufGeRQgSeP4QsK+CjDN20rs+h9tnU/iHxeXkxi8mFugXaXwuTmeu6/0ZVpHn9zsJLoPBQGtr64j1HxYWNmpjycSleSLjjeakaA6IDE7fE/GkOTH56RqLyETS+zcrmIK3YtV963737f5HuOJ0JUYTXip21WDtuu19oFvvAVdZgZvFJHffVm/A4E46NllJ6R7D4EqqHrrid43SiLTdHOkV81CSsxFp5a6VtgOck7DX2ed43zZdiVd3CYPD9l6lEdzvL5nim8OpGysiIiIiIiIiIiKjxVBSUuKMiYnps3PFihU+i0/P2fsmdw9vHunYxjXXw6pcdVgHut1/PHJfO4PB0O8aa8WqjAeaJzLeaE6K5oDI4PQ9EU+aE5PfeLzGjg/rmfa1aGaPdSAiMu54rlg1GAy0tbUNu9+g1lid3Ozk91otu2ofJFubJ1RSVTzdwbY7CvPqKCzXxjoWGZSjkpzVrutl3l2Jw/16dyWOQPsK5FwREREREQlAO43nfo7FYvGyVdHYAfdqK3mvoX3AHhzl29hW7v1P8J0flnDycBU3A47vKgXhBVwd6HDrB9isldR96l+vvmLu9vlNaqzuz+Ln1DQP0umtMra9VDbg32UclyxYfn3Dv0BFJCBBqbH6aEgg1+kkd6zDGAMPHz6kvr6e+/fv+2wXGhpKdHQ0M2bM8KP3Wiyrzdg89sa8UsPRDfP8jrWfa6cwZxVA/EkKT2zENPwex8dYj5w72H6STR2JZFacJskEOCr7tLheGMVBaxDnjl/c87hXfCIiIiIi0q3z6mu8/ofvk7vJyx+WHzPy4G49DdVvcPqtf+Ke5WekPOlf/1O/lkrac6cAuHfhKDnFHwzYds1fFpO2xJ/e73Pppz/Ecu4OMzueouhP/Tp5UJ21Jbw3K5WXN8yCP/yav33TTmx2AlMD6q2d2/9WSinPsuWZG1z8hYV3yq/zv8wiZt332LTZTFx4OzfsFgpsMeTlr9ffXUWGQYlVGVR9fT1z585l2bJlPts1NzdTX1/P8uXLAxhlF/sv72QZ4Hh3B1nHVmK+EIQE5fKdlF3eOZwexudYj5ybNFUDLOUrA0yIZVkNlGWNZkwiIiIiIjJUv3fUE/VUNDNn9T/muHCKs+ffpyX2IC9vfpsH0wIY4LeVnP3wfaisJ3eO0UfDUKZN97fzev7n3B0AHhS/TY15CSsfDyBGD41lP+TAmSZmLpgH1LLnrZ5jOzZk0/nkLg4UpjL4Y8B7M7J8zXf4zic3+PPtdbx4Io+fZrg+j/ZbV3mn6C/I/68vsz4lhi/fGv5t0CKPOiVWZVBtbW0sXbrUZ91dgIiICD766KNhj2facJr9N6I4aM2m8tpGMpf3rEbs0bUykEpykrOp67VK1N02qbCBzAjP43ew7V6JpXqIwbhXoXZzJYBxj/HKSRqOZVOXXkaZucljrP6rccdmNeVEdwfbbvfnWMDB1QWuzzGubytXQr6q+zPuXsEan0hddZWrUXoZZVmx/UZwn+tebdwy0Hwz9R7nJFHHsrHFH2Iz+7riq8KSHIVFq5ZFRERERIbEceEUlc3QUl1FXe0sXvj5qySFB9BR5DOYN8/D9I1oZj6+i8LnghllNE9/G2znEtl6JicoSVWAxeYfk+awE/tniYRhZGpHO0w30tkBH1p28InZ36RqL39spz1uLWu/2pNkNj4Rh3lPHGYArlJQrnIBIsMVcGJ1zt43gxmHjGOdnZ20tw9c58azbTDMfzIRqKLh5h1YPq/vasSuZKflJ5XEnthIWno2B62/pNaxkSRTLTVWgF2sXA6eRWeuF7qSqq7kG76TrD5u7b/e9U/bsewBTnYnA3Vr+PDNI+lEGU2et9oPtTjqukOUnTjkutZWM5bVDWRG9Dp+7VSfpKoJMPmYb251x7KpAyCUb54oo02lAERERERE/OK4sJ+i/zbx+7cKqJuWSqblVV4IJKkKcK+dqY99QGHlPP56QYmPUgChvJBzmpQofzoPJX7DTgrPlfD+b++zMTI0wCAH8IGF/TdTSbtRAuaFnC2LJC24I4jICAkosXr38OZgxyHjWEdHx5ATqx0dHSMThKNr5amXQ8tW7wJrARev3iFpoR0bEPNKKv0LF7iTromsjZsH3PE55PXLrpWqMesSBlx5mFTYQKa78oGjyUuLrhWMnm1l1EQtdK0Qjl2XCNVdyfruxOovOZlVBexif+/kuY/55tZ39XHtSIQuIiIiIjJpPbhqofzhnxB2NZ+aaalk/v2rJC0YRocdtbxzEdYmmeCur4b36fDzAVQAU+O2su25EixH91H5f06yMbLrwOfAY/73N3raaWu7TYtjOvO/amKWryoJIuI3lQKQcanlhuvWbVdSrBZLcq8HF+GR9FqeQBJgu2Dn+rr36UmcDmTgOp3BM4+kEw18pdct5basKGwD3IouY6QaiAeqCzj7birLNgxhvomIiIiIyLA9cNTzmzvRZH3z+0Qm5vD0hf3Yvn0w4Lu/HrSBKRya7rUxe10OheuCGy/MI+nAaZqydvDGSxl8cuAkmU/a2f9SAZ0/yCFrayKLg1QiIGh+dYJt9vl8dd2zfOOJz/jPn/yClpgX2fT1z7j4dhktaw7hpeStiPghoMSqygBMbON9xbHj3R2uZGR6mWuFp6OJBqA7IdrvFvBYNr6SiO1YNgergfiTxHr9j/FCIruSaDXXdrJskNWj7pWwdRfsODYEVi+zu4RBv1qtMrruUHuhin5J9/jvkn1iO5WrzdiO7cMWd5okBptv3rjnVvAjFxERERGZDKZ9yUjnH3teh8VuIavpPmFP5RAb3k5NM8ycMfxxTLNn8eBaCWf/9f6AbZ5OymRN5ICHBzY9lszCYkxHf8Qbf7OS99z7rTs4EPIORVuWBBIyPBZK2Awwzg6FL4USNtsI9wLrqtucteT+3XpionpSp+aUTNrv1nHtlpHdr72o1asiQRDwitXxnpwT78ZvUtz1UCK3PrdZm9x1VPu26c0U911iqKIOSNo6UBK0V63OrKg+D5XyavlOygrBnJVN1mp3LdWuh1cNqv+Dq4g/SaFWq4663tc6qdBbfVZ3Yr4KS/IpvnJ556Dzrb953aUG9PAqEREREZH+Zq/dzuwDGWQVeh55DT6H2etzyB3Gis9p86Ixtb3OvWmZPPjoArZ/rBq48bMBJlYBpkez8fA/E3+tkvLi17j4L21Me247L28IMKn66Wd0LNnCniUAWwDYkw7X+31OfnrcRIyXOrLGOTHEzRlm3yLSzVBSUuKMiYnps3PFihU+nwA/Z++bSqxOUO5rZzAY+l1jg8FAa2trv3NsNhvx8fFD6r+6upqkpCSvx8LCwgYdSyRY8+R6VxkG1baV4dJvl2gOiAxO3xPxpDkx+Y3FNXaUb2MPxylK8bKE4dP7OBre5rg9luOZgSQ5r1IQfpG1rbuIG3akPXzGDDiq9nOgtL7f/plf386e7G9h8la/9VYZ23Lh+Bmz98Uc/27BQiaZzwwrdJFJpfdvFrh+t5u67bYAABMRSURBVNra2obdr2qsioiIiIiIiMjE9mk9l+xG0pIDXDk6RkyJBylMDHKnz2SSGeQuRcQ7JVZlUCEhIbS0tDB//nyf7VpaWggJCRmlqER8665vKyIiIiIik4IppYiigQ6Gx5KSOZzSa3Hsag3mWlUXnzEH6gkzRWeC3amIBEKJVRnUokWL+Pjjj2lsbPTZLiQkhEWLFo1SVCIiIiIiIiIiImNnfCdWq/MxJOS5/v3QFZx7E8Y2nkfU3LlzmT59Ol988YXPdlOmTGHmzJmjFJWIiIiIiIiIiMjYCVJi1U6+YRV5nruHlQy1k5+QBxzhijMXpVTHjtFoxGg0jnUYIiIiIiIiIiIi48aU4HZ3hCtOJ06nkyuHgH2rSDl7&quot;
01-25-2019 12:52:52 Wire.java DEBUG [Forwarding screenshot on session 0430907a08dce67eec548a3919750b18 to remote] http.wire 87 - http-outgoing-4 &lt;&lt; &quot;O7CumhqpBdi0mMVBjFBERERERERERERkuIKcWO2xODoZgIr6RlwrWg0YDPlYz6ZgMBjIr3a1sx82YDD0bK5ErJ38hRlUAJRmsGDQ9kCTlRSDAUOqFethAwZDCtYmgNtYU/ue4+7rdlcsKWetXfG5YrT3eh+e4xkOdx2tzu+7P9VKdwrZHYuXMUVERERERERERGTiG7HEamN9BQBH1ve+iT+PjPSK7lf2wwZW7Uum+KYTp7OZ4k1Qkb4Ta1MCuTeLcaVmXatgc+N9te81RGkGGfvcL25jTV1ARql7Je0VjgB5CX2TpxXpjTzvXmVLHie6krWu8SDZ2oyzayWuc29Cd+1X9/5mazKUZrCzT1K4Z/Wusyt+ERERERERERERmRyC/PCqPFYZeiqtHrF7JhR710u1k58AUEHGQgMZ3W0qaGwCIj37tnN+3xDabyqmuSSdCHCtHC3tHxfU0thEd4mBZOuPSABuRycD7sSve7xkUtZE9I3kV66+KtIXYEjv2e9anev5WSRTfLOc9H7vZ3wKDw8fsb6dTueojSUTl+aJjDeak6I5IDI4fU/Ek+bE5KdrLCITiedvVrAEObEayIOmBkg8NnltHED7geMKsPprTyTWZsrTIvrtz3U2szh1ARml4E4Elw/QdjwZqUk21mPJxKV5IuON5qRoDogMTt8T8aQ5MfnpGovIo2rESgEMLoHnDwFUkHGm58b822dTBqhH6m97IPJ5UjZB79v7AeyHU/qWDxgkvvJLfVOwCeuPAFCR/g89JQWarKS4668SQXqJs6dMgIiIiIiIiIiIiEwqY5hYhYS9XXVN963qfsjTgl41WIfb3pXgdNdiXdB9zqp9Pk7xMl7vcw2H7RCfi9N+BNft/l373Q/b8nhw1YL0Cjh0ZdyvVhUREREREREREZGhM5SUlDhjYmL67FyxYoXPpfxz9r7J3cObRzo2GQHua2cwGPpdY4PBQGtr64iNHRYWNmpjycSleSLjjeakaA6IDE7fE/GkOTH56RqLyETS+zcLXL9bbW1tw+53TFesioiIiIiIiIiIiExESqyKiIiIiIiIyITn+LCee2MdhIg8UpRYlUfYHWy7ozCvjsJybaxjkUE5KslZ7bpe5t2VONyvd1fiCLSvQM4VEREREZEAtNN47udYLBYvWxWNHXCvtpL3GtoH7MFRvo1t5d7/BN/5YQknD1dxM+D4rlIQXsDVgQ63foDNWkndp/716ivmbp/fpMbq/ix+Tk3zIJ3eKmPbS2UD/l3GccmC5dc3/AtURALypbEOQMa/hw8fUl9fz/379322Cw0NJTo6mhkzZvjRey2W1WZsHntjXqnh6IZ5fsfaz7VTmLMKIP4khSc2Yhp+j+NjrEfOHWw/yaaORDIrTpNkAhyVfVpcL4zioDWIc8cv7nncKz4REREREenWefU1Xv/D98nd5OUPy48ZeXC3nobqNzj91j9xz/IzUp70r/+pX0sl7blTANy7cJSc4g8GbLvmL4tJW+JP7/e59NMfYjl3h5kdT1H0p36dPKjO2hLem5XKyxtmwR9+zd++aSc2O4GpAfXWzu1/K6WUZ9nyzA0u/sLCO+XX+V9mEbPue2zabCYuvJ0bdgsFthjy8tfr764iwxBwYnXO3jeDGYeMY/X19cydO5dly5b5bNfc3Ex9fT3Lly8PYJRd7L+8k2WA490dZB1biflCEBKUy3dSdnnncHoYn2M9cm7SVA2wlK8MMCGWZTVQljWaMYmIiIiIyFD93lFP1FPRzJzV/5jjwinOnn+fltiDvLz5bR5MC2CA31Zy9sP3obKe3DlGHw1DmTbd387r+Z9zdwB4UPw2NeYlrHw8gBg9NJb9kANnmpi5YB5Qy563eo7t2JBN55O7OFCYymK/ejWyfM13+M4nN/jz7XW8eCKPn2a4Po/2W1d5p+gvyP+vL7M+JYYv3xr+g3tEHnUBJVbvHt4c7DhkHGtra2Pp0qU4nU6f7SIiIvjoo4+GPZ5pw2n234jioDWbymsbyVzesxqxR9fKQCrJSc6mrtcqUXfbpMIGMiM8j9/BtnslluohBuNehdrNlQDGPcYrJ2k4lk1dehll5iaPsfqvxh2b1ZQT3R1su92fYwEHVxe4Pse4vq1cCfmq7s+4ewVrfCJ11VWuRulllGXF9hvBfa57tXHLQPPN1Huck0Qdy8YWf4jN7OuKrwpLchQWrVoWERERERkSx4VTVDZDS3UVdbWzeOHnr5IUHkBHkc9g3jwP0zeimfn4LgqfC2aU0Tz9bbCdS2TrmZygJFUBFpt/TJrDTuyfJRKGkakd7TDdSGcHfGjZwSdmf5Oqvfyxnfa4taz9ak+S2fhEHOY9cZgBuEpBucoFiAyXSgHIoDo7O2lvH7jOjWfbYJj/ZCJQRcPNO7B8Xt/ViF3JTstPKok9sZG09GwOWn9JrWMjSaZaaqwAu1i5HDyLzlwvdCVVXck3fCdZfdzaf73rn7Zj2QOc7E4G6tbw4ZtH0okymjxvtR9qcdR1hyg7cch1ra1mLKsbyIzodfzaqT5JVRNg8jHf3OqOZVMHQCjfPFFGm0oBiIiIiIj4xXFhP0X/beL3bxVQNy2VTMurvBBIUhXgXjtTH/uAwsp5/PWCEh+lAEJ5Iec0KVH+dB5K/IadFJ4r4f3f3mdjZGiAQQ7gAwv7b6aSdqMEzAs5WxZJWnBHEJERElBiVWUAJjZ/Vxx3dHQMObHa0dERSEiDc3StPPVyaNnqXWAt4OLVOyQttGMDYl5JpX/hAnfSNZG1cfOAOz6HvH7ZtVI1Zl3CgCsPkwobyHRXPnA0eWnRtYLRs62MmqiFrhXCsesSoborWd+dWP0lJ7OqgF3s75089zHf3PquPq4didBFRERERCatB1ctlD/8E8Ku5lMzLZXMv3+VpAXD6LCjlncuwtokE9z11fA+HX4+gApgatxWtj1XguXoPir/z0k2RnYd+Bx4zP/+Rk87bW23aXFMZ/5XTczyVSVBRPwW8IpVlQOYmCZKUrzlhuvWbVdSrBZLcq8HF+GR9FqeQBJgu2Dn+rr36UmcDmTgOp3BM4+kEw18pdct5basKGwD3IouY6QaiAeqCzj7birLNgxhvomIiIiIyLA9cNTzmzvRZH3z+0Qm5vD0hf3Yvn0w4Lu/HrSBKRya7rUxe10OheuCGy/MI+nAaZqydvDGSxl8cuAkmU/a2f9SAZ0/yCFrayKLg1QiIGh+dYJt9vl8dd2zfOOJz/jPn/yClpgX2fT1z7j4dhktaw7hpeStiPhBpQBk3HG8u8OVjEwvc63wdDTRAHQnRPvdAh7LxlcSsR3L5mA1EH+SWK//MV5IZFcSrebaTpYNsnrUvRK27oIdx4bA6mV2lzDoV6tVRtcdai9U0S/pHv9dsk9sp3K1GduxfdjiTpPEYPPNG/fcCn7kIiIiIiKTwbQvGen8Y8/rsNgtZDXdJ+ypHGLD26lphpkzhj+OafYsHlwr4ey/3h+wzdNJmayJHPDwwKbHkllYjOnoj3jjb1bynnu/dQcHQt6haMuSQEKGx0IJmwHG2aHwpVDCZhvhXmBddZuzlty/W09MVE/q1JySSfvdOq7dMrL7tRe1elUkCJRYlXHC9VAitz63WZvcdVT7tunNFPddYqiiDkjaOlAStFetzqyoPg+V8mr5TsoKwZyVTdZqdy3VrodXDar/g6uIP0mhVquOut7XOqnQW31Wd2K+CkvyKb5yeeeg862/ed2lBvTwKhERERGR/mav3c7sAxlkFXoeeQ0+h9nrc8gdxorPafOiMbW9zr1pmTz46AK2f6wauPGzASZWAaZHs/HwPxN/rZLy4te4+C9tTHtuOy9vCDCp+ulndCzZwp4lAFsA2JMO1/t9Tn563ESMlzqyxjkxxM0ZZt8i0s1QUlLijImJ6bNzxYoVPp8AP2fvmyoFMEG5r53BYOh3jQ0GA62trf3OsdlsxMfHD6n/6upqkpKSvB4LCwsbdCyRYM2T611lGFTbVoZLv12iOSAyOH1PxJPmxOQ3FtfYUb6NPRynKMXLEoZP7+NoeJvj9liOZwaS5LxKQfhF1rbuIm7YkfbwGTPgqNrPgdL6fvtnfn07e7K/hclb/dZb&quot;
01-25-2019 12:52:52 Wire.java DEBUG [Forwarding screenshot on session 0430907a08dce67eec548a3919750b18 to remote] http.wire 87 - http-outgoing-4 &lt;&lt; &quot;ZWzLheNnzN4Xc/y7BQuZZD4zrNBFJpXev1ng+t1qa2sbdr9asSoiIiIiIiIiE9un9VyyG0lLDnDl6BgxJR6kMDHInT6TSWaQuxQR76aMdQDe3caaasBgMJA/XmsWNllJMRgwpFq5PdaxjLCQkBBaWloGbdfS0kJISMgoRCQyuGVZDZRd1mpVEREREZHJwpRSNODKT8JjSclMJTY80N7j2BXk1aowSMyBesJM0UCrVUVkVAU3sepONhoMGA7bR6DffOzeXnuqznfF4G0LNBE62JiT2KJFi/jd735HdXW1z+13v/sdixYtGutwRURERERERERERlxQSwHcvlROhfvFvvPY9yaQEIyOI9Mpd6YPvX18Lk5nLq6VrwvIKIUjdie5QysTGpwYJpG5c+cyffp0vvjiC5/tpkyZwsyZM0cpKhERERERERERkbETxBWrtzn/VgWQTPImgDzO97qN//bZFAwGAylnb3t93fv2f4PBlQztYSe/e7WonfyFGV0J3DxWBbQ6tqc/a1cc+dU9MfXeekoR9I7h0WI0GgkPD2fu3Lk+t/DwcIxG41iHKyIiIiIiIiIiMuKCl1htOk95KbAphVN/dQSAvP879Nvu7YddydRkazNOZzPFmwZqmUDuzWKSATjCFacT595A18XmkZHevcaWiLRynE6na+saIy/h0UukioiIiIiIiIiIiG9BKwXgLgOQ/IPniYhv5AiQV1rO+aZ00iMHO9vO+X0AyaSsiYBRexzUEa44c3uVK7CTb1hF3iiNLiIiIiIiIiIiIuPDtm3bBjxWVFTUb1+QVqza+YeulZ8V6QswdCcnKyi/5E+SNJbFgyZhR8ptrKmuuI/YnTidVzgyVqGIiIiIiIiIiIjIqPKWPPW1PzgrVqvPuxKpm4ppLkknAqA6H0NCHhVvned2Ws9DnyrqG8HVopfFLN4ElOZxvjqXhMEeMhW5mFjoeVBWUDTSWAqQPIbJ3bEXHh4+Yn07nc5RG0smLs0TGW80J0VzQGRw+p6IJ82JyU/XWEQmEs/fLF+Kior6rFwdKKkKQUqs2n/lWp+a/IPne1Km8c93lQPI4B+q08lN282R9Ary9q3CsM+zhwjSS67QaFhFXoJhCLfiJ/D8IWBfHqsMeXDoyjDqrPb0+SNrMnnpFWQsNJAxzN4mIn8m2UQaSyYuzRMZbzQnRXNAZHD6nognzYnJT9dYRCYbd3LVV1IVwFBSUuKMiYnps3PFihU+fxjn7H2Tu4c3ByVQGV3ua2cwGPQfPxEREREREREReeQYDAba2tqG3U+QaqyKiIiIiIiIiIiIPDqCU2NVJgWDwUBra+uI9R8WFjZqY8nEpXki443mpGgOiAxO3xPxpDkx+ekai8hE0vs3K5i0YlVERERERERERETET0qsioiIiIiIiMiE5/iwnntjHYSIPFICLgUwZ++bwYxDZAzcwbZ7JZZqSCpsIHP5WMcjPjkqyUnOpg4g/iSFfw0nk7Opiz9J4YmNmALpK5BzRUREREQkAO00nivhvY/bvRxbyAtbEwl7v5LfzE7khSij1x4c5dvYw3GKUvr/Cb7zwxJOHr5DWnE0swOK7yoF4RdZ27qLOG+HWz/AZvuIqB9sJGb60Hv1FXO3z29S82YV1x8CGFm2YQsrF/jo9FYZ23Lh+Bmz17/LOC5ZqPx8PZnfenLogYpIQAJKrN49vDnYccg49vDhQ+rr67l//77PdqGhoURHRzNjxgw/eq/FstqMzWNvzCs1HN0wz+9Y+7l2CnNWgSsRN9IJtNEc65FzB9tPsqkjkcyK0ySZAEdlnxbXC6M4aA3i3PGLex73ik9ERERERLp1Xn2N1//wfXI3efnD8mNGHtytp6H6DU6/9U/cs/yMFD9zglO/lkrac6cAuHfhKDnFHwzYds1fFpO2xJ/e73Pppz/Ecu4OMzueouhP/Tp5UJ21Jbw3K5WXN8yCP/yav33TTmx2AlMD6q2d2/9WSinPsuWZG1z8hYV3yq/zv8wiZt332LTZTFx4OzfsFgpsMeTlr9ffXUWG4f8HEHKJRSwvJPoAAAAASUVORK5CYII=&quot;}&quot;
01-25-2019 12:52:52 PoolingHttpClientConnectionManager.java DEBUG [Forwarding screenshot on session 0430907a08dce67eec548a3919750b18 to remote] conn.PoolingHttpClientConnectionManager 320 - Connection [id: 4][route: {}-&gt;http://localhost:21439] can be kept alive indefinitely
01-25-2019 12:52:52 PoolingHttpClientConnectionManager.java DEBUG [Forwarding screenshot on session 0430907a08dce67eec548a3919750b18 to remote] conn.PoolingHttpClientConnectionManager 326 - Connection released: [id: 4][route: {}-&gt;http://localhost:21439][total kept alive: 1; route allocated: 1 of 2000; total allocated: 1 of 2000]
</system-out>
    <system-err>Starting ChromeDriver 2.45.615291 (ec3682e3c9061c10f26ea9e5cdcf3c53f3f74387) on port 21439
Only local connections are allowed.
Jan 25, 2019 12:51:57 PM org.openqa.selenium.remote.ProtocolHandshake createSession
INFO: Detected dialect: OSS
</system-err>
  </testcase>
  <testcase classname="com.qa.testclasses.ContactspageTest" name="selectsinglecontactTest" time="40.301">
    <failure message="no such element: Unable to locate element: {&quot;method&quot;:&quot;xpath&quot;,&quot;selector&quot;:&quot;//a[text()=&apos;pavithra v&apos;]//parent::td[@class=&apos;datalistrow&apos;]//preceding-sibling::td[@class=&apos;datalistrow&apos;]//input[@name=&apos;contact_id&apos;]&quot;}
  (Session info: chrome=71.0.3578.98)
  (Driver info: chromedriver=2.45.615291 (ec3682e3c9061c10f26ea9e5cdcf3c53f3f74387),platform=Windows NT 10.0.16299 x86_64) (WARNING: The server did not provide any stacktrace information)
Command duration or timeout: 0 milliseconds
For documentation on this error, please visit: http://seleniumhq.org/exceptions/no_such_element.html
Build info: version: &apos;3.5.2&apos;, revision: &apos;10229a9&apos;, time: &apos;2017-08-21T17:29:55.15Z&apos;
System info: host: &apos;DIN37001770&apos;, ip: &apos;10.77.79.175&apos;, os.name: &apos;Windows 10&apos;, os.arch: &apos;amd64&apos;, os.version: &apos;10.0&apos;, java.version: &apos;1.8.0_201&apos;
Driver info: org.openqa.selenium.chrome.ChromeDriver
Capabilities [{mobileEmulationEnabled=false, timeouts={implicit=0, pageLoad=300000, script=30000}, hasTouchScreen=false, platform=XP, acceptSslCerts=false, goog:chromeOptions={debuggerAddress=localhost:54492}, acceptInsecureCerts=false, webStorageEnabled=true, browserName=chrome, takesScreenshot=true, javascriptEnabled=true, setWindowRect=true, unexpectedAlertBehaviour=ignore, applicationCacheEnabled=false, rotatable=false, networkConnectionEnabled=false, chrome={chromedriverVersion=2.45.615291 (ec3682e3c9061c10f26ea9e5cdcf3c53f3f74387), userDataDir=C:\Users\pavithra\AppData\Local\Temp\scoped_dir11772_22952}, takesHeapSnapshot=true, unhandledPromptBehavior=ignore, pageLoadStrategy=normal, strictFileInteractability=false, databaseEnabled=false, handlesAlerts=true, version=71.0.3578.98, browserConnectionEnabled=false, proxy=Proxy(), nativeEvents=true, locationContextEnabled=true, cssSelectorsEnabled=true}]
Session ID: 9383a3a5573c9e1a2613132f9c3b3b9c
*** Element info: {Using=xpath, value=//a[text()=&apos;pavithra v&apos;]//parent::td[@class=&apos;datalistrow&apos;]//preceding-sibling::td[@class=&apos;datalistrow&apos;]//input[@name=&apos;contact_id&apos;]}" type="org.openqa.selenium.NoSuchElementException">org.openqa.selenium.NoSuchElementException: no such element: Unable to locate element: {&quot;method&quot;:&quot;xpath&quot;,&quot;selector&quot;:&quot;//a[text()=&apos;pavithra v&apos;]//parent::td[@class=&apos;datalistrow&apos;]//preceding-sibling::td[@class=&apos;datalistrow&apos;]//input[@name=&apos;contact_id&apos;]&quot;}
  (Session info: chrome=71.0.3578.98)
  (Driver info: chromedriver=2.45.615291 (ec3682e3c9061c10f26ea9e5cdcf3c53f3f74387),platform=Windows NT 10.0.16299 x86_64) (WARNING: The server did not provide any stacktrace information)
Command duration or timeout: 0 milliseconds
For documentation on this error, please visit: http://seleniumhq.org/exceptions/no_such_element.html
Build info: version: &apos;3.5.2&apos;, revision: &apos;10229a9&apos;, time: &apos;2017-08-21T17:29:55.15Z&apos;
System info: host: &apos;DIN37001770&apos;, ip: &apos;10.77.79.175&apos;, os.name: &apos;Windows 10&apos;, os.arch: &apos;amd64&apos;, os.version: &apos;10.0&apos;, java.version: &apos;1.8.0_201&apos;
Driver info: org.openqa.selenium.chrome.ChromeDriver
Capabilities [{mobileEmulationEnabled=false, timeouts={implicit=0, pageLoad=300000, script=30000}, hasTouchScreen=false, platform=XP, acceptSslCerts=false, goog:chromeOptions={debuggerAddress=localhost:54492}, acceptInsecureCerts=false, webStorageEnabled=true, browserName=chrome, takesScreenshot=true, javascriptEnabled=true, setWindowRect=true, unexpectedAlertBehaviour=ignore, applicationCacheEnabled=false, rotatable=false, networkConnectionEnabled=false, chrome={chromedriverVersion=2.45.615291 (ec3682e3c9061c10f26ea9e5cdcf3c53f3f74387), userDataDir=C:\Users\pavithra\AppData\Local\Temp\scoped_dir11772_22952}, takesHeapSnapshot=true, unhandledPromptBehavior=ignore, pageLoadStrategy=normal, strictFileInteractability=false, databaseEnabled=false, handlesAlerts=true, version=71.0.3578.98, browserConnectionEnabled=false, proxy=Proxy(), nativeEvents=true, locationContextEnabled=true, cssSelectorsEnabled=true}]
Session ID: 9383a3a5573c9e1a2613132f9c3b3b9c
*** Element info: {Using=xpath, value=//a[text()=&apos;pavithra v&apos;]//parent::td[@class=&apos;datalistrow&apos;]//preceding-sibling::td[@class=&apos;datalistrow&apos;]//input[@name=&apos;contact_id&apos;]}
	at sun.reflect.NativeConstructorAccessorImpl.newInstance0(Native Method)
	at sun.reflect.NativeConstructorAccessorImpl.newInstance(NativeConstructorAccessorImpl.java:62)
	at sun.reflect.DelegatingConstructorAccessorImpl.newInstance(DelegatingConstructorAccessorImpl.java:45)
	at java.lang.reflect.Constructor.newInstance(Constructor.java:423)
	at org.openqa.selenium.remote.ErrorHandler.createThrowable(ErrorHandler.java:215)
	at org.openqa.selenium.remote.ErrorHandler.throwIfResponseFailed(ErrorHandler.java:167)
	at org.openqa.selenium.remote.http.JsonHttpResponseCodec.reconstructValue(JsonHttpResponseCodec.java:40)
	at org.openqa.selenium.remote.http.AbstractHttpResponseCodec.decode(AbstractHttpResponseCodec.java:82)
	at org.openqa.selenium.remote.http.AbstractHttpResponseCodec.decode(AbstractHttpResponseCodec.java:45)
	at org.openqa.selenium.remote.HttpCommandExecutor.execute(HttpCommandExecutor.java:164)
	at org.openqa.selenium.remote.service.DriverCommandExecutor.execute(DriverCommandExecutor.java:82)
	at org.openqa.selenium.remote.RemoteWebDriver.execute(RemoteWebDriver.java:641)
	at org.openqa.selenium.remote.RemoteWebDriver.findElement(RemoteWebDriver.java:414)
	at org.openqa.selenium.remote.RemoteWebDriver.findElementByXPath(RemoteWebDriver.java:513)
	at org.openqa.selenium.By$ByXPath.findElement(By.java:361)
	at org.openqa.selenium.remote.RemoteWebDriver.findElement(RemoteWebDriver.java:406)
	at sun.reflect.GeneratedMethodAccessor8.invoke(Unknown Source)
	at sun.reflect.DelegatingMethodAccessorImpl.invoke(DelegatingMethodAccessorImpl.java:43)
	at java.lang.reflect.Method.invoke(Method.java:498)
	at org.openqa.selenium.support.events.EventFiringWebDriver$2.invoke(EventFiringWebDriver.java:105)
	at com.sun.proxy.$Proxy6.findElement(Unknown Source)
	at org.openqa.selenium.support.events.EventFiringWebDriver.findElement(EventFiringWebDriver.java:189)
	at com.qa.pages.ContactsPage.selectcontactsByname(ContactsPage.java:30)
	at com.qa.testclasses.ContactspageTest.selectsinglecontactTest(ContactspageTest.java:42)
</failure>
    <system-out>01-25-2019 12:52:52 RequestAddCookies.java DEBUG [Forwarding quit on session 0430907a08dce67eec548a3919750b18 to remote] protocol.RequestAddCookies 123 - CookieSpec selected: default
01-25-2019 12:52:52 RequestAuthCache.java DEBUG [Forwarding quit on session 0430907a08dce67eec548a3919750b18 to remote] protocol.RequestAuthCache 77 - Auth cache not set in the context
01-25-2019 12:52:52 PoolingHttpClientConnectionManager.java DEBUG [Forwarding quit on session 0430907a08dce67eec548a3919750b18 to remote] conn.PoolingHttpClientConnectionManager 255 - Connection request: [route: {}-&gt;http://localhost:21439][total kept alive: 1; route allocated: 1 of 2000; total allocated: 1 of 2000]
01-25-2019 12:52:52 PoolingHttpClientConnectionManager.java DEBUG [Forwarding quit on session 0430907a08dce67eec548a3919750b18 to remote] conn.PoolingHttpClientConnectionManager 288 - Connection leased: [id: 4][route: {}-&gt;http://localhost:21439][total kept alive: 0; route allocated: 1 of 2000; total allocated: 1 of 2000]
01-25-2019 12:52:52 MainClientExec.java DEBUG [Forwarding quit on session 0430907a08dce67eec548a3919750b18 to remote] execchain.MainClientExec 208 - Stale connection check
01-25-2019 12:52:52 Wire.java DEBUG [Forwarding quit on session 0430907a08dce67eec548a3919750b18 to remote] http.wire 87 - http-outgoing-4 &lt;&lt; &quot;[read] I/O error: Read timed out&quot;
01-25-2019 12:52:52 LoggingManagedHttpClientConnection.java DEBUG [Forwarding quit on session 0430907a08dce67eec548a3919750b18 to remote] conn.DefaultManagedHttpClientConnection 88 - http-outgoing-4: set socket timeout to 10800000
01-25-2019 12:52:52 MainClientExec.java DEBUG [Forwarding quit on session 0430907a08dce67eec548a3919750b18 to remote] execchain.MainClientExec 256 - Executing request DELETE /session/0430907a08dce67eec548a3919750b18 HTTP/1.1
01-25-2019 12:52:52 MainClientExec.java DEBUG [Forwarding quit on session 0430907a08dce67eec548a3919750b18 to remote] execchain.MainClientExec 261 - Target auth state: UNCHALLENGED
01-25-2019 12:52:52 MainClientExec.java DEBUG [Forwarding quit on session 0430907a08dce67eec548a3919750b18 to remote] execchain.MainClientExec 267 - Proxy auth state: UNCHALLENGED
01-25-2019 12:52:52 LoggingManagedHttpClientConnection.java DEBUG [Forwarding quit on session 0430907a08dce67eec548a3919750b18 to remote] http.headers 133 - http-outgoing-4 &gt;&gt; DELETE /session/0430907a08dce67eec548a3919750b18 HTTP/1.1
01-25-2019 12:52:52 LoggingManagedHttpClientConnection.java DEBUG [Forwarding quit on session 0430907a08dce67eec548a3919750b18 to remote] http.headers 136 - http-outgoing-4 &gt;&gt; Host: localhost:21439
01-25-2019 12:52:52 LoggingManagedHttpClientConnection.java DEBUG [Forwarding quit on session 0430907a08dce67eec548a3919750b18 to remote] http.headers 136 - http-outgoing-4 &gt;&gt; Connection: Keep-Alive
01-25-2019 12:52:52 LoggingManagedHttpClientConnection.java DEBUG [Forwarding quit on session 0430907a08dce67eec548a3919750b18 to remote] http.headers 136 - http-outgoing-4 &gt;&gt; User-Agent: Apache-HttpClient/4.5.3 (Java/1.8.0_201)
01-25-2019 12:52:52 LoggingManagedHttpClientConnection.java DEBUG [Forwarding quit on session 0430907a08dce67eec548a3919750b18 to remote] http.headers 136 - http-outgoing-4 &gt;&gt; Accept-Encoding: gzip,deflate
01-25-2019 12:52:52 Wire.java DEBUG [Forwarding quit on session 0430907a08dce67eec548a3919750b18 to remote] http.wire 73 - http-outgoing-4 &gt;&gt; &quot;DELETE /session/0430907a08dce67eec548a3919750b18 HTTP/1.1[\r][\n]&quot;
01-25-2019 12:52:52 Wire.java DEBUG [Forwarding quit on session 0430907a08dce67eec548a3919750b18 to remote] http.wire 73 - http-outgoing-4 &gt;&gt; &quot;Host: localhost:21439[\r][\n]&quot;
01-25-2019 12:52:52 Wire.java DEBUG [Forwarding quit on session 0430907a08dce67eec548a3919750b18 to remote] http.wire 73 - http-outgoing-4 &gt;&gt; &quot;Connection: Keep-Alive[\r][\n]&quot;
01-25-2019 12:52:52 Wire.java DEBUG [Forwarding quit on session 0430907a08dce67eec548a3919750b18 to remote] http.wire 73 - http-outgoing-4 &gt;&gt; &quot;User-Agent: Apache-HttpClient/4.5.3 (Java/1.8.0_201)[\r][\n]&quot;
01-25-2019 12:52:52 Wire.java DEBUG [Forwarding quit on session 0430907a08dce67eec548a3919750b18 to remote] http.wire 73 - http-outgoing-4 &gt;&gt; &quot;Accept-Encoding: gzip,deflate[\r][\n]&quot;
01-25-2019 12:52:52 Wire.java DEBUG [Forwarding quit on session 0430907a08dce67eec548a3919750b18 to remote] http.wire 73 - http-outgoing-4 &gt;&gt; &quot;[\r][\n]&quot;
01-25-2019 12:52:52 Wire.java DEBUG [Forwarding quit on session 0430907a08dce67eec548a3919750b18 to remote] http.wire 73 - http-outgoing-4 &lt;&lt; &quot;HTTP/1.1 200 OK[\r][\n]&quot;
01-25-2019 12:52:52 Wire.java DEBUG [Forwarding quit on session 0430907a08dce67eec548a3919750b18 to remote] http.wire 73 - http-outgoing-4 &lt;&lt; &quot;Content-Length:72[\r][\n]&quot;
01-25-2019 12:52:52 Wire.java DEBUG [Forwarding quit on session 0430907a08dce67eec548a3919750b18 to remote] http.wire 73 - http-outgoing-4 &lt;&lt; &quot;Content-Type:application/json; charset=utf-8[\r][\n]&quot;
01-25-2019 12:52:52 Wire.java DEBUG [Forwarding quit on session 0430907a08dce67eec548a3919750b18 to remote] http.wire 73 - http-outgoing-4 &lt;&lt; &quot;[\r][\n]&quot;
01-25-2019 12:52:52 Wire.java DEBUG [Forwarding quit on session 0430907a08dce67eec548a3919750b18 to remote] http.wire 87 - http-outgoing-4 &lt;&lt; &quot;{&quot;sessionId&quot;:&quot;0430907a08dce67eec548a3919750b18&quot;,&quot;status&quot;:0,&quot;value&quot;:null}&quot;
01-25-2019 12:52:52 LoggingManagedHttpClientConnection.java DEBUG [Forwarding quit on session 0430907a08dce67eec548a3919750b18 to remote] http.headers 122 - http-outgoing-4 &lt;&lt; HTTP/1.1 200 OK
01-25-2019 12:52:52 LoggingManagedHttpClientConnection.java DEBUG [Forwarding quit on session 0430907a08dce67eec548a3919750b18 to remote] http.headers 125 - http-outgoing-4 &lt;&lt; Content-Length:72
01-25-2019 12:52:52 LoggingManagedHttpClientConnection.java DEBUG [Forwarding quit on session 0430907a08dce67eec548a3919750b18 to remote] http.headers 125 - http-outgoing-4 &lt;&lt; Content-Type:application/json; charset=utf-8
01-25-2019 12:52:52 MainClientExec.java DEBUG [Forwarding quit on session 0430907a08dce67eec548a3919750b18 to remote] execchain.MainClientExec 285 - Connection can be kept alive indefinitely
01-25-2019 12:52:52 PoolingHttpClientConnectionManager.java DEBUG [Forwarding quit on session 0430907a08dce67eec548a3919750b18 to remote] conn.PoolingHttpClientConnectionManager 320 - Connection [id: 4][route: {}-&gt;http://localhost:21439] can be kept alive indefinitely
01-25-2019 12:52:52 PoolingHttpClientConnectionManager.java DEBUG [Forwarding quit on session 0430907a08dce67eec548a3919750b18 to remote] conn.PoolingHttpClientConnectionManager 326 - Connection released: [id: 4][route: {}-&gt;http://localhost:21439][total kept alive: 1; route allocated: 1 of 2000; total allocated: 1 of 2000]
01-25-2019 12:52:52 PoolingHttpClientConnectionManager.java DEBUG [Forwarding quit on session 0430907a08dce67eec548a3919750b18 to remote] conn.PoolingHttpClientConnectionManager 407 - Closing connections idle longer than 0 SECONDS
01-25-2019 12:52:52 LoggingManagedHttpClientConnection.java DEBUG [Forwarding quit on session 0430907a08dce67eec548a3919750b18 to remote] conn.DefaultManagedHttpClientConnection 79 - http-outgoing-4: Close connection
01-25-2019 12:52:54 RequestAddCookies.java DEBUG [Forwarding newSession on session null to remote] protocol.RequestAddCookies 123 - CookieSpec selected: default
01-25-2019 12:52:54 RequestAuthCache.java DEBUG [Forwarding newSession on session null to remote] protocol.RequestAuthCache 77 - Auth cache not set in the context
01-25-2019 12:52:54 PoolingHttpClientConnectionManager.java DEBUG [Forwarding newSession on session null to remote] conn.PoolingHttpClientConnectionManager 255 - Connection request: [route: {}-&gt;http://localhost:13755][total kept alive: 0; route allocated: 0 of 2000; total allocated: 0 of 2000]
01-25-2019 12:52:54 PoolingHttpClientConnectionManager.java DEBUG [Forwarding newSession on session null to remote] conn.PoolingHttpClientConnectionManager 288 - Connection leased: [id: 5][route: {}-&gt;http://localhost:13755][total kept alive: 0; route allocated: 1 of 2000; total allocated: 1 of 2000]
01-25-2019 12:52:54 MainClientExec.java DEBUG [Forwarding newSession on session null to remote] execchain.MainClientExec 235 - Opening connection {}-&gt;http://localhost:13755
01-25-2019 12:52:54 DefaultHttpClientConnectionOperator.java DEBUG [Forwarding newSession on session null to remote] conn.DefaultHttpClientConnectionOperator 139 - Connecting to localhost/127.0.0.1:13755
01-25-2019 12:52:54 DefaultHttpClientConnectionOperator.java DEBUG [Forwarding newSession on session null to remote] conn.DefaultHttpClientConnectionOperator 146 - Connection established 127.0.0.1:54491&lt;-&gt;127.0.0.1:13755
01-25-2019 12:52:54 LoggingManagedHttpClientConnection.java DEBUG [Forwarding newSession on session null to remote] conn.DefaultManagedHttpClientConnection 88 - http-outgoing-5: set socket timeout to 10800000
01-25-2019 12:52:54 MainClientExec.java DEBUG [Forwarding newSession on session null to remote] execchain.MainClientExec 256 - Executing request POST /session HTTP/1.1
01-25-2019 12:52:54 MainClientExec.java DEBUG [Forwarding newSession on session null to remote] execchain.MainClientExec 261 - Target auth state: UNCHALLENGED
01-25-2019 12:52:54 MainClientExec.java DEBUG [Forwarding newSession on session null to remote] execchain.MainClientExec 267 - Proxy auth state: UNCHALLENGED
01-25-2019 12:52:54 LoggingManagedHttpClientConnection.java DEBUG [Forwarding newSession on session null to remote] http.headers 133 - http-outgoing-5 &gt;&gt; POST /session HTTP/1.1
01-25-2019 12:52:54 LoggingManagedHttpClientConnection.java DEBUG [Forwarding newSession on session null to remote] http.headers 136 - http-outgoing-5 &gt;&gt; Content-Type: application/json; charset=utf-8
01-25-2019 12:52:54 LoggingManagedHttpClientConnection.java DEBUG [Forwarding newSession on session null to remote] http.headers 136 - http-outgoing-5 &gt;&gt; Content-Length: 550
01-25-2019 12:52:54 LoggingManagedHttpClientConnection.java DEBUG [Forwarding newSession on session null to remote] http.headers 136 - http-outgoing-5 &gt;&gt; Host: localhost:13755
01-25-2019 12:52:54 LoggingManagedHttpClientConnection.java DEBUG [Forwarding newSession on session null to remote] http.headers 136 - http-outgoing-5 &gt;&gt; Connection: Keep-Alive
01-25-2019 12:52:54 LoggingManagedHttpClientConnection.java DEBUG [Forwarding newSession on session null to remote] http.headers 136 - http-outgoing-5 &gt;&gt; User-Agent: Apache-HttpClient/4.5.3 (Java/1.8.0_201)
01-25-2019 12:52:54 LoggingManagedHttpClientConnection.java DEBUG [Forwarding newSession on session null to remote] http.headers 136 - http-outgoing-5 &gt;&gt; Accept-Encoding: gzip,deflate
01-25-2019 12:52:54 Wire.java DEBUG [Forwarding newSession on session null to remote] http.wire 73 - http-outgoing-5 &gt;&gt; &quot;POST /session HTTP/1.1[\r][\n]&quot;
01-25-2019 12:52:54 Wire.java DEBUG [Forwarding newSession on session null to remote] http.wire 73 - http-outgoing-5 &gt;&gt; &quot;Content-Type: application/json; charset=utf-8[\r][\n]&quot;
01-25-2019 12:52:54 Wire.java DEBUG [Forwarding newSession on session null to remote] http.wire 73 - http-outgoing-5 &gt;&gt; &quot;Content-Length: 550[\r][\n]&quot;
01-25-2019 12:52:54 Wire.java DEBUG [Forwarding newSession on session null to remote] http.wire 73 - http-outgoing-5 &gt;&gt; &quot;Host: localhost:13755[\r][\n]&quot;
01-25-2019 12:52:54 Wire.java DEBUG [Forwarding newSession on session null to remote] http.wire 73 - http-outgoing-5 &gt;&gt; &quot;Connection: Keep-Alive[\r][\n]&quot;
01-25-2019 12:52:54 Wire.java DEBUG [Forwarding newSession on session null to remote] http.wire 73 - http-outgoing-5 &gt;&gt; &quot;User-Agent: Apache-HttpClient/4.5.3 (Java/1.8.0_201)[\r][\n]&quot;
01-25-2019 12:52:54 Wire.java DEBUG [Forwarding newSession on session null to remote] http.wire 73 - http-outgoing-5 &gt;&gt; &quot;Accept-Encoding: gzip,deflate[\r][\n]&quot;
01-25-2019 12:52:54 Wire.java DEBUG [Forwarding newSession on session null to remote] http.wire 73 - http-outgoing-5 &gt;&gt; &quot;[\r][\n]&quot;
01-25-2019 12:52:54 Wire.java DEBUG [Forwarding newSession on session null to remote] http.wire 73 - http-outgoing-5 &gt;&gt; &quot;{[\n]&quot;
01-25-2019 12:52:54 Wire.java DEBUG [Forwarding newSession on session null to remote] http.wire 73 - http-outgoing-5 &gt;&gt; &quot;  &quot;desiredCapabilities&quot;: {[\n]&quot;
01-25-2019 12:52:54 Wire.java DEBUG [Forwarding newSession on session null to remote] http.wire 73 - http-outgoing-5 &gt;&gt; &quot;    &quot;browserName&quot;: &quot;chrome&quot;,[\n]&quot;
01-25-2019 12:52:54 Wire.java DEBUG [Forwarding newSession on session null to remote] http.wire 73 - http-outgoing-5 &gt;&gt; &quot;    &quot;chromeOptions&quot;: {[\n]&quot;
01-25-2019 12:52:54 Wire.java DEBUG [Forwarding newSession on session null to remote] http.wire 73 - http-outgoing-5 &gt;&gt; &quot;      &quot;args&quot;: [],[\n]&quot;
01-25-2019 12:52:54 Wire.java DEBUG [Forwarding newSession on session null to remote] http.wire 73 - http-outgoing-5 &gt;&gt; &quot;      &quot;extensions&quot;: [][\n]&quot;
01-25-2019 12:52:54 Wire.java DEBUG [Forwarding newSession on session null to remote] http.wire 73 - http-outgoing-5 &gt;&gt; &quot;    },[\n]&quot;
01-25-2019 12:52:54 Wire.java DEBUG [Forwarding newSession on session null to remote] http.wire 73 - http-outgoing-5 &gt;&gt; &quot;    &quot;version&quot;: &quot;&quot;,[\n]&quot;
01-25-2019 12:52:54 Wire.java DEBUG [Forwarding newSession on session null to remote] http.wire 73 - http-outgoing-5 &gt;&gt; &quot;    &quot;platform&quot;: &quot;ANY&quot;[\n]&quot;
01-25-2019 12:52:54 Wire.java DEBUG [Forwarding newSession on session null to remote] http.wire 73 - http-outgoing-5 &gt;&gt; &quot;  },[\n]&quot;
01-25-2019 12:52:54 Wire.java DEBUG [Forwarding newSession on session null to remote] http.wire 73 - http-outgoing-5 &gt;&gt; &quot;  &quot;requiredCapabilities&quot;: {},[\n]&quot;
01-25-2019 12:52:54 Wire.java DEBUG [Forwarding newSession on session null to remote] http.wire 73 - http-outgoing-5 &gt;&gt; &quot;  &quot;capabilities&quot;: {[\n]&quot;
01-25-2019 12:52:54 Wire.java DEBUG [Forwarding newSession on session null to remote] http.wire 73 - http-outgoing-5 &gt;&gt; &quot;    &quot;desiredCapabilities&quot;: {[\n]&quot;
01-25-2019 12:52:54 Wire.java DEBUG [Forwarding newSession on session null to remote] http.wire 73 - http-outgoing-5 &gt;&gt; &quot;      &quot;browserName&quot;: &quot;chrome&quot;,[\n]&quot;
01-25-2019 12:52:54 Wire.java DEBUG [Forwarding newSession on session null to remote] http.wire 73 - http-outgoing-5 &gt;&gt; &quot;      &quot;chromeOptions&quot;: {[\n]&quot;
01-25-2019 12:52:54 Wire.java DEBUG [Forwarding newSession on session null to remote] http.wire 73 - http-outgoing-5 &gt;&gt; &quot;        &quot;args&quot;: [],[\n]&quot;
01-25-2019 12:52:54 Wire.java DEBUG [Forwarding newSession on session null to remote] http.wire 73 - http-outgoing-5 &gt;&gt; &quot;        &quot;extensions&quot;: [][\n]&quot;
01-25-2019 12:52:54 Wire.java DEBUG [Forwarding newSession on session null to remote] http.wire 73 - http-outgoing-5 &gt;&gt; &quot;      },[\n]&quot;
01-25-2019 12:52:54 Wire.java DEBUG [Forwarding newSession on session null to remote] http.wire 73 - http-outgoing-5 &gt;&gt; &quot;      &quot;version&quot;: &quot;&quot;,[\n]&quot;
01-25-2019 12:52:54 Wire.java DEBUG [Forwarding newSession on session null to remote] http.wire 73 - http-outgoing-5 &gt;&gt; &quot;      &quot;platform&quot;: &quot;ANY&quot;[\n]&quot;
01-25-2019 12:52:54 Wire.java DEBUG [Forwarding newSession on session null to remote] http.wire 73 - http-outgoing-5 &gt;&gt; &quot;    },[\n]&quot;
01-25-2019 12:52:54 Wire.java DEBUG [Forwarding newSession on session null to remote] http.wire 73 - http-outgoing-5 &gt;&gt; &quot;    &quot;requiredCapabilities&quot;: {},[\n]&quot;
01-25-2019 12:52:54 Wire.java DEBUG [Forwarding newSession on session null to remote] http.wire 73 - http-outgoing-5 &gt;&gt; &quot;    &quot;alwaysMatch&quot;: {},[\n]&quot;
01-25-2019 12:52:54 Wire.java DEBUG [Forwarding newSession on session null to remote] http.wire 73 - http-outgoing-5 &gt;&gt; &quot;    &quot;firstMatch&quot;: [[\n]&quot;
01-25-2019 12:52:54 Wire.java DEBUG [Forwarding newSession on session null to remote] http.wire 73 - http-outgoing-5 &gt;&gt; &quot;      {[\n]&quot;
01-25-2019 12:52:54 Wire.java DEBUG [Forwarding newSession on session null to remote] http.wire 73 - http-outgoing-5 &gt;&gt; &quot;        &quot;browserName&quot;: &quot;chrome&quot;[\n]&quot;
01-25-2019 12:52:54 Wire.java DEBUG [Forwarding newSession on session null to remote] http.wire 73 - http-outgoing-5 &gt;&gt; &quot;      }[\n]&quot;
01-25-2019 12:52:54 Wire.java DEBUG [Forwarding newSession on session null to remote] http.wire 73 - http-outgoing-5 &gt;&gt; &quot;    ][\n]&quot;
01-25-2019 12:52:54 Wire.java DEBUG [Forwarding newSession on session null to remote] http.wire 73 - http-outgoing-5 &gt;&gt; &quot;  }[\n]&quot;
01-25-2019 12:52:54 Wire.java DEBUG [Forwarding newSession on session null to remote] http.wire 87 - http-outgoing-5 &gt;&gt; &quot;}&quot;
01-25-2019 12:52:59 Wire.java DEBUG [Forwarding newSession on session null to remote] http.wire 73 - http-outgoing-5 &lt;&lt; &quot;HTTP/1.1 200 OK[\r][\n]&quot;
01-25-2019 12:52:59 Wire.java DEBUG [Forwarding newSession on session null to remote] http.wire 73 - http-outgoing-5 &lt;&lt; &quot;Content-Length:1001[\r][\n]&quot;
01-25-2019 12:52:59 Wire.java DEBUG [Forwarding newSession on session null to remote] http.wire 73 - http-outgoing-5 &lt;&lt; &quot;Content-Type:application/json; charset=utf-8[\r][\n]&quot;
01-25-2019 12:52:59 Wire.java DEBUG [Forwarding newSession on session null to remote] http.wire 73 - http-outgoing-5 &lt;&lt; &quot;[\r][\n]&quot;
01-25-2019 12:52:59 Wire.java DEBUG [Forwarding newSession on session null to remote] http.wire 87 - http-outgoing-5 &lt;&lt; &quot;{&quot;sessionId&quot;:&quot;9383a3a5573c9e1a2613132f9c3b3b9c&quot;,&quot;status&quot;:0,&quot;value&quot;:{&quot;acceptInsecureCerts&quot;:false,&quot;acceptSslCerts&quot;:false,&quot;applicationCacheEnabled&quot;:false,&quot;browserConnectionEnabled&quot;:false,&quot;browserName&quot;:&quot;chrome&quot;,&quot;chrome&quot;:{&quot;chromedriverVersion&quot;:&quot;2.45.615291 (ec3682e3c9061c10f26ea9e5cdcf3c53f3f74387)&quot;,&quot;userDataDir&quot;:&quot;C:\\Users\\pavithra\\AppData\\Local\\Temp\\scoped_dir11772_22952&quot;},&quot;cssSelectorsEnabled&quot;:true,&quot;databaseEnabled&quot;:false,&quot;goog:chromeOptions&quot;:{&quot;debuggerAddress&quot;:&quot;localhost:54492&quot;},&quot;handlesAlerts&quot;:true,&quot;hasTouchScreen&quot;:false,&quot;javascriptEnabled&quot;:true,&quot;locationContextEnabled&quot;:true,&quot;mobileEmulationEnabled&quot;:false,&quot;nativeEvents&quot;:true,&quot;networkConnectionEnabled&quot;:false,&quot;pageLoadStrategy&quot;:&quot;normal&quot;,&quot;platform&quot;:&quot;Windows NT&quot;,&quot;proxy&quot;:{},&quot;rotatable&quot;:false,&quot;setWindowRect&quot;:true,&quot;strictFileInteractability&quot;:false,&quot;takesHeapSnapshot&quot;:true,&quot;takesScreenshot&quot;:true,&quot;timeouts&quot;:{&quot;implicit&quot;:0,&quot;pageLoad&quot;:300000,&quot;script&quot;:30000},&quot;unexpectedAlertBehaviour&quot;:&quot;ignore&quot;,&quot;version&quot;:&quot;71.0.3578.98&quot;,&quot;webStorageEnabled&quot;:true}}&quot;
01-25-2019 12:52:59 LoggingManagedHttpClientConnection.java DEBUG [Forwarding newSession on session null to remote] http.headers 122 - http-outgoing-5 &lt;&lt; HTTP/1.1 200 OK
01-25-2019 12:52:59 LoggingManagedHttpClientConnection.java DEBUG [Forwarding newSession on session null to remote] http.headers 125 - http-outgoing-5 &lt;&lt; Content-Length:1001
01-25-2019 12:52:59 LoggingManagedHttpClientConnection.java DEBUG [Forwarding newSession on session null to remote] http.headers 125 - http-outgoing-5 &lt;&lt; Content-Type:application/json; charset=utf-8
01-25-2019 12:52:59 MainClientExec.java DEBUG [Forwarding newSession on session null to remote] execchain.MainClientExec 285 - Connection can be kept alive indefinitely
01-25-2019 12:52:59 PoolingHttpClientConnectionManager.java DEBUG [Forwarding newSession on session null to remote] conn.PoolingHttpClientConnectionManager 320 - Connection [id: 5][route: {}-&gt;http://localhost:13755] can be kept alive indefinitely
01-25-2019 12:52:59 PoolingHttpClientConnectionManager.java DEBUG [Forwarding newSession on session null to remote] conn.PoolingHttpClientConnectionManager 326 - Connection released: [id: 5][route: {}-&gt;http://localhost:13755][total kept alive: 1; route allocated: 1 of 2000; total allocated: 1 of 2000]
01-25-2019 12:52:59 RequestAddCookies.java DEBUG [Forwarding maximizeCurrentWindow on session 9383a3a5573c9e1a2613132f9c3b3b9c to remote] protocol.RequestAddCookies 123 - CookieSpec selected: default
01-25-2019 12:52:59 RequestAuthCache.java DEBUG [Forwarding maximizeCurrentWindow on session 9383a3a5573c9e1a2613132f9c3b3b9c to remote] protocol.RequestAuthCache 77 - Auth cache not set in the context
01-25-2019 12:52:59 PoolingHttpClientConnectionManager.java DEBUG [Forwarding maximizeCurrentWindow on session 9383a3a5573c9e1a2613132f9c3b3b9c to remote] conn.PoolingHttpClientConnectionManager 255 - Connection request: [route: {}-&gt;http://localhost:13755][total kept alive: 1; route allocated: 1 of 2000; total allocated: 1 of 2000]
01-25-2019 12:52:59 PoolingHttpClientConnectionManager.java DEBUG [Forwarding maximizeCurrentWindow on session 9383a3a5573c9e1a2613132f9c3b3b9c to remote] conn.PoolingHttpClientConnectionManager 288 - Connection leased: [id: 5][route: {}-&gt;http://localhost:13755][total kept alive: 0; route allocated: 1 of 2000; total allocated: 1 of 2000]
01-25-2019 12:52:59 MainClientExec.java DEBUG [Forwarding maximizeCurrentWindow on session 9383a3a5573c9e1a2613132f9c3b3b9c to remote] execchain.MainClientExec 208 - Stale connection check
01-25-2019 12:52:59 Wire.java DEBUG [Forwarding maximizeCurrentWindow on session 9383a3a5573c9e1a2613132f9c3b3b9c to remote] http.wire 87 - http-outgoing-5 &lt;&lt; &quot;[read] I/O error: Read timed out&quot;
01-25-2019 12:52:59 LoggingManagedHttpClientConnection.java DEBUG [Forwarding maximizeCurrentWindow on session 9383a3a5573c9e1a2613132f9c3b3b9c to remote] conn.DefaultManagedHttpClientConnection 88 - http-outgoing-5: set socket timeout to 10800000
01-25-2019 12:52:59 MainClientExec.java DEBUG [Forwarding maximizeCurrentWindow on session 9383a3a5573c9e1a2613132f9c3b3b9c to remote] execchain.MainClientExec 256 - Executing request POST /session/9383a3a5573c9e1a2613132f9c3b3b9c/window/current/maximize HTTP/1.1
01-25-2019 12:52:59 MainClientExec.java DEBUG [Forwarding maximizeCurrentWindow on session 9383a3a5573c9e1a2613132f9c3b3b9c to remote] execchain.MainClientExec 261 - Target auth state: UNCHALLENGED
01-25-2019 12:52:59 MainClientExec.java DEBUG [Forwarding maximizeCurrentWindow on session 9383a3a5573c9e1a2613132f9c3b3b9c to remote] execchain.MainClientExec 267 - Proxy auth state: UNCHALLENGED
01-25-2019 12:52:59 LoggingManagedHttpClientConnection.java DEBUG [Forwarding maximizeCurrentWindow on session 9383a3a5573c9e1a2613132f9c3b3b9c to remote] http.headers 133 - http-outgoing-5 &gt;&gt; POST /session/9383a3a5573c9e1a2613132f9c3b3b9c/window/current/maximize HTTP/1.1
01-25-2019 12:52:59 LoggingManagedHttpClientConnection.java DEBUG [Forwarding maximizeCurrentWindow on session 9383a3a5573c9e1a2613132f9c3b3b9c to remote] http.headers 136 - http-outgoing-5 &gt;&gt; Content-Type: application/json; charset=utf-8
01-25-2019 12:52:59 LoggingManagedHttpClientConnection.java DEBUG [Forwarding maximizeCurrentWindow on session 9383a3a5573c9e1a2613132f9c3b3b9c to remote] http.headers 136 - http-outgoing-5 &gt;&gt; Content-Length: 45
01-25-2019 12:52:59 LoggingManagedHttpClientConnection.java DEBUG [Forwarding maximizeCurrentWindow on session 9383a3a5573c9e1a2613132f9c3b3b9c to remote] http.headers 136 - http-outgoing-5 &gt;&gt; Host: localhost:13755
01-25-2019 12:52:59 LoggingManagedHttpClientConnection.java DEBUG [Forwarding maximizeCurrentWindow on session 9383a3a5573c9e1a2613132f9c3b3b9c to remote] http.headers 136 - http-outgoing-5 &gt;&gt; Connection: Keep-Alive
01-25-2019 12:52:59 LoggingManagedHttpClientConnection.java DEBUG [Forwarding maximizeCurrentWindow on session 9383a3a5573c9e1a2613132f9c3b3b9c to remote] http.headers 136 - http-outgoing-5 &gt;&gt; User-Agent: Apache-HttpClient/4.5.3 (Java/1.8.0_201)
01-25-2019 12:52:59 LoggingManagedHttpClientConnection.java DEBUG [Forwarding maximizeCurrentWindow on session 9383a3a5573c9e1a2613132f9c3b3b9c to remote] http.headers 136 - http-outgoing-5 &gt;&gt; Accept-Encoding: gzip,deflate
01-25-2019 12:52:59 Wire.java DEBUG [Forwarding maximizeCurrentWindow on session 9383a3a5573c9e1a2613132f9c3b3b9c to remote] http.wire 73 - http-outgoing-5 &gt;&gt; &quot;POST /session/9383a3a5573c9e1a2613132f9c3b3b9c/window/current/maximize HTTP/1.1[\r][\n]&quot;
01-25-2019 12:52:59 Wire.java DEBUG [Forwarding maximizeCurrentWindow on session 9383a3a5573c9e1a2613132f9c3b3b9c to remote] http.wire 73 - http-outgoing-5 &gt;&gt; &quot;Content-Type: application/json; charset=utf-8[\r][\n]&quot;
01-25-2019 12:52:59 Wire.java DEBUG [Forwarding maximizeCurrentWindow on session 9383a3a5573c9e1a2613132f9c3b3b9c to remote] http.wire 73 - http-outgoing-5 &gt;&gt; &quot;Content-Length: 45[\r][\n]&quot;
01-25-2019 12:52:59 Wire.java DEBUG [Forwarding maximizeCurrentWindow on session 9383a3a5573c9e1a2613132f9c3b3b9c to remote] http.wire 73 - http-outgoing-5 &gt;&gt; &quot;Host: localhost:13755[\r][\n]&quot;
01-25-2019 12:52:59 Wire.java DEBUG [Forwarding maximizeCurrentWindow on session 9383a3a5573c9e1a2613132f9c3b3b9c to remote] http.wire 73 - http-outgoing-5 &gt;&gt; &quot;Connection: Keep-Alive[\r][\n]&quot;
01-25-2019 12:52:59 Wire.java DEBUG [Forwarding maximizeCurrentWindow on session 9383a3a5573c9e1a2613132f9c3b3b9c to remote] http.wire 73 - http-outgoing-5 &gt;&gt; &quot;User-Agent: Apache-HttpClient/4.5.3 (Java/1.8.0_201)[\r][\n]&quot;
01-25-2019 12:52:59 Wire.java DEBUG [Forwarding maximizeCurrentWindow on session 9383a3a5573c9e1a2613132f9c3b3b9c to remote] http.wire 73 - http-outgoing-5 &gt;&gt; &quot;Accept-Encoding: gzip,deflate[\r][\n]&quot;
01-25-2019 12:52:59 Wire.java DEBUG [Forwarding maximizeCurrentWindow on session 9383a3a5573c9e1a2613132f9c3b3b9c to remote] http.wire 73 - http-outgoing-5 &gt;&gt; &quot;[\r][\n]&quot;
01-25-2019 12:52:59 Wire.java DEBUG [Forwarding maximizeCurrentWindow on session 9383a3a5573c9e1a2613132f9c3b3b9c to remote] http.wire 87 - http-outgoing-5 &gt;&gt; &quot;{&quot;windowHandle&quot;:&quot;current&quot;,&quot;handle&quot;:&quot;current&quot;}&quot;
01-25-2019 12:52:59 Wire.java DEBUG [Forwarding maximizeCurrentWindow on session 9383a3a5573c9e1a2613132f9c3b3b9c to remote] http.wire 73 - http-outgoing-5 &lt;&lt; &quot;HTTP/1.1 200 OK[\r][\n]&quot;
01-25-2019 12:52:59 Wire.java DEBUG [Forwarding maximizeCurrentWindow on session 9383a3a5573c9e1a2613132f9c3b3b9c to remote] http.wire 73 - http-outgoing-5 &lt;&lt; &quot;Content-Length:109[\r][\n]&quot;
01-25-2019 12:52:59 Wire.java DEBUG [Forwarding maximizeCurrentWindow on session 9383a3a5573c9e1a2613132f9c3b3b9c to remote] http.wire 73 - http-outgoing-5 &lt;&lt; &quot;Content-Type:application/json; charset=utf-8[\r][\n]&quot;
01-25-2019 12:52:59 Wire.java DEBUG [Forwarding maximizeCurrentWindow on session 9383a3a5573c9e1a2613132f9c3b3b9c to remote] http.wire 73 - http-outgoing-5 &lt;&lt; &quot;[\r][\n]&quot;
01-25-2019 12:52:59 Wire.java DEBUG [Forwarding maximizeCurrentWindow on session 9383a3a5573c9e1a2613132f9c3b3b9c to remote] http.wire 87 - http-outgoing-5 &lt;&lt; &quot;{&quot;sessionId&quot;:&quot;9383a3a5573c9e1a2613132f9c3b3b9c&quot;,&quot;status&quot;:0,&quot;value&quot;:{&quot;height&quot;:744,&quot;width&quot;:1382,&quot;x&quot;:-8,&quot;y&quot;:-8}}&quot;
01-25-2019 12:52:59 LoggingManagedHttpClientConnection.java DEBUG [Forwarding maximizeCurrentWindow on session 9383a3a5573c9e1a2613132f9c3b3b9c to remote] http.headers 122 - http-outgoing-5 &lt;&lt; HTTP/1.1 200 OK
01-25-2019 12:52:59 LoggingManagedHttpClientConnection.java DEBUG [Forwarding maximizeCurrentWindow on session 9383a3a5573c9e1a2613132f9c3b3b9c to remote] http.headers 125 - http-outgoing-5 &lt;&lt; Content-Length:109
01-25-2019 12:52:59 LoggingManagedHttpClientConnection.java DEBUG [Forwarding maximizeCurrentWindow on session 9383a3a5573c9e1a2613132f9c3b3b9c to remote] http.headers 125 - http-outgoing-5 &lt;&lt; Content-Type:application/json; charset=utf-8
01-25-2019 12:52:59 MainClientExec.java DEBUG [Forwarding maximizeCurrentWindow on session 9383a3a5573c9e1a2613132f9c3b3b9c to remote] execchain.MainClientExec 285 - Connection can be kept alive indefinitely
01-25-2019 12:52:59 PoolingHttpClientConnectionManager.java DEBUG [Forwarding maximizeCurrentWindow on session 9383a3a5573c9e1a2613132f9c3b3b9c to remote] conn.PoolingHttpClientConnectionManager 320 - Connection [id: 5][route: {}-&gt;http://localhost:13755] can be kept alive indefinitely
01-25-2019 12:52:59 PoolingHttpClientConnectionManager.java DEBUG [Forwarding maximizeCurrentWindow on session 9383a3a5573c9e1a2613132f9c3b3b9c to remote] conn.PoolingHttpClientConnectionManager 326 - Connection released: [id: 5][route: {}-&gt;http://localhost:13755][total kept alive: 1; route allocated: 1 of 2000; total allocated: 1 of 2000]
01-25-2019 12:52:59 RequestAddCookies.java DEBUG [Forwarding deleteAllCookies on session 9383a3a5573c9e1a2613132f9c3b3b9c to remote] protocol.RequestAddCookies 123 - CookieSpec selected: default
01-25-2019 12:52:59 RequestAuthCache.java DEBUG [Forwarding deleteAllCookies on session 9383a3a5573c9e1a2613132f9c3b3b9c to remote] protocol.RequestAuthCache 77 - Auth cache not set in the context
01-25-2019 12:52:59 PoolingHttpClientConnectionManager.java DEBUG [Forwarding deleteAllCookies on session 9383a3a5573c9e1a2613132f9c3b3b9c to remote] conn.PoolingHttpClientConnectionManager 255 - Connection request: [route: {}-&gt;http://localhost:13755][total kept alive: 1; route allocated: 1 of 2000; total allocated: 1 of 2000]
01-25-2019 12:52:59 PoolingHttpClientConnectionManager.java DEBUG [Forwarding deleteAllCookies on session 9383a3a5573c9e1a2613132f9c3b3b9c to remote] conn.PoolingHttpClientConnectionManager 288 - Connection leased: [id: 5][route: {}-&gt;http://localhost:13755][total kept alive: 0; route allocated: 1 of 2000; total allocated: 1 of 2000]
01-25-2019 12:52:59 MainClientExec.java DEBUG [Forwarding deleteAllCookies on session 9383a3a5573c9e1a2613132f9c3b3b9c to remote] execchain.MainClientExec 208 - Stale connection check
01-25-2019 12:52:59 Wire.java DEBUG [Forwarding deleteAllCookies on session 9383a3a5573c9e1a2613132f9c3b3b9c to remote] http.wire 87 - http-outgoing-5 &lt;&lt; &quot;[read] I/O error: Read timed out&quot;
01-25-2019 12:52:59 LoggingManagedHttpClientConnection.java DEBUG [Forwarding deleteAllCookies on session 9383a3a5573c9e1a2613132f9c3b3b9c to remote] conn.DefaultManagedHttpClientConnection 88 - http-outgoing-5: set socket timeout to 10800000
01-25-2019 12:52:59 MainClientExec.java DEBUG [Forwarding deleteAllCookies on session 9383a3a5573c9e1a2613132f9c3b3b9c to remote] execchain.MainClientExec 256 - Executing request DELETE /session/9383a3a5573c9e1a2613132f9c3b3b9c/cookie HTTP/1.1
01-25-2019 12:52:59 MainClientExec.java DEBUG [Forwarding deleteAllCookies on session 9383a3a5573c9e1a2613132f9c3b3b9c to remote] execchain.MainClientExec 261 - Target auth state: UNCHALLENGED
01-25-2019 12:52:59 MainClientExec.java DEBUG [Forwarding deleteAllCookies on session 9383a3a5573c9e1a2613132f9c3b3b9c to remote] execchain.MainClientExec 267 - Proxy auth state: UNCHALLENGED
01-25-2019 12:52:59 LoggingManagedHttpClientConnection.java DEBUG [Forwarding deleteAllCookies on session 9383a3a5573c9e1a2613132f9c3b3b9c to remote] http.headers 133 - http-outgoing-5 &gt;&gt; DELETE /session/9383a3a5573c9e1a2613132f9c3b3b9c/cookie HTTP/1.1
01-25-2019 12:52:59 LoggingManagedHttpClientConnection.java DEBUG [Forwarding deleteAllCookies on session 9383a3a5573c9e1a2613132f9c3b3b9c to remote] http.headers 136 - http-outgoing-5 &gt;&gt; Host: localhost:13755
01-25-2019 12:52:59 LoggingManagedHttpClientConnection.java DEBUG [Forwarding deleteAllCookies on session 9383a3a5573c9e1a2613132f9c3b3b9c to remote] http.headers 136 - http-outgoing-5 &gt;&gt; Connection: Keep-Alive
01-25-2019 12:52:59 LoggingManagedHttpClientConnection.java DEBUG [Forwarding deleteAllCookies on session 9383a3a5573c9e1a2613132f9c3b3b9c to remote] http.headers 136 - http-outgoing-5 &gt;&gt; User-Agent: Apache-HttpClient/4.5.3 (Java/1.8.0_201)
01-25-2019 12:52:59 LoggingManagedHttpClientConnection.java DEBUG [Forwarding deleteAllCookies on session 9383a3a5573c9e1a2613132f9c3b3b9c to remote] http.headers 136 - http-outgoing-5 &gt;&gt; Accept-Encoding: gzip,deflate
01-25-2019 12:52:59 Wire.java DEBUG [Forwarding deleteAllCookies on session 9383a3a5573c9e1a2613132f9c3b3b9c to remote] http.wire 73 - http-outgoing-5 &gt;&gt; &quot;DELETE /session/9383a3a5573c9e1a2613132f9c3b3b9c/cookie HTTP/1.1[\r][\n]&quot;
01-25-2019 12:52:59 Wire.java DEBUG [Forwarding deleteAllCookies on session 9383a3a5573c9e1a2613132f9c3b3b9c to remote] http.wire 73 - http-outgoing-5 &gt;&gt; &quot;Host: localhost:13755[\r][\n]&quot;
01-25-2019 12:52:59 Wire.java DEBUG [Forwarding deleteAllCookies on session 9383a3a5573c9e1a2613132f9c3b3b9c to remote] http.wire 73 - http-outgoing-5 &gt;&gt; &quot;Connection: Keep-Alive[\r][\n]&quot;
01-25-2019 12:52:59 Wire.java DEBUG [Forwarding deleteAllCookies on session 9383a3a5573c9e1a2613132f9c3b3b9c to remote] http.wire 73 - http-outgoing-5 &gt;&gt; &quot;User-Agent: Apache-HttpClient/4.5.3 (Java/1.8.0_201)[\r][\n]&quot;
01-25-2019 12:52:59 Wire.java DEBUG [Forwarding deleteAllCookies on session 9383a3a5573c9e1a2613132f9c3b3b9c to remote] http.wire 73 - http-outgoing-5 &gt;&gt; &quot;Accept-Encoding: gzip,deflate[\r][\n]&quot;
01-25-2019 12:52:59 Wire.java DEBUG [Forwarding deleteAllCookies on session 9383a3a5573c9e1a2613132f9c3b3b9c to remote] http.wire 73 - http-outgoing-5 &gt;&gt; &quot;[\r][\n]&quot;
01-25-2019 12:52:59 Wire.java DEBUG [Forwarding deleteAllCookies on session 9383a3a5573c9e1a2613132f9c3b3b9c to remote] http.wire 73 - http-outgoing-5 &lt;&lt; &quot;HTTP/1.1 200 OK[\r][\n]&quot;
01-25-2019 12:52:59 Wire.java DEBUG [Forwarding deleteAllCookies on session 9383a3a5573c9e1a2613132f9c3b3b9c to remote] http.wire 73 - http-outgoing-5 &lt;&lt; &quot;Content-Length:72[\r][\n]&quot;
01-25-2019 12:52:59 Wire.java DEBUG [Forwarding deleteAllCookies on session 9383a3a5573c9e1a2613132f9c3b3b9c to remote] http.wire 73 - http-outgoing-5 &lt;&lt; &quot;Content-Type:application/json; charset=utf-8[\r][\n]&quot;
01-25-2019 12:52:59 Wire.java DEBUG [Forwarding deleteAllCookies on session 9383a3a5573c9e1a2613132f9c3b3b9c to remote] http.wire 73 - http-outgoing-5 &lt;&lt; &quot;[\r][\n]&quot;
01-25-2019 12:52:59 Wire.java DEBUG [Forwarding deleteAllCookies on session 9383a3a5573c9e1a2613132f9c3b3b9c to remote] http.wire 87 - http-outgoing-5 &lt;&lt; &quot;{&quot;sessionId&quot;:&quot;9383a3a5573c9e1a2613132f9c3b3b9c&quot;,&quot;status&quot;:0,&quot;value&quot;:null}&quot;
01-25-2019 12:52:59 LoggingManagedHttpClientConnection.java DEBUG [Forwarding deleteAllCookies on session 9383a3a5573c9e1a2613132f9c3b3b9c to remote] http.headers 122 - http-outgoing-5 &lt;&lt; HTTP/1.1 200 OK
01-25-2019 12:52:59 LoggingManagedHttpClientConnection.java DEBUG [Forwarding deleteAllCookies on session 9383a3a5573c9e1a2613132f9c3b3b9c to remote] http.headers 125 - http-outgoing-5 &lt;&lt; Content-Length:72
01-25-2019 12:52:59 LoggingManagedHttpClientConnection.java DEBUG [Forwarding deleteAllCookies on session 9383a3a5573c9e1a2613132f9c3b3b9c to remote] http.headers 125 - http-outgoing-5 &lt;&lt; Content-Type:application/json; charset=utf-8
01-25-2019 12:52:59 MainClientExec.java DEBUG [Forwarding deleteAllCookies on session 9383a3a5573c9e1a2613132f9c3b3b9c to remote] execchain.MainClientExec 285 - Connection can be kept alive indefinitely
01-25-2019 12:52:59 PoolingHttpClientConnectionManager.java DEBUG [Forwarding deleteAllCookies on session 9383a3a5573c9e1a2613132f9c3b3b9c to remote] conn.PoolingHttpClientConnectionManager 320 - Connection [id: 5][route: {}-&gt;http://localhost:13755] can be kept alive indefinitely
01-25-2019 12:52:59 PoolingHttpClientConnectionManager.java DEBUG [Forwarding deleteAllCookies on session 9383a3a5573c9e1a2613132f9c3b3b9c to remote] conn.PoolingHttpClientConnectionManager 326 - Connection released: [id: 5][route: {}-&gt;http://localhost:13755][total kept alive: 1; route allocated: 1 of 2000; total allocated: 1 of 2000]
01-25-2019 12:52:59 RequestAddCookies.java DEBUG [Forwarding setTimeout on session 9383a3a5573c9e1a2613132f9c3b3b9c to remote] protocol.RequestAddCookies 123 - CookieSpec selected: default
01-25-2019 12:52:59 RequestAuthCache.java DEBUG [Forwarding setTimeout on session 9383a3a5573c9e1a2613132f9c3b3b9c to remote] protocol.RequestAuthCache 77 - Auth cache not set in the context
01-25-2019 12:52:59 PoolingHttpClientConnectionManager.java DEBUG [Forwarding setTimeout on session 9383a3a5573c9e1a2613132f9c3b3b9c to remote] conn.PoolingHttpClientConnectionManager 255 - Connection request: [route: {}-&gt;http://localhost:13755][total kept alive: 1; route allocated: 1 of 2000; total allocated: 1 of 2000]
01-25-2019 12:52:59 PoolingHttpClientConnectionManager.java DEBUG [Forwarding setTimeout on session 9383a3a5573c9e1a2613132f9c3b3b9c to remote] conn.PoolingHttpClientConnectionManager 288 - Connection leased: [id: 5][route: {}-&gt;http://localhost:13755][total kept alive: 0; route allocated: 1 of 2000; total allocated: 1 of 2000]
01-25-2019 12:52:59 MainClientExec.java DEBUG [Forwarding setTimeout on session 9383a3a5573c9e1a2613132f9c3b3b9c to remote] execchain.MainClientExec 208 - Stale connection check
01-25-2019 12:52:59 Wire.java DEBUG [Forwarding setTimeout on session 9383a3a5573c9e1a2613132f9c3b3b9c to remote] http.wire 87 - http-outgoing-5 &lt;&lt; &quot;[read] I/O error: Read timed out&quot;
01-25-2019 12:52:59 LoggingManagedHttpClientConnection.java DEBUG [Forwarding setTimeout on session 9383a3a5573c9e1a2613132f9c3b3b9c to remote] conn.DefaultManagedHttpClientConnection 88 - http-outgoing-5: set socket timeout to 10800000
01-25-2019 12:52:59 MainClientExec.java DEBUG [Forwarding setTimeout on session 9383a3a5573c9e1a2613132f9c3b3b9c to remote] execchain.MainClientExec 256 - Executing request POST /session/9383a3a5573c9e1a2613132f9c3b3b9c/timeouts HTTP/1.1
01-25-2019 12:52:59 MainClientExec.java DEBUG [Forwarding setTimeout on session 9383a3a5573c9e1a2613132f9c3b3b9c to remote] execchain.MainClientExec 261 - Target auth state: UNCHALLENGED
01-25-2019 12:52:59 MainClientExec.java DEBUG [Forwarding setTimeout on session 9383a3a5573c9e1a2613132f9c3b3b9c to remote] execchain.MainClientExec 267 - Proxy auth state: UNCHALLENGED
01-25-2019 12:52:59 LoggingManagedHttpClientConnection.java DEBUG [Forwarding setTimeout on session 9383a3a5573c9e1a2613132f9c3b3b9c to remote] http.headers 133 - http-outgoing-5 &gt;&gt; POST /session/9383a3a5573c9e1a2613132f9c3b3b9c/timeouts HTTP/1.1
01-25-2019 12:52:59 LoggingManagedHttpClientConnection.java DEBUG [Forwarding setTimeout on session 9383a3a5573c9e1a2613132f9c3b3b9c to remote] http.headers 136 - http-outgoing-5 &gt;&gt; Content-Type: application/json; charset=utf-8
01-25-2019 12:52:59 LoggingManagedHttpClientConnection.java DEBUG [Forwarding setTimeout on session 9383a3a5573c9e1a2613132f9c3b3b9c to remote] http.headers 136 - http-outgoing-5 &gt;&gt; Content-Length: 31
01-25-2019 12:52:59 LoggingManagedHttpClientConnection.java DEBUG [Forwarding setTimeout on session 9383a3a5573c9e1a2613132f9c3b3b9c to remote] http.headers 136 - http-outgoing-5 &gt;&gt; Host: localhost:13755
01-25-2019 12:52:59 LoggingManagedHttpClientConnection.java DEBUG [Forwarding setTimeout on session 9383a3a5573c9e1a2613132f9c3b3b9c to remote] http.headers 136 - http-outgoing-5 &gt;&gt; Connection: Keep-Alive
01-25-2019 12:52:59 LoggingManagedHttpClientConnection.java DEBUG [Forwarding setTimeout on session 9383a3a5573c9e1a2613132f9c3b3b9c to remote] http.headers 136 - http-outgoing-5 &gt;&gt; User-Agent: Apache-HttpClient/4.5.3 (Java/1.8.0_201)
01-25-2019 12:52:59 LoggingManagedHttpClientConnection.java DEBUG [Forwarding setTimeout on session 9383a3a5573c9e1a2613132f9c3b3b9c to remote] http.headers 136 - http-outgoing-5 &gt;&gt; Accept-Encoding: gzip,deflate
01-25-2019 12:52:59 Wire.java DEBUG [Forwarding setTimeout on session 9383a3a5573c9e1a2613132f9c3b3b9c to remote] http.wire 73 - http-outgoing-5 &gt;&gt; &quot;POST /session/9383a3a5573c9e1a2613132f9c3b3b9c/timeouts HTTP/1.1[\r][\n]&quot;
01-25-2019 12:52:59 Wire.java DEBUG [Forwarding setTimeout on session 9383a3a5573c9e1a2613132f9c3b3b9c to remote] http.wire 73 - http-outgoing-5 &gt;&gt; &quot;Content-Type: application/json; charset=utf-8[\r][\n]&quot;
01-25-2019 12:52:59 Wire.java DEBUG [Forwarding setTimeout on session 9383a3a5573c9e1a2613132f9c3b3b9c to remote] http.wire 73 - http-outgoing-5 &gt;&gt; &quot;Content-Length: 31[\r][\n]&quot;
01-25-2019 12:52:59 Wire.java DEBUG [Forwarding setTimeout on session 9383a3a5573c9e1a2613132f9c3b3b9c to remote] http.wire 73 - http-outgoing-5 &gt;&gt; &quot;Host: localhost:13755[\r][\n]&quot;
01-25-2019 12:52:59 Wire.java DEBUG [Forwarding setTimeout on session 9383a3a5573c9e1a2613132f9c3b3b9c to remote] http.wire 73 - http-outgoing-5 &gt;&gt; &quot;Connection: Keep-Alive[\r][\n]&quot;
01-25-2019 12:52:59 Wire.java DEBUG [Forwarding setTimeout on session 9383a3a5573c9e1a2613132f9c3b3b9c to remote] http.wire 73 - http-outgoing-5 &gt;&gt; &quot;User-Agent: Apache-HttpClient/4.5.3 (Java/1.8.0_201)[\r][\n]&quot;
01-25-2019 12:52:59 Wire.java DEBUG [Forwarding setTimeout on session 9383a3a5573c9e1a2613132f9c3b3b9c to remote] http.wire 73 - http-outgoing-5 &gt;&gt; &quot;Accept-Encoding: gzip,deflate[\r][\n]&quot;
01-25-2019 12:52:59 Wire.java DEBUG [Forwarding setTimeout on session 9383a3a5573c9e1a2613132f9c3b3b9c to remote] http.wire 73 - http-outgoing-5 &gt;&gt; &quot;[\r][\n]&quot;
01-25-2019 12:52:59 Wire.java DEBUG [Forwarding setTimeout on session 9383a3a5573c9e1a2613132f9c3b3b9c to remote] http.wire 87 - http-outgoing-5 &gt;&gt; &quot;{&quot;type&quot;:&quot;page load&quot;,&quot;ms&quot;:40000}&quot;
01-25-2019 12:52:59 Wire.java DEBUG [Forwarding setTimeout on session 9383a3a5573c9e1a2613132f9c3b3b9c to remote] http.wire 73 - http-outgoing-5 &lt;&lt; &quot;HTTP/1.1 200 OK[\r][\n]&quot;
01-25-2019 12:52:59 Wire.java DEBUG [Forwarding setTimeout on session 9383a3a5573c9e1a2613132f9c3b3b9c to remote] http.wire 73 - http-outgoing-5 &lt;&lt; &quot;Content-Length:72[\r][\n]&quot;
01-25-2019 12:52:59 Wire.java DEBUG [Forwarding setTimeout on session 9383a3a5573c9e1a2613132f9c3b3b9c to remote] http.wire 73 - http-outgoing-5 &lt;&lt; &quot;Content-Type:application/json; charset=utf-8[\r][\n]&quot;
01-25-2019 12:52:59 Wire.java DEBUG [Forwarding setTimeout on session 9383a3a5573c9e1a2613132f9c3b3b9c to remote] http.wire 73 - http-outgoing-5 &lt;&lt; &quot;[\r][\n]&quot;
01-25-2019 12:52:59 Wire.java DEBUG [Forwarding setTimeout on session 9383a3a5573c9e1a2613132f9c3b3b9c to remote] http.wire 87 - http-outgoing-5 &lt;&lt; &quot;{&quot;sessionId&quot;:&quot;9383a3a5573c9e1a2613132f9c3b3b9c&quot;,&quot;status&quot;:0,&quot;value&quot;:null}&quot;
01-25-2019 12:52:59 LoggingManagedHttpClientConnection.java DEBUG [Forwarding setTimeout on session 9383a3a5573c9e1a2613132f9c3b3b9c to remote] http.headers 122 - http-outgoing-5 &lt;&lt; HTTP/1.1 200 OK
01-25-2019 12:52:59 LoggingManagedHttpClientConnection.java DEBUG [Forwarding setTimeout on session 9383a3a5573c9e1a2613132f9c3b3b9c to remote] http.headers 125 - http-outgoing-5 &lt;&lt; Content-Length:72
01-25-2019 12:52:59 LoggingManagedHttpClientConnection.java DEBUG [Forwarding setTimeout on session 9383a3a5573c9e1a2613132f9c3b3b9c to remote] http.headers 125 - http-outgoing-5 &lt;&lt; Content-Type:application/json; charset=utf-8
01-25-2019 12:52:59 MainClientExec.java DEBUG [Forwarding setTimeout on session 9383a3a5573c9e1a2613132f9c3b3b9c to remote] execchain.MainClientExec 285 - Connection can be kept alive indefinitely
01-25-2019 12:52:59 PoolingHttpClientConnectionManager.java DEBUG [Forwarding setTimeout on session 9383a3a5573c9e1a2613132f9c3b3b9c to remote] conn.PoolingHttpClientConnectionManager 320 - Connection [id: 5][route: {}-&gt;http://localhost:13755] can be kept alive indefinitely
01-25-2019 12:52:59 PoolingHttpClientConnectionManager.java DEBUG [Forwarding setTimeout on session 9383a3a5573c9e1a2613132f9c3b3b9c to remote] conn.PoolingHttpClientConnectionManager 326 - Connection released: [id: 5][route: {}-&gt;http://localhost:13755][total kept alive: 1; route allocated: 1 of 2000; total allocated: 1 of 2000]
01-25-2019 12:52:59 RequestAddCookies.java DEBUG [Forwarding setTimeout on session 9383a3a5573c9e1a2613132f9c3b3b9c to remote] protocol.RequestAddCookies 123 - CookieSpec selected: default
01-25-2019 12:52:59 RequestAuthCache.java DEBUG [Forwarding setTimeout on session 9383a3a5573c9e1a2613132f9c3b3b9c to remote] protocol.RequestAuthCache 77 - Auth cache not set in the context
01-25-2019 12:52:59 PoolingHttpClientConnectionManager.java DEBUG [Forwarding setTimeout on session 9383a3a5573c9e1a2613132f9c3b3b9c to remote] conn.PoolingHttpClientConnectionManager 255 - Connection request: [route: {}-&gt;http://localhost:13755][total kept alive: 1; route allocated: 1 of 2000; total allocated: 1 of 2000]
01-25-2019 12:52:59 PoolingHttpClientConnectionManager.java DEBUG [Forwarding setTimeout on session 9383a3a5573c9e1a2613132f9c3b3b9c to remote] conn.PoolingHttpClientConnectionManager 288 - Connection leased: [id: 5][route: {}-&gt;http://localhost:13755][total kept alive: 0; route allocated: 1 of 2000; total allocated: 1 of 2000]
01-25-2019 12:52:59 MainClientExec.java DEBUG [Forwarding setTimeout on session 9383a3a5573c9e1a2613132f9c3b3b9c to remote] execchain.MainClientExec 208 - Stale connection check
01-25-2019 12:52:59 Wire.java DEBUG [Forwarding setTimeout on session 9383a3a5573c9e1a2613132f9c3b3b9c to remote] http.wire 87 - http-outgoing-5 &lt;&lt; &quot;[read] I/O error: Read timed out&quot;
01-25-2019 12:52:59 LoggingManagedHttpClientConnection.java DEBUG [Forwarding setTimeout on session 9383a3a5573c9e1a2613132f9c3b3b9c to remote] conn.DefaultManagedHttpClientConnection 88 - http-outgoing-5: set socket timeout to 10800000
01-25-2019 12:52:59 MainClientExec.java DEBUG [Forwarding setTimeout on session 9383a3a5573c9e1a2613132f9c3b3b9c to remote] execchain.MainClientExec 256 - Executing request POST /session/9383a3a5573c9e1a2613132f9c3b3b9c/timeouts HTTP/1.1
01-25-2019 12:52:59 MainClientExec.java DEBUG [Forwarding setTimeout on session 9383a3a5573c9e1a2613132f9c3b3b9c to remote] execchain.MainClientExec 261 - Target auth state: UNCHALLENGED
01-25-2019 12:52:59 MainClientExec.java DEBUG [Forwarding setTimeout on session 9383a3a5573c9e1a2613132f9c3b3b9c to remote] execchain.MainClientExec 267 - Proxy auth state: UNCHALLENGED
01-25-2019 12:52:59 LoggingManagedHttpClientConnection.java DEBUG [Forwarding setTimeout on session 9383a3a5573c9e1a2613132f9c3b3b9c to remote] http.headers 133 - http-outgoing-5 &gt;&gt; POST /session/9383a3a5573c9e1a2613132f9c3b3b9c/timeouts HTTP/1.1
01-25-2019 12:52:59 LoggingManagedHttpClientConnection.java DEBUG [Forwarding setTimeout on session 9383a3a5573c9e1a2613132f9c3b3b9c to remote] http.headers 136 - http-outgoing-5 &gt;&gt; Content-Type: application/json; charset=utf-8
01-25-2019 12:52:59 LoggingManagedHttpClientConnection.java DEBUG [Forwarding setTimeout on session 9383a3a5573c9e1a2613132f9c3b3b9c to remote] http.headers 136 - http-outgoing-5 &gt;&gt; Content-Length: 30
01-25-2019 12:52:59 LoggingManagedHttpClientConnection.java DEBUG [Forwarding setTimeout on session 9383a3a5573c9e1a2613132f9c3b3b9c to remote] http.headers 136 - http-outgoing-5 &gt;&gt; Host: localhost:13755
01-25-2019 12:52:59 LoggingManagedHttpClientConnection.java DEBUG [Forwarding setTimeout on session 9383a3a5573c9e1a2613132f9c3b3b9c to remote] http.headers 136 - http-outgoing-5 &gt;&gt; Connection: Keep-Alive
01-25-2019 12:52:59 LoggingManagedHttpClientConnection.java DEBUG [Forwarding setTimeout on session 9383a3a5573c9e1a2613132f9c3b3b9c to remote] http.headers 136 - http-outgoing-5 &gt;&gt; User-Agent: Apache-HttpClient/4.5.3 (Java/1.8.0_201)
01-25-2019 12:52:59 LoggingManagedHttpClientConnection.java DEBUG [Forwarding setTimeout on session 9383a3a5573c9e1a2613132f9c3b3b9c to remote] http.headers 136 - http-outgoing-5 &gt;&gt; Accept-Encoding: gzip,deflate
01-25-2019 12:52:59 Wire.java DEBUG [Forwarding setTimeout on session 9383a3a5573c9e1a2613132f9c3b3b9c to remote] http.wire 73 - http-outgoing-5 &gt;&gt; &quot;POST /session/9383a3a5573c9e1a2613132f9c3b3b9c/timeouts HTTP/1.1[\r][\n]&quot;
01-25-2019 12:52:59 Wire.java DEBUG [Forwarding setTimeout on session 9383a3a5573c9e1a2613132f9c3b3b9c to remote] http.wire 73 - http-outgoing-5 &gt;&gt; &quot;Content-Type: application/json; charset=utf-8[\r][\n]&quot;
01-25-2019 12:52:59 Wire.java DEBUG [Forwarding setTimeout on session 9383a3a5573c9e1a2613132f9c3b3b9c to remote] http.wire 73 - http-outgoing-5 &gt;&gt; &quot;Content-Length: 30[\r][\n]&quot;
01-25-2019 12:52:59 Wire.java DEBUG [Forwarding setTimeout on session 9383a3a5573c9e1a2613132f9c3b3b9c to remote] http.wire 73 - http-outgoing-5 &gt;&gt; &quot;Host: localhost:13755[\r][\n]&quot;
01-25-2019 12:52:59 Wire.java DEBUG [Forwarding setTimeout on session 9383a3a5573c9e1a2613132f9c3b3b9c to remote] http.wire 73 - http-outgoing-5 &gt;&gt; &quot;Connection: Keep-Alive[\r][\n]&quot;
01-25-2019 12:52:59 Wire.java DEBUG [Forwarding setTimeout on session 9383a3a5573c9e1a2613132f9c3b3b9c to remote] http.wire 73 - http-outgoing-5 &gt;&gt; &quot;User-Agent: Apache-HttpClient/4.5.3 (Java/1.8.0_201)[\r][\n]&quot;
01-25-2019 12:52:59 Wire.java DEBUG [Forwarding setTimeout on session 9383a3a5573c9e1a2613132f9c3b3b9c to remote] http.wire 73 - http-outgoing-5 &gt;&gt; &quot;Accept-Encoding: gzip,deflate[\r][\n]&quot;
01-25-2019 12:52:59 Wire.java DEBUG [Forwarding setTimeout on session 9383a3a5573c9e1a2613132f9c3b3b9c to remote] http.wire 73 - http-outgoing-5 &gt;&gt; &quot;[\r][\n]&quot;
01-25-2019 12:52:59 Wire.java DEBUG [Forwarding setTimeout on session 9383a3a5573c9e1a2613132f9c3b3b9c to remote] http.wire 87 - http-outgoing-5 &gt;&gt; &quot;{&quot;type&quot;:&quot;implicit&quot;,&quot;ms&quot;:40000}&quot;
01-25-2019 12:52:59 Wire.java DEBUG [Forwarding setTimeout on session 9383a3a5573c9e1a2613132f9c3b3b9c to remote] http.wire 73 - http-outgoing-5 &lt;&lt; &quot;HTTP/1.1 200 OK[\r][\n]&quot;
01-25-2019 12:52:59 Wire.java DEBUG [Forwarding setTimeout on session 9383a3a5573c9e1a2613132f9c3b3b9c to remote] http.wire 73 - http-outgoing-5 &lt;&lt; &quot;Content-Length:72[\r][\n]&quot;
01-25-2019 12:52:59 Wire.java DEBUG [Forwarding setTimeout on session 9383a3a5573c9e1a2613132f9c3b3b9c to remote] http.wire 73 - http-outgoing-5 &lt;&lt; &quot;Content-Type:application/json; charset=utf-8[\r][\n]&quot;
01-25-2019 12:52:59 Wire.java DEBUG [Forwarding setTimeout on session 9383a3a5573c9e1a2613132f9c3b3b9c to remote] http.wire 73 - http-outgoing-5 &lt;&lt; &quot;[\r][\n]&quot;
01-25-2019 12:52:59 Wire.java DEBUG [Forwarding setTimeout on session 9383a3a5573c9e1a2613132f9c3b3b9c to remote] http.wire 87 - http-outgoing-5 &lt;&lt; &quot;{&quot;sessionId&quot;:&quot;9383a3a5573c9e1a2613132f9c3b3b9c&quot;,&quot;status&quot;:0,&quot;value&quot;:null}&quot;
01-25-2019 12:52:59 LoggingManagedHttpClientConnection.java DEBUG [Forwarding setTimeout on session 9383a3a5573c9e1a2613132f9c3b3b9c to remote] http.headers 122 - http-outgoing-5 &lt;&lt; HTTP/1.1 200 OK
01-25-2019 12:52:59 LoggingManagedHttpClientConnection.java DEBUG [Forwarding setTimeout on session 9383a3a5573c9e1a2613132f9c3b3b9c to remote] http.headers 125 - http-outgoing-5 &lt;&lt; Content-Length:72
01-25-2019 12:52:59 LoggingManagedHttpClientConnection.java DEBUG [Forwarding setTimeout on session 9383a3a5573c9e1a2613132f9c3b3b9c to remote] http.headers 125 - http-outgoing-5 &lt;&lt; Content-Type:application/json; charset=utf-8
01-25-2019 12:52:59 MainClientExec.java DEBUG [Forwarding setTimeout on session 9383a3a5573c9e1a2613132f9c3b3b9c to remote] execchain.MainClientExec 285 - Connection can be kept alive indefinitely
01-25-2019 12:52:59 PoolingHttpClientConnectionManager.java DEBUG [Forwarding setTimeout on session 9383a3a5573c9e1a2613132f9c3b3b9c to remote] conn.PoolingHttpClientConnectionManager 320 - Connection [id: 5][route: {}-&gt;http://localhost:13755] can be kept alive indefinitely
01-25-2019 12:52:59 PoolingHttpClientConnectionManager.java DEBUG [Forwarding setTimeout on session 9383a3a5573c9e1a2613132f9c3b3b9c to remote] conn.PoolingHttpClientConnectionManager 326 - Connection released: [id: 5][route: {}-&gt;http://localhost:13755][total kept alive: 1; route allocated: 1 of 2000; total allocated: 1 of 2000]
Before navigating to: &apos;https://www.freecrm.com/&apos;
01-25-2019 12:52:59 RequestAddCookies.java DEBUG [Forwarding get on session 9383a3a5573c9e1a2613132f9c3b3b9c to remote] protocol.RequestAddCookies 123 - CookieSpec selected: default
01-25-2019 12:52:59 RequestAuthCache.java DEBUG [Forwarding get on session 9383a3a5573c9e1a2613132f9c3b3b9c to remote] protocol.RequestAuthCache 77 - Auth cache not set in the context
01-25-2019 12:52:59 PoolingHttpClientConnectionManager.java DEBUG [Forwarding get on session 9383a3a5573c9e1a2613132f9c3b3b9c to remote] conn.PoolingHttpClientConnectionManager 255 - Connection request: [route: {}-&gt;http://localhost:13755][total kept alive: 1; route allocated: 1 of 2000; total allocated: 1 of 2000]
01-25-2019 12:52:59 PoolingHttpClientConnectionManager.java DEBUG [Forwarding get on session 9383a3a5573c9e1a2613132f9c3b3b9c to remote] conn.PoolingHttpClientConnectionManager 288 - Connection leased: [id: 5][route: {}-&gt;http://localhost:13755][total kept alive: 0; route allocated: 1 of 2000; total allocated: 1 of 2000]
01-25-2019 12:52:59 MainClientExec.java DEBUG [Forwarding get on session 9383a3a5573c9e1a2613132f9c3b3b9c to remote] execchain.MainClientExec 208 - Stale connection check
01-25-2019 12:52:59 Wire.java DEBUG [Forwarding get on session 9383a3a5573c9e1a2613132f9c3b3b9c to remote] http.wire 87 - http-outgoing-5 &lt;&lt; &quot;[read] I/O error: Read timed out&quot;
01-25-2019 12:52:59 LoggingManagedHttpClientConnection.java DEBUG [Forwarding get on session 9383a3a5573c9e1a2613132f9c3b3b9c to remote] conn.DefaultManagedHttpClientConnection 88 - http-outgoing-5: set socket timeout to 10800000
01-25-2019 12:52:59 MainClientExec.java DEBUG [Forwarding get on session 9383a3a5573c9e1a2613132f9c3b3b9c to remote] execchain.MainClientExec 256 - Executing request POST /session/9383a3a5573c9e1a2613132f9c3b3b9c/url HTTP/1.1
01-25-2019 12:52:59 MainClientExec.java DEBUG [Forwarding get on session 9383a3a5573c9e1a2613132f9c3b3b9c to remote] execchain.MainClientExec 261 - Target auth state: UNCHALLENGED
01-25-2019 12:52:59 MainClientExec.java DEBUG [Forwarding get on session 9383a3a5573c9e1a2613132f9c3b3b9c to remote] execchain.MainClientExec 267 - Proxy auth state: UNCHALLENGED
01-25-2019 12:52:59 LoggingManagedHttpClientConnection.java DEBUG [Forwarding get on session 9383a3a5573c9e1a2613132f9c3b3b9c to remote] http.headers 133 - http-outgoing-5 &gt;&gt; POST /session/9383a3a5573c9e1a2613132f9c3b3b9c/url HTTP/1.1
01-25-2019 12:52:59 LoggingManagedHttpClientConnection.java DEBUG [Forwarding get on session 9383a3a5573c9e1a2613132f9c3b3b9c to remote] http.headers 136 - http-outgoing-5 &gt;&gt; Content-Type: application/json; charset=utf-8
01-25-2019 12:52:59 LoggingManagedHttpClientConnection.java DEBUG [Forwarding get on session 9383a3a5573c9e1a2613132f9c3b3b9c to remote] http.headers 136 - http-outgoing-5 &gt;&gt; Content-Length: 34
01-25-2019 12:52:59 LoggingManagedHttpClientConnection.java DEBUG [Forwarding get on session 9383a3a5573c9e1a2613132f9c3b3b9c to remote] http.headers 136 - http-outgoing-5 &gt;&gt; Host: localhost:13755
01-25-2019 12:52:59 LoggingManagedHttpClientConnection.java DEBUG [Forwarding get on session 9383a3a5573c9e1a2613132f9c3b3b9c to remote] http.headers 136 - http-outgoing-5 &gt;&gt; Connection: Keep-Alive
01-25-2019 12:52:59 LoggingManagedHttpClientConnection.java DEBUG [Forwarding get on session 9383a3a5573c9e1a2613132f9c3b3b9c to remote] http.headers 136 - http-outgoing-5 &gt;&gt; User-Agent: Apache-HttpClient/4.5.3 (Java/1.8.0_201)
01-25-2019 12:52:59 LoggingManagedHttpClientConnection.java DEBUG [Forwarding get on session 9383a3a5573c9e1a2613132f9c3b3b9c to remote] http.headers 136 - http-outgoing-5 &gt;&gt; Accept-Encoding: gzip,deflate
01-25-2019 12:52:59 Wire.java DEBUG [Forwarding get on session 9383a3a5573c9e1a2613132f9c3b3b9c to remote] http.wire 73 - http-outgoing-5 &gt;&gt; &quot;POST /session/9383a3a5573c9e1a2613132f9c3b3b9c/url HTTP/1.1[\r][\n]&quot;
01-25-2019 12:52:59 Wire.java DEBUG [Forwarding get on session 9383a3a5573c9e1a2613132f9c3b3b9c to remote] http.wire 73 - http-outgoing-5 &gt;&gt; &quot;Content-Type: application/json; charset=utf-8[\r][\n]&quot;
01-25-2019 12:52:59 Wire.java DEBUG [Forwarding get on session 9383a3a5573c9e1a2613132f9c3b3b9c to remote] http.wire 73 - http-outgoing-5 &gt;&gt; &quot;Content-Length: 34[\r][\n]&quot;
01-25-2019 12:52:59 Wire.java DEBUG [Forwarding get on session 9383a3a5573c9e1a2613132f9c3b3b9c to remote] http.wire 73 - http-outgoing-5 &gt;&gt; &quot;Host: localhost:13755[\r][\n]&quot;
01-25-2019 12:52:59 Wire.java DEBUG [Forwarding get on session 9383a3a5573c9e1a2613132f9c3b3b9c to remote] http.wire 73 - http-outgoing-5 &gt;&gt; &quot;Connection: Keep-Alive[\r][\n]&quot;
01-25-2019 12:52:59 Wire.java DEBUG [Forwarding get on session 9383a3a5573c9e1a2613132f9c3b3b9c to remote] http.wire 73 - http-outgoing-5 &gt;&gt; &quot;User-Agent: Apache-HttpClient/4.5.3 (Java/1.8.0_201)[\r][\n]&quot;
01-25-2019 12:52:59 Wire.java DEBUG [Forwarding get on session 9383a3a5573c9e1a2613132f9c3b3b9c to remote] http.wire 73 - http-outgoing-5 &gt;&gt; &quot;Accept-Encoding: gzip,deflate[\r][\n]&quot;
01-25-2019 12:52:59 Wire.java DEBUG [Forwarding get on session 9383a3a5573c9e1a2613132f9c3b3b9c to remote] http.wire 73 - http-outgoing-5 &gt;&gt; &quot;[\r][\n]&quot;
01-25-2019 12:52:59 Wire.java DEBUG [Forwarding get on session 9383a3a5573c9e1a2613132f9c3b3b9c to remote] http.wire 87 - http-outgoing-5 &gt;&gt; &quot;{&quot;url&quot;:&quot;https://www.freecrm.com/&quot;}&quot;
01-25-2019 12:53:08 Wire.java DEBUG [Forwarding get on session 9383a3a5573c9e1a2613132f9c3b3b9c to remote] http.wire 73 - http-outgoing-5 &lt;&lt; &quot;HTTP/1.1 200 OK[\r][\n]&quot;
01-25-2019 12:53:08 Wire.java DEBUG [Forwarding get on session 9383a3a5573c9e1a2613132f9c3b3b9c to remote] http.wire 73 - http-outgoing-5 &lt;&lt; &quot;Content-Length:72[\r][\n]&quot;
01-25-2019 12:53:08 Wire.java DEBUG [Forwarding get on session 9383a3a5573c9e1a2613132f9c3b3b9c to remote] http.wire 73 - http-outgoing-5 &lt;&lt; &quot;Content-Type:application/json; charset=utf-8[\r][\n]&quot;
01-25-2019 12:53:08 Wire.java DEBUG [Forwarding get on session 9383a3a5573c9e1a2613132f9c3b3b9c to remote] http.wire 73 - http-outgoing-5 &lt;&lt; &quot;[\r][\n]&quot;
01-25-2019 12:53:08 Wire.java DEBUG [Forwarding get on session 9383a3a5573c9e1a2613132f9c3b3b9c to remote] http.wire 87 - http-outgoing-5 &lt;&lt; &quot;{&quot;sessionId&quot;:&quot;9383a3a5573c9e1a2613132f9c3b3b9c&quot;,&quot;status&quot;:0,&quot;value&quot;:null}&quot;
01-25-2019 12:53:08 LoggingManagedHttpClientConnection.java DEBUG [Forwarding get on session 9383a3a5573c9e1a2613132f9c3b3b9c to remote] http.headers 122 - http-outgoing-5 &lt;&lt; HTTP/1.1 200 OK
01-25-2019 12:53:08 LoggingManagedHttpClientConnection.java DEBUG [Forwarding get on session 9383a3a5573c9e1a2613132f9c3b3b9c to remote] http.headers 125 - http-outgoing-5 &lt;&lt; Content-Length:72
01-25-2019 12:53:08 LoggingManagedHttpClientConnection.java DEBUG [Forwarding get on session 9383a3a5573c9e1a2613132f9c3b3b9c to remote] http.headers 125 - http-outgoing-5 &lt;&lt; Content-Type:application/json; charset=utf-8
01-25-2019 12:53:08 MainClientExec.java DEBUG [Forwarding get on session 9383a3a5573c9e1a2613132f9c3b3b9c to remote] execchain.MainClientExec 285 - Connection can be kept alive indefinitely
01-25-2019 12:53:08 PoolingHttpClientConnectionManager.java DEBUG [Forwarding get on session 9383a3a5573c9e1a2613132f9c3b3b9c to remote] conn.PoolingHttpClientConnectionManager 320 - Connection [id: 5][route: {}-&gt;http://localhost:13755] can be kept alive indefinitely
01-25-2019 12:53:08 PoolingHttpClientConnectionManager.java DEBUG [Forwarding get on session 9383a3a5573c9e1a2613132f9c3b3b9c to remote] conn.PoolingHttpClientConnectionManager 326 - Connection released: [id: 5][route: {}-&gt;http://localhost:13755][total kept alive: 1; route allocated: 1 of 2000; total allocated: 1 of 2000]
Navigated to:&apos;https://www.freecrm.com/&apos;
Trying to find Element By : By.name: username
01-25-2019 12:53:08 RequestAddCookies.java DEBUG [Forwarding findElement on session 9383a3a5573c9e1a2613132f9c3b3b9c to remote] protocol.RequestAddCookies 123 - CookieSpec selected: default
01-25-2019 12:53:08 RequestAuthCache.java DEBUG [Forwarding findElement on session 9383a3a5573c9e1a2613132f9c3b3b9c to remote] protocol.RequestAuthCache 77 - Auth cache not set in the context
01-25-2019 12:53:08 PoolingHttpClientConnectionManager.java DEBUG [Forwarding findElement on session 9383a3a5573c9e1a2613132f9c3b3b9c to remote] conn.PoolingHttpClientConnectionManager 255 - Connection request: [route: {}-&gt;http://localhost:13755][total kept alive: 1; route allocated: 1 of 2000; total allocated: 1 of 2000]
01-25-2019 12:53:08 PoolingHttpClientConnectionManager.java DEBUG [Forwarding findElement on session 9383a3a5573c9e1a2613132f9c3b3b9c to remote] conn.PoolingHttpClientConnectionManager 288 - Connection leased: [id: 5][route: {}-&gt;http://localhost:13755][total kept alive: 0; route allocated: 1 of 2000; total allocated: 1 of 2000]
01-25-2019 12:53:08 MainClientExec.java DEBUG [Forwarding findElement on session 9383a3a5573c9e1a2613132f9c3b3b9c to remote] execchain.MainClientExec 208 - Stale connection check
01-25-2019 12:53:08 Wire.java DEBUG [Forwarding findElement on session 9383a3a5573c9e1a2613132f9c3b3b9c to remote] http.wire 87 - http-outgoing-5 &lt;&lt; &quot;[read] I/O error: Read timed out&quot;
01-25-2019 12:53:08 LoggingManagedHttpClientConnection.java DEBUG [Forwarding findElement on session 9383a3a5573c9e1a2613132f9c3b3b9c to remote] conn.DefaultManagedHttpClientConnection 88 - http-outgoing-5: set socket timeout to 10800000
01-25-2019 12:53:08 MainClientExec.java DEBUG [Forwarding findElement on session 9383a3a5573c9e1a2613132f9c3b3b9c to remote] execchain.MainClientExec 256 - Executing request POST /session/9383a3a5573c9e1a2613132f9c3b3b9c/element HTTP/1.1
01-25-2019 12:53:08 MainClientExec.java DEBUG [Forwarding findElement on session 9383a3a5573c9e1a2613132f9c3b3b9c to remote] execchain.MainClientExec 261 - Target auth state: UNCHALLENGED
01-25-2019 12:53:08 MainClientExec.java DEBUG [Forwarding findElement on session 9383a3a5573c9e1a2613132f9c3b3b9c to remote] execchain.MainClientExec 267 - Proxy auth state: UNCHALLENGED
01-25-2019 12:53:08 LoggingManagedHttpClientConnection.java DEBUG [Forwarding findElement on session 9383a3a5573c9e1a2613132f9c3b3b9c to remote] http.headers 133 - http-outgoing-5 &gt;&gt; POST /session/9383a3a5573c9e1a2613132f9c3b3b9c/element HTTP/1.1
01-25-2019 12:53:08 LoggingManagedHttpClientConnection.java DEBUG [Forwarding findElement on session 9383a3a5573c9e1a2613132f9c3b3b9c to remote] http.headers 136 - http-outgoing-5 &gt;&gt; Content-Type: application/json; charset=utf-8
01-25-2019 12:53:08 LoggingManagedHttpClientConnection.java DEBUG [Forwarding findElement on session 9383a3a5573c9e1a2613132f9c3b3b9c to remote] http.headers 136 - http-outgoing-5 &gt;&gt; Content-Length: 35
01-25-2019 12:53:08 LoggingManagedHttpClientConnection.java DEBUG [Forwarding findElement on session 9383a3a5573c9e1a2613132f9c3b3b9c to remote] http.headers 136 - http-outgoing-5 &gt;&gt; Host: localhost:13755
01-25-2019 12:53:08 LoggingManagedHttpClientConnection.java DEBUG [Forwarding findElement on session 9383a3a5573c9e1a2613132f9c3b3b9c to remote] http.headers 136 - http-outgoing-5 &gt;&gt; Connection: Keep-Alive
01-25-2019 12:53:08 LoggingManagedHttpClientConnection.java DEBUG [Forwarding findElement on session 9383a3a5573c9e1a2613132f9c3b3b9c to remote] http.headers 136 - http-outgoing-5 &gt;&gt; User-Agent: Apache-HttpClient/4.5.3 (Java/1.8.0_201)
01-25-2019 12:53:08 LoggingManagedHttpClientConnection.java DEBUG [Forwarding findElement on session 9383a3a5573c9e1a2613132f9c3b3b9c to remote] http.headers 136 - http-outgoing-5 &gt;&gt; Accept-Encoding: gzip,deflate
01-25-2019 12:53:08 Wire.java DEBUG [Forwarding findElement on session 9383a3a5573c9e1a2613132f9c3b3b9c to remote] http.wire 73 - http-outgoing-5 &gt;&gt; &quot;POST /session/9383a3a5573c9e1a2613132f9c3b3b9c/element HTTP/1.1[\r][\n]&quot;
01-25-2019 12:53:08 Wire.java DEBUG [Forwarding findElement on session 9383a3a5573c9e1a2613132f9c3b3b9c to remote] http.wire 73 - http-outgoing-5 &gt;&gt; &quot;Content-Type: application/json; charset=utf-8[\r][\n]&quot;
01-25-2019 12:53:08 Wire.java DEBUG [Forwarding findElement on session 9383a3a5573c9e1a2613132f9c3b3b9c to remote] http.wire 73 - http-outgoing-5 &gt;&gt; &quot;Content-Length: 35[\r][\n]&quot;
01-25-2019 12:53:08 Wire.java DEBUG [Forwarding findElement on session 9383a3a5573c9e1a2613132f9c3b3b9c to remote] http.wire 73 - http-outgoing-5 &gt;&gt; &quot;Host: localhost:13755[\r][\n]&quot;
01-25-2019 12:53:08 Wire.java DEBUG [Forwarding findElement on session 9383a3a5573c9e1a2613132f9c3b3b9c to remote] http.wire 73 - http-outgoing-5 &gt;&gt; &quot;Connection: Keep-Alive[\r][\n]&quot;
01-25-2019 12:53:08 Wire.java DEBUG [Forwarding findElement on session 9383a3a5573c9e1a2613132f9c3b3b9c to remote] http.wire 73 - http-outgoing-5 &gt;&gt; &quot;User-Agent: Apache-HttpClient/4.5.3 (Java/1.8.0_201)[\r][\n]&quot;
01-25-2019 12:53:08 Wire.java DEBUG [Forwarding findElement on session 9383a3a5573c9e1a2613132f9c3b3b9c to remote] http.wire 73 - http-outgoing-5 &gt;&gt; &quot;Accept-Encoding: gzip,deflate[\r][\n]&quot;
01-25-2019 12:53:08 Wire.java DEBUG [Forwarding findElement on session 9383a3a5573c9e1a2613132f9c3b3b9c to remote] http.wire 73 - http-outgoing-5 &gt;&gt; &quot;[\r][\n]&quot;
01-25-2019 12:53:08 Wire.java DEBUG [Forwarding findElement on session 9383a3a5573c9e1a2613132f9c3b3b9c to remote] http.wire 87 - http-outgoing-5 &gt;&gt; &quot;{&quot;using&quot;:&quot;name&quot;,&quot;value&quot;:&quot;username&quot;}&quot;
01-25-2019 12:53:08 Wire.java DEBUG [Forwarding findElement on session 9383a3a5573c9e1a2613132f9c3b3b9c to remote] http.wire 73 - http-outgoing-5 &lt;&lt; &quot;HTTP/1.1 200 OK[\r][\n]&quot;
01-25-2019 12:53:08 Wire.java DEBUG [Forwarding findElement on session 9383a3a5573c9e1a2613132f9c3b3b9c to remote] http.wire 73 - http-outgoing-5 &lt;&lt; &quot;Content-Length:102[\r][\n]&quot;
01-25-2019 12:53:08 Wire.java DEBUG [Forwarding findElement on session 9383a3a5573c9e1a2613132f9c3b3b9c to remote] http.wire 73 - http-outgoing-5 &lt;&lt; &quot;Content-Type:application/json; charset=utf-8[\r][\n]&quot;
01-25-2019 12:53:08 Wire.java DEBUG [Forwarding findElement on session 9383a3a5573c9e1a2613132f9c3b3b9c to remote] http.wire 73 - http-outgoing-5 &lt;&lt; &quot;[\r][\n]&quot;
01-25-2019 12:53:08 Wire.java DEBUG [Forwarding findElement on session 9383a3a5573c9e1a2613132f9c3b3b9c to remote] http.wire 87 - http-outgoing-5 &lt;&lt; &quot;{&quot;sessionId&quot;:&quot;9383a3a5573c9e1a2613132f9c3b3b9c&quot;,&quot;status&quot;:0,&quot;value&quot;:{&quot;ELEMENT&quot;:&quot;0.3086180664518181-1&quot;}}&quot;
01-25-2019 12:53:08 LoggingManagedHttpClientConnection.java DEBUG [Forwarding findElement on session 9383a3a5573c9e1a2613132f9c3b3b9c to remote] http.headers 122 - http-outgoing-5 &lt;&lt; HTTP/1.1 200 OK
01-25-2019 12:53:08 LoggingManagedHttpClientConnection.java DEBUG [Forwarding findElement on session 9383a3a5573c9e1a2613132f9c3b3b9c to remote] http.headers 125 - http-outgoing-5 &lt;&lt; Content-Length:102
01-25-2019 12:53:08 LoggingManagedHttpClientConnection.java DEBUG [Forwarding findElement on session 9383a3a5573c9e1a2613132f9c3b3b9c to remote] http.headers 125 - http-outgoing-5 &lt;&lt; Content-Type:application/json; charset=utf-8
01-25-2019 12:53:08 MainClientExec.java DEBUG [Forwarding findElement on session 9383a3a5573c9e1a2613132f9c3b3b9c to remote] execchain.MainClientExec 285 - Connection can be kept alive indefinitely
01-25-2019 12:53:08 PoolingHttpClientConnectionManager.java DEBUG [Forwarding findElement on session 9383a3a5573c9e1a2613132f9c3b3b9c to remote] conn.PoolingHttpClientConnectionManager 320 - Connection [id: 5][route: {}-&gt;http://localhost:13755] can be kept alive indefinitely
01-25-2019 12:53:08 PoolingHttpClientConnectionManager.java DEBUG [Forwarding findElement on session 9383a3a5573c9e1a2613132f9c3b3b9c to remote] conn.PoolingHttpClientConnectionManager 326 - Connection released: [id: 5][route: {}-&gt;http://localhost:13755][total kept alive: 1; route allocated: 1 of 2000; total allocated: 1 of 2000]
Found Element By : By.name: username
01-25-2019 12:53:08 RequestAddCookies.java DEBUG [Forwarding sendKeysToElement on session 9383a3a5573c9e1a2613132f9c3b3b9c to remote] protocol.RequestAddCookies 123 - CookieSpec selected: default
01-25-2019 12:53:08 RequestAuthCache.java DEBUG [Forwarding sendKeysToElement on session 9383a3a5573c9e1a2613132f9c3b3b9c to remote] protocol.RequestAuthCache 77 - Auth cache not set in the context
01-25-2019 12:53:08 PoolingHttpClientConnectionManager.java DEBUG [Forwarding sendKeysToElement on session 9383a3a5573c9e1a2613132f9c3b3b9c to remote] conn.PoolingHttpClientConnectionManager 255 - Connection request: [route: {}-&gt;http://localhost:13755][total kept alive: 1; route allocated: 1 of 2000; total allocated: 1 of 2000]
01-25-2019 12:53:08 PoolingHttpClientConnectionManager.java DEBUG [Forwarding sendKeysToElement on session 9383a3a5573c9e1a2613132f9c3b3b9c to remote] conn.PoolingHttpClientConnectionManager 288 - Connection leased: [id: 5][route: {}-&gt;http://localhost:13755][total kept alive: 0; route allocated: 1 of 2000; total allocated: 1 of 2000]
01-25-2019 12:53:08 MainClientExec.java DEBUG [Forwarding sendKeysToElement on session 9383a3a5573c9e1a2613132f9c3b3b9c to remote] execchain.MainClientExec 208 - Stale connection check
01-25-2019 12:53:08 Wire.java DEBUG [Forwarding sendKeysToElement on session 9383a3a5573c9e1a2613132f9c3b3b9c to remote] http.wire 87 - http-outgoing-5 &lt;&lt; &quot;[read] I/O error: Read timed out&quot;
01-25-2019 12:53:08 LoggingManagedHttpClientConnection.java DEBUG [Forwarding sendKeysToElement on session 9383a3a5573c9e1a2613132f9c3b3b9c to remote] conn.DefaultManagedHttpClientConnection 88 - http-outgoing-5: set socket timeout to 10800000
01-25-2019 12:53:08 MainClientExec.java DEBUG [Forwarding sendKeysToElement on session 9383a3a5573c9e1a2613132f9c3b3b9c to remote] execchain.MainClientExec 256 - Executing request POST /session/9383a3a5573c9e1a2613132f9c3b3b9c/element/0.3086180664518181-1/value HTTP/1.1
01-25-2019 12:53:08 MainClientExec.java DEBUG [Forwarding sendKeysToElement on session 9383a3a5573c9e1a2613132f9c3b3b9c to remote] execchain.MainClientExec 261 - Target auth state: UNCHALLENGED
01-25-2019 12:53:08 MainClientExec.java DEBUG [Forwarding sendKeysToElement on session 9383a3a5573c9e1a2613132f9c3b3b9c to remote] execchain.MainClientExec 267 - Proxy auth state: UNCHALLENGED
01-25-2019 12:53:08 LoggingManagedHttpClientConnection.java DEBUG [Forwarding sendKeysToElement on session 9383a3a5573c9e1a2613132f9c3b3b9c to remote] http.headers 133 - http-outgoing-5 &gt;&gt; POST /session/9383a3a5573c9e1a2613132f9c3b3b9c/element/0.3086180664518181-1/value HTTP/1.1
01-25-2019 12:53:08 LoggingManagedHttpClientConnection.java DEBUG [Forwarding sendKeysToElement on session 9383a3a5573c9e1a2613132f9c3b3b9c to remote] http.headers 136 - http-outgoing-5 &gt;&gt; Content-Type: application/json; charset=utf-8
01-25-2019 12:53:08 LoggingManagedHttpClientConnection.java DEBUG [Forwarding sendKeysToElement on session 9383a3a5573c9e1a2613132f9c3b3b9c to remote] http.headers 136 - http-outgoing-5 &gt;&gt; Content-Length: 48
01-25-2019 12:53:08 LoggingManagedHttpClientConnection.java DEBUG [Forwarding sendKeysToElement on session 9383a3a5573c9e1a2613132f9c3b3b9c to remote] http.headers 136 - http-outgoing-5 &gt;&gt; Host: localhost:13755
01-25-2019 12:53:08 LoggingManagedHttpClientConnection.java DEBUG [Forwarding sendKeysToElement on session 9383a3a5573c9e1a2613132f9c3b3b9c to remote] http.headers 136 - http-outgoing-5 &gt;&gt; Connection: Keep-Alive
01-25-2019 12:53:08 LoggingManagedHttpClientConnection.java DEBUG [Forwarding sendKeysToElement on session 9383a3a5573c9e1a2613132f9c3b3b9c to remote] http.headers 136 - http-outgoing-5 &gt;&gt; User-Agent: Apache-HttpClient/4.5.3 (Java/1.8.0_201)
01-25-2019 12:53:08 LoggingManagedHttpClientConnection.java DEBUG [Forwarding sendKeysToElement on session 9383a3a5573c9e1a2613132f9c3b3b9c to remote] http.headers 136 - http-outgoing-5 &gt;&gt; Accept-Encoding: gzip,deflate
01-25-2019 12:53:08 Wire.java DEBUG [Forwarding sendKeysToElement on session 9383a3a5573c9e1a2613132f9c3b3b9c to remote] http.wire 73 - http-outgoing-5 &gt;&gt; &quot;POST /session/9383a3a5573c9e1a2613132f9c3b3b9c/element/0.3086180664518181-1/value HTTP/1.1[\r][\n]&quot;
01-25-2019 12:53:08 Wire.java DEBUG [Forwarding sendKeysToElement on session 9383a3a5573c9e1a2613132f9c3b3b9c to remote] http.wire 73 - http-outgoing-5 &gt;&gt; &quot;Content-Type: application/json; charset=utf-8[\r][\n]&quot;
01-25-2019 12:53:08 Wire.java DEBUG [Forwarding sendKeysToElement on session 9383a3a5573c9e1a2613132f9c3b3b9c to remote] http.wire 73 - http-outgoing-5 &gt;&gt; &quot;Content-Length: 48[\r][\n]&quot;
01-25-2019 12:53:08 Wire.java DEBUG [Forwarding sendKeysToElement on session 9383a3a5573c9e1a2613132f9c3b3b9c to remote] http.wire 73 - http-outgoing-5 &gt;&gt; &quot;Host: localhost:13755[\r][\n]&quot;
01-25-2019 12:53:08 Wire.java DEBUG [Forwarding sendKeysToElement on session 9383a3a5573c9e1a2613132f9c3b3b9c to remote] http.wire 73 - http-outgoing-5 &gt;&gt; &quot;Connection: Keep-Alive[\r][\n]&quot;
01-25-2019 12:53:08 Wire.java DEBUG [Forwarding sendKeysToElement on session 9383a3a5573c9e1a2613132f9c3b3b9c to remote] http.wire 73 - http-outgoing-5 &gt;&gt; &quot;User-Agent: Apache-HttpClient/4.5.3 (Java/1.8.0_201)[\r][\n]&quot;
01-25-2019 12:53:08 Wire.java DEBUG [Forwarding sendKeysToElement on session 9383a3a5573c9e1a2613132f9c3b3b9c to remote] http.wire 73 - http-outgoing-5 &gt;&gt; &quot;Accept-Encoding: gzip,deflate[\r][\n]&quot;
01-25-2019 12:53:08 Wire.java DEBUG [Forwarding sendKeysToElement on session 9383a3a5573c9e1a2613132f9c3b3b9c to remote] http.wire 73 - http-outgoing-5 &gt;&gt; &quot;[\r][\n]&quot;
01-25-2019 12:53:08 Wire.java DEBUG [Forwarding sendKeysToElement on session 9383a3a5573c9e1a2613132f9c3b3b9c to remote] http.wire 87 - http-outgoing-5 &gt;&gt; &quot;{&quot;id&quot;:&quot;0.3086180664518181-1&quot;,&quot;value&quot;:[&quot;pinkyp&quot;]}&quot;
01-25-2019 12:53:08 Wire.java DEBUG [Forwarding sendKeysToElement on session 9383a3a5573c9e1a2613132f9c3b3b9c to remote] http.wire 73 - http-outgoing-5 &lt;&lt; &quot;HTTP/1.1 200 OK[\r][\n]&quot;
01-25-2019 12:53:08 Wire.java DEBUG [Forwarding sendKeysToElement on session 9383a3a5573c9e1a2613132f9c3b3b9c to remote] http.wire 73 - http-outgoing-5 &lt;&lt; &quot;Content-Length:72[\r][\n]&quot;
01-25-2019 12:53:08 Wire.java DEBUG [Forwarding sendKeysToElement on session 9383a3a5573c9e1a2613132f9c3b3b9c to remote] http.wire 73 - http-outgoing-5 &lt;&lt; &quot;Content-Type:application/json; charset=utf-8[\r][\n]&quot;
01-25-2019 12:53:08 Wire.java DEBUG [Forwarding sendKeysToElement on session 9383a3a5573c9e1a2613132f9c3b3b9c to remote] http.wire 73 - http-outgoing-5 &lt;&lt; &quot;[\r][\n]&quot;
01-25-2019 12:53:08 Wire.java DEBUG [Forwarding sendKeysToElement on session 9383a3a5573c9e1a2613132f9c3b3b9c to remote] http.wire 87 - http-outgoing-5 &lt;&lt; &quot;{&quot;sessionId&quot;:&quot;9383a3a5573c9e1a2613132f9c3b3b9c&quot;,&quot;status&quot;:0,&quot;value&quot;:null}&quot;
01-25-2019 12:53:08 LoggingManagedHttpClientConnection.java DEBUG [Forwarding sendKeysToElement on session 9383a3a5573c9e1a2613132f9c3b3b9c to remote] http.headers 122 - http-outgoing-5 &lt;&lt; HTTP/1.1 200 OK
01-25-2019 12:53:08 LoggingManagedHttpClientConnection.java DEBUG [Forwarding sendKeysToElement on session 9383a3a5573c9e1a2613132f9c3b3b9c to remote] http.headers 125 - http-outgoing-5 &lt;&lt; Content-Length:72
01-25-2019 12:53:08 LoggingManagedHttpClientConnection.java DEBUG [Forwarding sendKeysToElement on session 9383a3a5573c9e1a2613132f9c3b3b9c to remote] http.headers 125 - http-outgoing-5 &lt;&lt; Content-Type:application/json; charset=utf-8
01-25-2019 12:53:08 MainClientExec.java DEBUG [Forwarding sendKeysToElement on session 9383a3a5573c9e1a2613132f9c3b3b9c to remote] execchain.MainClientExec 285 - Connection can be kept alive indefinitely
01-25-2019 12:53:08 PoolingHttpClientConnectionManager.java DEBUG [Forwarding sendKeysToElement on session 9383a3a5573c9e1a2613132f9c3b3b9c to remote] conn.PoolingHttpClientConnectionManager 320 - Connection [id: 5][route: {}-&gt;http://localhost:13755] can be kept alive indefinitely
01-25-2019 12:53:08 PoolingHttpClientConnectionManager.java DEBUG [Forwarding sendKeysToElement on session 9383a3a5573c9e1a2613132f9c3b3b9c to remote] conn.PoolingHttpClientConnectionManager 326 - Connection released: [id: 5][route: {}-&gt;http://localhost:13755][total kept alive: 1; route allocated: 1 of 2000; total allocated: 1 of 2000]
Trying to find Element By : By.name: password
01-25-2019 12:53:08 RequestAddCookies.java DEBUG [Forwarding findElement on session 9383a3a5573c9e1a2613132f9c3b3b9c to remote] protocol.RequestAddCookies 123 - CookieSpec selected: default
01-25-2019 12:53:08 RequestAuthCache.java DEBUG [Forwarding findElement on session 9383a3a5573c9e1a2613132f9c3b3b9c to remote] protocol.RequestAuthCache 77 - Auth cache not set in the context
01-25-2019 12:53:08 PoolingHttpClientConnectionManager.java DEBUG [Forwarding findElement on session 9383a3a5573c9e1a2613132f9c3b3b9c to remote] conn.PoolingHttpClientConnectionManager 255 - Connection request: [route: {}-&gt;http://localhost:13755][total kept alive: 1; route allocated: 1 of 2000; total allocated: 1 of 2000]
01-25-2019 12:53:08 PoolingHttpClientConnectionManager.java DEBUG [Forwarding findElement on session 9383a3a5573c9e1a2613132f9c3b3b9c to remote] conn.PoolingHttpClientConnectionManager 288 - Connection leased: [id: 5][route: {}-&gt;http://localhost:13755][total kept alive: 0; route allocated: 1 of 2000; total allocated: 1 of 2000]
01-25-2019 12:53:08 MainClientExec.java DEBUG [Forwarding findElement on session 9383a3a5573c9e1a2613132f9c3b3b9c to remote] execchain.MainClientExec 208 - Stale connection check
01-25-2019 12:53:08 Wire.java DEBUG [Forwarding findElement on session 9383a3a5573c9e1a2613132f9c3b3b9c to remote] http.wire 87 - http-outgoing-5 &lt;&lt; &quot;[read] I/O error: Read timed out&quot;
01-25-2019 12:53:08 LoggingManagedHttpClientConnection.java DEBUG [Forwarding findElement on session 9383a3a5573c9e1a2613132f9c3b3b9c to remote] conn.DefaultManagedHttpClientConnection 88 - http-outgoing-5: set socket timeout to 10800000
01-25-2019 12:53:08 MainClientExec.java DEBUG [Forwarding findElement on session 9383a3a5573c9e1a2613132f9c3b3b9c to remote] execchain.MainClientExec 256 - Executing request POST /session/9383a3a5573c9e1a2613132f9c3b3b9c/element HTTP/1.1
01-25-2019 12:53:08 MainClientExec.java DEBUG [Forwarding findElement on session 9383a3a5573c9e1a2613132f9c3b3b9c to remote] execchain.MainClientExec 261 - Target auth state: UNCHALLENGED
01-25-2019 12:53:08 MainClientExec.java DEBUG [Forwarding findElement on session 9383a3a5573c9e1a2613132f9c3b3b9c to remote] execchain.MainClientExec 267 - Proxy auth state: UNCHALLENGED
01-25-2019 12:53:08 LoggingManagedHttpClientConnection.java DEBUG [Forwarding findElement on session 9383a3a5573c9e1a2613132f9c3b3b9c to remote] http.headers 133 - http-outgoing-5 &gt;&gt; POST /session/9383a3a5573c9e1a2613132f9c3b3b9c/element HTTP/1.1
01-25-2019 12:53:08 LoggingManagedHttpClientConnection.java DEBUG [Forwarding findElement on session 9383a3a5573c9e1a2613132f9c3b3b9c to remote] http.headers 136 - http-outgoing-5 &gt;&gt; Content-Type: application/json; charset=utf-8
01-25-2019 12:53:08 LoggingManagedHttpClientConnection.java DEBUG [Forwarding findElement on session 9383a3a5573c9e1a2613132f9c3b3b9c to remote] http.headers 136 - http-outgoing-5 &gt;&gt; Content-Length: 35
01-25-2019 12:53:08 LoggingManagedHttpClientConnection.java DEBUG [Forwarding findElement on session 9383a3a5573c9e1a2613132f9c3b3b9c to remote] http.headers 136 - http-outgoing-5 &gt;&gt; Host: localhost:13755
01-25-2019 12:53:08 LoggingManagedHttpClientConnection.java DEBUG [Forwarding findElement on session 9383a3a5573c9e1a2613132f9c3b3b9c to remote] http.headers 136 - http-outgoing-5 &gt;&gt; Connection: Keep-Alive
01-25-2019 12:53:08 LoggingManagedHttpClientConnection.java DEBUG [Forwarding findElement on session 9383a3a5573c9e1a2613132f9c3b3b9c to remote] http.headers 136 - http-outgoing-5 &gt;&gt; User-Agent: Apache-HttpClient/4.5.3 (Java/1.8.0_201)
01-25-2019 12:53:08 LoggingManagedHttpClientConnection.java DEBUG [Forwarding findElement on session 9383a3a5573c9e1a2613132f9c3b3b9c to remote] http.headers 136 - http-outgoing-5 &gt;&gt; Accept-Encoding: gzip,deflate
01-25-2019 12:53:08 Wire.java DEBUG [Forwarding findElement on session 9383a3a5573c9e1a2613132f9c3b3b9c to remote] http.wire 73 - http-outgoing-5 &gt;&gt; &quot;POST /session/9383a3a5573c9e1a2613132f9c3b3b9c/element HTTP/1.1[\r][\n]&quot;
01-25-2019 12:53:08 Wire.java DEBUG [Forwarding findElement on session 9383a3a5573c9e1a2613132f9c3b3b9c to remote] http.wire 73 - http-outgoing-5 &gt;&gt; &quot;Content-Type: application/json; charset=utf-8[\r][\n]&quot;
01-25-2019 12:53:08 Wire.java DEBUG [Forwarding findElement on session 9383a3a5573c9e1a2613132f9c3b3b9c to remote] http.wire 73 - http-outgoing-5 &gt;&gt; &quot;Content-Length: 35[\r][\n]&quot;
01-25-2019 12:53:08 Wire.java DEBUG [Forwarding findElement on session 9383a3a5573c9e1a2613132f9c3b3b9c to remote] http.wire 73 - http-outgoing-5 &gt;&gt; &quot;Host: localhost:13755[\r][\n]&quot;
01-25-2019 12:53:08 Wire.java DEBUG [Forwarding findElement on session 9383a3a5573c9e1a2613132f9c3b3b9c to remote] http.wire 73 - http-outgoing-5 &gt;&gt; &quot;Connection: Keep-Alive[\r][\n]&quot;
01-25-2019 12:53:08 Wire.java DEBUG [Forwarding findElement on session 9383a3a5573c9e1a2613132f9c3b3b9c to remote] http.wire 73 - http-outgoing-5 &gt;&gt; &quot;User-Agent: Apache-HttpClient/4.5.3 (Java/1.8.0_201)[\r][\n]&quot;
01-25-2019 12:53:08 Wire.java DEBUG [Forwarding findElement on session 9383a3a5573c9e1a2613132f9c3b3b9c to remote] http.wire 73 - http-outgoing-5 &gt;&gt; &quot;Accept-Encoding: gzip,deflate[\r][\n]&quot;
01-25-2019 12:53:08 Wire.java DEBUG [Forwarding findElement on session 9383a3a5573c9e1a2613132f9c3b3b9c to remote] http.wire 73 - http-outgoing-5 &gt;&gt; &quot;[\r][\n]&quot;
01-25-2019 12:53:08 Wire.java DEBUG [Forwarding findElement on session 9383a3a5573c9e1a2613132f9c3b3b9c to remote] http.wire 87 - http-outgoing-5 &gt;&gt; &quot;{&quot;using&quot;:&quot;name&quot;,&quot;value&quot;:&quot;password&quot;}&quot;
01-25-2019 12:53:08 Wire.java DEBUG [Forwarding findElement on session 9383a3a5573c9e1a2613132f9c3b3b9c to remote] http.wire 73 - http-outgoing-5 &lt;&lt; &quot;HTTP/1.1 200 OK[\r][\n]&quot;
01-25-2019 12:53:08 Wire.java DEBUG [Forwarding findElement on session 9383a3a5573c9e1a2613132f9c3b3b9c to remote] http.wire 73 - http-outgoing-5 &lt;&lt; &quot;Content-Length:102[\r][\n]&quot;
01-25-2019 12:53:08 Wire.java DEBUG [Forwarding findElement on session 9383a3a5573c9e1a2613132f9c3b3b9c to remote] http.wire 73 - http-outgoing-5 &lt;&lt; &quot;Content-Type:application/json; charset=utf-8[\r][\n]&quot;
01-25-2019 12:53:08 Wire.java DEBUG [Forwarding findElement on session 9383a3a5573c9e1a2613132f9c3b3b9c to remote] http.wire 73 - http-outgoing-5 &lt;&lt; &quot;[\r][\n]&quot;
01-25-2019 12:53:08 Wire.java DEBUG [Forwarding findElement on session 9383a3a5573c9e1a2613132f9c3b3b9c to remote] http.wire 87 - http-outgoing-5 &lt;&lt; &quot;{&quot;sessionId&quot;:&quot;9383a3a5573c9e1a2613132f9c3b3b9c&quot;,&quot;status&quot;:0,&quot;value&quot;:{&quot;ELEMENT&quot;:&quot;0.3086180664518181-2&quot;}}&quot;
01-25-2019 12:53:08 LoggingManagedHttpClientConnection.java DEBUG [Forwarding findElement on session 9383a3a5573c9e1a2613132f9c3b3b9c to remote] http.headers 122 - http-outgoing-5 &lt;&lt; HTTP/1.1 200 OK
01-25-2019 12:53:08 LoggingManagedHttpClientConnection.java DEBUG [Forwarding findElement on session 9383a3a5573c9e1a2613132f9c3b3b9c to remote] http.headers 125 - http-outgoing-5 &lt;&lt; Content-Length:102
01-25-2019 12:53:08 LoggingManagedHttpClientConnection.java DEBUG [Forwarding findElement on session 9383a3a5573c9e1a2613132f9c3b3b9c to remote] http.headers 125 - http-outgoing-5 &lt;&lt; Content-Type:application/json; charset=utf-8
01-25-2019 12:53:08 MainClientExec.java DEBUG [Forwarding findElement on session 9383a3a5573c9e1a2613132f9c3b3b9c to remote] execchain.MainClientExec 285 - Connection can be kept alive indefinitely
01-25-2019 12:53:08 PoolingHttpClientConnectionManager.java DEBUG [Forwarding findElement on session 9383a3a5573c9e1a2613132f9c3b3b9c to remote] conn.PoolingHttpClientConnectionManager 320 - Connection [id: 5][route: {}-&gt;http://localhost:13755] can be kept alive indefinitely
01-25-2019 12:53:08 PoolingHttpClientConnectionManager.java DEBUG [Forwarding findElement on session 9383a3a5573c9e1a2613132f9c3b3b9c to remote] conn.PoolingHttpClientConnectionManager 326 - Connection released: [id: 5][route: {}-&gt;http://localhost:13755][total kept alive: 1; route allocated: 1 of 2000; total allocated: 1 of 2000]
Found Element By : By.name: password
01-25-2019 12:53:08 RequestAddCookies.java DEBUG [Forwarding sendKeysToElement on session 9383a3a5573c9e1a2613132f9c3b3b9c to remote] protocol.RequestAddCookies 123 - CookieSpec selected: default
01-25-2019 12:53:08 RequestAuthCache.java DEBUG [Forwarding sendKeysToElement on session 9383a3a5573c9e1a2613132f9c3b3b9c to remote] protocol.RequestAuthCache 77 - Auth cache not set in the context
01-25-2019 12:53:08 PoolingHttpClientConnectionManager.java DEBUG [Forwarding sendKeysToElement on session 9383a3a5573c9e1a2613132f9c3b3b9c to remote] conn.PoolingHttpClientConnectionManager 255 - Connection request: [route: {}-&gt;http://localhost:13755][total kept alive: 1; route allocated: 1 of 2000; total allocated: 1 of 2000]
01-25-2019 12:53:08 PoolingHttpClientConnectionManager.java DEBUG [Forwarding sendKeysToElement on session 9383a3a5573c9e1a2613132f9c3b3b9c to remote] conn.PoolingHttpClientConnectionManager 288 - Connection leased: [id: 5][route: {}-&gt;http://localhost:13755][total kept alive: 0; route allocated: 1 of 2000; total allocated: 1 of 2000]
01-25-2019 12:53:08 MainClientExec.java DEBUG [Forwarding sendKeysToElement on session 9383a3a5573c9e1a2613132f9c3b3b9c to remote] execchain.MainClientExec 208 - Stale connection check
01-25-2019 12:53:08 Wire.java DEBUG [Forwarding sendKeysToElement on session 9383a3a5573c9e1a2613132f9c3b3b9c to remote] http.wire 87 - http-outgoing-5 &lt;&lt; &quot;[read] I/O error: Read timed out&quot;
01-25-2019 12:53:08 LoggingManagedHttpClientConnection.java DEBUG [Forwarding sendKeysToElement on session 9383a3a5573c9e1a2613132f9c3b3b9c to remote] conn.DefaultManagedHttpClientConnection 88 - http-outgoing-5: set socket timeout to 10800000
01-25-2019 12:53:08 MainClientExec.java DEBUG [Forwarding sendKeysToElement on session 9383a3a5573c9e1a2613132f9c3b3b9c to remote] execchain.MainClientExec 256 - Executing request POST /session/9383a3a5573c9e1a2613132f9c3b3b9c/element/0.3086180664518181-2/value HTTP/1.1
01-25-2019 12:53:08 MainClientExec.java DEBUG [Forwarding sendKeysToElement on session 9383a3a5573c9e1a2613132f9c3b3b9c to remote] execchain.MainClientExec 261 - Target auth state: UNCHALLENGED
01-25-2019 12:53:08 MainClientExec.java DEBUG [Forwarding sendKeysToElement on session 9383a3a5573c9e1a2613132f9c3b3b9c to remote] execchain.MainClientExec 267 - Proxy auth state: UNCHALLENGED
01-25-2019 12:53:08 LoggingManagedHttpClientConnection.java DEBUG [Forwarding sendKeysToElement on session 9383a3a5573c9e1a2613132f9c3b3b9c to remote] http.headers 133 - http-outgoing-5 &gt;&gt; POST /session/9383a3a5573c9e1a2613132f9c3b3b9c/element/0.3086180664518181-2/value HTTP/1.1
01-25-2019 12:53:08 LoggingManagedHttpClientConnection.java DEBUG [Forwarding sendKeysToElement on session 9383a3a5573c9e1a2613132f9c3b3b9c to remote] http.headers 136 - http-outgoing-5 &gt;&gt; Content-Type: application/json; charset=utf-8
01-25-2019 12:53:08 LoggingManagedHttpClientConnection.java DEBUG [Forwarding sendKeysToElement on session 9383a3a5573c9e1a2613132f9c3b3b9c to remote] http.headers 136 - http-outgoing-5 &gt;&gt; Content-Length: 50
01-25-2019 12:53:08 LoggingManagedHttpClientConnection.java DEBUG [Forwarding sendKeysToElement on session 9383a3a5573c9e1a2613132f9c3b3b9c to remote] http.headers 136 - http-outgoing-5 &gt;&gt; Host: localhost:13755
01-25-2019 12:53:08 LoggingManagedHttpClientConnection.java DEBUG [Forwarding sendKeysToElement on session 9383a3a5573c9e1a2613132f9c3b3b9c to remote] http.headers 136 - http-outgoing-5 &gt;&gt; Connection: Keep-Alive
01-25-2019 12:53:08 LoggingManagedHttpClientConnection.java DEBUG [Forwarding sendKeysToElement on session 9383a3a5573c9e1a2613132f9c3b3b9c to remote] http.headers 136 - http-outgoing-5 &gt;&gt; User-Agent: Apache-HttpClient/4.5.3 (Java/1.8.0_201)
01-25-2019 12:53:08 LoggingManagedHttpClientConnection.java DEBUG [Forwarding sendKeysToElement on session 9383a3a5573c9e1a2613132f9c3b3b9c to remote] http.headers 136 - http-outgoing-5 &gt;&gt; Accept-Encoding: gzip,deflate
01-25-2019 12:53:08 Wire.java DEBUG [Forwarding sendKeysToElement on session 9383a3a5573c9e1a2613132f9c3b3b9c to remote] http.wire 73 - http-outgoing-5 &gt;&gt; &quot;POST /session/9383a3a5573c9e1a2613132f9c3b3b9c/element/0.3086180664518181-2/value HTTP/1.1[\r][\n]&quot;
01-25-2019 12:53:08 Wire.java DEBUG [Forwarding sendKeysToElement on session 9383a3a5573c9e1a2613132f9c3b3b9c to remote] http.wire 73 - http-outgoing-5 &gt;&gt; &quot;Content-Type: application/json; charset=utf-8[\r][\n]&quot;
01-25-2019 12:53:08 Wire.java DEBUG [Forwarding sendKeysToElement on session 9383a3a5573c9e1a2613132f9c3b3b9c to remote] http.wire 73 - http-outgoing-5 &gt;&gt; &quot;Content-Length: 50[\r][\n]&quot;
01-25-2019 12:53:08 Wire.java DEBUG [Forwarding sendKeysToElement on session 9383a3a5573c9e1a2613132f9c3b3b9c to remote] http.wire 73 - http-outgoing-5 &gt;&gt; &quot;Host: localhost:13755[\r][\n]&quot;
01-25-2019 12:53:08 Wire.java DEBUG [Forwarding sendKeysToElement on session 9383a3a5573c9e1a2613132f9c3b3b9c to remote] http.wire 73 - http-outgoing-5 &gt;&gt; &quot;Connection: Keep-Alive[\r][\n]&quot;
01-25-2019 12:53:08 Wire.java DEBUG [Forwarding sendKeysToElement on session 9383a3a5573c9e1a2613132f9c3b3b9c to remote] http.wire 73 - http-outgoing-5 &gt;&gt; &quot;User-Agent: Apache-HttpClient/4.5.3 (Java/1.8.0_201)[\r][\n]&quot;
01-25-2019 12:53:08 Wire.java DEBUG [Forwarding sendKeysToElement on session 9383a3a5573c9e1a2613132f9c3b3b9c to remote] http.wire 73 - http-outgoing-5 &gt;&gt; &quot;Accept-Encoding: gzip,deflate[\r][\n]&quot;
01-25-2019 12:53:08 Wire.java DEBUG [Forwarding sendKeysToElement on session 9383a3a5573c9e1a2613132f9c3b3b9c to remote] http.wire 73 - http-outgoing-5 &gt;&gt; &quot;[\r][\n]&quot;
01-25-2019 12:53:08 Wire.java DEBUG [Forwarding sendKeysToElement on session 9383a3a5573c9e1a2613132f9c3b3b9c to remote] http.wire 87 - http-outgoing-5 &gt;&gt; &quot;{&quot;id&quot;:&quot;0.3086180664518181-2&quot;,&quot;value&quot;:[&quot;Test@123&quot;]}&quot;
01-25-2019 12:53:08 Wire.java DEBUG [Forwarding sendKeysToElement on session 9383a3a5573c9e1a2613132f9c3b3b9c to remote] http.wire 73 - http-outgoing-5 &lt;&lt; &quot;HTTP/1.1 200 OK[\r][\n]&quot;
01-25-2019 12:53:08 Wire.java DEBUG [Forwarding sendKeysToElement on session 9383a3a5573c9e1a2613132f9c3b3b9c to remote] http.wire 73 - http-outgoing-5 &lt;&lt; &quot;Content-Length:72[\r][\n]&quot;
01-25-2019 12:53:08 Wire.java DEBUG [Forwarding sendKeysToElement on session 9383a3a5573c9e1a2613132f9c3b3b9c to remote] http.wire 73 - http-outgoing-5 &lt;&lt; &quot;Content-Type:application/json; charset=utf-8[\r][\n]&quot;
01-25-2019 12:53:08 Wire.java DEBUG [Forwarding sendKeysToElement on session 9383a3a5573c9e1a2613132f9c3b3b9c to remote] http.wire 73 - http-outgoing-5 &lt;&lt; &quot;[\r][\n]&quot;
01-25-2019 12:53:08 Wire.java DEBUG [Forwarding sendKeysToElement on session 9383a3a5573c9e1a2613132f9c3b3b9c to remote] http.wire 87 - http-outgoing-5 &lt;&lt; &quot;{&quot;sessionId&quot;:&quot;9383a3a5573c9e1a2613132f9c3b3b9c&quot;,&quot;status&quot;:0,&quot;value&quot;:null}&quot;
01-25-2019 12:53:08 LoggingManagedHttpClientConnection.java DEBUG [Forwarding sendKeysToElement on session 9383a3a5573c9e1a2613132f9c3b3b9c to remote] http.headers 122 - http-outgoing-5 &lt;&lt; HTTP/1.1 200 OK
01-25-2019 12:53:08 LoggingManagedHttpClientConnection.java DEBUG [Forwarding sendKeysToElement on session 9383a3a5573c9e1a2613132f9c3b3b9c to remote] http.headers 125 - http-outgoing-5 &lt;&lt; Content-Length:72
01-25-2019 12:53:08 LoggingManagedHttpClientConnection.java DEBUG [Forwarding sendKeysToElement on session 9383a3a5573c9e1a2613132f9c3b3b9c to remote] http.headers 125 - http-outgoing-5 &lt;&lt; Content-Type:application/json; charset=utf-8
01-25-2019 12:53:08 MainClientExec.java DEBUG [Forwarding sendKeysToElement on session 9383a3a5573c9e1a2613132f9c3b3b9c to remote] execchain.MainClientExec 285 - Connection can be kept alive indefinitely
01-25-2019 12:53:08 PoolingHttpClientConnectionManager.java DEBUG [Forwarding sendKeysToElement on session 9383a3a5573c9e1a2613132f9c3b3b9c to remote] conn.PoolingHttpClientConnectionManager 320 - Connection [id: 5][route: {}-&gt;http://localhost:13755] can be kept alive indefinitely
01-25-2019 12:53:08 PoolingHttpClientConnectionManager.java DEBUG [Forwarding sendKeysToElement on session 9383a3a5573c9e1a2613132f9c3b3b9c to remote] conn.PoolingHttpClientConnectionManager 326 - Connection released: [id: 5][route: {}-&gt;http://localhost:13755][total kept alive: 1; route allocated: 1 of 2000; total allocated: 1 of 2000]
Trying to find Element By : By.xpath: //input[@type=&quot;submit&quot;]
01-25-2019 12:53:08 RequestAddCookies.java DEBUG [Forwarding findElement on session 9383a3a5573c9e1a2613132f9c3b3b9c to remote] protocol.RequestAddCookies 123 - CookieSpec selected: default
01-25-2019 12:53:08 RequestAuthCache.java DEBUG [Forwarding findElement on session 9383a3a5573c9e1a2613132f9c3b3b9c to remote] protocol.RequestAuthCache 77 - Auth cache not set in the context
01-25-2019 12:53:08 PoolingHttpClientConnectionManager.java DEBUG [Forwarding findElement on session 9383a3a5573c9e1a2613132f9c3b3b9c to remote] conn.PoolingHttpClientConnectionManager 255 - Connection request: [route: {}-&gt;http://localhost:13755][total kept alive: 1; route allocated: 1 of 2000; total allocated: 1 of 2000]
01-25-2019 12:53:08 PoolingHttpClientConnectionManager.java DEBUG [Forwarding findElement on session 9383a3a5573c9e1a2613132f9c3b3b9c to remote] conn.PoolingHttpClientConnectionManager 288 - Connection leased: [id: 5][route: {}-&gt;http://localhost:13755][total kept alive: 0; route allocated: 1 of 2000; total allocated: 1 of 2000]
01-25-2019 12:53:08 MainClientExec.java DEBUG [Forwarding findElement on session 9383a3a5573c9e1a2613132f9c3b3b9c to remote] execchain.MainClientExec 208 - Stale connection check
01-25-2019 12:53:08 Wire.java DEBUG [Forwarding findElement on session 9383a3a5573c9e1a2613132f9c3b3b9c to remote] http.wire 87 - http-outgoing-5 &lt;&lt; &quot;[read] I/O error: Read timed out&quot;
01-25-2019 12:53:08 LoggingManagedHttpClientConnection.java DEBUG [Forwarding findElement on session 9383a3a5573c9e1a2613132f9c3b3b9c to remote] conn.DefaultManagedHttpClientConnection 88 - http-outgoing-5: set socket timeout to 10800000
01-25-2019 12:53:08 MainClientExec.java DEBUG [Forwarding findElement on session 9383a3a5573c9e1a2613132f9c3b3b9c to remote] execchain.MainClientExec 256 - Executing request POST /session/9383a3a5573c9e1a2613132f9c3b3b9c/element HTTP/1.1
01-25-2019 12:53:08 MainClientExec.java DEBUG [Forwarding findElement on session 9383a3a5573c9e1a2613132f9c3b3b9c to remote] execchain.MainClientExec 261 - Target auth state: UNCHALLENGED
01-25-2019 12:53:08 MainClientExec.java DEBUG [Forwarding findElement on session 9383a3a5573c9e1a2613132f9c3b3b9c to remote] execchain.MainClientExec 267 - Proxy auth state: UNCHALLENGED
01-25-2019 12:53:08 LoggingManagedHttpClientConnection.java DEBUG [Forwarding findElement on session 9383a3a5573c9e1a2613132f9c3b3b9c to remote] http.headers 133 - http-outgoing-5 &gt;&gt; POST /session/9383a3a5573c9e1a2613132f9c3b3b9c/element HTTP/1.1
01-25-2019 12:53:08 LoggingManagedHttpClientConnection.java DEBUG [Forwarding findElement on session 9383a3a5573c9e1a2613132f9c3b3b9c to remote] http.headers 136 - http-outgoing-5 &gt;&gt; Content-Type: application/json; charset=utf-8
01-25-2019 12:53:08 LoggingManagedHttpClientConnection.java DEBUG [Forwarding findElement on session 9383a3a5573c9e1a2613132f9c3b3b9c to remote] http.headers 136 - http-outgoing-5 &gt;&gt; Content-Length: 53
01-25-2019 12:53:08 LoggingManagedHttpClientConnection.java DEBUG [Forwarding findElement on session 9383a3a5573c9e1a2613132f9c3b3b9c to remote] http.headers 136 - http-outgoing-5 &gt;&gt; Host: localhost:13755
01-25-2019 12:53:08 LoggingManagedHttpClientConnection.java DEBUG [Forwarding findElement on session 9383a3a5573c9e1a2613132f9c3b3b9c to remote] http.headers 136 - http-outgoing-5 &gt;&gt; Connection: Keep-Alive
01-25-2019 12:53:08 LoggingManagedHttpClientConnection.java DEBUG [Forwarding findElement on session 9383a3a5573c9e1a2613132f9c3b3b9c to remote] http.headers 136 - http-outgoing-5 &gt;&gt; User-Agent: Apache-HttpClient/4.5.3 (Java/1.8.0_201)
01-25-2019 12:53:08 LoggingManagedHttpClientConnection.java DEBUG [Forwarding findElement on session 9383a3a5573c9e1a2613132f9c3b3b9c to remote] http.headers 136 - http-outgoing-5 &gt;&gt; Accept-Encoding: gzip,deflate
01-25-2019 12:53:08 Wire.java DEBUG [Forwarding findElement on session 9383a3a5573c9e1a2613132f9c3b3b9c to remote] http.wire 73 - http-outgoing-5 &gt;&gt; &quot;POST /session/9383a3a5573c9e1a2613132f9c3b3b9c/element HTTP/1.1[\r][\n]&quot;
01-25-2019 12:53:08 Wire.java DEBUG [Forwarding findElement on session 9383a3a5573c9e1a2613132f9c3b3b9c to remote] http.wire 73 - http-outgoing-5 &gt;&gt; &quot;Content-Type: application/json; charset=utf-8[\r][\n]&quot;
01-25-2019 12:53:08 Wire.java DEBUG [Forwarding findElement on session 9383a3a5573c9e1a2613132f9c3b3b9c to remote] http.wire 73 - http-outgoing-5 &gt;&gt; &quot;Content-Length: 53[\r][\n]&quot;
01-25-2019 12:53:08 Wire.java DEBUG [Forwarding findElement on session 9383a3a5573c9e1a2613132f9c3b3b9c to remote] http.wire 73 - http-outgoing-5 &gt;&gt; &quot;Host: localhost:13755[\r][\n]&quot;
01-25-2019 12:53:08 Wire.java DEBUG [Forwarding findElement on session 9383a3a5573c9e1a2613132f9c3b3b9c to remote] http.wire 73 - http-outgoing-5 &gt;&gt; &quot;Connection: Keep-Alive[\r][\n]&quot;
01-25-2019 12:53:08 Wire.java DEBUG [Forwarding findElement on session 9383a3a5573c9e1a2613132f9c3b3b9c to remote] http.wire 73 - http-outgoing-5 &gt;&gt; &quot;User-Agent: Apache-HttpClient/4.5.3 (Java/1.8.0_201)[\r][\n]&quot;
01-25-2019 12:53:08 Wire.java DEBUG [Forwarding findElement on session 9383a3a5573c9e1a2613132f9c3b3b9c to remote] http.wire 73 - http-outgoing-5 &gt;&gt; &quot;Accept-Encoding: gzip,deflate[\r][\n]&quot;
01-25-2019 12:53:08 Wire.java DEBUG [Forwarding findElement on session 9383a3a5573c9e1a2613132f9c3b3b9c to remote] http.wire 73 - http-outgoing-5 &gt;&gt; &quot;[\r][\n]&quot;
01-25-2019 12:53:08 Wire.java DEBUG [Forwarding findElement on session 9383a3a5573c9e1a2613132f9c3b3b9c to remote] http.wire 87 - http-outgoing-5 &gt;&gt; &quot;{&quot;using&quot;:&quot;xpath&quot;,&quot;value&quot;:&quot;//input[@type=\&quot;submit\&quot;]&quot;}&quot;
01-25-2019 12:53:08 Wire.java DEBUG [Forwarding findElement on session 9383a3a5573c9e1a2613132f9c3b3b9c to remote] http.wire 73 - http-outgoing-5 &lt;&lt; &quot;HTTP/1.1 200 OK[\r][\n]&quot;
01-25-2019 12:53:08 Wire.java DEBUG [Forwarding findElement on session 9383a3a5573c9e1a2613132f9c3b3b9c to remote] http.wire 73 - http-outgoing-5 &lt;&lt; &quot;Content-Length:102[\r][\n]&quot;
01-25-2019 12:53:08 Wire.java DEBUG [Forwarding findElement on session 9383a3a5573c9e1a2613132f9c3b3b9c to remote] http.wire 73 - http-outgoing-5 &lt;&lt; &quot;Content-Type:application/json; charset=utf-8[\r][\n]&quot;
01-25-2019 12:53:08 Wire.java DEBUG [Forwarding findElement on session 9383a3a5573c9e1a2613132f9c3b3b9c to remote] http.wire 73 - http-outgoing-5 &lt;&lt; &quot;[\r][\n]&quot;
01-25-2019 12:53:08 Wire.java DEBUG [Forwarding findElement on session 9383a3a5573c9e1a2613132f9c3b3b9c to remote] http.wire 87 - http-outgoing-5 &lt;&lt; &quot;{&quot;sessionId&quot;:&quot;9383a3a5573c9e1a2613132f9c3b3b9c&quot;,&quot;status&quot;:0,&quot;value&quot;:{&quot;ELEMENT&quot;:&quot;0.3086180664518181-3&quot;}}&quot;
01-25-2019 12:53:08 LoggingManagedHttpClientConnection.java DEBUG [Forwarding findElement on session 9383a3a5573c9e1a2613132f9c3b3b9c to remote] http.headers 122 - http-outgoing-5 &lt;&lt; HTTP/1.1 200 OK
01-25-2019 12:53:08 LoggingManagedHttpClientConnection.java DEBUG [Forwarding findElement on session 9383a3a5573c9e1a2613132f9c3b3b9c to remote] http.headers 125 - http-outgoing-5 &lt;&lt; Content-Length:102
01-25-2019 12:53:08 LoggingManagedHttpClientConnection.java DEBUG [Forwarding findElement on session 9383a3a5573c9e1a2613132f9c3b3b9c to remote] http.headers 125 - http-outgoing-5 &lt;&lt; Content-Type:application/json; charset=utf-8
01-25-2019 12:53:08 MainClientExec.java DEBUG [Forwarding findElement on session 9383a3a5573c9e1a2613132f9c3b3b9c to remote] execchain.MainClientExec 285 - Connection can be kept alive indefinitely
01-25-2019 12:53:08 PoolingHttpClientConnectionManager.java DEBUG [Forwarding findElement on session 9383a3a5573c9e1a2613132f9c3b3b9c to remote] conn.PoolingHttpClientConnectionManager 320 - Connection [id: 5][route: {}-&gt;http://localhost:13755] can be kept alive indefinitely
01-25-2019 12:53:08 PoolingHttpClientConnectionManager.java DEBUG [Forwarding findElement on session 9383a3a5573c9e1a2613132f9c3b3b9c to remote] conn.PoolingHttpClientConnectionManager 326 - Connection released: [id: 5][route: {}-&gt;http://localhost:13755][total kept alive: 1; route allocated: 1 of 2000; total allocated: 1 of 2000]
Found Element By : By.xpath: //input[@type=&quot;submit&quot;]
01-25-2019 12:53:08 RequestAddCookies.java DEBUG [Forwarding submitElement on session 9383a3a5573c9e1a2613132f9c3b3b9c to remote] protocol.RequestAddCookies 123 - CookieSpec selected: default
01-25-2019 12:53:08 RequestAuthCache.java DEBUG [Forwarding submitElement on session 9383a3a5573c9e1a2613132f9c3b3b9c to remote] protocol.RequestAuthCache 77 - Auth cache not set in the context
01-25-2019 12:53:08 PoolingHttpClientConnectionManager.java DEBUG [Forwarding submitElement on session 9383a3a5573c9e1a2613132f9c3b3b9c to remote] conn.PoolingHttpClientConnectionManager 255 - Connection request: [route: {}-&gt;http://localhost:13755][total kept alive: 1; route allocated: 1 of 2000; total allocated: 1 of 2000]
01-25-2019 12:53:08 PoolingHttpClientConnectionManager.java DEBUG [Forwarding submitElement on session 9383a3a5573c9e1a2613132f9c3b3b9c to remote] conn.PoolingHttpClientConnectionManager 288 - Connection leased: [id: 5][route: {}-&gt;http://localhost:13755][total kept alive: 0; route allocated: 1 of 2000; total allocated: 1 of 2000]
01-25-2019 12:53:08 MainClientExec.java DEBUG [Forwarding submitElement on session 9383a3a5573c9e1a2613132f9c3b3b9c to remote] execchain.MainClientExec 208 - Stale connection check
01-25-2019 12:53:08 Wire.java DEBUG [Forwarding submitElement on session 9383a3a5573c9e1a2613132f9c3b3b9c to remote] http.wire 87 - http-outgoing-5 &lt;&lt; &quot;[read] I/O error: Read timed out&quot;
01-25-2019 12:53:08 LoggingManagedHttpClientConnection.java DEBUG [Forwarding submitElement on session 9383a3a5573c9e1a2613132f9c3b3b9c to remote] conn.DefaultManagedHttpClientConnection 88 - http-outgoing-5: set socket timeout to 10800000
01-25-2019 12:53:08 MainClientExec.java DEBUG [Forwarding submitElement on session 9383a3a5573c9e1a2613132f9c3b3b9c to remote] execchain.MainClientExec 256 - Executing request POST /session/9383a3a5573c9e1a2613132f9c3b3b9c/element/0.3086180664518181-3/submit HTTP/1.1
01-25-2019 12:53:08 MainClientExec.java DEBUG [Forwarding submitElement on session 9383a3a5573c9e1a2613132f9c3b3b9c to remote] execchain.MainClientExec 261 - Target auth state: UNCHALLENGED
01-25-2019 12:53:08 MainClientExec.java DEBUG [Forwarding submitElement on session 9383a3a5573c9e1a2613132f9c3b3b9c to remote] execchain.MainClientExec 267 - Proxy auth state: UNCHALLENGED
01-25-2019 12:53:08 LoggingManagedHttpClientConnection.java DEBUG [Forwarding submitElement on session 9383a3a5573c9e1a2613132f9c3b3b9c to remote] http.headers 133 - http-outgoing-5 &gt;&gt; POST /session/9383a3a5573c9e1a2613132f9c3b3b9c/element/0.3086180664518181-3/submit HTTP/1.1
01-25-2019 12:53:08 LoggingManagedHttpClientConnection.java DEBUG [Forwarding submitElement on session 9383a3a5573c9e1a2613132f9c3b3b9c to remote] http.headers 136 - http-outgoing-5 &gt;&gt; Content-Type: application/json; charset=utf-8
01-25-2019 12:53:08 LoggingManagedHttpClientConnection.java DEBUG [Forwarding submitElement on session 9383a3a5573c9e1a2613132f9c3b3b9c to remote] http.headers 136 - http-outgoing-5 &gt;&gt; Content-Length: 29
01-25-2019 12:53:08 LoggingManagedHttpClientConnection.java DEBUG [Forwarding submitElement on session 9383a3a5573c9e1a2613132f9c3b3b9c to remote] http.headers 136 - http-outgoing-5 &gt;&gt; Host: localhost:13755
01-25-2019 12:53:08 LoggingManagedHttpClientConnection.java DEBUG [Forwarding submitElement on session 9383a3a5573c9e1a2613132f9c3b3b9c to remote] http.headers 136 - http-outgoing-5 &gt;&gt; Connection: Keep-Alive
01-25-2019 12:53:08 LoggingManagedHttpClientConnection.java DEBUG [Forwarding submitElement on session 9383a3a5573c9e1a2613132f9c3b3b9c to remote] http.headers 136 - http-outgoing-5 &gt;&gt; User-Agent: Apache-HttpClient/4.5.3 (Java/1.8.0_201)
01-25-2019 12:53:08 LoggingManagedHttpClientConnection.java DEBUG [Forwarding submitElement on session 9383a3a5573c9e1a2613132f9c3b3b9c to remote] http.headers 136 - http-outgoing-5 &gt;&gt; Accept-Encoding: gzip,deflate
01-25-2019 12:53:08 Wire.java DEBUG [Forwarding submitElement on session 9383a3a5573c9e1a2613132f9c3b3b9c to remote] http.wire 73 - http-outgoing-5 &gt;&gt; &quot;POST /session/9383a3a5573c9e1a2613132f9c3b3b9c/element/0.3086180664518181-3/submit HTTP/1.1[\r][\n]&quot;
01-25-2019 12:53:08 Wire.java DEBUG [Forwarding submitElement on session 9383a3a5573c9e1a2613132f9c3b3b9c to remote] http.wire 73 - http-outgoing-5 &gt;&gt; &quot;Content-Type: application/json; charset=utf-8[\r][\n]&quot;
01-25-2019 12:53:08 Wire.java DEBUG [Forwarding submitElement on session 9383a3a5573c9e1a2613132f9c3b3b9c to remote] http.wire 73 - http-outgoing-5 &gt;&gt; &quot;Content-Length: 29[\r][\n]&quot;
01-25-2019 12:53:08 Wire.java DEBUG [Forwarding submitElement on session 9383a3a5573c9e1a2613132f9c3b3b9c to remote] http.wire 73 - http-outgoing-5 &gt;&gt; &quot;Host: localhost:13755[\r][\n]&quot;
01-25-2019 12:53:08 Wire.java DEBUG [Forwarding submitElement on session 9383a3a5573c9e1a2613132f9c3b3b9c to remote] http.wire 73 - http-outgoing-5 &gt;&gt; &quot;Connection: Keep-Alive[\r][\n]&quot;
01-25-2019 12:53:08 Wire.java DEBUG [Forwarding submitElement on session 9383a3a5573c9e1a2613132f9c3b3b9c to remote] http.wire 73 - http-outgoing-5 &gt;&gt; &quot;User-Agent: Apache-HttpClient/4.5.3 (Java/1.8.0_201)[\r][\n]&quot;
01-25-2019 12:53:08 Wire.java DEBUG [Forwarding submitElement on session 9383a3a5573c9e1a2613132f9c3b3b9c to remote] http.wire 73 - http-outgoing-5 &gt;&gt; &quot;Accept-Encoding: gzip,deflate[\r][\n]&quot;
01-25-2019 12:53:08 Wire.java DEBUG [Forwarding submitElement on session 9383a3a5573c9e1a2613132f9c3b3b9c to remote] http.wire 73 - http-outgoing-5 &gt;&gt; &quot;[\r][\n]&quot;
01-25-2019 12:53:08 Wire.java DEBUG [Forwarding submitElement on session 9383a3a5573c9e1a2613132f9c3b3b9c to remote] http.wire 87 - http-outgoing-5 &gt;&gt; &quot;{&quot;id&quot;:&quot;0.3086180664518181-3&quot;}&quot;
01-25-2019 12:53:18 Wire.java DEBUG [Forwarding submitElement on session 9383a3a5573c9e1a2613132f9c3b3b9c to remote] http.wire 73 - http-outgoing-5 &lt;&lt; &quot;HTTP/1.1 200 OK[\r][\n]&quot;
01-25-2019 12:53:18 Wire.java DEBUG [Forwarding submitElement on session 9383a3a5573c9e1a2613132f9c3b3b9c to remote] http.wire 73 - http-outgoing-5 &lt;&lt; &quot;Content-Length:72[\r][\n]&quot;
01-25-2019 12:53:18 Wire.java DEBUG [Forwarding submitElement on session 9383a3a5573c9e1a2613132f9c3b3b9c to remote] http.wire 73 - http-outgoing-5 &lt;&lt; &quot;Content-Type:application/json; charset=utf-8[\r][\n]&quot;
01-25-2019 12:53:18 Wire.java DEBUG [Forwarding submitElement on session 9383a3a5573c9e1a2613132f9c3b3b9c to remote] http.wire 73 - http-outgoing-5 &lt;&lt; &quot;[\r][\n]&quot;
01-25-2019 12:53:18 Wire.java DEBUG [Forwarding submitElement on session 9383a3a5573c9e1a2613132f9c3b3b9c to remote] http.wire 87 - http-outgoing-5 &lt;&lt; &quot;{&quot;sessionId&quot;:&quot;9383a3a5573c9e1a2613132f9c3b3b9c&quot;,&quot;status&quot;:0,&quot;value&quot;:null}&quot;
01-25-2019 12:53:18 LoggingManagedHttpClientConnection.java DEBUG [Forwarding submitElement on session 9383a3a5573c9e1a2613132f9c3b3b9c to remote] http.headers 122 - http-outgoing-5 &lt;&lt; HTTP/1.1 200 OK
01-25-2019 12:53:18 LoggingManagedHttpClientConnection.java DEBUG [Forwarding submitElement on session 9383a3a5573c9e1a2613132f9c3b3b9c to remote] http.headers 125 - http-outgoing-5 &lt;&lt; Content-Length:72
01-25-2019 12:53:18 LoggingManagedHttpClientConnection.java DEBUG [Forwarding submitElement on session 9383a3a5573c9e1a2613132f9c3b3b9c to remote] http.headers 125 - http-outgoing-5 &lt;&lt; Content-Type:application/json; charset=utf-8
01-25-2019 12:53:18 MainClientExec.java DEBUG [Forwarding submitElement on session 9383a3a5573c9e1a2613132f9c3b3b9c to remote] execchain.MainClientExec 285 - Connection can be kept alive indefinitely
01-25-2019 12:53:18 PoolingHttpClientConnectionManager.java DEBUG [Forwarding submitElement on session 9383a3a5573c9e1a2613132f9c3b3b9c to remote] conn.PoolingHttpClientConnectionManager 320 - Connection [id: 5][route: {}-&gt;http://localhost:13755] can be kept alive indefinitely
01-25-2019 12:53:18 PoolingHttpClientConnectionManager.java DEBUG [Forwarding submitElement on session 9383a3a5573c9e1a2613132f9c3b3b9c to remote] conn.PoolingHttpClientConnectionManager 326 - Connection released: [id: 5][route: {}-&gt;http://localhost:13755][total kept alive: 1; route allocated: 1 of 2000; total allocated: 1 of 2000]
01-25-2019 12:53:18 RequestAddCookies.java DEBUG [Forwarding findElements on session 9383a3a5573c9e1a2613132f9c3b3b9c to remote] protocol.RequestAddCookies 123 - CookieSpec selected: default
01-25-2019 12:53:18 RequestAuthCache.java DEBUG [Forwarding findElements on session 9383a3a5573c9e1a2613132f9c3b3b9c to remote] protocol.RequestAuthCache 77 - Auth cache not set in the context
01-25-2019 12:53:18 PoolingHttpClientConnectionManager.java DEBUG [Forwarding findElements on session 9383a3a5573c9e1a2613132f9c3b3b9c to remote] conn.PoolingHttpClientConnectionManager 255 - Connection request: [route: {}-&gt;http://localhost:13755][total kept alive: 1; route allocated: 1 of 2000; total allocated: 1 of 2000]
01-25-2019 12:53:18 PoolingHttpClientConnectionManager.java DEBUG [Forwarding findElements on session 9383a3a5573c9e1a2613132f9c3b3b9c to remote] conn.PoolingHttpClientConnectionManager 288 - Connection leased: [id: 5][route: {}-&gt;http://localhost:13755][total kept alive: 0; route allocated: 1 of 2000; total allocated: 1 of 2000]
01-25-2019 12:53:18 MainClientExec.java DEBUG [Forwarding findElements on session 9383a3a5573c9e1a2613132f9c3b3b9c to remote] execchain.MainClientExec 208 - Stale connection check
01-25-2019 12:53:18 Wire.java DEBUG [Forwarding findElements on session 9383a3a5573c9e1a2613132f9c3b3b9c to remote] http.wire 87 - http-outgoing-5 &lt;&lt; &quot;[read] I/O error: Read timed out&quot;
01-25-2019 12:53:18 LoggingManagedHttpClientConnection.java DEBUG [Forwarding findElements on session 9383a3a5573c9e1a2613132f9c3b3b9c to remote] conn.DefaultManagedHttpClientConnection 88 - http-outgoing-5: set socket timeout to 10800000
01-25-2019 12:53:18 MainClientExec.java DEBUG [Forwarding findElements on session 9383a3a5573c9e1a2613132f9c3b3b9c to remote] execchain.MainClientExec 256 - Executing request POST /session/9383a3a5573c9e1a2613132f9c3b3b9c/elements HTTP/1.1
01-25-2019 12:53:18 MainClientExec.java DEBUG [Forwarding findElements on session 9383a3a5573c9e1a2613132f9c3b3b9c to remote] execchain.MainClientExec 261 - Target auth state: UNCHALLENGED
01-25-2019 12:53:18 MainClientExec.java DEBUG [Forwarding findElements on session 9383a3a5573c9e1a2613132f9c3b3b9c to remote] execchain.MainClientExec 267 - Proxy auth state: UNCHALLENGED
01-25-2019 12:53:18 LoggingManagedHttpClientConnection.java DEBUG [Forwarding findElements on session 9383a3a5573c9e1a2613132f9c3b3b9c to remote] http.headers 133 - http-outgoing-5 &gt;&gt; POST /session/9383a3a5573c9e1a2613132f9c3b3b9c/elements HTTP/1.1
01-25-2019 12:53:18 LoggingManagedHttpClientConnection.java DEBUG [Forwarding findElements on session 9383a3a5573c9e1a2613132f9c3b3b9c to remote] http.headers 136 - http-outgoing-5 &gt;&gt; Content-Type: application/json; charset=utf-8
01-25-2019 12:53:18 LoggingManagedHttpClientConnection.java DEBUG [Forwarding findElements on session 9383a3a5573c9e1a2613132f9c3b3b9c to remote] http.headers 136 - http-outgoing-5 &gt;&gt; Content-Length: 83
01-25-2019 12:53:18 LoggingManagedHttpClientConnection.java DEBUG [Forwarding findElements on session 9383a3a5573c9e1a2613132f9c3b3b9c to remote] http.headers 136 - http-outgoing-5 &gt;&gt; Host: localhost:13755
01-25-2019 12:53:18 LoggingManagedHttpClientConnection.java DEBUG [Forwarding findElements on session 9383a3a5573c9e1a2613132f9c3b3b9c to remote] http.headers 136 - http-outgoing-5 &gt;&gt; Connection: Keep-Alive
01-25-2019 12:53:18 LoggingManagedHttpClientConnection.java DEBUG [Forwarding findElements on session 9383a3a5573c9e1a2613132f9c3b3b9c to remote] http.headers 136 - http-outgoing-5 &gt;&gt; User-Agent: Apache-HttpClient/4.5.3 (Java/1.8.0_201)
01-25-2019 12:53:18 LoggingManagedHttpClientConnection.java DEBUG [Forwarding findElements on session 9383a3a5573c9e1a2613132f9c3b3b9c to remote] http.headers 136 - http-outgoing-5 &gt;&gt; Accept-Encoding: gzip,deflate
01-25-2019 12:53:18 Wire.java DEBUG [Forwarding findElements on session 9383a3a5573c9e1a2613132f9c3b3b9c to remote] http.wire 73 - http-outgoing-5 &gt;&gt; &quot;POST /session/9383a3a5573c9e1a2613132f9c3b3b9c/elements HTTP/1.1[\r][\n]&quot;
01-25-2019 12:53:18 Wire.java DEBUG [Forwarding findElements on session 9383a3a5573c9e1a2613132f9c3b3b9c to remote] http.wire 73 - http-outgoing-5 &gt;&gt; &quot;Content-Type: application/json; charset=utf-8[\r][\n]&quot;
01-25-2019 12:53:18 Wire.java DEBUG [Forwarding findElements on session 9383a3a5573c9e1a2613132f9c3b3b9c to remote] http.wire 73 - http-outgoing-5 &gt;&gt; &quot;Content-Length: 83[\r][\n]&quot;
01-25-2019 12:53:18 Wire.java DEBUG [Forwarding findElements on session 9383a3a5573c9e1a2613132f9c3b3b9c to remote] http.wire 73 - http-outgoing-5 &gt;&gt; &quot;Host: localhost:13755[\r][\n]&quot;
01-25-2019 12:53:18 Wire.java DEBUG [Forwarding findElements on session 9383a3a5573c9e1a2613132f9c3b3b9c to remote] http.wire 73 - http-outgoing-5 &gt;&gt; &quot;Connection: Keep-Alive[\r][\n]&quot;
01-25-2019 12:53:18 Wire.java DEBUG [Forwarding findElements on session 9383a3a5573c9e1a2613132f9c3b3b9c to remote] http.wire 73 - http-outgoing-5 &gt;&gt; &quot;User-Agent: Apache-HttpClient/4.5.3 (Java/1.8.0_201)[\r][\n]&quot;
01-25-2019 12:53:18 Wire.java DEBUG [Forwarding findElements on session 9383a3a5573c9e1a2613132f9c3b3b9c to remote] http.wire 73 - http-outgoing-5 &gt;&gt; &quot;Accept-Encoding: gzip,deflate[\r][\n]&quot;
01-25-2019 12:53:18 Wire.java DEBUG [Forwarding findElements on session 9383a3a5573c9e1a2613132f9c3b3b9c to remote] http.wire 73 - http-outgoing-5 &gt;&gt; &quot;[\r][\n]&quot;
01-25-2019 12:53:18 Wire.java DEBUG [Forwarding findElements on session 9383a3a5573c9e1a2613132f9c3b3b9c to remote] http.wire 87 - http-outgoing-5 &gt;&gt; &quot;{&quot;using&quot;:&quot;css selector&quot;,&quot;value&quot;:&quot;frame[name=&apos;mainpanel&apos;],iframe[name=&apos;mainpanel&apos;]&quot;}&quot;
01-25-2019 12:53:18 Wire.java DEBUG [Forwarding findElements on session 9383a3a5573c9e1a2613132f9c3b3b9c to remote] http.wire 73 - http-outgoing-5 &lt;&lt; &quot;HTTP/1.1 200 OK[\r][\n]&quot;
01-25-2019 12:53:18 Wire.java DEBUG [Forwarding findElements on session 9383a3a5573c9e1a2613132f9c3b3b9c to remote] http.wire 73 - http-outgoing-5 &lt;&lt; &quot;Content-Length:105[\r][\n]&quot;
01-25-2019 12:53:18 Wire.java DEBUG [Forwarding findElements on session 9383a3a5573c9e1a2613132f9c3b3b9c to remote] http.wire 73 - http-outgoing-5 &lt;&lt; &quot;Content-Type:application/json; charset=utf-8[\r][\n]&quot;
01-25-2019 12:53:18 Wire.java DEBUG [Forwarding findElements on session 9383a3a5573c9e1a2613132f9c3b3b9c to remote] http.wire 73 - http-outgoing-5 &lt;&lt; &quot;[\r][\n]&quot;
01-25-2019 12:53:18 Wire.java DEBUG [Forwarding findElements on session 9383a3a5573c9e1a2613132f9c3b3b9c to remote] http.wire 87 - http-outgoing-5 &lt;&lt; &quot;{&quot;sessionId&quot;:&quot;9383a3a5573c9e1a2613132f9c3b3b9c&quot;,&quot;status&quot;:0,&quot;value&quot;:[{&quot;ELEMENT&quot;:&quot;0.02504269586293395-1&quot;}]}&quot;
01-25-2019 12:53:18 LoggingManagedHttpClientConnection.java DEBUG [Forwarding findElements on session 9383a3a5573c9e1a2613132f9c3b3b9c to remote] http.headers 122 - http-outgoing-5 &lt;&lt; HTTP/1.1 200 OK
01-25-2019 12:53:18 LoggingManagedHttpClientConnection.java DEBUG [Forwarding findElements on session 9383a3a5573c9e1a2613132f9c3b3b9c to remote] http.headers 125 - http-outgoing-5 &lt;&lt; Content-Length:105
01-25-2019 12:53:18 LoggingManagedHttpClientConnection.java DEBUG [Forwarding findElements on session 9383a3a5573c9e1a2613132f9c3b3b9c to remote] http.headers 125 - http-outgoing-5 &lt;&lt; Content-Type:application/json; charset=utf-8
01-25-2019 12:53:18 MainClientExec.java DEBUG [Forwarding findElements on session 9383a3a5573c9e1a2613132f9c3b3b9c to remote] execchain.MainClientExec 285 - Connection can be kept alive indefinitely
01-25-2019 12:53:18 PoolingHttpClientConnectionManager.java DEBUG [Forwarding findElements on session 9383a3a5573c9e1a2613132f9c3b3b9c to remote] conn.PoolingHttpClientConnectionManager 320 - Connection [id: 5][route: {}-&gt;http://localhost:13755] can be kept alive indefinitely
01-25-2019 12:53:18 PoolingHttpClientConnectionManager.java DEBUG [Forwarding findElements on session 9383a3a5573c9e1a2613132f9c3b3b9c to remote] conn.PoolingHttpClientConnectionManager 326 - Connection released: [id: 5][route: {}-&gt;http://localhost:13755][total kept alive: 1; route allocated: 1 of 2000; total allocated: 1 of 2000]
01-25-2019 12:53:18 RequestAddCookies.java DEBUG [Forwarding switchToFrame on session 9383a3a5573c9e1a2613132f9c3b3b9c to remote] protocol.RequestAddCookies 123 - CookieSpec selected: default
01-25-2019 12:53:18 RequestAuthCache.java DEBUG [Forwarding switchToFrame on session 9383a3a5573c9e1a2613132f9c3b3b9c to remote] protocol.RequestAuthCache 77 - Auth cache not set in the context
01-25-2019 12:53:18 PoolingHttpClientConnectionManager.java DEBUG [Forwarding switchToFrame on session 9383a3a5573c9e1a2613132f9c3b3b9c to remote] conn.PoolingHttpClientConnectionManager 255 - Connection request: [route: {}-&gt;http://localhost:13755][total kept alive: 1; route allocated: 1 of 2000; total allocated: 1 of 2000]
01-25-2019 12:53:18 PoolingHttpClientConnectionManager.java DEBUG [Forwarding switchToFrame on session 9383a3a5573c9e1a2613132f9c3b3b9c to remote] conn.PoolingHttpClientConnectionManager 288 - Connection leased: [id: 5][route: {}-&gt;http://localhost:13755][total kept alive: 0; route allocated: 1 of 2000; total allocated: 1 of 2000]
01-25-2019 12:53:18 MainClientExec.java DEBUG [Forwarding switchToFrame on session 9383a3a5573c9e1a2613132f9c3b3b9c to remote] execchain.MainClientExec 208 - Stale connection check
01-25-2019 12:53:18 Wire.java DEBUG [Forwarding switchToFrame on session 9383a3a5573c9e1a2613132f9c3b3b9c to remote] http.wire 87 - http-outgoing-5 &lt;&lt; &quot;[read] I/O error: Read timed out&quot;
01-25-2019 12:53:18 LoggingManagedHttpClientConnection.java DEBUG [Forwarding switchToFrame on session 9383a3a5573c9e1a2613132f9c3b3b9c to remote] conn.DefaultManagedHttpClientConnection 88 - http-outgoing-5: set socket timeout to 10800000
01-25-2019 12:53:18 MainClientExec.java DEBUG [Forwarding switchToFrame on session 9383a3a5573c9e1a2613132f9c3b3b9c to remote] execchain.MainClientExec 256 - Executing request POST /session/9383a3a5573c9e1a2613132f9c3b3b9c/frame HTTP/1.1
01-25-2019 12:53:18 MainClientExec.java DEBUG [Forwarding switchToFrame on session 9383a3a5573c9e1a2613132f9c3b3b9c to remote] execchain.MainClientExec 261 - Target auth state: UNCHALLENGED
01-25-2019 12:53:18 MainClientExec.java DEBUG [Forwarding switchToFrame on session 9383a3a5573c9e1a2613132f9c3b3b9c to remote] execchain.MainClientExec 267 - Proxy auth state: UNCHALLENGED
01-25-2019 12:53:18 LoggingManagedHttpClientConnection.java DEBUG [Forwarding switchToFrame on session 9383a3a5573c9e1a2613132f9c3b3b9c to remote] http.headers 133 - http-outgoing-5 &gt;&gt; POST /session/9383a3a5573c9e1a2613132f9c3b3b9c/frame HTTP/1.1
01-25-2019 12:53:18 LoggingManagedHttpClientConnection.java DEBUG [Forwarding switchToFrame on session 9383a3a5573c9e1a2613132f9c3b3b9c to remote] http.headers 136 - http-outgoing-5 &gt;&gt; Content-Type: application/json; charset=utf-8
01-25-2019 12:53:18 LoggingManagedHttpClientConnection.java DEBUG [Forwarding switchToFrame on session 9383a3a5573c9e1a2613132f9c3b3b9c to remote] http.headers 136 - http-outgoing-5 &gt;&gt; Content-Length: 104
01-25-2019 12:53:18 LoggingManagedHttpClientConnection.java DEBUG [Forwarding switchToFrame on session 9383a3a5573c9e1a2613132f9c3b3b9c to remote] http.headers 136 - http-outgoing-5 &gt;&gt; Host: localhost:13755
01-25-2019 12:53:18 LoggingManagedHttpClientConnection.java DEBUG [Forwarding switchToFrame on session 9383a3a5573c9e1a2613132f9c3b3b9c to remote] http.headers 136 - http-outgoing-5 &gt;&gt; Connection: Keep-Alive
01-25-2019 12:53:18 LoggingManagedHttpClientConnection.java DEBUG [Forwarding switchToFrame on session 9383a3a5573c9e1a2613132f9c3b3b9c to remote] http.headers 136 - http-outgoing-5 &gt;&gt; User-Agent: Apache-HttpClient/4.5.3 (Java/1.8.0_201)
01-25-2019 12:53:18 LoggingManagedHttpClientConnection.java DEBUG [Forwarding switchToFrame on session 9383a3a5573c9e1a2613132f9c3b3b9c to remote] http.headers 136 - http-outgoing-5 &gt;&gt; Accept-Encoding: gzip,deflate
01-25-2019 12:53:18 Wire.java DEBUG [Forwarding switchToFrame on session 9383a3a5573c9e1a2613132f9c3b3b9c to remote] http.wire 73 - http-outgoing-5 &gt;&gt; &quot;POST /session/9383a3a5573c9e1a2613132f9c3b3b9c/frame HTTP/1.1[\r][\n]&quot;
01-25-2019 12:53:18 Wire.java DEBUG [Forwarding switchToFrame on session 9383a3a5573c9e1a2613132f9c3b3b9c to remote] http.wire 73 - http-outgoing-5 &gt;&gt; &quot;Content-Type: application/json; charset=utf-8[\r][\n]&quot;
01-25-2019 12:53:18 Wire.java DEBUG [Forwarding switchToFrame on session 9383a3a5573c9e1a2613132f9c3b3b9c to remote] http.wire 73 - http-outgoing-5 &gt;&gt; &quot;Content-Length: 104[\r][\n]&quot;
01-25-2019 12:53:18 Wire.java DEBUG [Forwarding switchToFrame on session 9383a3a5573c9e1a2613132f9c3b3b9c to remote] http.wire 73 - http-outgoing-5 &gt;&gt; &quot;Host: localhost:13755[\r][\n]&quot;
01-25-2019 12:53:18 Wire.java DEBUG [Forwarding switchToFrame on session 9383a3a5573c9e1a2613132f9c3b3b9c to remote] http.wire 73 - http-outgoing-5 &gt;&gt; &quot;Connection: Keep-Alive[\r][\n]&quot;
01-25-2019 12:53:18 Wire.java DEBUG [Forwarding switchToFrame on session 9383a3a5573c9e1a2613132f9c3b3b9c to remote] http.wire 73 - http-outgoing-5 &gt;&gt; &quot;User-Agent: Apache-HttpClient/4.5.3 (Java/1.8.0_201)[\r][\n]&quot;
01-25-2019 12:53:18 Wire.java DEBUG [Forwarding switchToFrame on session 9383a3a5573c9e1a2613132f9c3b3b9c to remote] http.wire 73 - http-outgoing-5 &gt;&gt; &quot;Accept-Encoding: gzip,deflate[\r][\n]&quot;
01-25-2019 12:53:18 Wire.java DEBUG [Forwarding switchToFrame on session 9383a3a5573c9e1a2613132f9c3b3b9c to remote] http.wire 73 - http-outgoing-5 &gt;&gt; &quot;[\r][\n]&quot;
01-25-2019 12:53:18 Wire.java DEBUG [Forwarding switchToFrame on session 9383a3a5573c9e1a2613132f9c3b3b9c to remote] http.wire 87 - http-outgoing-5 &gt;&gt; &quot;{&quot;id&quot;:{&quot;ELEMENT&quot;:&quot;0.02504269586293395-1&quot;,&quot;element-6066-11e4-a52e-4f735466cecf&quot;:&quot;0.02504269586293395-1&quot;}}&quot;
01-25-2019 12:53:18 Wire.java DEBUG [Forwarding switchToFrame on session 9383a3a5573c9e1a2613132f9c3b3b9c to remote] http.wire 73 - http-outgoing-5 &lt;&lt; &quot;HTTP/1.1 200 OK[\r][\n]&quot;
01-25-2019 12:53:18 Wire.java DEBUG [Forwarding switchToFrame on session 9383a3a5573c9e1a2613132f9c3b3b9c to remote] http.wire 73 - http-outgoing-5 &lt;&lt; &quot;Content-Length:72[\r][\n]&quot;
01-25-2019 12:53:18 Wire.java DEBUG [Forwarding switchToFrame on session 9383a3a5573c9e1a2613132f9c3b3b9c to remote] http.wire 73 - http-outgoing-5 &lt;&lt; &quot;Content-Type:application/json; charset=utf-8[\r][\n]&quot;
01-25-2019 12:53:18 Wire.java DEBUG [Forwarding switchToFrame on session 9383a3a5573c9e1a2613132f9c3b3b9c to remote] http.wire 73 - http-outgoing-5 &lt;&lt; &quot;[\r][\n]&quot;
01-25-2019 12:53:18 Wire.java DEBUG [Forwarding switchToFrame on session 9383a3a5573c9e1a2613132f9c3b3b9c to remote] http.wire 87 - http-outgoing-5 &lt;&lt; &quot;{&quot;sessionId&quot;:&quot;9383a3a5573c9e1a2613132f9c3b3b9c&quot;,&quot;status&quot;:0,&quot;value&quot;:null}&quot;
01-25-2019 12:53:18 LoggingManagedHttpClientConnection.java DEBUG [Forwarding switchToFrame on session 9383a3a5573c9e1a2613132f9c3b3b9c to remote] http.headers 122 - http-outgoing-5 &lt;&lt; HTTP/1.1 200 OK
01-25-2019 12:53:18 LoggingManagedHttpClientConnection.java DEBUG [Forwarding switchToFrame on session 9383a3a5573c9e1a2613132f9c3b3b9c to remote] http.headers 125 - http-outgoing-5 &lt;&lt; Content-Length:72
01-25-2019 12:53:18 LoggingManagedHttpClientConnection.java DEBUG [Forwarding switchToFrame on session 9383a3a5573c9e1a2613132f9c3b3b9c to remote] http.headers 125 - http-outgoing-5 &lt;&lt; Content-Type:application/json; charset=utf-8
01-25-2019 12:53:18 MainClientExec.java DEBUG [Forwarding switchToFrame on session 9383a3a5573c9e1a2613132f9c3b3b9c to remote] execchain.MainClientExec 285 - Connection can be kept alive indefinitely
01-25-2019 12:53:18 PoolingHttpClientConnectionManager.java DEBUG [Forwarding switchToFrame on session 9383a3a5573c9e1a2613132f9c3b3b9c to remote] conn.PoolingHttpClientConnectionManager 320 - Connection [id: 5][route: {}-&gt;http://localhost:13755] can be kept alive indefinitely
01-25-2019 12:53:18 PoolingHttpClientConnectionManager.java DEBUG [Forwarding switchToFrame on session 9383a3a5573c9e1a2613132f9c3b3b9c to remote] conn.PoolingHttpClientConnectionManager 326 - Connection released: [id: 5][route: {}-&gt;http://localhost:13755][total kept alive: 1; route allocated: 1 of 2000; total allocated: 1 of 2000]
Trying to find Element By : By.xpath: //a[contains(text(), &apos;Contacts&apos;)]
01-25-2019 12:53:18 RequestAddCookies.java DEBUG [Forwarding findElement on session 9383a3a5573c9e1a2613132f9c3b3b9c to remote] protocol.RequestAddCookies 123 - CookieSpec selected: default
01-25-2019 12:53:18 RequestAuthCache.java DEBUG [Forwarding findElement on session 9383a3a5573c9e1a2613132f9c3b3b9c to remote] protocol.RequestAuthCache 77 - Auth cache not set in the context
01-25-2019 12:53:18 PoolingHttpClientConnectionManager.java DEBUG [Forwarding findElement on session 9383a3a5573c9e1a2613132f9c3b3b9c to remote] conn.PoolingHttpClientConnectionManager 255 - Connection request: [route: {}-&gt;http://localhost:13755][total kept alive: 1; route allocated: 1 of 2000; total allocated: 1 of 2000]
01-25-2019 12:53:18 PoolingHttpClientConnectionManager.java DEBUG [Forwarding findElement on session 9383a3a5573c9e1a2613132f9c3b3b9c to remote] conn.PoolingHttpClientConnectionManager 288 - Connection leased: [id: 5][route: {}-&gt;http://localhost:13755][total kept alive: 0; route allocated: 1 of 2000; total allocated: 1 of 2000]
01-25-2019 12:53:18 MainClientExec.java DEBUG [Forwarding findElement on session 9383a3a5573c9e1a2613132f9c3b3b9c to remote] execchain.MainClientExec 208 - Stale connection check
01-25-2019 12:53:18 Wire.java DEBUG [Forwarding findElement on session 9383a3a5573c9e1a2613132f9c3b3b9c to remote] http.wire 87 - http-outgoing-5 &lt;&lt; &quot;[read] I/O error: Read timed out&quot;
01-25-2019 12:53:18 LoggingManagedHttpClientConnection.java DEBUG [Forwarding findElement on session 9383a3a5573c9e1a2613132f9c3b3b9c to remote] conn.DefaultManagedHttpClientConnection 88 - http-outgoing-5: set socket timeout to 10800000
01-25-2019 12:53:18 MainClientExec.java DEBUG [Forwarding findElement on session 9383a3a5573c9e1a2613132f9c3b3b9c to remote] execchain.MainClientExec 256 - Executing request POST /session/9383a3a5573c9e1a2613132f9c3b3b9c/element HTTP/1.1
01-25-2019 12:53:18 MainClientExec.java DEBUG [Forwarding findElement on session 9383a3a5573c9e1a2613132f9c3b3b9c to remote] execchain.MainClientExec 261 - Target auth state: UNCHALLENGED
01-25-2019 12:53:18 MainClientExec.java DEBUG [Forwarding findElement on session 9383a3a5573c9e1a2613132f9c3b3b9c to remote] execchain.MainClientExec 267 - Proxy auth state: UNCHALLENGED
01-25-2019 12:53:18 LoggingManagedHttpClientConnection.java DEBUG [Forwarding findElement on session 9383a3a5573c9e1a2613132f9c3b3b9c to remote] http.headers 133 - http-outgoing-5 &gt;&gt; POST /session/9383a3a5573c9e1a2613132f9c3b3b9c/element HTTP/1.1
01-25-2019 12:53:18 LoggingManagedHttpClientConnection.java DEBUG [Forwarding findElement on session 9383a3a5573c9e1a2613132f9c3b3b9c to remote] http.headers 136 - http-outgoing-5 &gt;&gt; Content-Type: application/json; charset=utf-8
01-25-2019 12:53:18 LoggingManagedHttpClientConnection.java DEBUG [Forwarding findElement on session 9383a3a5573c9e1a2613132f9c3b3b9c to remote] http.headers 136 - http-outgoing-5 &gt;&gt; Content-Length: 61
01-25-2019 12:53:18 LoggingManagedHttpClientConnection.java DEBUG [Forwarding findElement on session 9383a3a5573c9e1a2613132f9c3b3b9c to remote] http.headers 136 - http-outgoing-5 &gt;&gt; Host: localhost:13755
01-25-2019 12:53:18 LoggingManagedHttpClientConnection.java DEBUG [Forwarding findElement on session 9383a3a5573c9e1a2613132f9c3b3b9c to remote] http.headers 136 - http-outgoing-5 &gt;&gt; Connection: Keep-Alive
01-25-2019 12:53:18 LoggingManagedHttpClientConnection.java DEBUG [Forwarding findElement on session 9383a3a5573c9e1a2613132f9c3b3b9c to remote] http.headers 136 - http-outgoing-5 &gt;&gt; User-Agent: Apache-HttpClient/4.5.3 (Java/1.8.0_201)
01-25-2019 12:53:18 LoggingManagedHttpClientConnection.java DEBUG [Forwarding findElement on session 9383a3a5573c9e1a2613132f9c3b3b9c to remote] http.headers 136 - http-outgoing-5 &gt;&gt; Accept-Encoding: gzip,deflate
01-25-2019 12:53:18 Wire.java DEBUG [Forwarding findElement on session 9383a3a5573c9e1a2613132f9c3b3b9c to remote] http.wire 73 - http-outgoing-5 &gt;&gt; &quot;POST /session/9383a3a5573c9e1a2613132f9c3b3b9c/element HTTP/1.1[\r][\n]&quot;
01-25-2019 12:53:18 Wire.java DEBUG [Forwarding findElement on session 9383a3a5573c9e1a2613132f9c3b3b9c to remote] http.wire 73 - http-outgoing-5 &gt;&gt; &quot;Content-Type: application/json; charset=utf-8[\r][\n]&quot;
01-25-2019 12:53:18 Wire.java DEBUG [Forwarding findElement on session 9383a3a5573c9e1a2613132f9c3b3b9c to remote] http.wire 73 - http-outgoing-5 &gt;&gt; &quot;Content-Length: 61[\r][\n]&quot;
01-25-2019 12:53:18 Wire.java DEBUG [Forwarding findElement on session 9383a3a5573c9e1a2613132f9c3b3b9c to remote] http.wire 73 - http-outgoing-5 &gt;&gt; &quot;Host: localhost:13755[\r][\n]&quot;
01-25-2019 12:53:18 Wire.java DEBUG [Forwarding findElement on session 9383a3a5573c9e1a2613132f9c3b3b9c to remote] http.wire 73 - http-outgoing-5 &gt;&gt; &quot;Connection: Keep-Alive[\r][\n]&quot;
01-25-2019 12:53:18 Wire.java DEBUG [Forwarding findElement on session 9383a3a5573c9e1a2613132f9c3b3b9c to remote] http.wire 73 - http-outgoing-5 &gt;&gt; &quot;User-Agent: Apache-HttpClient/4.5.3 (Java/1.8.0_201)[\r][\n]&quot;
01-25-2019 12:53:18 Wire.java DEBUG [Forwarding findElement on session 9383a3a5573c9e1a2613132f9c3b3b9c to remote] http.wire 73 - http-outgoing-5 &gt;&gt; &quot;Accept-Encoding: gzip,deflate[\r][\n]&quot;
01-25-2019 12:53:18 Wire.java DEBUG [Forwarding findElement on session 9383a3a5573c9e1a2613132f9c3b3b9c to remote] http.wire 73 - http-outgoing-5 &gt;&gt; &quot;[\r][\n]&quot;
01-25-2019 12:53:18 Wire.java DEBUG [Forwarding findElement on session 9383a3a5573c9e1a2613132f9c3b3b9c to remote] http.wire 87 - http-outgoing-5 &gt;&gt; &quot;{&quot;using&quot;:&quot;xpath&quot;,&quot;value&quot;:&quot;//a[contains(text(), &apos;Contacts&apos;)]&quot;}&quot;
01-25-2019 12:53:18 Wire.java DEBUG [Forwarding findElement on session 9383a3a5573c9e1a2613132f9c3b3b9c to remote] http.wire 73 - http-outgoing-5 &lt;&lt; &quot;HTTP/1.1 200 OK[\r][\n]&quot;
01-25-2019 12:53:18 Wire.java DEBUG [Forwarding findElement on session 9383a3a5573c9e1a2613132f9c3b3b9c to remote] http.wire 73 - http-outgoing-5 &lt;&lt; &quot;Content-Length:102[\r][\n]&quot;
01-25-2019 12:53:18 Wire.java DEBUG [Forwarding findElement on session 9383a3a5573c9e1a2613132f9c3b3b9c to remote] http.wire 73 - http-outgoing-5 &lt;&lt; &quot;Content-Type:application/json; charset=utf-8[\r][\n]&quot;
01-25-2019 12:53:18 Wire.java DEBUG [Forwarding findElement on session 9383a3a5573c9e1a2613132f9c3b3b9c to remote] http.wire 73 - http-outgoing-5 &lt;&lt; &quot;[\r][\n]&quot;
01-25-2019 12:53:18 Wire.java DEBUG [Forwarding findElement on session 9383a3a5573c9e1a2613132f9c3b3b9c to remote] http.wire 87 - http-outgoing-5 &lt;&lt; &quot;{&quot;sessionId&quot;:&quot;9383a3a5573c9e1a2613132f9c3b3b9c&quot;,&quot;status&quot;:0,&quot;value&quot;:{&quot;ELEMENT&quot;:&quot;0.5518947818754465-1&quot;}}&quot;
01-25-2019 12:53:18 LoggingManagedHttpClientConnection.java DEBUG [Forwarding findElement on session 9383a3a5573c9e1a2613132f9c3b3b9c to remote] http.headers 122 - http-outgoing-5 &lt;&lt; HTTP/1.1 200 OK
01-25-2019 12:53:18 LoggingManagedHttpClientConnection.java DEBUG [Forwarding findElement on session 9383a3a5573c9e1a2613132f9c3b3b9c to remote] http.headers 125 - http-outgoing-5 &lt;&lt; Content-Length:102
01-25-2019 12:53:18 LoggingManagedHttpClientConnection.java DEBUG [Forwarding findElement on session 9383a3a5573c9e1a2613132f9c3b3b9c to remote] http.headers 125 - http-outgoing-5 &lt;&lt; Content-Type:application/json; charset=utf-8
01-25-2019 12:53:18 MainClientExec.java DEBUG [Forwarding findElement on session 9383a3a5573c9e1a2613132f9c3b3b9c to remote] execchain.MainClientExec 285 - Connection can be kept alive indefinitely
01-25-2019 12:53:18 PoolingHttpClientConnectionManager.java DEBUG [Forwarding findElement on session 9383a3a5573c9e1a2613132f9c3b3b9c to remote] conn.PoolingHttpClientConnectionManager 320 - Connection [id: 5][route: {}-&gt;http://localhost:13755] can be kept alive indefinitely
01-25-2019 12:53:18 PoolingHttpClientConnectionManager.java DEBUG [Forwarding findElement on session 9383a3a5573c9e1a2613132f9c3b3b9c to remote] conn.PoolingHttpClientConnectionManager 326 - Connection released: [id: 5][route: {}-&gt;http://localhost:13755][total kept alive: 1; route allocated: 1 of 2000; total allocated: 1 of 2000]
Found Element By : By.xpath: //a[contains(text(), &apos;Contacts&apos;)]
Trying to click on: [[ChromeDriver: chrome on XP (9383a3a5573c9e1a2613132f9c3b3b9c)] -&gt; xpath: //a[contains(text(), &apos;Contacts&apos;)]]
01-25-2019 12:53:18 RequestAddCookies.java DEBUG [Forwarding clickElement on session 9383a3a5573c9e1a2613132f9c3b3b9c to remote] protocol.RequestAddCookies 123 - CookieSpec selected: default
01-25-2019 12:53:18 RequestAuthCache.java DEBUG [Forwarding clickElement on session 9383a3a5573c9e1a2613132f9c3b3b9c to remote] protocol.RequestAuthCache 77 - Auth cache not set in the context
01-25-2019 12:53:18 PoolingHttpClientConnectionManager.java DEBUG [Forwarding clickElement on session 9383a3a5573c9e1a2613132f9c3b3b9c to remote] conn.PoolingHttpClientConnectionManager 255 - Connection request: [route: {}-&gt;http://localhost:13755][total kept alive: 1; route allocated: 1 of 2000; total allocated: 1 of 2000]
01-25-2019 12:53:18 PoolingHttpClientConnectionManager.java DEBUG [Forwarding clickElement on session 9383a3a5573c9e1a2613132f9c3b3b9c to remote] conn.PoolingHttpClientConnectionManager 288 - Connection leased: [id: 5][route: {}-&gt;http://localhost:13755][total kept alive: 0; route allocated: 1 of 2000; total allocated: 1 of 2000]
01-25-2019 12:53:18 MainClientExec.java DEBUG [Forwarding clickElement on session 9383a3a5573c9e1a2613132f9c3b3b9c to remote] execchain.MainClientExec 208 - Stale connection check
01-25-2019 12:53:18 Wire.java DEBUG [Forwarding clickElement on session 9383a3a5573c9e1a2613132f9c3b3b9c to remote] http.wire 87 - http-outgoing-5 &lt;&lt; &quot;[read] I/O error: Read timed out&quot;
01-25-2019 12:53:18 LoggingManagedHttpClientConnection.java DEBUG [Forwarding clickElement on session 9383a3a5573c9e1a2613132f9c3b3b9c to remote] conn.DefaultManagedHttpClientConnection 88 - http-outgoing-5: set socket timeout to 10800000
01-25-2019 12:53:18 MainClientExec.java DEBUG [Forwarding clickElement on session 9383a3a5573c9e1a2613132f9c3b3b9c to remote] execchain.MainClientExec 256 - Executing request POST /session/9383a3a5573c9e1a2613132f9c3b3b9c/element/0.5518947818754465-1/click HTTP/1.1
01-25-2019 12:53:18 MainClientExec.java DEBUG [Forwarding clickElement on session 9383a3a5573c9e1a2613132f9c3b3b9c to remote] execchain.MainClientExec 261 - Target auth state: UNCHALLENGED
01-25-2019 12:53:18 MainClientExec.java DEBUG [Forwarding clickElement on session 9383a3a5573c9e1a2613132f9c3b3b9c to remote] execchain.MainClientExec 267 - Proxy auth state: UNCHALLENGED
01-25-2019 12:53:18 LoggingManagedHttpClientConnection.java DEBUG [Forwarding clickElement on session 9383a3a5573c9e1a2613132f9c3b3b9c to remote] http.headers 133 - http-outgoing-5 &gt;&gt; POST /session/9383a3a5573c9e1a2613132f9c3b3b9c/element/0.5518947818754465-1/click HTTP/1.1
01-25-2019 12:53:18 LoggingManagedHttpClientConnection.java DEBUG [Forwarding clickElement on session 9383a3a5573c9e1a2613132f9c3b3b9c to remote] http.headers 136 - http-outgoing-5 &gt;&gt; Content-Type: application/json; charset=utf-8
01-25-2019 12:53:18 LoggingManagedHttpClientConnection.java DEBUG [Forwarding clickElement on session 9383a3a5573c9e1a2613132f9c3b3b9c to remote] http.headers 136 - http-outgoing-5 &gt;&gt; Content-Length: 29
01-25-2019 12:53:18 LoggingManagedHttpClientConnection.java DEBUG [Forwarding clickElement on session 9383a3a5573c9e1a2613132f9c3b3b9c to remote] http.headers 136 - http-outgoing-5 &gt;&gt; Host: localhost:13755
01-25-2019 12:53:18 LoggingManagedHttpClientConnection.java DEBUG [Forwarding clickElement on session 9383a3a5573c9e1a2613132f9c3b3b9c to remote] http.headers 136 - http-outgoing-5 &gt;&gt; Connection: Keep-Alive
01-25-2019 12:53:18 LoggingManagedHttpClientConnection.java DEBUG [Forwarding clickElement on session 9383a3a5573c9e1a2613132f9c3b3b9c to remote] http.headers 136 - http-outgoing-5 &gt;&gt; User-Agent: Apache-HttpClient/4.5.3 (Java/1.8.0_201)
01-25-2019 12:53:18 LoggingManagedHttpClientConnection.java DEBUG [Forwarding clickElement on session 9383a3a5573c9e1a2613132f9c3b3b9c to remote] http.headers 136 - http-outgoing-5 &gt;&gt; Accept-Encoding: gzip,deflate
01-25-2019 12:53:18 Wire.java DEBUG [Forwarding clickElement on session 9383a3a5573c9e1a2613132f9c3b3b9c to remote] http.wire 73 - http-outgoing-5 &gt;&gt; &quot;POST /session/9383a3a5573c9e1a2613132f9c3b3b9c/element/0.5518947818754465-1/click HTTP/1.1[\r][\n]&quot;
01-25-2019 12:53:18 Wire.java DEBUG [Forwarding clickElement on session 9383a3a5573c9e1a2613132f9c3b3b9c to remote] http.wire 73 - http-outgoing-5 &gt;&gt; &quot;Content-Type: application/json; charset=utf-8[\r][\n]&quot;
01-25-2019 12:53:18 Wire.java DEBUG [Forwarding clickElement on session 9383a3a5573c9e1a2613132f9c3b3b9c to remote] http.wire 73 - http-outgoing-5 &gt;&gt; &quot;Content-Length: 29[\r][\n]&quot;
01-25-2019 12:53:18 Wire.java DEBUG [Forwarding clickElement on session 9383a3a5573c9e1a2613132f9c3b3b9c to remote] http.wire 73 - http-outgoing-5 &gt;&gt; &quot;Host: localhost:13755[\r][\n]&quot;
01-25-2019 12:53:18 Wire.java DEBUG [Forwarding clickElement on session 9383a3a5573c9e1a2613132f9c3b3b9c to remote] http.wire 73 - http-outgoing-5 &gt;&gt; &quot;Connection: Keep-Alive[\r][\n]&quot;
01-25-2019 12:53:18 Wire.java DEBUG [Forwarding clickElement on session 9383a3a5573c9e1a2613132f9c3b3b9c to remote] http.wire 73 - http-outgoing-5 &gt;&gt; &quot;User-Agent: Apache-HttpClient/4.5.3 (Java/1.8.0_201)[\r][\n]&quot;
01-25-2019 12:53:18 Wire.java DEBUG [Forwarding clickElement on session 9383a3a5573c9e1a2613132f9c3b3b9c to remote] http.wire 73 - http-outgoing-5 &gt;&gt; &quot;Accept-Encoding: gzip,deflate[\r][\n]&quot;
01-25-2019 12:53:18 Wire.java DEBUG [Forwarding clickElement on session 9383a3a5573c9e1a2613132f9c3b3b9c to remote] http.wire 73 - http-outgoing-5 &gt;&gt; &quot;[\r][\n]&quot;
01-25-2019 12:53:18 Wire.java DEBUG [Forwarding clickElement on session 9383a3a5573c9e1a2613132f9c3b3b9c to remote] http.wire 87 - http-outgoing-5 &gt;&gt; &quot;{&quot;id&quot;:&quot;0.5518947818754465-1&quot;}&quot;
01-25-2019 12:53:18 Wire.java DEBUG [Forwarding clickElement on session 9383a3a5573c9e1a2613132f9c3b3b9c to remote] http.wire 73 - http-outgoing-5 &lt;&lt; &quot;HTTP/1.1 200 OK[\r][\n]&quot;
01-25-2019 12:53:18 Wire.java DEBUG [Forwarding clickElement on session 9383a3a5573c9e1a2613132f9c3b3b9c to remote] http.wire 73 - http-outgoing-5 &lt;&lt; &quot;Content-Length:72[\r][\n]&quot;
01-25-2019 12:53:18 Wire.java DEBUG [Forwarding clickElement on session 9383a3a5573c9e1a2613132f9c3b3b9c to remote] http.wire 73 - http-outgoing-5 &lt;&lt; &quot;Content-Type:application/json; charset=utf-8[\r][\n]&quot;
01-25-2019 12:53:18 Wire.java DEBUG [Forwarding clickElement on session 9383a3a5573c9e1a2613132f9c3b3b9c to remote] http.wire 73 - http-outgoing-5 &lt;&lt; &quot;[\r][\n]&quot;
01-25-2019 12:53:18 Wire.java DEBUG [Forwarding clickElement on session 9383a3a5573c9e1a2613132f9c3b3b9c to remote] http.wire 87 - http-outgoing-5 &lt;&lt; &quot;{&quot;sessionId&quot;:&quot;9383a3a5573c9e1a2613132f9c3b3b9c&quot;,&quot;status&quot;:0,&quot;value&quot;:null}&quot;
01-25-2019 12:53:18 LoggingManagedHttpClientConnection.java DEBUG [Forwarding clickElement on session 9383a3a5573c9e1a2613132f9c3b3b9c to remote] http.headers 122 - http-outgoing-5 &lt;&lt; HTTP/1.1 200 OK
01-25-2019 12:53:18 LoggingManagedHttpClientConnection.java DEBUG [Forwarding clickElement on session 9383a3a5573c9e1a2613132f9c3b3b9c to remote] http.headers 125 - http-outgoing-5 &lt;&lt; Content-Length:72
01-25-2019 12:53:18 LoggingManagedHttpClientConnection.java DEBUG [Forwarding clickElement on session 9383a3a5573c9e1a2613132f9c3b3b9c to remote] http.headers 125 - http-outgoing-5 &lt;&lt; Content-Type:application/json; charset=utf-8
01-25-2019 12:53:18 MainClientExec.java DEBUG [Forwarding clickElement on session 9383a3a5573c9e1a2613132f9c3b3b9c to remote] execchain.MainClientExec 285 - Connection can be kept alive indefinitely
01-25-2019 12:53:18 PoolingHttpClientConnectionManager.java DEBUG [Forwarding clickElement on session 9383a3a5573c9e1a2613132f9c3b3b9c to remote] conn.PoolingHttpClientConnectionManager 320 - Connection [id: 5][route: {}-&gt;http://localhost:13755] can be kept alive indefinitely
01-25-2019 12:53:18 PoolingHttpClientConnectionManager.java DEBUG [Forwarding clickElement on session 9383a3a5573c9e1a2613132f9c3b3b9c to remote] conn.PoolingHttpClientConnectionManager 326 - Connection released: [id: 5][route: {}-&gt;http://localhost:13755][total kept alive: 1; route allocated: 1 of 2000; total allocated: 1 of 2000]
Clicked on: [[ChromeDriver: chrome on XP (9383a3a5573c9e1a2613132f9c3b3b9c)] -&gt; xpath: //a[contains(text(), &apos;Contacts&apos;)]]
Trying to find Element By : By.xpath: //a[text()=&apos;pavithra v&apos;]//parent::td[@class=&apos;datalistrow&apos;]//preceding-sibling::td[@class=&apos;datalistrow&apos;]//input[@name=&apos;contact_id&apos;]
01-25-2019 12:53:18 RequestAddCookies.java DEBUG [Forwarding findElement on session 9383a3a5573c9e1a2613132f9c3b3b9c to remote] protocol.RequestAddCookies 123 - CookieSpec selected: default
01-25-2019 12:53:18 RequestAuthCache.java DEBUG [Forwarding findElement on session 9383a3a5573c9e1a2613132f9c3b3b9c to remote] protocol.RequestAuthCache 77 - Auth cache not set in the context
01-25-2019 12:53:18 PoolingHttpClientConnectionManager.java DEBUG [Forwarding findElement on session 9383a3a5573c9e1a2613132f9c3b3b9c to remote] conn.PoolingHttpClientConnectionManager 255 - Connection request: [route: {}-&gt;http://localhost:13755][total kept alive: 1; route allocated: 1 of 2000; total allocated: 1 of 2000]
01-25-2019 12:53:18 PoolingHttpClientConnectionManager.java DEBUG [Forwarding findElement on session 9383a3a5573c9e1a2613132f9c3b3b9c to remote] conn.PoolingHttpClientConnectionManager 288 - Connection leased: [id: 5][route: {}-&gt;http://localhost:13755][total kept alive: 0; route allocated: 1 of 2000; total allocated: 1 of 2000]
01-25-2019 12:53:18 MainClientExec.java DEBUG [Forwarding findElement on session 9383a3a5573c9e1a2613132f9c3b3b9c to remote] execchain.MainClientExec 208 - Stale connection check
01-25-2019 12:53:18 Wire.java DEBUG [Forwarding findElement on session 9383a3a5573c9e1a2613132f9c3b3b9c to remote] http.wire 87 - http-outgoing-5 &lt;&lt; &quot;[read] I/O error: Read timed out&quot;
01-25-2019 12:53:18 LoggingManagedHttpClientConnection.java DEBUG [Forwarding findElement on session 9383a3a5573c9e1a2613132f9c3b3b9c to remote] conn.DefaultManagedHttpClientConnection 88 - http-outgoing-5: set socket timeout to 10800000
01-25-2019 12:53:18 MainClientExec.java DEBUG [Forwarding findElement on session 9383a3a5573c9e1a2613132f9c3b3b9c to remote] execchain.MainClientExec 256 - Executing request POST /session/9383a3a5573c9e1a2613132f9c3b3b9c/element HTTP/1.1
01-25-2019 12:53:18 MainClientExec.java DEBUG [Forwarding findElement on session 9383a3a5573c9e1a2613132f9c3b3b9c to remote] execchain.MainClientExec 261 - Target auth state: UNCHALLENGED
01-25-2019 12:53:18 MainClientExec.java DEBUG [Forwarding findElement on session 9383a3a5573c9e1a2613132f9c3b3b9c to remote] execchain.MainClientExec 267 - Proxy auth state: UNCHALLENGED
01-25-2019 12:53:18 LoggingManagedHttpClientConnection.java DEBUG [Forwarding findElement on session 9383a3a5573c9e1a2613132f9c3b3b9c to remote] http.headers 133 - http-outgoing-5 &gt;&gt; POST /session/9383a3a5573c9e1a2613132f9c3b3b9c/element HTTP/1.1
01-25-2019 12:53:18 LoggingManagedHttpClientConnection.java DEBUG [Forwarding findElement on session 9383a3a5573c9e1a2613132f9c3b3b9c to remote] http.headers 136 - http-outgoing-5 &gt;&gt; Content-Type: application/json; charset=utf-8
01-25-2019 12:53:18 LoggingManagedHttpClientConnection.java DEBUG [Forwarding findElement on session 9383a3a5573c9e1a2613132f9c3b3b9c to remote] http.headers 136 - http-outgoing-5 &gt;&gt; Content-Length: 158
01-25-2019 12:53:18 LoggingManagedHttpClientConnection.java DEBUG [Forwarding findElement on session 9383a3a5573c9e1a2613132f9c3b3b9c to remote] http.headers 136 - http-outgoing-5 &gt;&gt; Host: localhost:13755
01-25-2019 12:53:18 LoggingManagedHttpClientConnection.java DEBUG [Forwarding findElement on session 9383a3a5573c9e1a2613132f9c3b3b9c to remote] http.headers 136 - http-outgoing-5 &gt;&gt; Connection: Keep-Alive
01-25-2019 12:53:18 LoggingManagedHttpClientConnection.java DEBUG [Forwarding findElement on session 9383a3a5573c9e1a2613132f9c3b3b9c to remote] http.headers 136 - http-outgoing-5 &gt;&gt; User-Agent: Apache-HttpClient/4.5.3 (Java/1.8.0_201)
01-25-2019 12:53:18 LoggingManagedHttpClientConnection.java DEBUG [Forwarding findElement on session 9383a3a5573c9e1a2613132f9c3b3b9c to remote] http.headers 136 - http-outgoing-5 &gt;&gt; Accept-Encoding: gzip,deflate
01-25-2019 12:53:18 Wire.java DEBUG [Forwarding findElement on session 9383a3a5573c9e1a2613132f9c3b3b9c to remote] http.wire 73 - http-outgoing-5 &gt;&gt; &quot;POST /session/9383a3a5573c9e1a2613132f9c3b3b9c/element HTTP/1.1[\r][\n]&quot;
01-25-2019 12:53:18 Wire.java DEBUG [Forwarding findElement on session 9383a3a5573c9e1a2613132f9c3b3b9c to remote] http.wire 73 - http-outgoing-5 &gt;&gt; &quot;Content-Type: application/json; charset=utf-8[\r][\n]&quot;
01-25-2019 12:53:18 Wire.java DEBUG [Forwarding findElement on session 9383a3a5573c9e1a2613132f9c3b3b9c to remote] http.wire 73 - http-outgoing-5 &gt;&gt; &quot;Content-Length: 158[\r][\n]&quot;
01-25-2019 12:53:18 Wire.java DEBUG [Forwarding findElement on session 9383a3a5573c9e1a2613132f9c3b3b9c to remote] http.wire 73 - http-outgoing-5 &gt;&gt; &quot;Host: localhost:13755[\r][\n]&quot;
01-25-2019 12:53:18 Wire.java DEBUG [Forwarding findElement on session 9383a3a5573c9e1a2613132f9c3b3b9c to remote] http.wire 73 - http-outgoing-5 &gt;&gt; &quot;Connection: Keep-Alive[\r][\n]&quot;
01-25-2019 12:53:18 Wire.java DEBUG [Forwarding findElement on session 9383a3a5573c9e1a2613132f9c3b3b9c to remote] http.wire 73 - http-outgoing-5 &gt;&gt; &quot;User-Agent: Apache-HttpClient/4.5.3 (Java/1.8.0_201)[\r][\n]&quot;
01-25-2019 12:53:18 Wire.java DEBUG [Forwarding findElement on session 9383a3a5573c9e1a2613132f9c3b3b9c to remote] http.wire 73 - http-outgoing-5 &gt;&gt; &quot;Accept-Encoding: gzip,deflate[\r][\n]&quot;
01-25-2019 12:53:18 Wire.java DEBUG [Forwarding findElement on session 9383a3a5573c9e1a2613132f9c3b3b9c to remote] http.wire 73 - http-outgoing-5 &gt;&gt; &quot;[\r][\n]&quot;
01-25-2019 12:53:18 Wire.java DEBUG [Forwarding findElement on session 9383a3a5573c9e1a2613132f9c3b3b9c to remote] http.wire 87 - http-outgoing-5 &gt;&gt; &quot;{&quot;using&quot;:&quot;xpath&quot;,&quot;value&quot;:&quot;//a[text()=&apos;pavithra v&apos;]//parent::td[@class=&apos;datalistrow&apos;]//preceding-sibling::td[@class=&apos;datalistrow&apos;]//input[@name=&apos;contact_id&apos;]&quot;}&quot;
01-25-2019 12:53:58 Wire.java DEBUG [Forwarding findElement on session 9383a3a5573c9e1a2613132f9c3b3b9c to remote] http.wire 73 - http-outgoing-5 &lt;&lt; &quot;HTTP/1.1 200 OK[\r][\n]&quot;
01-25-2019 12:53:58 Wire.java DEBUG [Forwarding findElement on session 9383a3a5573c9e1a2613132f9c3b3b9c to remote] http.wire 73 - http-outgoing-5 &lt;&lt; &quot;Content-Length:458[\r][\n]&quot;
01-25-2019 12:53:58 Wire.java DEBUG [Forwarding findElement on session 9383a3a5573c9e1a2613132f9c3b3b9c to remote] http.wire 73 - http-outgoing-5 &lt;&lt; &quot;Content-Type:application/json; charset=utf-8[\r][\n]&quot;
01-25-2019 12:53:58 Wire.java DEBUG [Forwarding findElement on session 9383a3a5573c9e1a2613132f9c3b3b9c to remote] http.wire 73 - http-outgoing-5 &lt;&lt; &quot;[\r][\n]&quot;
01-25-2019 12:53:58 Wire.java DEBUG [Forwarding findElement on session 9383a3a5573c9e1a2613132f9c3b3b9c to remote] http.wire 87 - http-outgoing-5 &lt;&lt; &quot;{&quot;sessionId&quot;:&quot;9383a3a5573c9e1a2613132f9c3b3b9c&quot;,&quot;status&quot;:7,&quot;value&quot;:{&quot;message&quot;:&quot;no such element: Unable to locate element: {\&quot;method\&quot;:\&quot;xpath\&quot;,\&quot;selector\&quot;:\&quot;//a[text()=&apos;pavithra v&apos;]//parent::td[@class=&apos;datalistrow&apos;]//preceding-sibling::td[@class=&apos;datalistrow&apos;]//input[@name=&apos;contact_id&apos;]\&quot;}\n  (Session info: chrome=71.0.3578.98)\n  (Driver info: chromedriver=2.45.615291 (ec3682e3c9061c10f26ea9e5cdcf3c53f3f74387),platform=Windows NT 10.0.16299 x86_64)&quot;}}&quot;
01-25-2019 12:53:58 LoggingManagedHttpClientConnection.java DEBUG [Forwarding findElement on session 9383a3a5573c9e1a2613132f9c3b3b9c to remote] http.headers 122 - http-outgoing-5 &lt;&lt; HTTP/1.1 200 OK
01-25-2019 12:53:58 LoggingManagedHttpClientConnection.java DEBUG [Forwarding findElement on session 9383a3a5573c9e1a2613132f9c3b3b9c to remote] http.headers 125 - http-outgoing-5 &lt;&lt; Content-Length:458
01-25-2019 12:53:58 LoggingManagedHttpClientConnection.java DEBUG [Forwarding findElement on session 9383a3a5573c9e1a2613132f9c3b3b9c to remote] http.headers 125 - http-outgoing-5 &lt;&lt; Content-Type:application/json; charset=utf-8
01-25-2019 12:53:58 MainClientExec.java DEBUG [Forwarding findElement on session 9383a3a5573c9e1a2613132f9c3b3b9c to remote] execchain.MainClientExec 285 - Connection can be kept alive indefinitely
01-25-2019 12:53:58 PoolingHttpClientConnectionManager.java DEBUG [Forwarding findElement on session 9383a3a5573c9e1a2613132f9c3b3b9c to remote] conn.PoolingHttpClientConnectionManager 320 - Connection [id: 5][route: {}-&gt;http://localhost:13755] can be kept alive indefinitely
01-25-2019 12:53:58 PoolingHttpClientConnectionManager.java DEBUG [Forwarding findElement on session 9383a3a5573c9e1a2613132f9c3b3b9c to remote] conn.PoolingHttpClientConnectionManager 326 - Connection released: [id: 5][route: {}-&gt;http://localhost:13755][total kept alive: 1; route allocated: 1 of 2000; total allocated: 1 of 2000]
Exception occured: org.openqa.selenium.NoSuchElementException: no such element: Unable to locate element: {&quot;method&quot;:&quot;xpath&quot;,&quot;selector&quot;:&quot;//a[text()=&apos;pavithra v&apos;]//parent::td[@class=&apos;datalistrow&apos;]//preceding-sibling::td[@class=&apos;datalistrow&apos;]//input[@name=&apos;contact_id&apos;]&quot;}
  (Session info: chrome=71.0.3578.98)
  (Driver info: chromedriver=2.45.615291 (ec3682e3c9061c10f26ea9e5cdcf3c53f3f74387),platform=Windows NT 10.0.16299 x86_64) (WARNING: The server did not provide any stacktrace information)
Command duration or timeout: 0 milliseconds
For documentation on this error, please visit: http://seleniumhq.org/exceptions/no_such_element.html
Build info: version: &apos;3.5.2&apos;, revision: &apos;10229a9&apos;, time: &apos;2017-08-21T17:29:55.15Z&apos;
System info: host: &apos;DIN37001770&apos;, ip: &apos;10.77.79.175&apos;, os.name: &apos;Windows 10&apos;, os.arch: &apos;amd64&apos;, os.version: &apos;10.0&apos;, java.version: &apos;1.8.0_201&apos;
Driver info: org.openqa.selenium.chrome.ChromeDriver
Capabilities [{mobileEmulationEnabled=false, timeouts={implicit=0, pageLoad=300000, script=30000}, hasTouchScreen=false, platform=XP, acceptSslCerts=false, goog:chromeOptions={debuggerAddress=localhost:54492}, acceptInsecureCerts=false, webStorageEnabled=true, browserName=chrome, takesScreenshot=true, javascriptEnabled=true, setWindowRect=true, unexpectedAlertBehaviour=ignore, applicationCacheEnabled=false, rotatable=false, networkConnectionEnabled=false, chrome={chromedriverVersion=2.45.615291 (ec3682e3c9061c10f26ea9e5cdcf3c53f3f74387), userDataDir=C:\Users\pavithra\AppData\Local\Temp\scoped_dir11772_22952}, takesHeapSnapshot=true, unhandledPromptBehavior=ignore, pageLoadStrategy=normal, strictFileInteractability=false, databaseEnabled=false, handlesAlerts=true, version=71.0.3578.98, browserConnectionEnabled=false, proxy=Proxy(), nativeEvents=true, locationContextEnabled=true, cssSelectorsEnabled=true}]
Session ID: 9383a3a5573c9e1a2613132f9c3b3b9c
*** Element info: {Using=xpath, value=//a[text()=&apos;pavithra v&apos;]//parent::td[@class=&apos;datalistrow&apos;]//preceding-sibling::td[@class=&apos;datalistrow&apos;]//input[@name=&apos;contact_id&apos;]}
01-25-2019 12:53:58 RequestAddCookies.java DEBUG [Forwarding screenshot on session 9383a3a5573c9e1a2613132f9c3b3b9c to remote] protocol.RequestAddCookies 123 - CookieSpec selected: default
01-25-2019 12:53:58 RequestAuthCache.java DEBUG [Forwarding screenshot on session 9383a3a5573c9e1a2613132f9c3b3b9c to remote] protocol.RequestAuthCache 77 - Auth cache not set in the context
01-25-2019 12:53:58 PoolingHttpClientConnectionManager.java DEBUG [Forwarding screenshot on session 9383a3a5573c9e1a2613132f9c3b3b9c to remote] conn.PoolingHttpClientConnectionManager 255 - Connection request: [route: {}-&gt;http://localhost:13755][total kept alive: 1; route allocated: 1 of 2000; total allocated: 1 of 2000]
01-25-2019 12:53:58 PoolingHttpClientConnectionManager.java DEBUG [Forwarding screenshot on session 9383a3a5573c9e1a2613132f9c3b3b9c to remote] conn.PoolingHttpClientConnectionManager 288 - Connection leased: [id: 5][route: {}-&gt;http://localhost:13755][total kept alive: 0; route allocated: 1 of 2000; total allocated: 1 of 2000]
01-25-2019 12:53:58 MainClientExec.java DEBUG [Forwarding screenshot on session 9383a3a5573c9e1a2613132f9c3b3b9c to remote] execchain.MainClientExec 208 - Stale connection check
01-25-2019 12:53:58 Wire.java DEBUG [Forwarding screenshot on session 9383a3a5573c9e1a2613132f9c3b3b9c to remote] http.wire 87 - http-outgoing-5 &lt;&lt; &quot;[read] I/O error: Read timed out&quot;
01-25-2019 12:53:58 LoggingManagedHttpClientConnection.java DEBUG [Forwarding screenshot on session 9383a3a5573c9e1a2613132f9c3b3b9c to remote] conn.DefaultManagedHttpClientConnection 88 - http-outgoing-5: set socket timeout to 10800000
01-25-2019 12:53:58 MainClientExec.java DEBUG [Forwarding screenshot on session 9383a3a5573c9e1a2613132f9c3b3b9c to remote] execchain.MainClientExec 256 - Executing request GET /session/9383a3a5573c9e1a2613132f9c3b3b9c/screenshot HTTP/1.1
01-25-2019 12:53:58 MainClientExec.java DEBUG [Forwarding screenshot on session 9383a3a5573c9e1a2613132f9c3b3b9c to remote] execchain.MainClientExec 261 - Target auth state: UNCHALLENGED
01-25-2019 12:53:58 MainClientExec.java DEBUG [Forwarding screenshot on session 9383a3a5573c9e1a2613132f9c3b3b9c to remote] execchain.MainClientExec 267 - Proxy auth state: UNCHALLENGED
01-25-2019 12:53:58 LoggingManagedHttpClientConnection.java DEBUG [Forwarding screenshot on session 9383a3a5573c9e1a2613132f9c3b3b9c to remote] http.headers 133 - http-outgoing-5 &gt;&gt; GET /session/9383a3a5573c9e1a2613132f9c3b3b9c/screenshot HTTP/1.1
01-25-2019 12:53:58 LoggingManagedHttpClientConnection.java DEBUG [Forwarding screenshot on session 9383a3a5573c9e1a2613132f9c3b3b9c to remote] http.headers 136 - http-outgoing-5 &gt;&gt; Cache-Control: no-cache
01-25-2019 12:53:58 LoggingManagedHttpClientConnection.java DEBUG [Forwarding screenshot on session 9383a3a5573c9e1a2613132f9c3b3b9c to remote] http.headers 136 - http-outgoing-5 &gt;&gt; Host: localhost:13755
01-25-2019 12:53:58 LoggingManagedHttpClientConnection.java DEBUG [Forwarding screenshot on session 9383a3a5573c9e1a2613132f9c3b3b9c to remote] http.headers 136 - http-outgoing-5 &gt;&gt; Connection: Keep-Alive
01-25-2019 12:53:58 LoggingManagedHttpClientConnection.java DEBUG [Forwarding screenshot on session 9383a3a5573c9e1a2613132f9c3b3b9c to remote] http.headers 136 - http-outgoing-5 &gt;&gt; User-Agent: Apache-HttpClient/4.5.3 (Java/1.8.0_201)
01-25-2019 12:53:58 LoggingManagedHttpClientConnection.java DEBUG [Forwarding screenshot on session 9383a3a5573c9e1a2613132f9c3b3b9c to remote] http.headers 136 - http-outgoing-5 &gt;&gt; Accept-Encoding: gzip,deflate
01-25-2019 12:53:58 Wire.java DEBUG [Forwarding screenshot on session 9383a3a5573c9e1a2613132f9c3b3b9c to remote] http.wire 73 - http-outgoing-5 &gt;&gt; &quot;GET /session/9383a3a5573c9e1a2613132f9c3b3b9c/screenshot HTTP/1.1[\r][\n]&quot;
01-25-2019 12:53:58 Wire.java DEBUG [Forwarding screenshot on session 9383a3a5573c9e1a2613132f9c3b3b9c to remote] http.wire 73 - http-outgoing-5 &gt;&gt; &quot;Cache-Control: no-cache[\r][\n]&quot;
01-25-2019 12:53:58 Wire.java DEBUG [Forwarding screenshot on session 9383a3a5573c9e1a2613132f9c3b3b9c to remote] http.wire 73 - http-outgoing-5 &gt;&gt; &quot;Host: localhost:13755[\r][\n]&quot;
01-25-2019 12:53:58 Wire.java DEBUG [Forwarding screenshot on session 9383a3a5573c9e1a2613132f9c3b3b9c to remote] http.wire 73 - http-outgoing-5 &gt;&gt; &quot;Connection: Keep-Alive[\r][\n]&quot;
01-25-2019 12:53:58 Wire.java DEBUG [Forwarding screenshot on session 9383a3a5573c9e1a2613132f9c3b3b9c to remote] http.wire 73 - http-outgoing-5 &gt;&gt; &quot;User-Agent: Apache-HttpClient/4.5.3 (Java/1.8.0_201)[\r][\n]&quot;
01-25-2019 12:53:58 Wire.java DEBUG [Forwarding screenshot on session 9383a3a5573c9e1a2613132f9c3b3b9c to remote] http.wire 73 - http-outgoing-5 &gt;&gt; &quot;Accept-Encoding: gzip,deflate[\r][\n]&quot;
01-25-2019 12:53:58 Wire.java DEBUG [Forwarding screenshot on session 9383a3a5573c9e1a2613132f9c3b3b9c to remote] http.wire 73 - http-outgoing-5 &gt;&gt; &quot;[\r][\n]&quot;
01-25-2019 12:53:59 Wire.java DEBUG [Forwarding screenshot on session 9383a3a5573c9e1a2613132f9c3b3b9c to remote] http.wire 73 - http-outgoing-5 &lt;&lt; &quot;HTTP/1.1 200 OK[\r][\n]&quot;
01-25-2019 12:53:59 Wire.java DEBUG [Forwarding screenshot on session 9383a3a5573c9e1a2613132f9c3b3b9c to remote] http.wire 73 - http-outgoing-5 &lt;&lt; &quot;Content-Length:14406[\r][\n]&quot;
01-25-2019 12:53:59 Wire.java DEBUG [Forwarding screenshot on session 9383a3a5573c9e1a2613132f9c3b3b9c to remote] http.wire 73 - http-outgoing-5 &lt;&lt; &quot;Content-Type:application/json; charset=utf-8[\r][\n]&quot;
01-25-2019 12:53:59 Wire.java DEBUG [Forwarding screenshot on session 9383a3a5573c9e1a2613132f9c3b3b9c to remote] http.wire 73 - http-outgoing-5 &lt;&lt; &quot;[\r][\n]&quot;
01-25-2019 12:53:59 Wire.java DEBUG [Forwarding screenshot on session 9383a3a5573c9e1a2613132f9c3b3b9c to remote] http.wire 87 - http-outgoing-5 &lt;&lt; &quot;{&quot;sessionId&quot;:&quot;9383a3a5573c9e1a2613132f9c3b3b9c&quot;,&quot;status&quot;:0,&quot;value&quot;:&quot;iVBORw0KGgoAAAANSUhEUgAABVYAAAJlCAYAAAAxcKmfAAAgAElEQVR4nOzdb2hc573g8d8sKSiQBQeyIIEDUUjDtWgWy+yCpW5eZEIKkWkhEg5Yoi8SOYXU3sDGaqBXimEdqQu9di702htIogZukQz2SoEtdmBDlBe5SIa72IYUuxATeYlBAw3YcAs21HD2hf7NjEZ/fvKf2M7nAwPRzJlznjkzfvPNc55TOnHiRPH0009Hte3bt0dRFAEAAAAAwEr/7rseAAAAAADA/UZYBQAAAABIElYBAAAAAJKEVQAAAACAJGEVAAAAACBJWAUAAAAASBJWAQAAAACSNh5Wb1Zi5vhI7P1JZzxZKkWpVIpSS1s8/5O9MfDRZJy7fCMiImY/2BUjZ+7UcL+PZmJk8Xyv++iJ8SsRcWZkg9uXovTyeFS+648IAAAAAPeZDYXVG38ejb3bWqLzzanY8sqxOHu9iKIoopidjg8PdUT8YV/saH04SqVSPPmL03d6zN8zHTFYFFH87Wqcfb83mhts0f6rUzF3vYiimIjerRGxc3D++/nL2fjw543e0RGDp+fielFEcaLxPgEAAACA1a0fVi+PR/9ze2P0UnMc+OdTcXhPe2xpWnitaUu07uyPw1MX47Nfd9zZkX7fPbQl2l/bH/tXvNAefb1d0dzU4D2PtUf/L/pXPv/S/uh/sTkavQUAAAAAWN86YfVaTB7qi/FKRERfdD27WorbEuXfjMVYw9mR3Fmt0fLYGi8/9HCD5yIaPAsAAAAAbNDaYfXK6Rj7aPGPczF7Za2NW6P33WPRYH4kAAAAAMADZZ2wOhuTS39MxdCbR+LcX9fY/rGu6P21WasAAAAAwINt7bDa1BTtVX9W/jgQO9p74sjnq91Hvik6n+u7bYMDAAAAALgXrR1W/649uuonoF6ajIFyS7SU98axzytxo+7lphcOx+DO1Xd57dLpOPbLnuj8YSlKpVKUftgZe9+ZjIvXGmx8ZmR+m7pHz/GFsFuZimO/3BVtLaUo/XBXHDnz/2L85ZXbLz96YnxpOYNKg21HYqZ+DDcrMXN8JPaW26KlVIpSqSXafrY/jjWMy432Wb3fa3Hx45HY2/Hk/H5+MRmzq5+q787Na3Hxk9EYePX5eP6ZloXP0BJt5b0xcnwmKjcbvGeV76r0zvwnr3x+LPb/bOEctrTFrrfGG3/nVSpnxuNI9W9lrcficY73NHx95Eys+frSb2qtz/LyeFT+ejHG36oaU0tbPP/qkTh9uf5fAgAAAAAPsnVmrJaj/93eaHRxf+Xz0dhfbonWZ/riyCezsU4ji4hrce4fd8W2H+6K/R83xf5PiyiKIr4+2BqnDvZE27a+GP1zXZzaORjXv/owulfs63pc+5eReL79+dj/3um4WImIS6dj4PX/FdvGr8ZnhzpWHn77YEz/20T0bl18ojl6TxTx9e/n997x61Mxd30wat55eTL2P9sSnb1DceG50bhYFFFcnYy+vxyL/eWW6Pz7qbrP3Ry941fjs7fbY4WbszH+6o5o6x6K0TOzEVGJix/0xJE/rn/m7qYbfx6NvdsejbZDs1E+dCo++3Iurn81Fr3Nlbj4+WgM9XZG+09GYqZ+SYidg1H85VQcqP+x/G02Tr/5fLSX98exP16MSkRE5WKc/oe+aHvxSJxrNIibszH+6pPR0tEXA+9NxmzHh3HhahHF375e9wZpzXsm4ur/GYwG38DS69e/PBpda+1k52AUf5mOwy/Wj+tCjP6yHH3/MBkzlxaeq1yMqY8GYldrOfb/8Z7M5AAAAADcAWuH1Yho3XMsxn7dIFQuqPxpPAa6noxt5YEY/9NqkfBGzLzTFTvePB2ViOj6zXD0PrGw/58PxMD2iKiMx97nhmKqLtg1PdUWO+r2du2Toeh5vzmOXizi7LtVYzt/I248tCXKbx+Lw/WzZisR1x9aObKWra0RO4fj2MGuaG6qeuHyePR19MSxMxHRPBjDv+qILRERWzpi31vzt+ia+R/PR98HdTHtoS3Rtq217ihn4+ire+PC7uko/nIq9lW1wbm/3kMzHa9MRv9ze2P0UkQ83hbbts6fkKanemP/L5c3q3w+FPs+aJBEH9sRO56te+6dvhi+uS+mrxdRzNZF8jMDMboiLF+L0290Rt9Hi+e1PQbe7I9tWyLiodboPTgc5aVtO2J45noURRHF28u/gy3b2qL+G6jW9KMd0bnG6/OfpSM663/2H4/E0Ff9ceqb+WNe/fLD6F36Lmfi2M/64sj59XYMAAAAwINg3bAasSXKvzkdF37fv2asqnx+JPqe2RF7P7q4YnmAG2eOxL6DixfZd0ffc9V72hbtLyzu5EgMfXRx3RFN/eFa9B6cj23tPx+I/sUXtjfFfApsj32/GaydaVsZiWMf11++fy1OHx+LA4cORHtTzcYx/lZfjC9u/tquKFe9vuWZjqW4d/rgkTi97qTTyZjaOhhDLzZHPNYV/W8uz6dseaRpjfdtxGT0Pb7GJfIdQxve07mTw8uf+WRfDBxfbS3diHMzC7NP17NzOI79tjtamyLiiV3Rs7v25elLdWH6/GgMvVe9567o3F7151NtVWF1JoZeP9Z41usd0R1jx4ejayE4b/lRfwy8WT03diYGfje5gdnbAAAAANzvNhBWIyK2xLZXPoyv5z6Lo6+VGy4NMG82Rl8tR//J6jB2Lab+eagqfu2I1ieq39MUD//75b9mfn96/VD2QneUn1r478e6Y3C8N5qbyzH83r6lS8CbnuuP4bpLuSd/O1a770sTMXpxIPpeqIub58fi8MnlP7vrZ6A2PTw/ezUionIsTn+xfkrre64zFo/S/vqxGN4Z0frKRBz46ZY137e+7hj7Zn5ZhYaPmeFN73n68twtji0iusp10brWuboZu5WL03Xf/8Nr7//86Th7ae1NbpvdPVF+ovap9ud6av89fDQV08oqAAAAwANvg2F1QXM59r3/Wcx+s1ZgrcT4G0djaqmXXYxz7yWOcf5szK43FfLZ2ku9W/eMxdzcZzG4s7rgtUbPa/217zt/OMY+XRzYjZj6/VC0vNW/Yj3OlXFvbRN/Wm9tze7Ysa1qbI90xODM/Pqua80CvtvaXxuNo3u2RXNEtL44HGOvzZ+Za+cnY2LFXb2IiIjm1rplBY7FuT9/R2MBAAAA4K5ZO6yeGYmR/7vy6aat84F1bm46PvxvDQJrZSSmFt93ZTbO1rw4FJ11l6t3Hqx5c1ytvzFSne4n1r6B0aItL+2Lw9WXkUcljvzjWMxGRHx7OsY/2R/9L66cMTp7abLm78neltrL6x/vi+otK&quot;
01-25-2019 12:53:59 LoggingManagedHttpClientConnection.java DEBUG [Forwarding screenshot on session 9383a3a5573c9e1a2613132f9c3b3b9c to remote] http.headers 122 - http-outgoing-5 &lt;&lt; HTTP/1.1 200 OK
01-25-2019 12:53:59 LoggingManagedHttpClientConnection.java DEBUG [Forwarding screenshot on session 9383a3a5573c9e1a2613132f9c3b3b9c to remote] http.headers 125 - http-outgoing-5 &lt;&lt; Content-Length:14406
01-25-2019 12:53:59 LoggingManagedHttpClientConnection.java DEBUG [Forwarding screenshot on session 9383a3a5573c9e1a2613132f9c3b3b9c to remote] http.headers 125 - http-outgoing-5 &lt;&lt; Content-Type:application/json; charset=utf-8
01-25-2019 12:53:59 MainClientExec.java DEBUG [Forwarding screenshot on session 9383a3a5573c9e1a2613132f9c3b3b9c to remote] execchain.MainClientExec 285 - Connection can be kept alive indefinitely
01-25-2019 12:53:59 Wire.java DEBUG [Forwarding screenshot on session 9383a3a5573c9e1a2613132f9c3b3b9c to remote] http.wire 87 - http-outgoing-5 &lt;&lt; &quot;levrlj+oNa2aN265gb3hkfaY9/4hZgrivj69GC0fXks9pafjH3/ui3Kqy+ze1s1b+tc9cZTjd/Q8d2e20e2REvdUxe+2dAiCQAAAADcx9adsTrxxRpzN5s7ov/dz+Livx6OrrrWeXHVuHQgPru+xqXrxWfR/9Qqb1300DqXhy9pj+436u7//smxmDwfce4Ph2Pujd7o2MASp+X3v15jvEUUvy3H2rvZ6HjvDdf+NB4D5ZZoKe+Pqz//LMZe2xaP3q2Db++P4derf0xTcaH6Uv+aUN8cve/216x/e9dteXRFWH206bscEAAAAAB3w7ph9dw/T617WfyW/3QgJk4O1sw0bHpo4T8ea6673H3qrl4q3br7QByoib7nYuA3fXH4f5bjwJ7GF+I3N5dr/p46d/F7ckOiG3Hun3pixzN9ceTzSsSLH8bhV+72YgVbout30zGxNBN6KoYOjcfszYi4ORvjf39gYbZwR+wbn4rRVb7Du+bG9bha91TLf7jVdXMBAAAAuNetv8bq+YEY/sN6a4hGNP2Xnuhbuuy+HOX2hZrZ1BrbXqje8lyMfXr37uMej5Sj7826i8tPjse1t1af6djyRN32703G1Ld3Znj3ksrJ/uh6YzIWv+3uPeXvZg3Yh1qj+93P4uKXR6M3Iip/6Isnf1CK0g+ejKGvOmPf707F11en4+iebY1nCq+I+XfQt5Wo/dexL9r/7m4dHAAAAIDvyoZuXjX51lCMX974Tpt/vi92LV3O3xrlPbWX4597ayiOnG+0KumNmPmnY3Fu7QVL09pfGYra21j1R/9Lq6e3pme7YrBmluto7Ds42XjW6uXJOPLxg7Cm5rkY+8141HySDS+5cPtd+5cj0b9nOnbN1i678PXMRBz9r13Rutak0KaHVyxdULPu6eX6dX9vwbdztWH1lXJ0mrAKAAAA8MDbUFiNynj0dfTF6J9WvyD+xqdjcfh8RDzVH8cOddfc0Kp1z3AM76ze+nQMvNgTI59cjGs3F97/7bkYf6Mvpv5zf7Svs0Tltb9e39CwlzzWFb2/Xh5R+2/3Rfdja2zfVI79v+ut+QyV93qi643RmLmyUH1v3ojZz0ei59CN6H5pvZtpXY3rtykWr/zkszG31mzamw3O1c1G+7kRN87XPjP58an5S/AvT8bY6brNv5qLuXVHuzk3zoxE17MDMfnS/uh9YjN7aI3W3bXPTP3r2fkwfnky9u+pvfnYhn11IS7U/ROYPVe9VEZHHH6jO3RVAAAAgAffxsJqRERlPPY+sy2ef3M0Zi5fi6VO+NfZmPlof5R/ciTip8MxPfNhdNfHsKb2GDx+KvZVx9XK6RjqaotHf1CKUqkUDz8zEBd+OhqDO+uq6uULK2YXTn08GTOpS/ObovzqcMzPm+2OgT3r33e+efdonH63qyauzvzT3uh8/OEolUpR+sHD8fwfmmP4d711l51fiwsX65dOGIvJP1biltrqzWtx7oOjMbrihXMx9v5kzDba+bfnYvT9le+Ij4/G6Cf149kW7a/XBeKTe+PJHzwZPSdbov+X3bWvnR+IHS3Px8iZqr18ezbOflF3rMlTMbUYIy9Pxan61784WzdD+Vwce30oZiIi/nhqk0swNEf3m8PRUfVM5R92xaOlUpRa98XFnw3HvvphzkwvRf5VtT4asx+MxPj5hQ90eTyG/n6xOLdG/4mxOLB91XcDAAAA8CA5ceJEcf78+ZpHRBRFURTFzHDR+/6F4mpRFMX1q8WFqbHi6K/6i/LO1iIi5h9PdRTdrx8uxmbmiuvFOv42V0yPDxf9z20rmhfe3/yjctF/aKI4+5cG288MLx+nwaN7fG69I1a5Wky8EkXzrz9bf5zV7/rqVHH09e6i46nF47YWHbv3FUenGn3euWJs9+rjjRguphPHnjddDK9xDmof3cXYN8W6563msXusWDqL/3a2OPpKR9G68L32/+rD4rOlF78uTv2qq9jWHEVEc7Ftz3BxarZqmGses7sYG1/n9W8W9vPNWNG9gXE3/6hclHfvKw6PTxdzf1vlu/tyrDjw08Xf2vL3tvo5rf1+pg81OlfXiwuTw0X/4r+B5m1F1+tHi1OzmV8VAAAAAPe70okTJ4qnn366JrZu3749iqLYXKmFW3FjKoZan4+RxLK1zc8Nx+T/HoyOR27vUGbeKUXnwaondo/F3InaJSIAAAAA+H7a+FIAcDc0laP/3Vy8rHw+FMMn65dfAAAAAIA7R1jlntO6ZzTOTR6IbYn3nL6SmOIKAAAAALdIWOXe8u1UDJVbo6V7LNrfPxtXrxdRFA0e/3Y1vp4ajq6Fqa3lZhfoAwAAAHD3CKvcUyqfHouRzysR0Rm7XmiPLU2rbPjIlmh9rju6nomI5n1x4KXWOz+4mxHX7/xRAAAAALgPCKvcU5qf7Y99OyMiJuPAGyNx+s+VuHajbqO/XovZ85Nx5OVdsX+2Pz78/HB0PXabB/LtTEzP1D338URMXaofDAAAAADfR6UTJ04UTz/9dM2T27dvj6IovqMh8b1381pc/OJ0TH0yFZPnL8TspzOxfGuq1uh4oT127OyKcveu6NreHKtNat20MyNR6hhaY4PhmC4Go+N2HxcAAACA+4awCgAAAACQZCkAAAAAAIAkYRUAAAAAIElYBQAAAABIElYBAAAAAJKEVQAAAACAJGEVAAAAACBJWAUAAAAASBJWAQAAAACShFUAAAAAgCRhFQAAAAAgSVgFAAAAAEgSVgEAAAAAkoRVAAAAAIAkYRUAAAAAIElYBQAAAABIElYBAAAAAJKEVQAAAACAJGEVAAAAACBJWAUAAAAASBJWAQAAAACShFUAAAAAgKSHVnvhgw8+uJvjAAAAAAC4L7S1ta0eVtva2qKtre1ujgcAAAAA4L6walj98Y9/fDfHAQAAAABw37DGKgAAAABAkrAKAAAAAJAkrAIAAAAAJAmrAAAAAABJwioAAAAAQJKwCgAAAACQJKwCAAAAACQJqwAAAAAAScIqAAAAAEDSGmF1JkZKpSit8hg5c/cGuVGV4z3z43t5PCqbeP/MO9Wfa/nz3yufdead2u+g5/hmPuW9Yu3zu/hZ7+/PCAAAAMCDatMzVoc6HqToVYnxl0vRefC7HsfqZt5ZOb7J3pYH6DsAAAAAgPvHhsLq8EwRRbH8mD40//xk774Yv3Inh5fTvGdifowneqP5lvfWEYMLn3dw520Y3K24Mh6HF6Lq4ncxN94dERGTvaMx8x0ODQAAAAC+jzY1Y7Xj7bkY2x0RMRkTX1TPmKxbPqDBJflLl+uvsc3KZQhGauLh0iXx74wsb/fOTIOlAKovN6/d5/JMz5kYKbVE38n5v4Y6Fo+3+qXq612Svzy+mbrPW/s58ksXdEfr1vn/at4zEMMREXE2Zmvi9trfQcNz96v/Hj0bHt/a+19+z0iMvLzWd7wJV8YXxtl4SYqa8Z4ZqdquZ+X/AKh5fSRmlva9uG3j73/FOal+35na8d0rS0gAAAAAcPttcimA5ii/tDBj8uOpqsDUGUPVm53si5aqWFc53hMtvZO1uzrZFy3V4a3RfmIoOuuiX0REHBxa2q77qdY1RzzUUbvPzV1G33jJgMnelii902De6MHOus87FJ2biYxbW2PH/JGi7/HSwrEWZ9RORO9CbN3Id7A8tqpzt+Ol6Nk9P76ppRhYiamP58fe/VJ5fgZwZv8nh2JoIVbHM623PoP4ynj0PN4Xdb+eGOpoEE1P9kVLR823HX2PV43xynj01Lw+FJ0N9p0zGX0dtfsY6hBXAQAAAB5Um15jtbl1R83fMx/NR6Xu8bm6JQOG4vBCwJy9tBDqFrf5Ziy6IyJOTsTUldr9xO6xmCuKKIrF2bHL+1nWHWPfzB9rYs866W5pf1VLGXw8FZXoiMGlYyxeaj8YHQ12UTm+b2Fm6/Jxlz7Dwc4GEW15u8VL96s/68aXLuiIwZnh5T8PdjaeybuB76DR2Cb2/MelUD706cIer0zFxMmIiOEYWDi3uf1XLSHxdqOzuWx+lnDtoz5eV76YqDv29MKM3cm6Gbt1x146b8vReOVvbPk3cUsOTS+Mbfn3tHQ+AQAAAHigbDqs1pqJq&quot;
01-25-2019 12:53:59 Wire.java DEBUG [Forwarding screenshot on session 9383a3a5573c9e1a2613132f9c3b3b9c to remote] http.wire 87 - http-outgoing-5 &lt;&lt; &quot;YUQNtnbsiKOTV6ajYiI1qe6a7bp+aIcEzWzLisx++X8e4bfXIyNzdF7YpV4emhgebbmOpb3F9Hxysqgu76qGZzjx5aPu7U3Bhai3IqIVjW+5md7onujh2pk52BNsFs4YnRWXbq+ke+g0dhqxndwKmZiOWTGofJCZE7uf/dY9N/GtWkXI/TEnuaF5QzqZzWvcuyd5RiuebHRb6zqN7Fp3TH2ymJAbo7eNxeOunA+AQAAAHiwbDqsVmbPbnzjL2ejEhHNe47VhMHlQLc483I2Zk823sWtWV6bNCKqLq3fnB2ttYF3MRjfecuReXkm5mT0fbSBdLfwHaxqa7lqOYDliDz8wtqzTTe8/zXU3xyt4QzSqjVR62ez5qzyG7vF30TEjhW/sbv1qwAAAADg7tt0WF26rH9x/c0FjSLZ8qXuVWGwJp4tXkreGq01MzJvl7rLxa/MRiILr3B2tjYhLp6LO6XhTaR2Di4vL1Bn7e9gNc1VywGMLsTH4Sg3mHW6uf3fikqMv7swP3Xp8v3pupmot+gWfxMrbiJ2ZfYW12wFAAAA4F62qbBaOd6zMGuwO3qebY6IjigvXg7/7mL8m7/RU6lUWrhJVP3fER1vV613emk2Ipqj9Zn6/VTfyX7zF1XX7G9pjc2eKNctJVAfTZdV3bCrd9/yDZOujMfhhRmUG57dmbS0nu3JvhhdWsd1JkZrboy1ke9gnePsGZiPlYs3tlpaBuD27H/zlmeZLl2+f2Zq9aUA1tToc1T9JhpY/k3Un/Nq1TOHq0JwzTkEAAAA4EGxobBaf3OhxTvdV681urxuaV+0lEpRKrUs3Ohp8eZHy+tONlqjczFKrtxPaSniLq9huQkr9le7xuai+bE1uNN8VIXHmIy+xxfOx+Ld5A9Nx2ByTdGGM1Eb2dm/fDOkpe9icY3R5fOy/newnuXoGLEyFN/6/jdreSbz0ufv2FxWjVjlN/Zld92l+8vnYvn3usa6rhFVNxVrWb7J2a38ZgEAAAC4Z21yKYD5O8rX3Exqa29MfFN/A6DhmC4Gl2fs7RysWhu0dl9LUXJrb0ysuMy7O8a+mdjwjaoaGZ6p3efwTNUxozl6393IzYs6YrDB+p/d43Pr3vn+1swvobDyzvXDMV1M1NxIa93vYB0dLyyepQbLANyG/W9Oc/SeWPn9LS6FsOKmYevZ2hsT1b/D3WMx927Pis063q67WdjusZheZfmFiO4Ym6k+N7f+mwUAAADg3lU6ceJE8fTTT9c8uX379iiK4jsa0u00EyMLswxrQyrfZzPvLM5arorCZ0YWZsEmQ/GV8eh5vC8mhVQAAACA75VN37wK7lfLs3KHorNUt7SANVEBAAAA2ABhle+fhktSRMSh6Tu8pAMAAAAAD4oHfCkAAAAAAIDbz4xVAAAAAIAkYRUAAAAAIElYBQAAAABIElYBAAAAAJKEVQAAAACAJGEVAAAAACBJWAUAAAAASBJWAQAAAACSHlrthQ8++OBujgMAAAAA4L7Q1ta2elhta2uLtra2uzkeAAAAAID7wqph9cc//vHdHAcAAAAAwH3DGqsAAAAAAEnCKgAAAABAkrAKAAAAAJAkrAIAAAAAJAmrAAAAAABJwioAAAAAQJKwCgAAAACQJKwCAAAAACQJqwAAAAAAScIqAAAAAECSsAoAAAAAkCSsAgAAAAAkCasAAAAAAEnCKgAAAABAkrAKAAAAAJAkrAIAAAAAJAmrAAAAAABJwioAAAAAQJKwCgAAAACQJKwCAAAAACQJqwAAAAAAScIqAAAAAECSsAoAAAAAkCSsAgAAAAAkCasAAAAAAEnCKgAAAABAkrAKAAAAAJAkrAIAAAAAJAmrAAAAAABJwioAAAAAQJKwCgAAAACQJKwCAAAAACQJqwAAAAAAScIqAAAAAECSsAoAAAAAkCSsAgAAAAAkCasAAAAAAEnCKgAAAABAkrAKAAAAAJAkrAIAAAAAJAmrAAAAAABJwioAAAAAQJKwCgAAAACQJKwCAAAAACQJqwAAAAAAScIqAAAAAECSsAoAAAAAkCSsAgAAAAAkCasAAAAAAEnCKgAAAABAkrAKAAAAAJAkrAIAAAAAJAmrAAAAAABJwioAAAAAQJKwCgAAAACQJKwCAAAAACQJqwAAAAAAScIqAAAAAECSsAoAAAAAkCSsAgAAAAAkCasAAAAAAEnCKgAAAABAkrAKAAAAAJAkrAIAAAAAJAmrAAAAAABJwioAAAAAQJKwCgAAAACQJKwCAAAAACQJqwAAAAAAScIqAAAAAECSsAoAAAAAkCSsAgAAAAAkCasAAAAAAEnCKgAAAABAkrAKAAAAAJAkrAIAAAAAJAmrAAAAAABJwioAAAAAQJKwCgAAAACQJKwCAAAAACQJqwAAAAAAScIqAAAAAECSsAoAAAAAkCSsAgAAAAAkCasAAAAAAEnCKgAAAABAkrAKAAAAAJAkrAIAAAAAJAmrAAAAAABJwioAAAAAQJKwCgAAAACQJKwCAAAAACQJqwAAAAAAScIqAAAAAECSsAoAAAAAkCSsAgAAAAAkCasAAAAAAEnCKgAAAABAkrAKAAAAAJAkrAIAAAAAJAmrAAAAAABJwioAAAAAQJKwCgAAAACQJKwCAAAAACQJqwAAAAAAScIqAAAAAECSsAoAAAAAkCSsAgAAAAAkCasAAAAAAEnCKgAAAABAkrAKAAAAAJAkrAIAAAAAJAmrAAAAAABJwioAAAAAQJKwCgAAAACQJKwCAAAAACQJqwAAAAAAScIqAAAAAECSsAoAAAAAkCSsAgAAAAAkCasAAAAAAEnCKgAAAABAkrAKAAAAAJAkrAIAAAAAJAmrAAAAAABJwioAAAAAQJKwCgAAAACQJKwCAAAAACQJqwAAAAAAScIqAAAAAECSsAoAAAAAkCSsAgAAAAAkCasAAAAAAEnCKgAAAABAkrAKAAAAAJAkrAIAAAAAJAmrAAAAAABJwioAAAAAQJKwCgAAAACQJKwCAAAAACQJqwAAAAAAScIqAAAAAECSsAoAAAAAkCSsAgAAAAAkCasAAAAAAEnCKgAAAABAkrAKAAAAAJAkrAIAAAAAJAmrAAAAAABJwioAAAAAQJKwCgAAAACQJKwCAAAAACQJqwAAAAAAScIqAAAAAECSsAoAAAAAkCSsAgAAAAAkCasAAAAAAEnCKgAAAABAkrAKAAAAAJAkrAIAAAAAJAmrAAAAAABJwioAAAAAQJKwCgAAAACQJKwCAAAAACQJqwAAAAAAScIqAAAAAECSsAoAAAAAkCSsAgAAAAAkCasAAAAAAEnCKgAAAABAkrAKAAAAAJAkrAIAAAAAJAmrAAAAAABJwioAAAAAQJKwCgAAAACQJKwCAAAAACQJqwAAAAAAScIqAAAAAECSsAoAAAAAkCSsAgAAAAAkCasAAAAAAEnCKgAAAABAkrAKAAAAAJAkrAIAAAAAJAmrAAAAAABJwioAAAAAQJKwCgAAAACQJKwCAAAAACQJqwAAAAAAScIqAAAAAECSsAoAAAAAkCSsAgAAAAAkCasAAAAAAEnCKgAAAABAkiWjA/QAAAm7SURBVLAKAAAAAJAkrAIAAAAAJAmrAAAAAABJwioAAAAAQJKwCgAAAACQJKwCAAAAACQJqwAAAAAAScIqAAAAAECSsAoAAAAAkCSsAgAAAAAkCasAAAAAAEnCKgAAAABAkrAKAAAAAJAkrAIAAAAAJAmrAAAAAABJwioAAAAAQJKwCgAAAACQJKwCAAAAACQJqwAAAAAAScIqAAAAAECSsAoAAAAAkCSsAgAAAAAkCasAAAAAAEnCKgAAAABAkrAKAAAAAJAkrAIAAAAAJAmrAAAAAABJwioAAAAAQJKwCgAAAACQJKwCAAAAACQJqwAAAAAAScIqAAAAAECSsAoAAAAAkCSsAgAAAAAkCasAAAAAAEnCKgAAAABAkrAKAAAAAJAkrAIAAAAAJAmrAAAAAABJwioAAAAAQJKwCgAAAACQJKwCAAAAACQJqwAAAAAAScIqAAAAAECSsAoAAAAAkCSsAgAAAAAkCasAAAAAAEnCKgAAAABAkrAKAAAAAJAkrAIAAAAAJ&quot;
01-25-2019 12:53:59 Wire.java DEBUG [Forwarding screenshot on session 9383a3a5573c9e1a2613132f9c3b3b9c to remote] http.wire 87 - http-outgoing-5 &lt;&lt; &quot;AmrAAAAAABJwioAAAAAQJKwCgAAAACQJKwCAAAAACQJqwAAAAAAScIqAAAAAECSsAoAAAAAkCSsAgAAAAAkCasAAAAAAEnCKgAAAABAkrAKAAAAAJAkrAIAAAAAJAmrAAAAAABJwioAAAAAQJKwCgAAAACQJKwCAAAAACQJqwAAAAAAScIqAAAAAECSsAoAAAAAkCSsAgAAAAAkCasAAAAAAEnCKgAAAABAkrAKAAAAAJAkrAIAAAAAJAmrAAAAAABJwioAAAAAQJKwCgAAAACQJKwCAAAAACQJqwAAAAAAScIqAAAAAECSsAoAAAAAkCSsAgAAAAAkCasAAAAAAEnCKgAAAABAkrAKAAAAAJAkrAIAAAAAJAmrAAAAAABJwioAAAAAQJKwCgAAAACQJKwCAAAAACQJqwAAAAAAScIqAAAAAECSsAoAAAAAkCSsAgAAAAAkCasAAAAAAEnCKgAAAABAkrAKAAAAAJAkrAIAAAAAJAmrAAAAAABJwioAAAAAQJKwCgAAAACQJKwCAAAAACQJqwAAAAAAScIqAAAAAECSsAoAAAAAkCSsAgAAAAAkCasAAAAAAEnCKgAAAABAkrAKAAAAAJAkrAIAAAAAJAmrAAAAAABJwioAAAAAQJKwCgAAAACQJKwCAAAAACQJqwAAAAAAScIqAAAAAECSsAoAAAAAkCSsAgAAAAAkCasAAAAAAEnCKgAAAABAkrAKAAAAAJAkrAIAAAAAJAmrAAAAAABJwioAAAAAQJKwCgAAAACQJKwCAAAAACQJqwAAAAAAScIqAAAAAECSsAoAAAAAkCSsAgAAAAAkCasAAAAAAEnCKgAAAABAkrAKAAAAAJAkrAIAAAAAJAmrAAAAAABJwioAAAAAQJKwCgAAAACQJKwCAAAAACQJqwAAAAAAScIqAAAAAECSsAoAAAAAkCSsAgAAAAAkCasAAAAAAEnCKgAAAABAkrAKAAAAAJAkrAIAAAAAJAmrAAAAAABJwioAAAAAQJKwCgAAAACQJKwCAAAAACQJqwAAAAAAScIqAAAAAECSsAoAAAAAkCSsAgAAAAAkCasAAAAAAEnCKgAAAABAkrAKAAAAAJAkrAIAAAAAJAmrAAAAAABJwioAAAAAQJKwCgAAAACQJKwCAAAAACQJqwAAAAAAScIqAAAAAECSsAoAAAAAkCSsAgAAAAAkCasAAAAAAEnCKgAAAABAkrAKAAAAAJAkrAIAAAAAJAmrAAAAAABJwioAAAAAQJKwCgAAAACQJKwCAAAAACQJqwAAAAAAScIqAAAAAECSsAoAAAAAkCSsAgAAAAAkCasAAAAAAEnCKgAAAABAkrAKAAAAAJAkrAIAAAAAJAmrAAAAAABJwioAAAAAQJKwCgAAAACQJKwCAAAAACQJqwAAAAAAScIqAAAAAECSsAoAAAAAkCSsAgAAAAAkCasAAAAAAEnCKgAAAABAkrAKAAAAAJAkrAIAAAAAJAmrAAAAAABJwioAAAAAQJKwCgAAAACQJKwCAAAAACQJqwAAAAAAScIqAAAAAECSsAoAAAAAkCSsAgAAAAAkCasAAAAAAEnCKgAAAABAkrAKAAAAAJAkrAIAAAAAJAmrAAAAAABJwioAAAAAQJKwCgAAAACQJKwCAAAAACQJqwAAAAAAScIqAAAAAECSsAoAAAAAkCSsAgAAAAAkCasAAAAAAEnCKgAAAABAkrAKAAAAAJAkrAIAAAAAJAmrAAAAAABJwioAAAAAQJKwCgAAAACQJKwCAAAAACQJqwAAAAAAScIqAAAAAECSsAoAAAAAkCSsAgAAAAAkCasAAAAAAEnCKgAAAABAkrAKAAAAAJAkrAIAAAAAJAmrAAAAAABJwioAAAAAQJKwCgAAAACQJKwCAAAAACQJqwAAAAAAScIqAAAAAECSsAoAAAAAkCSsAgAAAAAkCasAAAAAAEnCKgAAAABAkrAKAAAAAJAkrAIAAAAAJAmrAAAAAABJwioAAAAAQJKwCgAAAACQJKwCAAAAACQJqwAAAAAAScIqAAAAAECSsAoAAAAAkCSsAgAAAAAkCasAAAAAAEnCKgAAAABAkrAKAADA/2/HjgUAAAAABvlbj2F/YQQATGIVAAAAAGASqwAAAAAAk1gFAAAAAJjEKgAAAADAJFYBAAAAACaxCgAAAAAwiVUAAAAAgEmsAgAAAABMYhUAAAAAYBKrAAAAAACTWAUAAAAAmMQqAAAAAMAkVgEAAAAAJrEKAAAAADCJVQAAAACASawCAAAAAExiFQAAAABgEqsAAAAAAJNYBQAAAACYxCoAAAAAwCRWAQAAAAAmsQoAAAAAMIlVAAAAAIBJrAIAAAAATGIVAAAAAGASqwAAAAAAk1gFAAAAAJjEKgAAAADAJFYBAAAAACaxCgAAAAAwiVUAAAAAgEmsAgAAAABMYhUAAAAAYBKrAAAAAACTWAUAAAAAmMQqAAAAAMAkVgEAAAAAJrEKAAAAADCJVQAAAACASawCAAAAAExiFQAAAABgEqsAAAAAAJNYBQAAAACYxCoAAAAAwCRWAQAAAAAmsQoAAAAAMIlVAAAAAIBJrAIAAAAATGIVAAAAAGASqwAAAAAAk1gFAAAAAJjEKgAAAADAJFYBAAAAACaxCgAAAAAwiVUAAAAAgEmsAgAAAABMYhUAAAAAYBKrAAAAAACTWAUAAAAAmMQqAAAAAMAkVgEAAAAAJrEKAAAAADCJVQAAAACASawCAAAAAExiFQAAAABgEqsAAAAAAJNYBQAAAACYxCoAAAAAwCRWAQAAAACmALUWCPW8kN0iAAAAAElFTkSuQmCC&quot;}&quot;
01-25-2019 12:53:59 PoolingHttpClientConnectionManager.java DEBUG [Forwarding screenshot on session 9383a3a5573c9e1a2613132f9c3b3b9c to remote] conn.PoolingHttpClientConnectionManager 320 - Connection [id: 5][route: {}-&gt;http://localhost:13755] can be kept alive indefinitely
01-25-2019 12:53:59 PoolingHttpClientConnectionManager.java DEBUG [Forwarding screenshot on session 9383a3a5573c9e1a2613132f9c3b3b9c to remote] conn.PoolingHttpClientConnectionManager 326 - Connection released: [id: 5][route: {}-&gt;http://localhost:13755][total kept alive: 1; route allocated: 1 of 2000; total allocated: 1 of 2000]
</system-out>
    <system-err>Starting ChromeDriver 2.45.615291 (ec3682e3c9061c10f26ea9e5cdcf3c53f3f74387) on port 13755
Only local connections are allowed.
Jan 25, 2019 12:52:59 PM org.openqa.selenium.remote.ProtocolHandshake createSession
INFO: Detected dialect: OSS
</system-err>
  </testcase>
  <testcase classname="com.qa.testclasses.ContactspageTest" name="verifycontactsLabel" time="0.05"/>
  <testcase classname="com.qa.testclasses.HomePageTest" name="HomepagetitleTest" time="0.011"/>
  <testcase classname="com.qa.testclasses.LoginPageTest" name="LoginPageTitleTest" time="0.024"/>
  <testcase classname="com.qa.testclasses.HomePageTest" name="VerigyusernameTest" time="0.1"/>
  <testcase classname="com.qa.testclasses.LoginPageTest" name="crmlogoImageTest" time="0.055"/>
  <testcase classname="com.qa.testclasses.HomePageTest" name="ClickoncontactsTest" time="2.058"/>
  <testcase classname="com.qa.testclasses.LoginPageTest" name="loginTest" time="10"/>
</testsuite>