<?xml version="1.0" encoding="UTF-8"?>
<!-- Generated by org.testng.reporters.JUnitReportReporter -->
<testsuite name="com.qa.testclasses.ContactspageTest" tests="7" time="171.425" ignored="0" failures="0" timestamp="24 Jan 2019 09:48:17 GMT" skipped="0" hostname="DIN37001770" errors="0">
  <testcase name="ValidateCreatecontact" time="25.828" classname="com.qa.testclasses.ContactspageTest"/>
  <testcase name="selectMultiplecontactTest" time="21.039" classname="com.qa.testclasses.ContactspageTest"/>
  <testcase name="selectsinglecontactTest" time="20.991" classname="com.qa.testclasses.ContactspageTest"/>
  <testcase name="verifycontactsLabel" time="20.363" classname="com.qa.testclasses.ContactspageTest"/>
  <testcase name="ValidateCreatecontact" time="31.531" classname="com.qa.testclasses.ContactspageTest"/>
  <testcase name="ValidateCreatecontact" time="27.333" classname="com.qa.testclasses.ContactspageTest"/>
  <testcase name="ValidateCreatecontact" time="24.340" classname="com.qa.testclasses.ContactspageTest"/>
</testsuite> <!-- com.qa.testclasses.ContactspageTest -->
