<?xml version="1.0" encoding="UTF-8"?>
<!-- Generated by org.testng.reporters.JUnitReportReporter -->
<testsuite name="com.qa.testclasses.HomePageTest" tests="3" time="49.768" ignored="0" failures="0" timestamp="22 Jan 2019 11:01:35 GMT" skipped="0" hostname="DIN37001770" errors="0">
  <testcase name="HomepagetitleTest" time="12.879" classname="com.qa.testclasses.HomePageTest"/>
  <testcase name="ClickoncontactsTest" time="19.145" classname="com.qa.testclasses.HomePageTest"/>
  <testcase name="VerigyusernameTest" time="17.744" classname="com.qa.testclasses.HomePageTest"/>
</testsuite> <!-- com.qa.testclasses.HomePageTest -->
