<?xml version="1.0" encoding="UTF-8"?>
<!-- Generated by org.testng.reporters.JUnitReportReporter -->
<testsuite name="com.qa.testclasses.LoginPageTest" tests="3" time="41.637" ignored="0" failures="0" timestamp="25 Jan 2019 11:09:51 GMT" skipped="0" hostname="DIN37001770" errors="0">
  <testcase name="crmlogoImageTest" time="10.925" classname="com.qa.testclasses.LoginPageTest"/>
  <testcase name="LoginPageTitleTest" time="10.575" classname="com.qa.testclasses.LoginPageTest"/>
  <testcase name="loginTest" time="20.137" classname="com.qa.testclasses.LoginPageTest"/>
</testsuite> <!-- com.qa.testclasses.LoginPageTest -->
