<?xml version="1.0" encoding="UTF-8"?>
<!-- Generated by org.testng.reporters.JUnitReportReporter -->
<testsuite name="com.qa.testclasses.HomePageTest" tests="3" time="57.024" ignored="0" failures="0" timestamp="24 Jan 2019 10:39:06 GMT" skipped="0" hostname="DIN37001770" errors="0">
  <testcase name="HomepagetitleTest" time="17.542" classname="com.qa.testclasses.HomePageTest"/>
  <testcase name="VerigyusernameTest" time="19.996" classname="com.qa.testclasses.HomePageTest"/>
  <testcase name="ClickoncontactsTest" time="19.486" classname="com.qa.testclasses.HomePageTest"/>
</testsuite> <!-- com.qa.testclasses.HomePageTest -->
