<?xml version="1.0" encoding="UTF-8"?>
<!-- Generated by org.testng.reporters.JUnitReportReporter -->
<testsuite name="com.qa.testclasses.LoginPageTest" tests="3" time="42.442" ignored="0" failures="0" timestamp="24 Jan 2019 11:17:31 GMT" skipped="0" hostname="DIN37001770" errors="0">
  <testcase name="loginTest" time="19.296" classname="com.qa.testclasses.LoginPageTest"/>
  <testcase name="crmlogoImageTest" time="11.377" classname="com.qa.testclasses.LoginPageTest"/>
  <testcase name="LoginPageTitleTest" time="11.769" classname="com.qa.testclasses.LoginPageTest"/>
</testsuite> <!-- com.qa.testclasses.LoginPageTest -->
