<?xml version="1.0" encoding="UTF-8"?>
<!-- Generated by org.testng.reporters.JUnitReportReporter -->
<testsuite name="com.qa.testclasses.LoginPageTest" tests="3" time="35.977" ignored="0" failures="0" timestamp="22 Jan 2019 11:01:35 GMT" skipped="0" hostname="DIN37001770" errors="0">
  <testcase name="LoginPageTitleTest" time="11.325" classname="com.qa.testclasses.LoginPageTest"/>
  <testcase name="crmlogoImageTest" time="11.934" classname="com.qa.testclasses.LoginPageTest"/>
  <testcase name="loginTest" time="12.718" classname="com.qa.testclasses.LoginPageTest"/>
</testsuite> <!-- com.qa.testclasses.LoginPageTest -->
