<?xml version="1.0" encoding="UTF-8"?>
<!-- Generated by org.testng.reporters.JUnitReportReporter -->
<testsuite name="com.qa.testclasses.HomePageTest" tests="3" time="63.971" ignored="0" failures="0" timestamp="25 Jan 2019 07:26:27 GMT" skipped="0" hostname="DIN37001770" errors="0">
  <testcase name="ClickoncontactsTest" time="21.338" classname="com.qa.testclasses.HomePageTest"/>
  <testcase name="HomepagetitleTest" time="20.591" classname="com.qa.testclasses.HomePageTest"/>
  <testcase name="VerigyusernameTest" time="22.042" classname="com.qa.testclasses.HomePageTest"/>
</testsuite> <!-- com.qa.testclasses.HomePageTest -->
