<?xml version="1.0" encoding="UTF-8"?>
<!-- Generated by org.testng.reporters.JUnitReportReporter -->
<testsuite name="com.qa.testclasses.LoginPageTest" tests="3" time="61.130" ignored="0" failures="0" timestamp="25 Jan 2019 07:26:27 GMT" skipped="0" hostname="DIN37001770" errors="0">
  <testcase name="loginTest" time="30.782" classname="com.qa.testclasses.LoginPageTest"/>
  <testcase name="crmlogoImageTest" time="15.597" classname="com.qa.testclasses.LoginPageTest"/>
  <testcase name="LoginPageTitleTest" time="14.751" classname="com.qa.testclasses.LoginPageTest"/>
</testsuite> <!-- com.qa.testclasses.LoginPageTest -->
